[0.050s] Invoking command in '/home/caio/my_arm_def/build/my_arm_def_cpp_pkg': CMAKE_PREFIX_PATH=${CMAKE_PREFIX_PATH}:/home/caio/ROS2_arm_py/install/ros2_arm_py_pkg:/home/caio/ros2_ws/install/turtlesim_catch_them_all:/home/caio/ros2_ws/install/my_py_pkg:/home/caio/ros2_ws/install/my_arm_py:/home/caio/ros2_ws/install/my_package:/home/caio/ros2_ws/install/big_bazu:/home/caio/ros2_ws/install/bigBazu:/home/caio/turtlebot3_ws/install/turtlebot3_teleop:/home/caio/turtlebot3_ws/install/turtlebot3_example:/home/caio/turtlebot3_ws/install/robot_spawner_pkg:/opt/ros/foxy CONDA_PROMPT_MODIFIER=(base) /usr/bin/cmake /home/caio/my_arm_def/src/my_arm_def_cpp_pkg -DCMAKE_INSTALL_PREFIX=/home/caio/my_arm_def/install/my_arm_def_cpp_pkg
[0.142s] -- The C compiler identification is GNU 8.4.0
[0.235s] -- The CXX compiler identification is GNU 8.4.0
[0.248s] -- Check for working C compiler: /usr/bin/cc
[0.359s] -- Check for working C compiler: /usr/bin/cc -- works
[0.360s] -- Detecting C compiler ABI info
[0.464s] -- Detecting C compiler ABI info - done
[0.479s] -- Detecting C compile features
[0.480s] -- Detecting C compile features - done
[0.482s] -- Check for working CXX compiler: /usr/bin/c++
[0.602s] -- Check for working CXX compiler: /usr/bin/c++ -- works
[0.604s] -- Detecting CXX compiler ABI info
[0.727s] -- Detecting CXX compiler ABI info - done
[0.749s] -- Detecting CXX compile features
[0.749s] -- Detecting CXX compile features - done
[0.755s] -- Found ament_cmake: 0.9.8 (/opt/ros/foxy/share/ament_cmake/cmake)
[0.818s] -- Found PythonInterp: /home/caio/anaconda3/bin/python3 (found suitable version "3.8.5", minimum required is "3") 
[0.818s] -- Using PYTHON_EXECUTABLE: /home/caio/anaconda3/bin/python3
[1.244s] -- Found rclcpp: 2.3.1 (/opt/ros/foxy/share/rclcpp/cmake)
[1.324s] -- Using all available rosidl_typesupport_c: rosidl_typesupport_fastrtps_c;rosidl_typesupport_introspection_c
[1.338s] -- Found rosidl_adapter: 1.2.1 (/opt/ros/foxy/share/rosidl_adapter/cmake)
[1.513s] -- Found OpenSSL: /usr/lib/x86_64-linux-gnu/libcrypto.so (found version "1.1.1f")  
[1.556s] -- Found FastRTPS: /opt/ros/foxy/include  
[1.668s] -- Using all available rosidl_typesupport_cpp: rosidl_typesupport_fastrtps_cpp;rosidl_typesupport_introspection_cpp
[1.761s] -- Found rmw_implementation_cmake: 1.0.3 (/opt/ros/foxy/share/rmw_implementation_cmake/cmake)
[1.764s] -- Using RMW implementation 'rmw_fastrtps_cpp' as default
[1.765s] -- Looking for pthread.h
[1.885s] -- Looking for pthread.h - found
[1.885s] -- Performing Test CMAKE_HAVE_LIBC_PTHREAD
[2.009s] -- Performing Test CMAKE_HAVE_LIBC_PTHREAD - Failed
[2.009s] -- Looking for pthread_create in pthreads
[2.113s] -- Looking for pthread_create in pthreads - not found
[2.113s] -- Looking for pthread_create in pthread
[2.241s] -- Looking for pthread_create in pthread - found
[2.243s] -- Found Threads: TRUE  
[2.439s] -- Found ament_lint_auto: 0.9.6 (/opt/ros/foxy/share/ament_lint_auto/cmake)
[2.494s] Traceback (most recent call last):
[2.494s]   File "/opt/ros/foxy/share/ament_cmake_core/cmake/core/package_xml_2_cmake.py", line 21, in <module>
[2.494s]     from catkin_pkg.package import parse_package_string
[2.494s] ModuleNotFoundError: No module named 'catkin_pkg'
[2.500s] CMake Error at /opt/ros/foxy/share/ament_cmake_core/cmake/core/ament_package_xml.cmake:94 (message):
[2.501s]   execute_process(/home/caio/anaconda3/bin/python3
[2.501s]   /opt/ros/foxy/share/ament_cmake_core/cmake/core/package_xml_2_cmake.py
[2.501s]   /home/caio/my_arm_def/src/my_arm_def_cpp_pkg/package.xml
[2.501s]   /home/caio/my_arm_def/build/my_arm_def_cpp_pkg/ament_cmake_core/package.cmake)
[2.501s]   returned error code 1
[2.502s] Call Stack (most recent call first):
[2.502s]   /opt/ros/foxy/share/ament_cmake_core/cmake/core/ament_package_xml.cmake:49 (_ament_package_xml)
[2.502s]   /opt/ros/foxy/share/ament_lint_auto/cmake/ament_lint_auto_find_test_dependencies.cmake:31 (ament_package_xml)
[2.502s]   CMakeLists.txt:30 (ament_lint_auto_find_test_dependencies)
[2.503s] 
[2.503s] 
[2.504s] -- Configuring incomplete, errors occurred!
[2.504s] See also "/home/caio/my_arm_def/build/my_arm_def_cpp_pkg/CMakeFiles/CMakeOutput.log".
[2.505s] See also "/home/caio/my_arm_def/build/my_arm_def_cpp_pkg/CMakeFiles/CMakeError.log".
[2.517s] Invoked command in '/home/caio/my_arm_def/build/my_arm_def_cpp_pkg' returned '1': CMAKE_PREFIX_PATH=${CMAKE_PREFIX_PATH}:/home/caio/ROS2_arm_py/install/ros2_arm_py_pkg:/home/caio/ros2_ws/install/turtlesim_catch_them_all:/home/caio/ros2_ws/install/my_py_pkg:/home/caio/ros2_ws/install/my_arm_py:/home/caio/ros2_ws/install/my_package:/home/caio/ros2_ws/install/big_bazu:/home/caio/ros2_ws/install/bigBazu:/home/caio/turtlebot3_ws/install/turtlebot3_teleop:/home/caio/turtlebot3_ws/install/turtlebot3_example:/home/caio/turtlebot3_ws/install/robot_spawner_pkg:/opt/ros/foxy CONDA_PROMPT_MODIFIER=(base) /usr/bin/cmake /home/caio/my_arm_def/src/my_arm_def_cpp_pkg -DCMAKE_INSTALL_PREFIX=/home/caio/my_arm_def/install/my_arm_def_cpp_pkg
