[0.476s] Invoking command in '/home/caio/my_arm_def/build/my_arm_def_py_pkg': CONDA_PROMPT_MODIFIER=(base) PYTHONPATH=/home/caio/my_arm_def/install/my_arm_def_py_pkg/lib/python3.8/site-packages:${PYTHONPATH} /usr/bin/python3 setup.py develop --prefix /home/caio/my_arm_def/install/my_arm_def_py_pkg --editable --build-directory /home/caio/my_arm_def/build/my_arm_def_py_pkg/build --no-deps install_data --install-dir /home/caio/my_arm_def/install/my_arm_def_py_pkg
[1.073s] running develop
[1.385s] running egg_info
[1.385s] writing my_arm_def_py_pkg.egg-info/PKG-INFO
[1.385s] writing dependency_links to my_arm_def_py_pkg.egg-info/dependency_links.txt
[1.385s] writing entry points to my_arm_def_py_pkg.egg-info/entry_points.txt
[1.386s] writing requirements to my_arm_def_py_pkg.egg-info/requires.txt
[1.386s] writing top-level names to my_arm_def_py_pkg.egg-info/top_level.txt
[1.733s] reading manifest file 'my_arm_def_py_pkg.egg-info/SOURCES.txt'
[1.736s] writing manifest file 'my_arm_def_py_pkg.egg-info/SOURCES.txt'
[1.958s] running build_ext
[1.967s] Creating /home/caio/my_arm_def/install/my_arm_def_py_pkg/lib/python3.8/site-packages/my-arm-def-py-pkg.egg-link (link to .)
[1.968s] Installing arm_controller script to /home/caio/my_arm_def/install/my_arm_def_py_pkg/lib/my_arm_def_py_pkg
[1.969s] Installing capture_braco_pos script to /home/caio/my_arm_def/install/my_arm_def_py_pkg/lib/my_arm_def_py_pkg
[1.969s] Installing myo_raw script to /home/caio/my_arm_def/install/my_arm_def_py_pkg/lib/my_arm_def_py_pkg
[1.970s] Installing spawn_arm script to /home/caio/my_arm_def/install/my_arm_def_py_pkg/lib/my_arm_def_py_pkg
[1.970s] 
[1.970s] Installed /home/caio/my_arm_def/build/my_arm_def_py_pkg
[1.971s] running install_data
[2.015s] Invoked command in '/home/caio/my_arm_def/build/my_arm_def_py_pkg' returned '0': CONDA_PROMPT_MODIFIER=(base) PYTHONPATH=/home/caio/my_arm_def/install/my_arm_def_py_pkg/lib/python3.8/site-packages:${PYTHONPATH} /usr/bin/python3 setup.py develop --prefix /home/caio/my_arm_def/install/my_arm_def_py_pkg --editable --build-directory /home/caio/my_arm_def/build/my_arm_def_py_pkg/build --no-deps install_data --install-dir /home/caio/my_arm_def/install/my_arm_def_py_pkg
