[0.315s] DEBUG:colcon:Command line arguments: ['/usr/bin/colcon', 'build', '--packages-select', 'my_arm_def_bringup']
[0.315s] DEBUG:colcon:Parsed command line arguments: Namespace(ament_cmake_args=None, base_paths=['.'], build_base='build', catkin_cmake_args=None, catkin_skip_building_tests=False, cmake_args=None, cmake_clean_cache=False, cmake_clean_first=False, cmake_force_configure=False, cmake_target=None, cmake_target_skip_unavailable=False, continue_on_error=False, event_handlers=None, executor='parallel', ignore_user_meta=False, install_base='install', log_base=None, log_level=None, main=<bound method BuildVerb.main of <colcon_core.verb.build.BuildVerb object at 0x7f0dbbc44340>>, merge_install=False, metas=['./colcon.meta'], packages_above=None, packages_above_and_dependencies=None, packages_above_depth=None, packages_end=None, packages_ignore=None, packages_ignore_regex=None, packages_select=['my_arm_def_bringup'], packages_select_build_failed=False, packages_select_by_dep=None, packages_select_regex=None, packages_select_test_failures=False, packages_skip=None, packages_skip_build_finished=False, packages_skip_by_dep=None, packages_skip_regex=None, packages_skip_test_passed=False, packages_skip_up_to=None, packages_start=None, packages_up_to=None, packages_up_to_regex=None, parallel_workers=8, paths=None, symlink_install=False, test_result_base=None, verb_extension=<colcon_core.verb.build.BuildVerb object at 0x7f0dbbc44340>, verb_name='build', verb_parser=<colcon_defaults.argument_parser.defaults.DefaultArgumentsDecorator object at 0x7f0dbbc44880>)
[0.320s] Level 1:colcon.colcon_core.package_discovery:discover_packages(colcon_meta) check parameters
[0.321s] Level 1:colcon.colcon_core.package_discovery:discover_packages(recursive) check parameters
[0.321s] Level 1:colcon.colcon_core.package_discovery:discover_packages(ignore) check parameters
[0.321s] Level 1:colcon.colcon_core.package_discovery:discover_packages(path) check parameters
[0.321s] Level 1:colcon.colcon_core.package_discovery:discover_packages(colcon_meta) discover
[0.321s] Level 1:colcon.colcon_core.package_discovery:discover_packages(recursive) discover
[0.321s] INFO:colcon.colcon_core.package_discovery:Crawling recursively for packages in '/home/caio/my_arm_def'
[0.321s] Level 1:colcon.colcon_core.package_identification:_identify(.) by extensions ['ignore', 'ignore_ament_install']
[0.321s] Level 1:colcon.colcon_core.package_identification:_identify(.) by extension 'ignore'
[0.321s] Level 1:colcon.colcon_core.package_identification:_identify(.) by extension 'ignore_ament_install'
[0.321s] Level 1:colcon.colcon_core.package_identification:_identify(.) by extensions ['colcon_pkg']
[0.321s] Level 1:colcon.colcon_core.package_identification:_identify(.) by extension 'colcon_pkg'
[0.321s] Level 1:colcon.colcon_core.package_identification:_identify(.) by extensions ['colcon_meta']
[0.321s] Level 1:colcon.colcon_core.package_identification:_identify(.) by extension 'colcon_meta'
[0.321s] Level 1:colcon.colcon_core.package_identification:_identify(.) by extensions ['ros']
[0.321s] Level 1:colcon.colcon_core.package_identification:_identify(.) by extension 'ros'
[0.332s] Level 1:colcon.colcon_core.package_identification:_identify(.) by extensions ['cmake', 'python']
[0.333s] Level 1:colcon.colcon_core.package_identification:_identify(.) by extension 'cmake'
[0.333s] Level 1:colcon.colcon_core.package_identification:_identify(.) by extension 'python'
[0.333s] Level 1:colcon.colcon_core.package_identification:_identify(.) by extensions ['python_setup_py']
[0.333s] Level 1:colcon.colcon_core.package_identification:_identify(.) by extension 'python_setup_py'
[0.333s] Level 1:colcon.colcon_core.package_identification:_identify(build) by extensions ['ignore', 'ignore_ament_install']
[0.333s] Level 1:colcon.colcon_core.package_identification:_identify(build) by extension 'ignore'
[0.333s] Level 1:colcon.colcon_core.package_identification:_identify(build) ignored
[0.333s] Level 1:colcon.colcon_core.package_identification:_identify(install) by extensions ['ignore', 'ignore_ament_install']
[0.333s] Level 1:colcon.colcon_core.package_identification:_identify(install) by extension 'ignore'
[0.333s] Level 1:colcon.colcon_core.package_identification:_identify(install) ignored
[0.333s] Level 1:colcon.colcon_core.package_identification:_identify(log) by extensions ['ignore', 'ignore_ament_install']
[0.333s] Level 1:colcon.colcon_core.package_identification:_identify(log) by extension 'ignore'
[0.333s] Level 1:colcon.colcon_core.package_identification:_identify(log) ignored
[0.334s] Level 1:colcon.colcon_core.package_identification:_identify(src) by extensions ['ignore', 'ignore_ament_install']
[0.334s] Level 1:colcon.colcon_core.package_identification:_identify(src) by extension 'ignore'
[0.334s] Level 1:colcon.colcon_core.package_identification:_identify(src) by extension 'ignore_ament_install'
[0.334s] Level 1:colcon.colcon_core.package_identification:_identify(src) by extensions ['colcon_pkg']
[0.334s] Level 1:colcon.colcon_core.package_identification:_identify(src) by extension 'colcon_pkg'
[0.334s] Level 1:colcon.colcon_core.package_identification:_identify(src) by extensions ['colcon_meta']
[0.334s] Level 1:colcon.colcon_core.package_identification:_identify(src) by extension 'colcon_meta'
[0.334s] Level 1:colcon.colcon_core.package_identification:_identify(src) by extensions ['ros']
[0.334s] Level 1:colcon.colcon_core.package_identification:_identify(src) by extension 'ros'
[0.334s] Level 1:colcon.colcon_core.package_identification:_identify(src) by extensions ['cmake', 'python']
[0.334s] Level 1:colcon.colcon_core.package_identification:_identify(src) by extension 'cmake'
[0.334s] Level 1:colcon.colcon_core.package_identification:_identify(src) by extension 'python'
[0.334s] Level 1:colcon.colcon_core.package_identification:_identify(src) by extensions ['python_setup_py']
[0.334s] Level 1:colcon.colcon_core.package_identification:_identify(src) by extension 'python_setup_py'
[0.334s] Level 1:colcon.colcon_core.package_identification:_identify(src/my_arm_def_bringup) by extensions ['ignore', 'ignore_ament_install']
[0.334s] Level 1:colcon.colcon_core.package_identification:_identify(src/my_arm_def_bringup) by extension 'ignore'
[0.334s] Level 1:colcon.colcon_core.package_identification:_identify(src/my_arm_def_bringup) by extension 'ignore_ament_install'
[0.334s] Level 1:colcon.colcon_core.package_identification:_identify(src/my_arm_def_bringup) by extensions ['colcon_pkg']
[0.334s] Level 1:colcon.colcon_core.package_identification:_identify(src/my_arm_def_bringup) by extension 'colcon_pkg'
[0.334s] Level 1:colcon.colcon_core.package_identification:_identify(src/my_arm_def_bringup) by extensions ['colcon_meta']
[0.334s] Level 1:colcon.colcon_core.package_identification:_identify(src/my_arm_def_bringup) by extension 'colcon_meta'
[0.335s] Level 1:colcon.colcon_core.package_identification:_identify(src/my_arm_def_bringup) by extensions ['ros']
[0.335s] Level 1:colcon.colcon_core.package_identification:_identify(src/my_arm_def_bringup) by extension 'ros'
[0.337s] DEBUG:colcon.colcon_core.package_identification:Package 'src/my_arm_def_bringup' with type 'ros.ament_cmake' and name 'my_arm_def_bringup'
[0.337s] Level 1:colcon.colcon_core.package_identification:_identify(src/my_arm_def_cpp_pkg) by extensions ['ignore', 'ignore_ament_install']
[0.337s] Level 1:colcon.colcon_core.package_identification:_identify(src/my_arm_def_cpp_pkg) by extension 'ignore'
[0.337s] Level 1:colcon.colcon_core.package_identification:_identify(src/my_arm_def_cpp_pkg) by extension 'ignore_ament_install'
[0.337s] Level 1:colcon.colcon_core.package_identification:_identify(src/my_arm_def_cpp_pkg) by extensions ['colcon_pkg']
[0.337s] Level 1:colcon.colcon_core.package_identification:_identify(src/my_arm_def_cpp_pkg) by extension 'colcon_pkg'
[0.337s] Level 1:colcon.colcon_core.package_identification:_identify(src/my_arm_def_cpp_pkg) by extensions ['colcon_meta']
[0.337s] Level 1:colcon.colcon_core.package_identification:_identify(src/my_arm_def_cpp_pkg) by extension 'colcon_meta'
[0.337s] Level 1:colcon.colcon_core.package_identification:_identify(src/my_arm_def_cpp_pkg) by extensions ['ros']
[0.337s] Level 1:colcon.colcon_core.package_identification:_identify(src/my_arm_def_cpp_pkg) by extension 'ros'
[0.338s] DEBUG:colcon.colcon_core.package_identification:Package 'src/my_arm_def_cpp_pkg' with type 'ros.ament_cmake' and name 'my_arm_def_cpp_pkg'
[0.338s] Level 1:colcon.colcon_core.package_identification:_identify(src/my_arm_def_interfaces) by extensions ['ignore', 'ignore_ament_install']
[0.338s] Level 1:colcon.colcon_core.package_identification:_identify(src/my_arm_def_interfaces) by extension 'ignore'
[0.338s] Level 1:colcon.colcon_core.package_identification:_identify(src/my_arm_def_interfaces) by extension 'ignore_ament_install'
[0.338s] Level 1:colcon.colcon_core.package_identification:_identify(src/my_arm_def_interfaces) by extensions ['colcon_pkg']
[0.338s] Level 1:colcon.colcon_core.package_identification:_identify(src/my_arm_def_interfaces) by extension 'colcon_pkg'
[0.338s] Level 1:colcon.colcon_core.package_identification:_identify(src/my_arm_def_interfaces) by extensions ['colcon_meta']
[0.338s] Level 1:colcon.colcon_core.package_identification:_identify(src/my_arm_def_interfaces) by extension 'colcon_meta'
[0.338s] Level 1:colcon.colcon_core.package_identification:_identify(src/my_arm_def_interfaces) by extensions ['ros']
[0.338s] Level 1:colcon.colcon_core.package_identification:_identify(src/my_arm_def_interfaces) by extension 'ros'
[0.339s] DEBUG:colcon.colcon_core.package_identification:Package 'src/my_arm_def_interfaces' with type 'ros.ament_cmake' and name 'my_arm_def_interfaces'
[0.339s] Level 1:colcon.colcon_core.package_identification:_identify(src/my_arm_def_py_pkg) by extensions ['ignore', 'ignore_ament_install']
[0.339s] Level 1:colcon.colcon_core.package_identification:_identify(src/my_arm_def_py_pkg) by extension 'ignore'
[0.339s] Level 1:colcon.colcon_core.package_identification:_identify(src/my_arm_def_py_pkg) by extension 'ignore_ament_install'
[0.339s] Level 1:colcon.colcon_core.package_identification:_identify(src/my_arm_def_py_pkg) by extensions ['colcon_pkg']
[0.339s] Level 1:colcon.colcon_core.package_identification:_identify(src/my_arm_def_py_pkg) by extension 'colcon_pkg'
[0.339s] Level 1:colcon.colcon_core.package_identification:_identify(src/my_arm_def_py_pkg) by extensions ['colcon_meta']
[0.339s] Level 1:colcon.colcon_core.package_identification:_identify(src/my_arm_def_py_pkg) by extension 'colcon_meta'
[0.339s] Level 1:colcon.colcon_core.package_identification:_identify(src/my_arm_def_py_pkg) by extensions ['ros']
[0.339s] Level 1:colcon.colcon_core.package_identification:_identify(src/my_arm_def_py_pkg) by extension 'ros'
[0.340s] DEBUG:colcon.colcon_core.package_identification:Package 'src/my_arm_def_py_pkg' with type 'ros.ament_python' and name 'my_arm_def_py_pkg'
[0.341s] Level 1:colcon.colcon_core.package_discovery:discover_packages(recursive) using defaults
[0.341s] Level 1:colcon.colcon_core.package_discovery:discover_packages(ignore) discover
[0.341s] Level 1:colcon.colcon_core.package_discovery:discover_packages(ignore) using defaults
[0.341s] Level 1:colcon.colcon_core.package_discovery:discover_packages(path) discover
[0.341s] Level 1:colcon.colcon_core.package_discovery:discover_packages(path) using defaults
[0.358s] INFO:colcon.colcon_core.package_selection:Skipping not selected package 'my_arm_def_cpp_pkg' in 'src/my_arm_def_cpp_pkg'
[0.358s] INFO:colcon.colcon_core.package_selection:Skipping not selected package 'my_arm_def_interfaces' in 'src/my_arm_def_interfaces'
[0.358s] INFO:colcon.colcon_core.package_selection:Skipping not selected package 'my_arm_def_py_pkg' in 'src/my_arm_def_py_pkg'
[0.361s] Level 5:colcon.colcon_core.verb:set package 'my_arm_def_bringup' build argument 'cmake_args' from command line to 'None'
[0.361s] Level 5:colcon.colcon_core.verb:set package 'my_arm_def_bringup' build argument 'cmake_target' from command line to 'None'
[0.361s] Level 5:colcon.colcon_core.verb:set package 'my_arm_def_bringup' build argument 'cmake_target_skip_unavailable' from command line to 'False'
[0.361s] Level 5:colcon.colcon_core.verb:set package 'my_arm_def_bringup' build argument 'cmake_clean_cache' from command line to 'False'
[0.361s] Level 5:colcon.colcon_core.verb:set package 'my_arm_def_bringup' build argument 'cmake_clean_first' from command line to 'False'
[0.361s] Level 5:colcon.colcon_core.verb:set package 'my_arm_def_bringup' build argument 'cmake_force_configure' from command line to 'False'
[0.361s] Level 5:colcon.colcon_core.verb:set package 'my_arm_def_bringup' build argument 'ament_cmake_args' from command line to 'None'
[0.361s] Level 5:colcon.colcon_core.verb:set package 'my_arm_def_bringup' build argument 'catkin_cmake_args' from command line to 'None'
[0.361s] Level 5:colcon.colcon_core.verb:set package 'my_arm_def_bringup' build argument 'catkin_skip_building_tests' from command line to 'False'
[0.361s] DEBUG:colcon.colcon_core.verb:Building package 'my_arm_def_bringup' with the following arguments: {'ament_cmake_args': None, 'build_base': '/home/caio/my_arm_def/build/my_arm_def_bringup', 'catkin_cmake_args': None, 'catkin_skip_building_tests': False, 'cmake_args': None, 'cmake_clean_cache': False, 'cmake_clean_first': False, 'cmake_force_configure': False, 'cmake_target': None, 'cmake_target_skip_unavailable': False, 'install_base': '/home/caio/my_arm_def/install/my_arm_def_bringup', 'merge_install': False, 'path': '/home/caio/my_arm_def/src/my_arm_def_bringup', 'symlink_install': False, 'test_result_base': None}
[0.362s] INFO:colcon.colcon_core.executor:Executing jobs using 'parallel' executor
[0.364s] DEBUG:colcon.colcon_parallel_executor.executor.parallel:run_until_complete
[0.364s] INFO:colcon.colcon_ros.task.ament_cmake.build:Building ROS package in '/home/caio/my_arm_def/src/my_arm_def_bringup' with build type 'ament_cmake'
[0.364s] INFO:colcon.colcon_cmake.task.cmake.build:Building CMake package in '/home/caio/my_arm_def/src/my_arm_def_bringup'
[0.372s] INFO:colcon.colcon_core.plugin_system:Skipping extension 'colcon_core.shell.bat': Not used on non-Windows systems
[0.372s] INFO:colcon.colcon_core.shell:Skip shell extension 'powershell' for command environment: Not usable outside of PowerShell
[0.372s] DEBUG:colcon.colcon_core.shell:Skip shell extension 'dsv' for command environment
[0.379s] DEBUG:colcon.colcon_core.shell:Ignoring prefix path '/opt/ros/foxy'
[0.393s] DEBUG:colcon.colcon_core.event_handler.log_command:Invoking command in '/home/caio/my_arm_def/build/my_arm_def_bringup': AMENT_PREFIX_PATH=/home/caio/my_arm_def/install/my_arm_def_py_pkg:/home/caio/my_arm_def/install/my_arm_def_bringup:/home/caio/my_arm_def/install/my_arm_def_interfaces:/home/caio/my_arm_def/install/my_arm_def_cpp_pkg:/home/caio/bridge_ws/install/ros_ign:/home/caio/bridge_ws/install/ros_ign_gazebo_demos:/home/caio/bridge_ws/install/ros_ign_image:/home/caio/bridge_ws/install/ros_ign_gazebo:/home/caio/bridge_ws/install/ros_ign_bridge:/home/caio/ros2_ws/install/my_robot_bringup:/home/caio/ros2_ws/install/turtlesim_project_cpp:/home/caio/ros2_ws/install/turtlesim_catch_them_all:/home/caio/ros2_ws/install/my_try_robot:/home/caio/ros2_ws/install/my_py_pkg:/home/caio/ros2_ws/install/my_cpp_pkg:/home/caio/ros2_ws/install/my_arm_py:/home/caio/ros2_ws/install/my_robot_interfaces:/home/caio/ros2_ws/install/my_package:/home/caio/ros2_ws/install/my_arm:/home/caio/ros2_ws/install/lydar:/home/caio/ros2_ws/install/gazebo_ros_action_tutorial:/home/caio/ros2_ws/install/bocbot:/home/caio/ros2_ws/install/big_bazu:/home/caio/ros2_ws/install/bigBazu:/home/caio/ROS2_arm_py/install/ros2_arm_py_pkg:/home/caio/turtlebot3_ws/install/turtlebot3_simulations:/home/caio/turtlebot3_ws/install/turtlebot3_gazebo:/home/caio/turtlebot3_ws/install/turtlebot3:/home/caio/turtlebot3_ws/install/turtlebot3_teleop:/home/caio/turtlebot3_ws/install/turtlebot3_bringup:/home/caio/turtlebot3_ws/install/turtlebot3_node:/home/caio/turtlebot3_ws/install/turtlebot3_navigation2:/home/caio/turtlebot3_ws/install/turtlebot3_fake_node:/home/caio/turtlebot3_ws/install/turtlebot3_example:/home/caio/turtlebot3_ws/install/turtlebot3_msgs:/home/caio/turtlebot3_ws/install/turtlebot3_description:/home/caio/turtlebot3_ws/install/turtlebot3_cartographer:/home/caio/turtlebot3_ws/install/robot_spawner_pkg:/home/caio/turtlebot3_ws/install/hls_lfcd_lds_driver:/home/caio/turtlebot3_ws/install/dynamixel_sdk:/opt/ros/foxy CMAKE_PREFIX_PATH=/home/caio/my_arm_def/install/my_arm_def_cpp_pkg:/home/caio/my_arm_def/install/my_arm_def_bringup:/home/caio/my_arm_def/install/my_arm_def_interfaces:/home/caio/bridge_ws/install/ros_ign:/home/caio/bridge_ws/install/ros_ign_gazebo_demos:/home/caio/bridge_ws/install/ros_ign_image:/home/caio/bridge_ws/install/ros_ign_gazebo:/home/caio/bridge_ws/install/ros_ign_bridge:/home/caio/ros2_ws/install/my_robot_bringup:/home/caio/ros2_ws/install/turtlesim_project_cpp:/home/caio/ros2_ws/install/my_try_robot:/home/caio/ros2_ws/install/my_cpp_pkg:/home/caio/ros2_ws/install/my_robot_interfaces:/home/caio/ros2_ws/install/my_arm:/home/caio/ros2_ws/install/lydar:/home/caio/ros2_ws/install/gazebo_ros_action_tutorial:/home/caio/ros2_ws/install/bocbot:/home/caio/turtlebot3_ws/install/turtlebot3_simulations:/home/caio/turtlebot3_ws/install/turtlebot3_gazebo:/home/caio/turtlebot3_ws/install/turtlebot3:/home/caio/turtlebot3_ws/install/turtlebot3_bringup:/home/caio/turtlebot3_ws/install/turtlebot3_node:/home/caio/turtlebot3_ws/install/turtlebot3_navigation2:/home/caio/turtlebot3_ws/install/turtlebot3_fake_node:/home/caio/turtlebot3_ws/install/turtlebot3_msgs:/home/caio/turtlebot3_ws/install/turtlebot3_description:/home/caio/turtlebot3_ws/install/turtlebot3_cartographer:/home/caio/turtlebot3_ws/install/hls_lfcd_lds_driver:/home/caio/turtlebot3_ws/install/dynamixel_sdk:/home/caio/my_arm_def/install/my_arm_def_py_pkg:/home/caio/ros2_ws/install/turtlesim_catch_them_all:/home/caio/ros2_ws/install/my_py_pkg:/home/caio/ros2_ws/install/my_arm_py:/home/caio/ros2_ws/install/my_package:/home/caio/ros2_ws/install/big_bazu:/home/caio/ros2_ws/install/bigBazu:/home/caio/ROS2_arm_py/install/ros2_arm_py_pkg:/home/caio/turtlebot3_ws/install/turtlebot3_teleop:/home/caio/turtlebot3_ws/install/turtlebot3_example:/home/caio/turtlebot3_ws/install/robot_spawner_pkg:/opt/ros/foxy CONDA_PROMPT_MODIFIER=(base) /usr/bin/cmake --build /home/caio/my_arm_def/build/my_arm_def_bringup -- -j8 -l8
[0.466s] DEBUG:colcon.colcon_core.event_handler.log_command:Invoked command in '/home/caio/my_arm_def/build/my_arm_def_bringup' returned '0': AMENT_PREFIX_PATH=/home/caio/my_arm_def/install/my_arm_def_py_pkg:/home/caio/my_arm_def/install/my_arm_def_bringup:/home/caio/my_arm_def/install/my_arm_def_interfaces:/home/caio/my_arm_def/install/my_arm_def_cpp_pkg:/home/caio/bridge_ws/install/ros_ign:/home/caio/bridge_ws/install/ros_ign_gazebo_demos:/home/caio/bridge_ws/install/ros_ign_image:/home/caio/bridge_ws/install/ros_ign_gazebo:/home/caio/bridge_ws/install/ros_ign_bridge:/home/caio/ros2_ws/install/my_robot_bringup:/home/caio/ros2_ws/install/turtlesim_project_cpp:/home/caio/ros2_ws/install/turtlesim_catch_them_all:/home/caio/ros2_ws/install/my_try_robot:/home/caio/ros2_ws/install/my_py_pkg:/home/caio/ros2_ws/install/my_cpp_pkg:/home/caio/ros2_ws/install/my_arm_py:/home/caio/ros2_ws/install/my_robot_interfaces:/home/caio/ros2_ws/install/my_package:/home/caio/ros2_ws/install/my_arm:/home/caio/ros2_ws/install/lydar:/home/caio/ros2_ws/install/gazebo_ros_action_tutorial:/home/caio/ros2_ws/install/bocbot:/home/caio/ros2_ws/install/big_bazu:/home/caio/ros2_ws/install/bigBazu:/home/caio/ROS2_arm_py/install/ros2_arm_py_pkg:/home/caio/turtlebot3_ws/install/turtlebot3_simulations:/home/caio/turtlebot3_ws/install/turtlebot3_gazebo:/home/caio/turtlebot3_ws/install/turtlebot3:/home/caio/turtlebot3_ws/install/turtlebot3_teleop:/home/caio/turtlebot3_ws/install/turtlebot3_bringup:/home/caio/turtlebot3_ws/install/turtlebot3_node:/home/caio/turtlebot3_ws/install/turtlebot3_navigation2:/home/caio/turtlebot3_ws/install/turtlebot3_fake_node:/home/caio/turtlebot3_ws/install/turtlebot3_example:/home/caio/turtlebot3_ws/install/turtlebot3_msgs:/home/caio/turtlebot3_ws/install/turtlebot3_description:/home/caio/turtlebot3_ws/install/turtlebot3_cartographer:/home/caio/turtlebot3_ws/install/robot_spawner_pkg:/home/caio/turtlebot3_ws/install/hls_lfcd_lds_driver:/home/caio/turtlebot3_ws/install/dynamixel_sdk:/opt/ros/foxy CMAKE_PREFIX_PATH=/home/caio/my_arm_def/install/my_arm_def_cpp_pkg:/home/caio/my_arm_def/install/my_arm_def_bringup:/home/caio/my_arm_def/install/my_arm_def_interfaces:/home/caio/bridge_ws/install/ros_ign:/home/caio/bridge_ws/install/ros_ign_gazebo_demos:/home/caio/bridge_ws/install/ros_ign_image:/home/caio/bridge_ws/install/ros_ign_gazebo:/home/caio/bridge_ws/install/ros_ign_bridge:/home/caio/ros2_ws/install/my_robot_bringup:/home/caio/ros2_ws/install/turtlesim_project_cpp:/home/caio/ros2_ws/install/my_try_robot:/home/caio/ros2_ws/install/my_cpp_pkg:/home/caio/ros2_ws/install/my_robot_interfaces:/home/caio/ros2_ws/install/my_arm:/home/caio/ros2_ws/install/lydar:/home/caio/ros2_ws/install/gazebo_ros_action_tutorial:/home/caio/ros2_ws/install/bocbot:/home/caio/turtlebot3_ws/install/turtlebot3_simulations:/home/caio/turtlebot3_ws/install/turtlebot3_gazebo:/home/caio/turtlebot3_ws/install/turtlebot3:/home/caio/turtlebot3_ws/install/turtlebot3_bringup:/home/caio/turtlebot3_ws/install/turtlebot3_node:/home/caio/turtlebot3_ws/install/turtlebot3_navigation2:/home/caio/turtlebot3_ws/install/turtlebot3_fake_node:/home/caio/turtlebot3_ws/install/turtlebot3_msgs:/home/caio/turtlebot3_ws/install/turtlebot3_description:/home/caio/turtlebot3_ws/install/turtlebot3_cartographer:/home/caio/turtlebot3_ws/install/hls_lfcd_lds_driver:/home/caio/turtlebot3_ws/install/dynamixel_sdk:/home/caio/my_arm_def/install/my_arm_def_py_pkg:/home/caio/ros2_ws/install/turtlesim_catch_them_all:/home/caio/ros2_ws/install/my_py_pkg:/home/caio/ros2_ws/install/my_arm_py:/home/caio/ros2_ws/install/my_package:/home/caio/ros2_ws/install/big_bazu:/home/caio/ros2_ws/install/bigBazu:/home/caio/ROS2_arm_py/install/ros2_arm_py_pkg:/home/caio/turtlebot3_ws/install/turtlebot3_teleop:/home/caio/turtlebot3_ws/install/turtlebot3_example:/home/caio/turtlebot3_ws/install/robot_spawner_pkg:/opt/ros/foxy CONDA_PROMPT_MODIFIER=(base) /usr/bin/cmake --build /home/caio/my_arm_def/build/my_arm_def_bringup -- -j8 -l8
[0.527s] DEBUG:colcon.colcon_core.event_handler.log_command:Invoking command in '/home/caio/my_arm_def/build/my_arm_def_bringup': AMENT_PREFIX_PATH=/home/caio/my_arm_def/install/my_arm_def_py_pkg:/home/caio/my_arm_def/install/my_arm_def_bringup:/home/caio/my_arm_def/install/my_arm_def_interfaces:/home/caio/my_arm_def/install/my_arm_def_cpp_pkg:/home/caio/bridge_ws/install/ros_ign:/home/caio/bridge_ws/install/ros_ign_gazebo_demos:/home/caio/bridge_ws/install/ros_ign_image:/home/caio/bridge_ws/install/ros_ign_gazebo:/home/caio/bridge_ws/install/ros_ign_bridge:/home/caio/ros2_ws/install/my_robot_bringup:/home/caio/ros2_ws/install/turtlesim_project_cpp:/home/caio/ros2_ws/install/turtlesim_catch_them_all:/home/caio/ros2_ws/install/my_try_robot:/home/caio/ros2_ws/install/my_py_pkg:/home/caio/ros2_ws/install/my_cpp_pkg:/home/caio/ros2_ws/install/my_arm_py:/home/caio/ros2_ws/install/my_robot_interfaces:/home/caio/ros2_ws/install/my_package:/home/caio/ros2_ws/install/my_arm:/home/caio/ros2_ws/install/lydar:/home/caio/ros2_ws/install/gazebo_ros_action_tutorial:/home/caio/ros2_ws/install/bocbot:/home/caio/ros2_ws/install/big_bazu:/home/caio/ros2_ws/install/bigBazu:/home/caio/ROS2_arm_py/install/ros2_arm_py_pkg:/home/caio/turtlebot3_ws/install/turtlebot3_simulations:/home/caio/turtlebot3_ws/install/turtlebot3_gazebo:/home/caio/turtlebot3_ws/install/turtlebot3:/home/caio/turtlebot3_ws/install/turtlebot3_teleop:/home/caio/turtlebot3_ws/install/turtlebot3_bringup:/home/caio/turtlebot3_ws/install/turtlebot3_node:/home/caio/turtlebot3_ws/install/turtlebot3_navigation2:/home/caio/turtlebot3_ws/install/turtlebot3_fake_node:/home/caio/turtlebot3_ws/install/turtlebot3_example:/home/caio/turtlebot3_ws/install/turtlebot3_msgs:/home/caio/turtlebot3_ws/install/turtlebot3_description:/home/caio/turtlebot3_ws/install/turtlebot3_cartographer:/home/caio/turtlebot3_ws/install/robot_spawner_pkg:/home/caio/turtlebot3_ws/install/hls_lfcd_lds_driver:/home/caio/turtlebot3_ws/install/dynamixel_sdk:/opt/ros/foxy CMAKE_PREFIX_PATH=/home/caio/my_arm_def/install/my_arm_def_cpp_pkg:/home/caio/my_arm_def/install/my_arm_def_bringup:/home/caio/my_arm_def/install/my_arm_def_interfaces:/home/caio/bridge_ws/install/ros_ign:/home/caio/bridge_ws/install/ros_ign_gazebo_demos:/home/caio/bridge_ws/install/ros_ign_image:/home/caio/bridge_ws/install/ros_ign_gazebo:/home/caio/bridge_ws/install/ros_ign_bridge:/home/caio/ros2_ws/install/my_robot_bringup:/home/caio/ros2_ws/install/turtlesim_project_cpp:/home/caio/ros2_ws/install/my_try_robot:/home/caio/ros2_ws/install/my_cpp_pkg:/home/caio/ros2_ws/install/my_robot_interfaces:/home/caio/ros2_ws/install/my_arm:/home/caio/ros2_ws/install/lydar:/home/caio/ros2_ws/install/gazebo_ros_action_tutorial:/home/caio/ros2_ws/install/bocbot:/home/caio/turtlebot3_ws/install/turtlebot3_simulations:/home/caio/turtlebot3_ws/install/turtlebot3_gazebo:/home/caio/turtlebot3_ws/install/turtlebot3:/home/caio/turtlebot3_ws/install/turtlebot3_bringup:/home/caio/turtlebot3_ws/install/turtlebot3_node:/home/caio/turtlebot3_ws/install/turtlebot3_navigation2:/home/caio/turtlebot3_ws/install/turtlebot3_fake_node:/home/caio/turtlebot3_ws/install/turtlebot3_msgs:/home/caio/turtlebot3_ws/install/turtlebot3_description:/home/caio/turtlebot3_ws/install/turtlebot3_cartographer:/home/caio/turtlebot3_ws/install/hls_lfcd_lds_driver:/home/caio/turtlebot3_ws/install/dynamixel_sdk:/home/caio/my_arm_def/install/my_arm_def_py_pkg:/home/caio/ros2_ws/install/turtlesim_catch_them_all:/home/caio/ros2_ws/install/my_py_pkg:/home/caio/ros2_ws/install/my_arm_py:/home/caio/ros2_ws/install/my_package:/home/caio/ros2_ws/install/big_bazu:/home/caio/ros2_ws/install/bigBazu:/home/caio/ROS2_arm_py/install/ros2_arm_py_pkg:/home/caio/turtlebot3_ws/install/turtlebot3_teleop:/home/caio/turtlebot3_ws/install/turtlebot3_example:/home/caio/turtlebot3_ws/install/robot_spawner_pkg:/opt/ros/foxy CONDA_PROMPT_MODIFIER=(base) /usr/bin/cmake --install /home/caio/my_arm_def/build/my_arm_def_bringup
[0.558s] Level 1:colcon.colcon_core.environment:create_environment_scripts_only(my_arm_def_bringup)
[0.561s] DEBUG:colcon.colcon_core.event_handler.log_command:Invoked command in '/home/caio/my_arm_def/build/my_arm_def_bringup' returned '0': AMENT_PREFIX_PATH=/home/caio/my_arm_def/install/my_arm_def_py_pkg:/home/caio/my_arm_def/install/my_arm_def_bringup:/home/caio/my_arm_def/install/my_arm_def_interfaces:/home/caio/my_arm_def/install/my_arm_def_cpp_pkg:/home/caio/bridge_ws/install/ros_ign:/home/caio/bridge_ws/install/ros_ign_gazebo_demos:/home/caio/bridge_ws/install/ros_ign_image:/home/caio/bridge_ws/install/ros_ign_gazebo:/home/caio/bridge_ws/install/ros_ign_bridge:/home/caio/ros2_ws/install/my_robot_bringup:/home/caio/ros2_ws/install/turtlesim_project_cpp:/home/caio/ros2_ws/install/turtlesim_catch_them_all:/home/caio/ros2_ws/install/my_try_robot:/home/caio/ros2_ws/install/my_py_pkg:/home/caio/ros2_ws/install/my_cpp_pkg:/home/caio/ros2_ws/install/my_arm_py:/home/caio/ros2_ws/install/my_robot_interfaces:/home/caio/ros2_ws/install/my_package:/home/caio/ros2_ws/install/my_arm:/home/caio/ros2_ws/install/lydar:/home/caio/ros2_ws/install/gazebo_ros_action_tutorial:/home/caio/ros2_ws/install/bocbot:/home/caio/ros2_ws/install/big_bazu:/home/caio/ros2_ws/install/bigBazu:/home/caio/ROS2_arm_py/install/ros2_arm_py_pkg:/home/caio/turtlebot3_ws/install/turtlebot3_simulations:/home/caio/turtlebot3_ws/install/turtlebot3_gazebo:/home/caio/turtlebot3_ws/install/turtlebot3:/home/caio/turtlebot3_ws/install/turtlebot3_teleop:/home/caio/turtlebot3_ws/install/turtlebot3_bringup:/home/caio/turtlebot3_ws/install/turtlebot3_node:/home/caio/turtlebot3_ws/install/turtlebot3_navigation2:/home/caio/turtlebot3_ws/install/turtlebot3_fake_node:/home/caio/turtlebot3_ws/install/turtlebot3_example:/home/caio/turtlebot3_ws/install/turtlebot3_msgs:/home/caio/turtlebot3_ws/install/turtlebot3_description:/home/caio/turtlebot3_ws/install/turtlebot3_cartographer:/home/caio/turtlebot3_ws/install/robot_spawner_pkg:/home/caio/turtlebot3_ws/install/hls_lfcd_lds_driver:/home/caio/turtlebot3_ws/install/dynamixel_sdk:/opt/ros/foxy CMAKE_PREFIX_PATH=/home/caio/my_arm_def/install/my_arm_def_cpp_pkg:/home/caio/my_arm_def/install/my_arm_def_bringup:/home/caio/my_arm_def/install/my_arm_def_interfaces:/home/caio/bridge_ws/install/ros_ign:/home/caio/bridge_ws/install/ros_ign_gazebo_demos:/home/caio/bridge_ws/install/ros_ign_image:/home/caio/bridge_ws/install/ros_ign_gazebo:/home/caio/bridge_ws/install/ros_ign_bridge:/home/caio/ros2_ws/install/my_robot_bringup:/home/caio/ros2_ws/install/turtlesim_project_cpp:/home/caio/ros2_ws/install/my_try_robot:/home/caio/ros2_ws/install/my_cpp_pkg:/home/caio/ros2_ws/install/my_robot_interfaces:/home/caio/ros2_ws/install/my_arm:/home/caio/ros2_ws/install/lydar:/home/caio/ros2_ws/install/gazebo_ros_action_tutorial:/home/caio/ros2_ws/install/bocbot:/home/caio/turtlebot3_ws/install/turtlebot3_simulations:/home/caio/turtlebot3_ws/install/turtlebot3_gazebo:/home/caio/turtlebot3_ws/install/turtlebot3:/home/caio/turtlebot3_ws/install/turtlebot3_bringup:/home/caio/turtlebot3_ws/install/turtlebot3_node:/home/caio/turtlebot3_ws/install/turtlebot3_navigation2:/home/caio/turtlebot3_ws/install/turtlebot3_fake_node:/home/caio/turtlebot3_ws/install/turtlebot3_msgs:/home/caio/turtlebot3_ws/install/turtlebot3_description:/home/caio/turtlebot3_ws/install/turtlebot3_cartographer:/home/caio/turtlebot3_ws/install/hls_lfcd_lds_driver:/home/caio/turtlebot3_ws/install/dynamixel_sdk:/home/caio/my_arm_def/install/my_arm_def_py_pkg:/home/caio/ros2_ws/install/turtlesim_catch_them_all:/home/caio/ros2_ws/install/my_py_pkg:/home/caio/ros2_ws/install/my_arm_py:/home/caio/ros2_ws/install/my_package:/home/caio/ros2_ws/install/big_bazu:/home/caio/ros2_ws/install/bigBazu:/home/caio/ROS2_arm_py/install/ros2_arm_py_pkg:/home/caio/turtlebot3_ws/install/turtlebot3_teleop:/home/caio/turtlebot3_ws/install/turtlebot3_example:/home/caio/turtlebot3_ws/install/robot_spawner_pkg:/opt/ros/foxy CONDA_PROMPT_MODIFIER=(base) /usr/bin/cmake --install /home/caio/my_arm_def/build/my_arm_def_bringup
[0.568s] Level 1:colcon.colcon_core.environment:checking '/home/caio/my_arm_def/install/my_arm_def_bringup' for CMake module files
[0.569s] Level 1:colcon.colcon_core.environment:checking '/home/caio/my_arm_def/install/my_arm_def_bringup' for CMake config files
[0.569s] Level 1:colcon.colcon_core.shell:create_environment_hook('my_arm_def_bringup', 'cmake_prefix_path')
[0.571s] INFO:colcon.colcon_core.shell:Creating environment hook '/home/caio/my_arm_def/install/my_arm_def_bringup/share/my_arm_def_bringup/hook/cmake_prefix_path.ps1'
[0.572s] INFO:colcon.colcon_core.shell:Creating environment descriptor '/home/caio/my_arm_def/install/my_arm_def_bringup/share/my_arm_def_bringup/hook/cmake_prefix_path.dsv'
[0.573s] INFO:colcon.colcon_core.shell:Creating environment hook '/home/caio/my_arm_def/install/my_arm_def_bringup/share/my_arm_def_bringup/hook/cmake_prefix_path.sh'
[0.574s] Level 1:colcon.colcon_core.environment:checking '/home/caio/my_arm_def/install/my_arm_def_bringup/bin'
[0.574s] Level 1:colcon.colcon_core.environment:checking '/home/caio/my_arm_def/install/my_arm_def_bringup/lib/pkgconfig/my_arm_def_bringup.pc'
[0.574s] Level 1:colcon.colcon_core.environment:checking '/home/caio/my_arm_def/install/my_arm_def_bringup/lib/python3.8/site-packages'
[0.575s] INFO:colcon.colcon_core.shell:Creating package script '/home/caio/my_arm_def/install/my_arm_def_bringup/share/my_arm_def_bringup/package.ps1'
[0.575s] INFO:colcon.colcon_core.shell:Creating package descriptor '/home/caio/my_arm_def/install/my_arm_def_bringup/share/my_arm_def_bringup/package.dsv'
[0.576s] INFO:colcon.colcon_core.shell:Creating package script '/home/caio/my_arm_def/install/my_arm_def_bringup/share/my_arm_def_bringup/package.sh'
[0.577s] INFO:colcon.colcon_core.shell:Creating package script '/home/caio/my_arm_def/install/my_arm_def_bringup/share/my_arm_def_bringup/package.bash'
[0.577s] INFO:colcon.colcon_core.shell:Creating package script '/home/caio/my_arm_def/install/my_arm_def_bringup/share/my_arm_def_bringup/package.zsh'
[0.578s] Level 1:colcon.colcon_core.environment:create_file_with_runtime_dependencies(/home/caio/my_arm_def/install/my_arm_def_bringup/share/colcon-core/packages/my_arm_def_bringup)
[0.616s] Level 1:colcon.colcon_core.environment:create_environment_scripts_only(my_arm_def_bringup)
[0.617s] Level 1:colcon.colcon_core.environment:checking '/home/caio/my_arm_def/install/my_arm_def_bringup' for CMake module files
[0.618s] Level 1:colcon.colcon_core.environment:checking '/home/caio/my_arm_def/install/my_arm_def_bringup' for CMake config files
[0.619s] Level 1:colcon.colcon_core.shell:create_environment_hook('my_arm_def_bringup', 'cmake_prefix_path')
[0.620s] INFO:colcon.colcon_core.shell:Creating environment hook '/home/caio/my_arm_def/install/my_arm_def_bringup/share/my_arm_def_bringup/hook/cmake_prefix_path.ps1'
[0.621s] INFO:colcon.colcon_core.shell:Creating environment descriptor '/home/caio/my_arm_def/install/my_arm_def_bringup/share/my_arm_def_bringup/hook/cmake_prefix_path.dsv'
[0.622s] INFO:colcon.colcon_core.shell:Creating environment hook '/home/caio/my_arm_def/install/my_arm_def_bringup/share/my_arm_def_bringup/hook/cmake_prefix_path.sh'
[0.623s] Level 1:colcon.colcon_core.environment:checking '/home/caio/my_arm_def/install/my_arm_def_bringup/bin'
[0.623s] Level 1:colcon.colcon_core.environment:checking '/home/caio/my_arm_def/install/my_arm_def_bringup/lib/pkgconfig/my_arm_def_bringup.pc'
[0.623s] Level 1:colcon.colcon_core.environment:checking '/home/caio/my_arm_def/install/my_arm_def_bringup/lib/python3.8/site-packages'
[0.625s] INFO:colcon.colcon_core.shell:Creating package script '/home/caio/my_arm_def/install/my_arm_def_bringup/share/my_arm_def_bringup/package.ps1'
[0.626s] INFO:colcon.colcon_core.shell:Creating package descriptor '/home/caio/my_arm_def/install/my_arm_def_bringup/share/my_arm_def_bringup/package.dsv'
[0.627s] INFO:colcon.colcon_core.shell:Creating package script '/home/caio/my_arm_def/install/my_arm_def_bringup/share/my_arm_def_bringup/package.sh'
[0.628s] INFO:colcon.colcon_core.shell:Creating package script '/home/caio/my_arm_def/install/my_arm_def_bringup/share/my_arm_def_bringup/package.bash'
[0.628s] INFO:colcon.colcon_core.shell:Creating package script '/home/caio/my_arm_def/install/my_arm_def_bringup/share/my_arm_def_bringup/package.zsh'
[0.628s] Level 1:colcon.colcon_core.environment:create_file_with_runtime_dependencies(/home/caio/my_arm_def/install/my_arm_def_bringup/share/colcon-core/packages/my_arm_def_bringup)
[0.629s] DEBUG:colcon.colcon_parallel_executor.executor.parallel:closing loop
[0.629s] DEBUG:colcon.colcon_parallel_executor.executor.parallel:loop closed
[0.629s] DEBUG:colcon.colcon_parallel_executor.executor.parallel:run_until_complete finished with '0'
[0.629s] DEBUG:colcon.colcon_core.event_reactor:joining thread
[0.643s] INFO:colcon.colcon_core.plugin_system:Skipping extension 'colcon_notification.desktop_notification.terminal_notifier': Not used on non-Darwin systems
[0.643s] INFO:colcon.colcon_core.plugin_system:Skipping extension 'colcon_notification.desktop_notification.win32': Not used on non-Windows systems
[0.643s] INFO:colcon.colcon_notification.desktop_notification:Sending desktop notification using 'notify2'
[0.664s] DEBUG:colcon.colcon_core.event_reactor:joined thread
[0.666s] INFO:colcon.colcon_core.shell:Creating prefix script '/home/caio/my_arm_def/install/local_setup.ps1'
[0.668s] INFO:colcon.colcon_core.shell:Creating prefix util module '/home/caio/my_arm_def/install/_local_setup_util_ps1.py'
[0.670s] INFO:colcon.colcon_core.shell:Creating prefix chain script '/home/caio/my_arm_def/install/setup.ps1'
[0.679s] INFO:colcon.colcon_core.shell:Creating prefix script '/home/caio/my_arm_def/install/local_setup.sh'
[0.680s] INFO:colcon.colcon_core.shell:Creating prefix util module '/home/caio/my_arm_def/install/_local_setup_util_sh.py'
[0.681s] INFO:colcon.colcon_core.shell:Creating prefix chain script '/home/caio/my_arm_def/install/setup.sh'
[0.688s] INFO:colcon.colcon_core.shell:Creating prefix script '/home/caio/my_arm_def/install/local_setup.bash'
[0.689s] INFO:colcon.colcon_core.shell:Creating prefix chain script '/home/caio/my_arm_def/install/setup.bash'
[0.693s] INFO:colcon.colcon_core.shell:Creating prefix script '/home/caio/my_arm_def/install/local_setup.zsh'
[0.694s] INFO:colcon.colcon_core.shell:Creating prefix chain script '/home/caio/my_arm_def/install/setup.zsh'
