[0.054s] Invoking command in '/home/caio/my_arm_def/build/my_arm_def_cpp_pkg': CMAKE_PREFIX_PATH=${CMAKE_PREFIX_PATH}:/home/caio/my_arm_def/install/my_arm_def_py_pkg:/home/caio/ROS2_arm_py/install/ros2_arm_py_pkg:/home/caio/ros2_ws/install/turtlesim_catch_them_all:/home/caio/ros2_ws/install/my_py_pkg:/home/caio/ros2_ws/install/my_arm_py:/home/caio/ros2_ws/install/my_package:/home/caio/ros2_ws/install/big_bazu:/home/caio/ros2_ws/install/bigBazu:/home/caio/turtlebot3_ws/install/turtlebot3_teleop:/home/caio/turtlebot3_ws/install/turtlebot3_example:/home/caio/turtlebot3_ws/install/robot_spawner_pkg:/opt/ros/foxy CONDA_PROMPT_MODIFIER=(base) /usr/bin/cmake --build /home/caio/my_arm_def/build/my_arm_def_cpp_pkg -- -j8 -l8
[0.776s] Invoked command in '/home/caio/my_arm_def/build/my_arm_def_cpp_pkg' returned '0': CMAKE_PREFIX_PATH=${CMAKE_PREFIX_PATH}:/home/caio/my_arm_def/install/my_arm_def_py_pkg:/home/caio/ROS2_arm_py/install/ros2_arm_py_pkg:/home/caio/ros2_ws/install/turtlesim_catch_them_all:/home/caio/ros2_ws/install/my_py_pkg:/home/caio/ros2_ws/install/my_arm_py:/home/caio/ros2_ws/install/my_package:/home/caio/ros2_ws/install/big_bazu:/home/caio/ros2_ws/install/bigBazu:/home/caio/turtlebot3_ws/install/turtlebot3_teleop:/home/caio/turtlebot3_ws/install/turtlebot3_example:/home/caio/turtlebot3_ws/install/robot_spawner_pkg:/opt/ros/foxy CONDA_PROMPT_MODIFIER=(base) /usr/bin/cmake --build /home/caio/my_arm_def/build/my_arm_def_cpp_pkg -- -j8 -l8
[0.840s] Invoking command in '/home/caio/my_arm_def/build/my_arm_def_cpp_pkg': CMAKE_PREFIX_PATH=${CMAKE_PREFIX_PATH}:/home/caio/my_arm_def/install/my_arm_def_py_pkg:/home/caio/ROS2_arm_py/install/ros2_arm_py_pkg:/home/caio/ros2_ws/install/turtlesim_catch_them_all:/home/caio/ros2_ws/install/my_py_pkg:/home/caio/ros2_ws/install/my_arm_py:/home/caio/ros2_ws/install/my_package:/home/caio/ros2_ws/install/big_bazu:/home/caio/ros2_ws/install/bigBazu:/home/caio/turtlebot3_ws/install/turtlebot3_teleop:/home/caio/turtlebot3_ws/install/turtlebot3_example:/home/caio/turtlebot3_ws/install/robot_spawner_pkg:/opt/ros/foxy CONDA_PROMPT_MODIFIER=(base) /usr/bin/cmake --install /home/caio/my_arm_def/build/my_arm_def_cpp_pkg
[0.911s] -- Install configuration: ""
[0.912s] -- Up-to-date: /home/caio/my_arm_def/install/my_arm_def_cpp_pkg/share/ament_index/resource_index/package_run_dependencies/my_arm_def_cpp_pkg
[0.912s] -- Up-to-date: /home/caio/my_arm_def/install/my_arm_def_cpp_pkg/share/ament_index/resource_index/parent_prefix_path/my_arm_def_cpp_pkg
[0.912s] -- Up-to-date: /home/caio/my_arm_def/install/my_arm_def_cpp_pkg/share/my_arm_def_cpp_pkg/environment/ament_prefix_path.sh
[0.912s] -- Up-to-date: /home/caio/my_arm_def/install/my_arm_def_cpp_pkg/share/my_arm_def_cpp_pkg/environment/ament_prefix_path.dsv
[0.912s] -- Up-to-date: /home/caio/my_arm_def/install/my_arm_def_cpp_pkg/share/my_arm_def_cpp_pkg/environment/path.sh
[0.913s] -- Up-to-date: /home/caio/my_arm_def/install/my_arm_def_cpp_pkg/share/my_arm_def_cpp_pkg/environment/path.dsv
[0.913s] -- Up-to-date: /home/caio/my_arm_def/install/my_arm_def_cpp_pkg/share/my_arm_def_cpp_pkg/local_setup.bash
[0.913s] -- Up-to-date: /home/caio/my_arm_def/install/my_arm_def_cpp_pkg/share/my_arm_def_cpp_pkg/local_setup.sh
[0.913s] -- Up-to-date: /home/caio/my_arm_def/install/my_arm_def_cpp_pkg/share/my_arm_def_cpp_pkg/local_setup.zsh
[0.913s] -- Up-to-date: /home/caio/my_arm_def/install/my_arm_def_cpp_pkg/share/my_arm_def_cpp_pkg/local_setup.dsv
[0.913s] -- Installing: /home/caio/my_arm_def/install/my_arm_def_cpp_pkg/share/my_arm_def_cpp_pkg/package.dsv
[0.963s] -- Up-to-date: /home/caio/my_arm_def/install/my_arm_def_cpp_pkg/share/ament_index/resource_index/packages/my_arm_def_cpp_pkg
[0.964s] -- Up-to-date: /home/caio/my_arm_def/install/my_arm_def_cpp_pkg/share/my_arm_def_cpp_pkg/cmake/my_arm_def_cpp_pkgConfig.cmake
[0.964s] -- Up-to-date: /home/caio/my_arm_def/install/my_arm_def_cpp_pkg/share/my_arm_def_cpp_pkg/cmake/my_arm_def_cpp_pkgConfig-version.cmake
[0.964s] -- Up-to-date: /home/caio/my_arm_def/install/my_arm_def_cpp_pkg/share/my_arm_def_cpp_pkg/package.xml
[0.969s] Invoked command in '/home/caio/my_arm_def/build/my_arm_def_cpp_pkg' returned '0': CMAKE_PREFIX_PATH=${CMAKE_PREFIX_PATH}:/home/caio/my_arm_def/install/my_arm_def_py_pkg:/home/caio/ROS2_arm_py/install/ros2_arm_py_pkg:/home/caio/ros2_ws/install/turtlesim_catch_them_all:/home/caio/ros2_ws/install/my_py_pkg:/home/caio/ros2_ws/install/my_arm_py:/home/caio/ros2_ws/install/my_package:/home/caio/ros2_ws/install/big_bazu:/home/caio/ros2_ws/install/bigBazu:/home/caio/turtlebot3_ws/install/turtlebot3_teleop:/home/caio/turtlebot3_ws/install/turtlebot3_example:/home/caio/turtlebot3_ws/install/robot_spawner_pkg:/opt/ros/foxy CONDA_PROMPT_MODIFIER=(base) /usr/bin/cmake --install /home/caio/my_arm_def/build/my_arm_def_cpp_pkg
