[0.323s] DEBUG:colcon:Command line arguments: ['/usr/bin/colcon', 'build', '--packages-select', 'my_arm_def_interfaces']
[0.323s] DEBUG:colcon:Parsed command line arguments: Namespace(ament_cmake_args=None, base_paths=['.'], build_base='build', catkin_cmake_args=None, catkin_skip_building_tests=False, cmake_args=None, cmake_clean_cache=False, cmake_clean_first=False, cmake_force_configure=False, cmake_target=None, cmake_target_skip_unavailable=False, continue_on_error=False, event_handlers=None, executor='parallel', ignore_user_meta=False, install_base='install', log_base=None, log_level=None, main=<bound method BuildVerb.main of <colcon_core.verb.build.BuildVerb object at 0x7f42330d2220>>, merge_install=False, metas=['./colcon.meta'], packages_above=None, packages_above_and_dependencies=None, packages_above_depth=None, packages_end=None, packages_ignore=None, packages_ignore_regex=None, packages_select=['my_arm_def_interfaces'], packages_select_build_failed=False, packages_select_by_dep=None, packages_select_regex=None, packages_select_test_failures=False, packages_skip=None, packages_skip_build_finished=False, packages_skip_by_dep=None, packages_skip_regex=None, packages_skip_test_passed=False, packages_skip_up_to=None, packages_start=None, packages_up_to=None, packages_up_to_regex=None, parallel_workers=8, paths=None, symlink_install=False, test_result_base=None, verb_extension=<colcon_core.verb.build.BuildVerb object at 0x7f42330d2220>, verb_name='build', verb_parser=<colcon_defaults.argument_parser.defaults.DefaultArgumentsDecorator object at 0x7f42330d2760>)
[0.328s] Level 1:colcon.colcon_core.package_discovery:discover_packages(colcon_meta) check parameters
[0.328s] Level 1:colcon.colcon_core.package_discovery:discover_packages(recursive) check parameters
[0.328s] Level 1:colcon.colcon_core.package_discovery:discover_packages(ignore) check parameters
[0.328s] Level 1:colcon.colcon_core.package_discovery:discover_packages(path) check parameters
[0.329s] Level 1:colcon.colcon_core.package_discovery:discover_packages(colcon_meta) discover
[0.329s] Level 1:colcon.colcon_core.package_discovery:discover_packages(recursive) discover
[0.329s] INFO:colcon.colcon_core.package_discovery:Crawling recursively for packages in '/home/caio/my_arm_def'
[0.329s] Level 1:colcon.colcon_core.package_identification:_identify(.) by extensions ['ignore', 'ignore_ament_install']
[0.329s] Level 1:colcon.colcon_core.package_identification:_identify(.) by extension 'ignore'
[0.329s] Level 1:colcon.colcon_core.package_identification:_identify(.) by extension 'ignore_ament_install'
[0.329s] Level 1:colcon.colcon_core.package_identification:_identify(.) by extensions ['colcon_pkg']
[0.329s] Level 1:colcon.colcon_core.package_identification:_identify(.) by extension 'colcon_pkg'
[0.329s] Level 1:colcon.colcon_core.package_identification:_identify(.) by extensions ['colcon_meta']
[0.329s] Level 1:colcon.colcon_core.package_identification:_identify(.) by extension 'colcon_meta'
[0.329s] Level 1:colcon.colcon_core.package_identification:_identify(.) by extensions ['ros']
[0.329s] Level 1:colcon.colcon_core.package_identification:_identify(.) by extension 'ros'
[0.341s] Level 1:colcon.colcon_core.package_identification:_identify(.) by extensions ['cmake', 'python']
[0.341s] Level 1:colcon.colcon_core.package_identification:_identify(.) by extension 'cmake'
[0.341s] Level 1:colcon.colcon_core.package_identification:_identify(.) by extension 'python'
[0.341s] Level 1:colcon.colcon_core.package_identification:_identify(.) by extensions ['python_setup_py']
[0.341s] Level 1:colcon.colcon_core.package_identification:_identify(.) by extension 'python_setup_py'
[0.342s] Level 1:colcon.colcon_core.package_identification:_identify(build) by extensions ['ignore', 'ignore_ament_install']
[0.342s] Level 1:colcon.colcon_core.package_identification:_identify(build) by extension 'ignore'
[0.342s] Level 1:colcon.colcon_core.package_identification:_identify(build) ignored
[0.342s] Level 1:colcon.colcon_core.package_identification:_identify(install) by extensions ['ignore', 'ignore_ament_install']
[0.342s] Level 1:colcon.colcon_core.package_identification:_identify(install) by extension 'ignore'
[0.342s] Level 1:colcon.colcon_core.package_identification:_identify(install) ignored
[0.342s] Level 1:colcon.colcon_core.package_identification:_identify(log) by extensions ['ignore', 'ignore_ament_install']
[0.342s] Level 1:colcon.colcon_core.package_identification:_identify(log) by extension 'ignore'
[0.342s] Level 1:colcon.colcon_core.package_identification:_identify(log) ignored
[0.342s] Level 1:colcon.colcon_core.package_identification:_identify(src) by extensions ['ignore', 'ignore_ament_install']
[0.342s] Level 1:colcon.colcon_core.package_identification:_identify(src) by extension 'ignore'
[0.343s] Level 1:colcon.colcon_core.package_identification:_identify(src) by extension 'ignore_ament_install'
[0.343s] Level 1:colcon.colcon_core.package_identification:_identify(src) by extensions ['colcon_pkg']
[0.343s] Level 1:colcon.colcon_core.package_identification:_identify(src) by extension 'colcon_pkg'
[0.343s] Level 1:colcon.colcon_core.package_identification:_identify(src) by extensions ['colcon_meta']
[0.343s] Level 1:colcon.colcon_core.package_identification:_identify(src) by extension 'colcon_meta'
[0.343s] Level 1:colcon.colcon_core.package_identification:_identify(src) by extensions ['ros']
[0.343s] Level 1:colcon.colcon_core.package_identification:_identify(src) by extension 'ros'
[0.343s] Level 1:colcon.colcon_core.package_identification:_identify(src) by extensions ['cmake', 'python']
[0.343s] Level 1:colcon.colcon_core.package_identification:_identify(src) by extension 'cmake'
[0.343s] Level 1:colcon.colcon_core.package_identification:_identify(src) by extension 'python'
[0.343s] Level 1:colcon.colcon_core.package_identification:_identify(src) by extensions ['python_setup_py']
[0.343s] Level 1:colcon.colcon_core.package_identification:_identify(src) by extension 'python_setup_py'
[0.343s] Level 1:colcon.colcon_core.package_identification:_identify(src/my_arm_def_bringup) by extensions ['ignore', 'ignore_ament_install']
[0.343s] Level 1:colcon.colcon_core.package_identification:_identify(src/my_arm_def_bringup) by extension 'ignore'
[0.343s] Level 1:colcon.colcon_core.package_identification:_identify(src/my_arm_def_bringup) by extension 'ignore_ament_install'
[0.343s] Level 1:colcon.colcon_core.package_identification:_identify(src/my_arm_def_bringup) by extensions ['colcon_pkg']
[0.343s] Level 1:colcon.colcon_core.package_identification:_identify(src/my_arm_def_bringup) by extension 'colcon_pkg'
[0.343s] Level 1:colcon.colcon_core.package_identification:_identify(src/my_arm_def_bringup) by extensions ['colcon_meta']
[0.343s] Level 1:colcon.colcon_core.package_identification:_identify(src/my_arm_def_bringup) by extension 'colcon_meta'
[0.343s] Level 1:colcon.colcon_core.package_identification:_identify(src/my_arm_def_bringup) by extensions ['ros']
[0.343s] Level 1:colcon.colcon_core.package_identification:_identify(src/my_arm_def_bringup) by extension 'ros'
[0.346s] DEBUG:colcon.colcon_core.package_identification:Package 'src/my_arm_def_bringup' with type 'ros.ament_cmake' and name 'my_arm_def_bringup'
[0.346s] Level 1:colcon.colcon_core.package_identification:_identify(src/my_arm_def_cpp_pkg) by extensions ['ignore', 'ignore_ament_install']
[0.346s] Level 1:colcon.colcon_core.package_identification:_identify(src/my_arm_def_cpp_pkg) by extension 'ignore'
[0.346s] Level 1:colcon.colcon_core.package_identification:_identify(src/my_arm_def_cpp_pkg) by extension 'ignore_ament_install'
[0.346s] Level 1:colcon.colcon_core.package_identification:_identify(src/my_arm_def_cpp_pkg) by extensions ['colcon_pkg']
[0.346s] Level 1:colcon.colcon_core.package_identification:_identify(src/my_arm_def_cpp_pkg) by extension 'colcon_pkg'
[0.346s] Level 1:colcon.colcon_core.package_identification:_identify(src/my_arm_def_cpp_pkg) by extensions ['colcon_meta']
[0.346s] Level 1:colcon.colcon_core.package_identification:_identify(src/my_arm_def_cpp_pkg) by extension 'colcon_meta'
[0.346s] Level 1:colcon.colcon_core.package_identification:_identify(src/my_arm_def_cpp_pkg) by extensions ['ros']
[0.346s] Level 1:colcon.colcon_core.package_identification:_identify(src/my_arm_def_cpp_pkg) by extension 'ros'
[0.347s] DEBUG:colcon.colcon_core.package_identification:Package 'src/my_arm_def_cpp_pkg' with type 'ros.ament_cmake' and name 'my_arm_def_cpp_pkg'
[0.347s] Level 1:colcon.colcon_core.package_identification:_identify(src/my_arm_def_interfaces) by extensions ['ignore', 'ignore_ament_install']
[0.347s] Level 1:colcon.colcon_core.package_identification:_identify(src/my_arm_def_interfaces) by extension 'ignore'
[0.347s] Level 1:colcon.colcon_core.package_identification:_identify(src/my_arm_def_interfaces) by extension 'ignore_ament_install'
[0.347s] Level 1:colcon.colcon_core.package_identification:_identify(src/my_arm_def_interfaces) by extensions ['colcon_pkg']
[0.347s] Level 1:colcon.colcon_core.package_identification:_identify(src/my_arm_def_interfaces) by extension 'colcon_pkg'
[0.347s] Level 1:colcon.colcon_core.package_identification:_identify(src/my_arm_def_interfaces) by extensions ['colcon_meta']
[0.347s] Level 1:colcon.colcon_core.package_identification:_identify(src/my_arm_def_interfaces) by extension 'colcon_meta'
[0.347s] Level 1:colcon.colcon_core.package_identification:_identify(src/my_arm_def_interfaces) by extensions ['ros']
[0.347s] Level 1:colcon.colcon_core.package_identification:_identify(src/my_arm_def_interfaces) by extension 'ros'
[0.348s] DEBUG:colcon.colcon_core.package_identification:Package 'src/my_arm_def_interfaces' with type 'ros.ament_cmake' and name 'my_arm_def_interfaces'
[0.348s] Level 1:colcon.colcon_core.package_identification:_identify(src/my_arm_def_py_pkg) by extensions ['ignore', 'ignore_ament_install']
[0.348s] Level 1:colcon.colcon_core.package_identification:_identify(src/my_arm_def_py_pkg) by extension 'ignore'
[0.348s] Level 1:colcon.colcon_core.package_identification:_identify(src/my_arm_def_py_pkg) by extension 'ignore_ament_install'
[0.348s] Level 1:colcon.colcon_core.package_identification:_identify(src/my_arm_def_py_pkg) by extensions ['colcon_pkg']
[0.348s] Level 1:colcon.colcon_core.package_identification:_identify(src/my_arm_def_py_pkg) by extension 'colcon_pkg'
[0.348s] Level 1:colcon.colcon_core.package_identification:_identify(src/my_arm_def_py_pkg) by extensions ['colcon_meta']
[0.348s] Level 1:colcon.colcon_core.package_identification:_identify(src/my_arm_def_py_pkg) by extension 'colcon_meta'
[0.348s] Level 1:colcon.colcon_core.package_identification:_identify(src/my_arm_def_py_pkg) by extensions ['ros']
[0.348s] Level 1:colcon.colcon_core.package_identification:_identify(src/my_arm_def_py_pkg) by extension 'ros'
[0.349s] DEBUG:colcon.colcon_core.package_identification:Package 'src/my_arm_def_py_pkg' with type 'ros.ament_python' and name 'my_arm_def_py_pkg'
[0.350s] Level 1:colcon.colcon_core.package_identification:_identify(src/my_arm_definitive_bringup) by extensions ['ignore', 'ignore_ament_install']
[0.350s] Level 1:colcon.colcon_core.package_identification:_identify(src/my_arm_definitive_bringup) by extension 'ignore'
[0.350s] Level 1:colcon.colcon_core.package_identification:_identify(src/my_arm_definitive_bringup) by extension 'ignore_ament_install'
[0.350s] Level 1:colcon.colcon_core.package_identification:_identify(src/my_arm_definitive_bringup) by extensions ['colcon_pkg']
[0.350s] Level 1:colcon.colcon_core.package_identification:_identify(src/my_arm_definitive_bringup) by extension 'colcon_pkg'
[0.350s] Level 1:colcon.colcon_core.package_identification:_identify(src/my_arm_definitive_bringup) by extensions ['colcon_meta']
[0.350s] Level 1:colcon.colcon_core.package_identification:_identify(src/my_arm_definitive_bringup) by extension 'colcon_meta'
[0.350s] Level 1:colcon.colcon_core.package_identification:_identify(src/my_arm_definitive_bringup) by extensions ['ros']
[0.350s] Level 1:colcon.colcon_core.package_identification:_identify(src/my_arm_definitive_bringup) by extension 'ros'
[0.351s] DEBUG:colcon.colcon_core.package_identification:Package 'src/my_arm_definitive_bringup' with type 'ros.ament_cmake' and name 'my_arm_definitive_bringup'
[0.351s] Level 1:colcon.colcon_core.package_discovery:discover_packages(recursive) using defaults
[0.351s] Level 1:colcon.colcon_core.package_discovery:discover_packages(ignore) discover
[0.351s] Level 1:colcon.colcon_core.package_discovery:discover_packages(ignore) using defaults
[0.351s] Level 1:colcon.colcon_core.package_discovery:discover_packages(path) discover
[0.351s] Level 1:colcon.colcon_core.package_discovery:discover_packages(path) using defaults
[0.369s] INFO:colcon.colcon_core.package_selection:Skipping not selected package 'my_arm_def_cpp_pkg' in 'src/my_arm_def_cpp_pkg'
[0.369s] INFO:colcon.colcon_core.package_selection:Skipping not selected package 'my_arm_def_py_pkg' in 'src/my_arm_def_py_pkg'
[0.369s] INFO:colcon.colcon_core.package_selection:Skipping not selected package 'my_arm_def_bringup' in 'src/my_arm_def_bringup'
[0.369s] INFO:colcon.colcon_core.package_selection:Skipping not selected package 'my_arm_definitive_bringup' in 'src/my_arm_definitive_bringup'
[0.372s] Level 5:colcon.colcon_core.verb:set package 'my_arm_def_interfaces' build argument 'cmake_args' from command line to 'None'
[0.372s] Level 5:colcon.colcon_core.verb:set package 'my_arm_def_interfaces' build argument 'cmake_target' from command line to 'None'
[0.372s] Level 5:colcon.colcon_core.verb:set package 'my_arm_def_interfaces' build argument 'cmake_target_skip_unavailable' from command line to 'False'
[0.372s] Level 5:colcon.colcon_core.verb:set package 'my_arm_def_interfaces' build argument 'cmake_clean_cache' from command line to 'False'
[0.372s] Level 5:colcon.colcon_core.verb:set package 'my_arm_def_interfaces' build argument 'cmake_clean_first' from command line to 'False'
[0.372s] Level 5:colcon.colcon_core.verb:set package 'my_arm_def_interfaces' build argument 'cmake_force_configure' from command line to 'False'
[0.372s] Level 5:colcon.colcon_core.verb:set package 'my_arm_def_interfaces' build argument 'ament_cmake_args' from command line to 'None'
[0.372s] Level 5:colcon.colcon_core.verb:set package 'my_arm_def_interfaces' build argument 'catkin_cmake_args' from command line to 'None'
[0.372s] Level 5:colcon.colcon_core.verb:set package 'my_arm_def_interfaces' build argument 'catkin_skip_building_tests' from command line to 'False'
[0.372s] DEBUG:colcon.colcon_core.verb:Building package 'my_arm_def_interfaces' with the following arguments: {'ament_cmake_args': None, 'build_base': '/home/caio/my_arm_def/build/my_arm_def_interfaces', 'catkin_cmake_args': None, 'catkin_skip_building_tests': False, 'cmake_args': None, 'cmake_clean_cache': False, 'cmake_clean_first': False, 'cmake_force_configure': False, 'cmake_target': None, 'cmake_target_skip_unavailable': False, 'install_base': '/home/caio/my_arm_def/install/my_arm_def_interfaces', 'merge_install': False, 'path': '/home/caio/my_arm_def/src/my_arm_def_interfaces', 'symlink_install': False, 'test_result_base': None}
[0.372s] INFO:colcon.colcon_core.executor:Executing jobs using 'parallel' executor
[0.375s] DEBUG:colcon.colcon_parallel_executor.executor.parallel:run_until_complete
[0.375s] INFO:colcon.colcon_ros.task.ament_cmake.build:Building ROS package in '/home/caio/my_arm_def/src/my_arm_def_interfaces' with build type 'ament_cmake'
[0.375s] INFO:colcon.colcon_cmake.task.cmake.build:Building CMake package in '/home/caio/my_arm_def/src/my_arm_def_interfaces'
[0.380s] INFO:colcon.colcon_core.plugin_system:Skipping extension 'colcon_core.shell.bat': Not used on non-Windows systems
[0.380s] INFO:colcon.colcon_core.shell:Skip shell extension 'powershell' for command environment: Not usable outside of PowerShell
[0.380s] DEBUG:colcon.colcon_core.shell:Skip shell extension 'dsv' for command environment
[0.388s] DEBUG:colcon.colcon_core.shell:Ignoring prefix path '/opt/ros/foxy'
[0.438s] DEBUG:colcon.colcon_core.event_handler.log_command:Invoking command in '/home/caio/my_arm_def/build/my_arm_def_interfaces': CMAKE_PREFIX_PATH=${CMAKE_PREFIX_PATH}:/home/caio/my_arm_def/install/my_arm_def_py_pkg:/home/caio/ROS2_arm_py/install/ros2_arm_py_pkg:/home/caio/ros2_ws/install/turtlesim_catch_them_all:/home/caio/ros2_ws/install/my_py_pkg:/home/caio/ros2_ws/install/my_arm_py:/home/caio/ros2_ws/install/my_package:/home/caio/ros2_ws/install/big_bazu:/home/caio/ros2_ws/install/bigBazu:/home/caio/turtlebot3_ws/install/turtlebot3_teleop:/home/caio/turtlebot3_ws/install/turtlebot3_example:/home/caio/turtlebot3_ws/install/robot_spawner_pkg:/opt/ros/foxy CONDA_PROMPT_MODIFIER=(base) /usr/bin/cmake --build /home/caio/my_arm_def/build/my_arm_def_interfaces -- -j8 -l8
[1.606s] DEBUG:colcon.colcon_core.event_handler.log_command:Invoked command in '/home/caio/my_arm_def/build/my_arm_def_interfaces' returned '0': CMAKE_PREFIX_PATH=${CMAKE_PREFIX_PATH}:/home/caio/my_arm_def/install/my_arm_def_py_pkg:/home/caio/ROS2_arm_py/install/ros2_arm_py_pkg:/home/caio/ros2_ws/install/turtlesim_catch_them_all:/home/caio/ros2_ws/install/my_py_pkg:/home/caio/ros2_ws/install/my_arm_py:/home/caio/ros2_ws/install/my_package:/home/caio/ros2_ws/install/big_bazu:/home/caio/ros2_ws/install/bigBazu:/home/caio/turtlebot3_ws/install/turtlebot3_teleop:/home/caio/turtlebot3_ws/install/turtlebot3_example:/home/caio/turtlebot3_ws/install/robot_spawner_pkg:/opt/ros/foxy CONDA_PROMPT_MODIFIER=(base) /usr/bin/cmake --build /home/caio/my_arm_def/build/my_arm_def_interfaces -- -j8 -l8
[1.727s] DEBUG:colcon.colcon_core.event_handler.log_command:Invoking command in '/home/caio/my_arm_def/build/my_arm_def_interfaces': CMAKE_PREFIX_PATH=${CMAKE_PREFIX_PATH}:/home/caio/my_arm_def/install/my_arm_def_py_pkg:/home/caio/ROS2_arm_py/install/ros2_arm_py_pkg:/home/caio/ros2_ws/install/turtlesim_catch_them_all:/home/caio/ros2_ws/install/my_py_pkg:/home/caio/ros2_ws/install/my_arm_py:/home/caio/ros2_ws/install/my_package:/home/caio/ros2_ws/install/big_bazu:/home/caio/ros2_ws/install/bigBazu:/home/caio/turtlebot3_ws/install/turtlebot3_teleop:/home/caio/turtlebot3_ws/install/turtlebot3_example:/home/caio/turtlebot3_ws/install/robot_spawner_pkg:/opt/ros/foxy CONDA_PROMPT_MODIFIER=(base) /usr/bin/cmake --install /home/caio/my_arm_def/build/my_arm_def_interfaces
[2.167s] Level 1:colcon.colcon_core.environment:create_environment_scripts_only(my_arm_def_interfaces)
[2.169s] DEBUG:colcon.colcon_core.event_handler.log_command:Invoked command in '/home/caio/my_arm_def/build/my_arm_def_interfaces' returned '0': CMAKE_PREFIX_PATH=${CMAKE_PREFIX_PATH}:/home/caio/my_arm_def/install/my_arm_def_py_pkg:/home/caio/ROS2_arm_py/install/ros2_arm_py_pkg:/home/caio/ros2_ws/install/turtlesim_catch_them_all:/home/caio/ros2_ws/install/my_py_pkg:/home/caio/ros2_ws/install/my_arm_py:/home/caio/ros2_ws/install/my_package:/home/caio/ros2_ws/install/big_bazu:/home/caio/ros2_ws/install/bigBazu:/home/caio/turtlebot3_ws/install/turtlebot3_teleop:/home/caio/turtlebot3_ws/install/turtlebot3_example:/home/caio/turtlebot3_ws/install/robot_spawner_pkg:/opt/ros/foxy CONDA_PROMPT_MODIFIER=(base) /usr/bin/cmake --install /home/caio/my_arm_def/build/my_arm_def_interfaces
[2.175s] Level 1:colcon.colcon_core.environment:checking '/home/caio/my_arm_def/install/my_arm_def_interfaces' for CMake module files
[2.176s] Level 1:colcon.colcon_core.environment:checking '/home/caio/my_arm_def/install/my_arm_def_interfaces' for CMake config files
[2.176s] Level 1:colcon.colcon_core.shell:create_environment_hook('my_arm_def_interfaces', 'cmake_prefix_path')
[2.177s] INFO:colcon.colcon_core.shell:Creating environment hook '/home/caio/my_arm_def/install/my_arm_def_interfaces/share/my_arm_def_interfaces/hook/cmake_prefix_path.ps1'
[2.177s] INFO:colcon.colcon_core.shell:Creating environment descriptor '/home/caio/my_arm_def/install/my_arm_def_interfaces/share/my_arm_def_interfaces/hook/cmake_prefix_path.dsv'
[2.178s] INFO:colcon.colcon_core.shell:Creating environment hook '/home/caio/my_arm_def/install/my_arm_def_interfaces/share/my_arm_def_interfaces/hook/cmake_prefix_path.sh'
[2.179s] Level 1:colcon.colcon_core.environment:checking '/home/caio/my_arm_def/install/my_arm_def_interfaces/lib'
[2.179s] Level 1:colcon.colcon_core.shell:create_environment_hook('my_arm_def_interfaces', 'ld_library_path_lib')
[2.180s] INFO:colcon.colcon_core.shell:Creating environment hook '/home/caio/my_arm_def/install/my_arm_def_interfaces/share/my_arm_def_interfaces/hook/ld_library_path_lib.ps1'
[2.180s] INFO:colcon.colcon_core.shell:Creating environment descriptor '/home/caio/my_arm_def/install/my_arm_def_interfaces/share/my_arm_def_interfaces/hook/ld_library_path_lib.dsv'
[2.180s] INFO:colcon.colcon_core.shell:Creating environment hook '/home/caio/my_arm_def/install/my_arm_def_interfaces/share/my_arm_def_interfaces/hook/ld_library_path_lib.sh'
[2.181s] Level 1:colcon.colcon_core.environment:checking '/home/caio/my_arm_def/install/my_arm_def_interfaces/bin'
[2.181s] Level 1:colcon.colcon_core.environment:checking '/home/caio/my_arm_def/install/my_arm_def_interfaces/lib/pkgconfig/my_arm_def_interfaces.pc'
[2.181s] Level 1:colcon.colcon_core.environment:checking '/home/caio/my_arm_def/install/my_arm_def_interfaces/lib/python3.8/site-packages'
[2.181s] Level 1:colcon.colcon_core.shell:create_environment_hook('my_arm_def_interfaces', 'pythonpath')
[2.181s] INFO:colcon.colcon_core.shell:Creating environment hook '/home/caio/my_arm_def/install/my_arm_def_interfaces/share/my_arm_def_interfaces/hook/pythonpath.ps1'
[2.182s] INFO:colcon.colcon_core.shell:Creating environment descriptor '/home/caio/my_arm_def/install/my_arm_def_interfaces/share/my_arm_def_interfaces/hook/pythonpath.dsv'
[2.182s] INFO:colcon.colcon_core.shell:Creating environment hook '/home/caio/my_arm_def/install/my_arm_def_interfaces/share/my_arm_def_interfaces/hook/pythonpath.sh'
[2.183s] INFO:colcon.colcon_core.shell:Creating package script '/home/caio/my_arm_def/install/my_arm_def_interfaces/share/my_arm_def_interfaces/package.ps1'
[2.184s] INFO:colcon.colcon_core.shell:Creating package descriptor '/home/caio/my_arm_def/install/my_arm_def_interfaces/share/my_arm_def_interfaces/package.dsv'
[2.185s] INFO:colcon.colcon_core.shell:Creating package script '/home/caio/my_arm_def/install/my_arm_def_interfaces/share/my_arm_def_interfaces/package.sh'
[2.185s] INFO:colcon.colcon_core.shell:Creating package script '/home/caio/my_arm_def/install/my_arm_def_interfaces/share/my_arm_def_interfaces/package.bash'
[2.186s] INFO:colcon.colcon_core.shell:Creating package script '/home/caio/my_arm_def/install/my_arm_def_interfaces/share/my_arm_def_interfaces/package.zsh'
[2.187s] Level 1:colcon.colcon_core.environment:create_file_with_runtime_dependencies(/home/caio/my_arm_def/install/my_arm_def_interfaces/share/colcon-core/packages/my_arm_def_interfaces)
[2.286s] Level 1:colcon.colcon_core.environment:create_environment_scripts_only(my_arm_def_interfaces)
[2.288s] Level 1:colcon.colcon_core.environment:checking '/home/caio/my_arm_def/install/my_arm_def_interfaces' for CMake module files
[2.289s] Level 1:colcon.colcon_core.environment:checking '/home/caio/my_arm_def/install/my_arm_def_interfaces' for CMake config files
[2.290s] Level 1:colcon.colcon_core.shell:create_environment_hook('my_arm_def_interfaces', 'cmake_prefix_path')
[2.291s] INFO:colcon.colcon_core.shell:Creating environment hook '/home/caio/my_arm_def/install/my_arm_def_interfaces/share/my_arm_def_interfaces/hook/cmake_prefix_path.ps1'
[2.292s] INFO:colcon.colcon_core.shell:Creating environment descriptor '/home/caio/my_arm_def/install/my_arm_def_interfaces/share/my_arm_def_interfaces/hook/cmake_prefix_path.dsv'
[2.293s] INFO:colcon.colcon_core.shell:Creating environment hook '/home/caio/my_arm_def/install/my_arm_def_interfaces/share/my_arm_def_interfaces/hook/cmake_prefix_path.sh'
[2.294s] Level 1:colcon.colcon_core.environment:checking '/home/caio/my_arm_def/install/my_arm_def_interfaces/lib'
[2.294s] Level 1:colcon.colcon_core.shell:create_environment_hook('my_arm_def_interfaces', 'ld_library_path_lib')
[2.295s] INFO:colcon.colcon_core.shell:Creating environment hook '/home/caio/my_arm_def/install/my_arm_def_interfaces/share/my_arm_def_interfaces/hook/ld_library_path_lib.ps1'
[2.295s] INFO:colcon.colcon_core.shell:Creating environment descriptor '/home/caio/my_arm_def/install/my_arm_def_interfaces/share/my_arm_def_interfaces/hook/ld_library_path_lib.dsv'
[2.296s] INFO:colcon.colcon_core.shell:Creating environment hook '/home/caio/my_arm_def/install/my_arm_def_interfaces/share/my_arm_def_interfaces/hook/ld_library_path_lib.sh'
[2.296s] Level 1:colcon.colcon_core.environment:checking '/home/caio/my_arm_def/install/my_arm_def_interfaces/bin'
[2.296s] Level 1:colcon.colcon_core.environment:checking '/home/caio/my_arm_def/install/my_arm_def_interfaces/lib/pkgconfig/my_arm_def_interfaces.pc'
[2.296s] Level 1:colcon.colcon_core.environment:checking '/home/caio/my_arm_def/install/my_arm_def_interfaces/lib/python3.8/site-packages'
[2.296s] Level 1:colcon.colcon_core.shell:create_environment_hook('my_arm_def_interfaces', 'pythonpath')
[2.297s] INFO:colcon.colcon_core.shell:Creating environment hook '/home/caio/my_arm_def/install/my_arm_def_interfaces/share/my_arm_def_interfaces/hook/pythonpath.ps1'
[2.297s] INFO:colcon.colcon_core.shell:Creating environment descriptor '/home/caio/my_arm_def/install/my_arm_def_interfaces/share/my_arm_def_interfaces/hook/pythonpath.dsv'
[2.297s] INFO:colcon.colcon_core.shell:Creating environment hook '/home/caio/my_arm_def/install/my_arm_def_interfaces/share/my_arm_def_interfaces/hook/pythonpath.sh'
[2.298s] INFO:colcon.colcon_core.shell:Creating package script '/home/caio/my_arm_def/install/my_arm_def_interfaces/share/my_arm_def_interfaces/package.ps1'
[2.299s] INFO:colcon.colcon_core.shell:Creating package descriptor '/home/caio/my_arm_def/install/my_arm_def_interfaces/share/my_arm_def_interfaces/package.dsv'
[2.299s] INFO:colcon.colcon_core.shell:Creating package script '/home/caio/my_arm_def/install/my_arm_def_interfaces/share/my_arm_def_interfaces/package.sh'
[2.300s] INFO:colcon.colcon_core.shell:Creating package script '/home/caio/my_arm_def/install/my_arm_def_interfaces/share/my_arm_def_interfaces/package.bash'
[2.300s] INFO:colcon.colcon_core.shell:Creating package script '/home/caio/my_arm_def/install/my_arm_def_interfaces/share/my_arm_def_interfaces/package.zsh'
[2.300s] Level 1:colcon.colcon_core.environment:create_file_with_runtime_dependencies(/home/caio/my_arm_def/install/my_arm_def_interfaces/share/colcon-core/packages/my_arm_def_interfaces)
[2.301s] DEBUG:colcon.colcon_parallel_executor.executor.parallel:closing loop
[2.301s] DEBUG:colcon.colcon_parallel_executor.executor.parallel:loop closed
[2.301s] DEBUG:colcon.colcon_parallel_executor.executor.parallel:run_until_complete finished with '0'
[2.301s] DEBUG:colcon.colcon_core.event_reactor:joining thread
[2.308s] INFO:colcon.colcon_core.plugin_system:Skipping extension 'colcon_notification.desktop_notification.terminal_notifier': Not used on non-Darwin systems
[2.308s] INFO:colcon.colcon_core.plugin_system:Skipping extension 'colcon_notification.desktop_notification.win32': Not used on non-Windows systems
[2.308s] INFO:colcon.colcon_notification.desktop_notification:Sending desktop notification using 'notify2'
[2.329s] DEBUG:colcon.colcon_core.event_reactor:joined thread
[2.331s] INFO:colcon.colcon_core.shell:Creating prefix script '/home/caio/my_arm_def/install/local_setup.ps1'
[2.333s] INFO:colcon.colcon_core.shell:Creating prefix util module '/home/caio/my_arm_def/install/_local_setup_util_ps1.py'
[2.336s] INFO:colcon.colcon_core.shell:Creating prefix chain script '/home/caio/my_arm_def/install/setup.ps1'
[2.344s] INFO:colcon.colcon_core.shell:Creating prefix script '/home/caio/my_arm_def/install/local_setup.sh'
[2.344s] INFO:colcon.colcon_core.shell:Creating prefix util module '/home/caio/my_arm_def/install/_local_setup_util_sh.py'
[2.345s] INFO:colcon.colcon_core.shell:Creating prefix chain script '/home/caio/my_arm_def/install/setup.sh'
[2.349s] INFO:colcon.colcon_core.shell:Creating prefix script '/home/caio/my_arm_def/install/local_setup.bash'
[2.349s] INFO:colcon.colcon_core.shell:Creating prefix chain script '/home/caio/my_arm_def/install/setup.bash'
[2.353s] INFO:colcon.colcon_core.shell:Creating prefix script '/home/caio/my_arm_def/install/local_setup.zsh'
[2.354s] INFO:colcon.colcon_core.shell:Creating prefix chain script '/home/caio/my_arm_def/install/setup.zsh'
