[0.325s] DEBUG:colcon:Command line arguments: ['/usr/bin/colcon', 'build', '--packages-select', 'my_arm_def_cpp_pkg']
[0.325s] DEBUG:colcon:Parsed command line arguments: Namespace(ament_cmake_args=None, base_paths=['.'], build_base='build', catkin_cmake_args=None, catkin_skip_building_tests=False, cmake_args=None, cmake_clean_cache=False, cmake_clean_first=False, cmake_force_configure=False, cmake_target=None, cmake_target_skip_unavailable=False, continue_on_error=False, event_handlers=None, executor='parallel', ignore_user_meta=False, install_base='install', log_base=None, log_level=None, main=<bound method BuildVerb.main of <colcon_core.verb.build.BuildVerb object at 0x7fcefb78c5b0>>, merge_install=False, metas=['./colcon.meta'], packages_above=None, packages_above_and_dependencies=None, packages_above_depth=None, packages_end=None, packages_ignore=None, packages_ignore_regex=None, packages_select=['my_arm_def_cpp_pkg'], packages_select_build_failed=False, packages_select_by_dep=None, packages_select_regex=None, packages_select_test_failures=False, packages_skip=None, packages_skip_build_finished=False, packages_skip_by_dep=None, packages_skip_regex=None, packages_skip_test_passed=False, packages_skip_up_to=None, packages_start=None, packages_up_to=None, packages_up_to_regex=None, parallel_workers=8, paths=None, symlink_install=False, test_result_base=None, verb_extension=<colcon_core.verb.build.BuildVerb object at 0x7fcefb78c5b0>, verb_name='build', verb_parser=<colcon_defaults.argument_parser.defaults.DefaultArgumentsDecorator object at 0x7fcefb78caf0>)
[0.330s] Level 1:colcon.colcon_core.package_discovery:discover_packages(colcon_meta) check parameters
[0.330s] Level 1:colcon.colcon_core.package_discovery:discover_packages(recursive) check parameters
[0.330s] Level 1:colcon.colcon_core.package_discovery:discover_packages(ignore) check parameters
[0.330s] Level 1:colcon.colcon_core.package_discovery:discover_packages(path) check parameters
[0.331s] Level 1:colcon.colcon_core.package_discovery:discover_packages(colcon_meta) discover
[0.331s] Level 1:colcon.colcon_core.package_discovery:discover_packages(recursive) discover
[0.331s] INFO:colcon.colcon_core.package_discovery:Crawling recursively for packages in '/home/caio/my_arm_def'
[0.331s] Level 1:colcon.colcon_core.package_identification:_identify(.) by extensions ['ignore', 'ignore_ament_install']
[0.331s] Level 1:colcon.colcon_core.package_identification:_identify(.) by extension 'ignore'
[0.331s] Level 1:colcon.colcon_core.package_identification:_identify(.) by extension 'ignore_ament_install'
[0.331s] Level 1:colcon.colcon_core.package_identification:_identify(.) by extensions ['colcon_pkg']
[0.331s] Level 1:colcon.colcon_core.package_identification:_identify(.) by extension 'colcon_pkg'
[0.331s] Level 1:colcon.colcon_core.package_identification:_identify(.) by extensions ['colcon_meta']
[0.331s] Level 1:colcon.colcon_core.package_identification:_identify(.) by extension 'colcon_meta'
[0.331s] Level 1:colcon.colcon_core.package_identification:_identify(.) by extensions ['ros']
[0.331s] Level 1:colcon.colcon_core.package_identification:_identify(.) by extension 'ros'
[0.342s] Level 1:colcon.colcon_core.package_identification:_identify(.) by extensions ['cmake', 'python']
[0.342s] Level 1:colcon.colcon_core.package_identification:_identify(.) by extension 'cmake'
[0.342s] Level 1:colcon.colcon_core.package_identification:_identify(.) by extension 'python'
[0.342s] Level 1:colcon.colcon_core.package_identification:_identify(.) by extensions ['python_setup_py']
[0.342s] Level 1:colcon.colcon_core.package_identification:_identify(.) by extension 'python_setup_py'
[0.342s] Level 1:colcon.colcon_core.package_identification:_identify(build) by extensions ['ignore', 'ignore_ament_install']
[0.342s] Level 1:colcon.colcon_core.package_identification:_identify(build) by extension 'ignore'
[0.343s] Level 1:colcon.colcon_core.package_identification:_identify(build) ignored
[0.343s] Level 1:colcon.colcon_core.package_identification:_identify(install) by extensions ['ignore', 'ignore_ament_install']
[0.343s] Level 1:colcon.colcon_core.package_identification:_identify(install) by extension 'ignore'
[0.343s] Level 1:colcon.colcon_core.package_identification:_identify(install) ignored
[0.343s] Level 1:colcon.colcon_core.package_identification:_identify(log) by extensions ['ignore', 'ignore_ament_install']
[0.343s] Level 1:colcon.colcon_core.package_identification:_identify(log) by extension 'ignore'
[0.343s] Level 1:colcon.colcon_core.package_identification:_identify(log) ignored
[0.343s] Level 1:colcon.colcon_core.package_identification:_identify(src) by extensions ['ignore', 'ignore_ament_install']
[0.343s] Level 1:colcon.colcon_core.package_identification:_identify(src) by extension 'ignore'
[0.343s] Level 1:colcon.colcon_core.package_identification:_identify(src) by extension 'ignore_ament_install'
[0.343s] Level 1:colcon.colcon_core.package_identification:_identify(src) by extensions ['colcon_pkg']
[0.343s] Level 1:colcon.colcon_core.package_identification:_identify(src) by extension 'colcon_pkg'
[0.343s] Level 1:colcon.colcon_core.package_identification:_identify(src) by extensions ['colcon_meta']
[0.343s] Level 1:colcon.colcon_core.package_identification:_identify(src) by extension 'colcon_meta'
[0.343s] Level 1:colcon.colcon_core.package_identification:_identify(src) by extensions ['ros']
[0.343s] Level 1:colcon.colcon_core.package_identification:_identify(src) by extension 'ros'
[0.344s] Level 1:colcon.colcon_core.package_identification:_identify(src) by extensions ['cmake', 'python']
[0.344s] Level 1:colcon.colcon_core.package_identification:_identify(src) by extension 'cmake'
[0.344s] Level 1:colcon.colcon_core.package_identification:_identify(src) by extension 'python'
[0.344s] Level 1:colcon.colcon_core.package_identification:_identify(src) by extensions ['python_setup_py']
[0.344s] Level 1:colcon.colcon_core.package_identification:_identify(src) by extension 'python_setup_py'
[0.344s] Level 1:colcon.colcon_core.package_identification:_identify(src/my_arm_def_bringup) by extensions ['ignore', 'ignore_ament_install']
[0.344s] Level 1:colcon.colcon_core.package_identification:_identify(src/my_arm_def_bringup) by extension 'ignore'
[0.344s] Level 1:colcon.colcon_core.package_identification:_identify(src/my_arm_def_bringup) by extension 'ignore_ament_install'
[0.344s] Level 1:colcon.colcon_core.package_identification:_identify(src/my_arm_def_bringup) by extensions ['colcon_pkg']
[0.344s] Level 1:colcon.colcon_core.package_identification:_identify(src/my_arm_def_bringup) by extension 'colcon_pkg'
[0.344s] Level 1:colcon.colcon_core.package_identification:_identify(src/my_arm_def_bringup) by extensions ['colcon_meta']
[0.344s] Level 1:colcon.colcon_core.package_identification:_identify(src/my_arm_def_bringup) by extension 'colcon_meta'
[0.344s] Level 1:colcon.colcon_core.package_identification:_identify(src/my_arm_def_bringup) by extensions ['ros']
[0.344s] Level 1:colcon.colcon_core.package_identification:_identify(src/my_arm_def_bringup) by extension 'ros'
[0.346s] DEBUG:colcon.colcon_core.package_identification:Package 'src/my_arm_def_bringup' with type 'ros.ament_cmake' and name 'my_arm_def_bringup'
[0.347s] Level 1:colcon.colcon_core.package_identification:_identify(src/my_arm_def_cpp_pkg) by extensions ['ignore', 'ignore_ament_install']
[0.347s] Level 1:colcon.colcon_core.package_identification:_identify(src/my_arm_def_cpp_pkg) by extension 'ignore'
[0.347s] Level 1:colcon.colcon_core.package_identification:_identify(src/my_arm_def_cpp_pkg) by extension 'ignore_ament_install'
[0.347s] Level 1:colcon.colcon_core.package_identification:_identify(src/my_arm_def_cpp_pkg) by extensions ['colcon_pkg']
[0.347s] Level 1:colcon.colcon_core.package_identification:_identify(src/my_arm_def_cpp_pkg) by extension 'colcon_pkg'
[0.347s] Level 1:colcon.colcon_core.package_identification:_identify(src/my_arm_def_cpp_pkg) by extensions ['colcon_meta']
[0.347s] Level 1:colcon.colcon_core.package_identification:_identify(src/my_arm_def_cpp_pkg) by extension 'colcon_meta'
[0.347s] Level 1:colcon.colcon_core.package_identification:_identify(src/my_arm_def_cpp_pkg) by extensions ['ros']
[0.347s] Level 1:colcon.colcon_core.package_identification:_identify(src/my_arm_def_cpp_pkg) by extension 'ros'
[0.348s] DEBUG:colcon.colcon_core.package_identification:Package 'src/my_arm_def_cpp_pkg' with type 'ros.ament_cmake' and name 'my_arm_def_cpp_pkg'
[0.349s] Level 1:colcon.colcon_core.package_identification:_identify(src/my_arm_def_interfaces) by extensions ['ignore', 'ignore_ament_install']
[0.349s] Level 1:colcon.colcon_core.package_identification:_identify(src/my_arm_def_interfaces) by extension 'ignore'
[0.349s] Level 1:colcon.colcon_core.package_identification:_identify(src/my_arm_def_interfaces) by extension 'ignore_ament_install'
[0.349s] Level 1:colcon.colcon_core.package_identification:_identify(src/my_arm_def_interfaces) by extensions ['colcon_pkg']
[0.349s] Level 1:colcon.colcon_core.package_identification:_identify(src/my_arm_def_interfaces) by extension 'colcon_pkg'
[0.349s] Level 1:colcon.colcon_core.package_identification:_identify(src/my_arm_def_interfaces) by extensions ['colcon_meta']
[0.349s] Level 1:colcon.colcon_core.package_identification:_identify(src/my_arm_def_interfaces) by extension 'colcon_meta'
[0.349s] Level 1:colcon.colcon_core.package_identification:_identify(src/my_arm_def_interfaces) by extensions ['ros']
[0.349s] Level 1:colcon.colcon_core.package_identification:_identify(src/my_arm_def_interfaces) by extension 'ros'
[0.350s] DEBUG:colcon.colcon_core.package_identification:Package 'src/my_arm_def_interfaces' with type 'ros.ament_cmake' and name 'my_arm_def_interfaces'
[0.350s] Level 1:colcon.colcon_core.package_identification:_identify(src/my_arm_def_py_pkg) by extensions ['ignore', 'ignore_ament_install']
[0.350s] Level 1:colcon.colcon_core.package_identification:_identify(src/my_arm_def_py_pkg) by extension 'ignore'
[0.350s] Level 1:colcon.colcon_core.package_identification:_identify(src/my_arm_def_py_pkg) by extension 'ignore_ament_install'
[0.350s] Level 1:colcon.colcon_core.package_identification:_identify(src/my_arm_def_py_pkg) by extensions ['colcon_pkg']
[0.350s] Level 1:colcon.colcon_core.package_identification:_identify(src/my_arm_def_py_pkg) by extension 'colcon_pkg'
[0.350s] Level 1:colcon.colcon_core.package_identification:_identify(src/my_arm_def_py_pkg) by extensions ['colcon_meta']
[0.350s] Level 1:colcon.colcon_core.package_identification:_identify(src/my_arm_def_py_pkg) by extension 'colcon_meta'
[0.350s] Level 1:colcon.colcon_core.package_identification:_identify(src/my_arm_def_py_pkg) by extensions ['ros']
[0.350s] Level 1:colcon.colcon_core.package_identification:_identify(src/my_arm_def_py_pkg) by extension 'ros'
[0.351s] DEBUG:colcon.colcon_core.package_identification:Package 'src/my_arm_def_py_pkg' with type 'ros.ament_python' and name 'my_arm_def_py_pkg'
[0.352s] Level 1:colcon.colcon_core.package_identification:_identify(src/my_arm_definitive_bringup) by extensions ['ignore', 'ignore_ament_install']
[0.352s] Level 1:colcon.colcon_core.package_identification:_identify(src/my_arm_definitive_bringup) by extension 'ignore'
[0.352s] Level 1:colcon.colcon_core.package_identification:_identify(src/my_arm_definitive_bringup) by extension 'ignore_ament_install'
[0.352s] Level 1:colcon.colcon_core.package_identification:_identify(src/my_arm_definitive_bringup) by extensions ['colcon_pkg']
[0.352s] Level 1:colcon.colcon_core.package_identification:_identify(src/my_arm_definitive_bringup) by extension 'colcon_pkg'
[0.352s] Level 1:colcon.colcon_core.package_identification:_identify(src/my_arm_definitive_bringup) by extensions ['colcon_meta']
[0.352s] Level 1:colcon.colcon_core.package_identification:_identify(src/my_arm_definitive_bringup) by extension 'colcon_meta'
[0.352s] Level 1:colcon.colcon_core.package_identification:_identify(src/my_arm_definitive_bringup) by extensions ['ros']
[0.352s] Level 1:colcon.colcon_core.package_identification:_identify(src/my_arm_definitive_bringup) by extension 'ros'
[0.353s] DEBUG:colcon.colcon_core.package_identification:Package 'src/my_arm_definitive_bringup' with type 'ros.ament_cmake' and name 'my_arm_definitive_bringup'
[0.353s] Level 1:colcon.colcon_core.package_discovery:discover_packages(recursive) using defaults
[0.353s] Level 1:colcon.colcon_core.package_discovery:discover_packages(ignore) discover
[0.353s] Level 1:colcon.colcon_core.package_discovery:discover_packages(ignore) using defaults
[0.353s] Level 1:colcon.colcon_core.package_discovery:discover_packages(path) discover
[0.353s] Level 1:colcon.colcon_core.package_discovery:discover_packages(path) using defaults
[0.373s] INFO:colcon.colcon_core.package_selection:Skipping not selected package 'my_arm_def_interfaces' in 'src/my_arm_def_interfaces'
[0.373s] INFO:colcon.colcon_core.package_selection:Skipping not selected package 'my_arm_def_py_pkg' in 'src/my_arm_def_py_pkg'
[0.374s] INFO:colcon.colcon_core.package_selection:Skipping not selected package 'my_arm_def_bringup' in 'src/my_arm_def_bringup'
[0.374s] INFO:colcon.colcon_core.package_selection:Skipping not selected package 'my_arm_definitive_bringup' in 'src/my_arm_definitive_bringup'
[0.378s] Level 5:colcon.colcon_core.verb:set package 'my_arm_def_cpp_pkg' build argument 'cmake_args' from command line to 'None'
[0.378s] Level 5:colcon.colcon_core.verb:set package 'my_arm_def_cpp_pkg' build argument 'cmake_target' from command line to 'None'
[0.378s] Level 5:colcon.colcon_core.verb:set package 'my_arm_def_cpp_pkg' build argument 'cmake_target_skip_unavailable' from command line to 'False'
[0.378s] Level 5:colcon.colcon_core.verb:set package 'my_arm_def_cpp_pkg' build argument 'cmake_clean_cache' from command line to 'False'
[0.378s] Level 5:colcon.colcon_core.verb:set package 'my_arm_def_cpp_pkg' build argument 'cmake_clean_first' from command line to 'False'
[0.378s] Level 5:colcon.colcon_core.verb:set package 'my_arm_def_cpp_pkg' build argument 'cmake_force_configure' from command line to 'False'
[0.378s] Level 5:colcon.colcon_core.verb:set package 'my_arm_def_cpp_pkg' build argument 'ament_cmake_args' from command line to 'None'
[0.378s] Level 5:colcon.colcon_core.verb:set package 'my_arm_def_cpp_pkg' build argument 'catkin_cmake_args' from command line to 'None'
[0.378s] Level 5:colcon.colcon_core.verb:set package 'my_arm_def_cpp_pkg' build argument 'catkin_skip_building_tests' from command line to 'False'
[0.378s] DEBUG:colcon.colcon_core.verb:Building package 'my_arm_def_cpp_pkg' with the following arguments: {'ament_cmake_args': None, 'build_base': '/home/caio/my_arm_def/build/my_arm_def_cpp_pkg', 'catkin_cmake_args': None, 'catkin_skip_building_tests': False, 'cmake_args': None, 'cmake_clean_cache': False, 'cmake_clean_first': False, 'cmake_force_configure': False, 'cmake_target': None, 'cmake_target_skip_unavailable': False, 'install_base': '/home/caio/my_arm_def/install/my_arm_def_cpp_pkg', 'merge_install': False, 'path': '/home/caio/my_arm_def/src/my_arm_def_cpp_pkg', 'symlink_install': False, 'test_result_base': None}
[0.379s] INFO:colcon.colcon_core.executor:Executing jobs using 'parallel' executor
[0.380s] DEBUG:colcon.colcon_parallel_executor.executor.parallel:run_until_complete
[0.381s] INFO:colcon.colcon_ros.task.ament_cmake.build:Building ROS package in '/home/caio/my_arm_def/src/my_arm_def_cpp_pkg' with build type 'ament_cmake'
[0.381s] INFO:colcon.colcon_cmake.task.cmake.build:Building CMake package in '/home/caio/my_arm_def/src/my_arm_def_cpp_pkg'
[0.387s] INFO:colcon.colcon_core.plugin_system:Skipping extension 'colcon_core.shell.bat': Not used on non-Windows systems
[0.387s] INFO:colcon.colcon_core.shell:Skip shell extension 'powershell' for command environment: Not usable outside of PowerShell
[0.387s] DEBUG:colcon.colcon_core.shell:Skip shell extension 'dsv' for command environment
[0.393s] DEBUG:colcon.colcon_core.shell:Ignoring prefix path '/opt/ros/foxy'
[0.473s] DEBUG:colcon.colcon_core.event_handler.log_command:Invoking command in '/home/caio/my_arm_def/build/my_arm_def_cpp_pkg': CMAKE_PREFIX_PATH=${CMAKE_PREFIX_PATH}:/home/caio/my_arm_def/install/my_arm_def_py_pkg:/home/caio/ROS2_arm_py/install/ros2_arm_py_pkg:/home/caio/ros2_ws/install/turtlesim_catch_them_all:/home/caio/ros2_ws/install/my_py_pkg:/home/caio/ros2_ws/install/my_arm_py:/home/caio/ros2_ws/install/my_package:/home/caio/ros2_ws/install/big_bazu:/home/caio/ros2_ws/install/bigBazu:/home/caio/turtlebot3_ws/install/turtlebot3_teleop:/home/caio/turtlebot3_ws/install/turtlebot3_example:/home/caio/turtlebot3_ws/install/robot_spawner_pkg:/opt/ros/foxy CONDA_PROMPT_MODIFIER=(base) /usr/bin/cmake --build /home/caio/my_arm_def/build/my_arm_def_cpp_pkg -- -j8 -l8
[33.759s] DEBUG:colcon.colcon_core.event_handler.log_command:Invoked command in '/home/caio/my_arm_def/build/my_arm_def_cpp_pkg' returned '0': CMAKE_PREFIX_PATH=${CMAKE_PREFIX_PATH}:/home/caio/my_arm_def/install/my_arm_def_py_pkg:/home/caio/ROS2_arm_py/install/ros2_arm_py_pkg:/home/caio/ros2_ws/install/turtlesim_catch_them_all:/home/caio/ros2_ws/install/my_py_pkg:/home/caio/ros2_ws/install/my_arm_py:/home/caio/ros2_ws/install/my_package:/home/caio/ros2_ws/install/big_bazu:/home/caio/ros2_ws/install/bigBazu:/home/caio/turtlebot3_ws/install/turtlebot3_teleop:/home/caio/turtlebot3_ws/install/turtlebot3_example:/home/caio/turtlebot3_ws/install/robot_spawner_pkg:/opt/ros/foxy CONDA_PROMPT_MODIFIER=(base) /usr/bin/cmake --build /home/caio/my_arm_def/build/my_arm_def_cpp_pkg -- -j8 -l8
[33.831s] DEBUG:colcon.colcon_core.event_handler.log_command:Invoking command in '/home/caio/my_arm_def/build/my_arm_def_cpp_pkg': CMAKE_PREFIX_PATH=${CMAKE_PREFIX_PATH}:/home/caio/my_arm_def/install/my_arm_def_py_pkg:/home/caio/ROS2_arm_py/install/ros2_arm_py_pkg:/home/caio/ros2_ws/install/turtlesim_catch_them_all:/home/caio/ros2_ws/install/my_py_pkg:/home/caio/ros2_ws/install/my_arm_py:/home/caio/ros2_ws/install/my_package:/home/caio/ros2_ws/install/big_bazu:/home/caio/ros2_ws/install/bigBazu:/home/caio/turtlebot3_ws/install/turtlebot3_teleop:/home/caio/turtlebot3_ws/install/turtlebot3_example:/home/caio/turtlebot3_ws/install/robot_spawner_pkg:/opt/ros/foxy CONDA_PROMPT_MODIFIER=(base) /usr/bin/cmake --install /home/caio/my_arm_def/build/my_arm_def_cpp_pkg
[33.937s] Level 1:colcon.colcon_core.environment:create_environment_scripts_only(my_arm_def_cpp_pkg)
[33.941s] DEBUG:colcon.colcon_core.event_handler.log_command:Invoked command in '/home/caio/my_arm_def/build/my_arm_def_cpp_pkg' returned '0': CMAKE_PREFIX_PATH=${CMAKE_PREFIX_PATH}:/home/caio/my_arm_def/install/my_arm_def_py_pkg:/home/caio/ROS2_arm_py/install/ros2_arm_py_pkg:/home/caio/ros2_ws/install/turtlesim_catch_them_all:/home/caio/ros2_ws/install/my_py_pkg:/home/caio/ros2_ws/install/my_arm_py:/home/caio/ros2_ws/install/my_package:/home/caio/ros2_ws/install/big_bazu:/home/caio/ros2_ws/install/bigBazu:/home/caio/turtlebot3_ws/install/turtlebot3_teleop:/home/caio/turtlebot3_ws/install/turtlebot3_example:/home/caio/turtlebot3_ws/install/robot_spawner_pkg:/opt/ros/foxy CONDA_PROMPT_MODIFIER=(base) /usr/bin/cmake --install /home/caio/my_arm_def/build/my_arm_def_cpp_pkg
[34.106s] Level 1:colcon.colcon_core.environment:checking '/home/caio/my_arm_def/install/my_arm_def_cpp_pkg' for CMake module files
[34.109s] Level 1:colcon.colcon_core.environment:checking '/home/caio/my_arm_def/install/my_arm_def_cpp_pkg' for CMake config files
[34.109s] Level 1:colcon.colcon_core.shell:create_environment_hook('my_arm_def_cpp_pkg', 'cmake_prefix_path')
[34.111s] INFO:colcon.colcon_core.shell:Creating environment hook '/home/caio/my_arm_def/install/my_arm_def_cpp_pkg/share/my_arm_def_cpp_pkg/hook/cmake_prefix_path.ps1'
[34.428s] INFO:colcon.colcon_core.shell:Creating environment descriptor '/home/caio/my_arm_def/install/my_arm_def_cpp_pkg/share/my_arm_def_cpp_pkg/hook/cmake_prefix_path.dsv'
[34.473s] INFO:colcon.colcon_core.shell:Creating environment hook '/home/caio/my_arm_def/install/my_arm_def_cpp_pkg/share/my_arm_def_cpp_pkg/hook/cmake_prefix_path.sh'
[34.475s] Level 1:colcon.colcon_core.environment:checking '/home/caio/my_arm_def/install/my_arm_def_cpp_pkg/lib'
[34.476s] Level 1:colcon.colcon_core.shell:create_environment_hook('my_arm_def_cpp_pkg', 'ld_library_path_lib')
[34.477s] INFO:colcon.colcon_core.shell:Creating environment hook '/home/caio/my_arm_def/install/my_arm_def_cpp_pkg/share/my_arm_def_cpp_pkg/hook/ld_library_path_lib.ps1'
[34.478s] INFO:colcon.colcon_core.shell:Creating environment descriptor '/home/caio/my_arm_def/install/my_arm_def_cpp_pkg/share/my_arm_def_cpp_pkg/hook/ld_library_path_lib.dsv'
[34.479s] INFO:colcon.colcon_core.shell:Creating environment hook '/home/caio/my_arm_def/install/my_arm_def_cpp_pkg/share/my_arm_def_cpp_pkg/hook/ld_library_path_lib.sh'
[34.479s] Level 1:colcon.colcon_core.environment:checking '/home/caio/my_arm_def/install/my_arm_def_cpp_pkg/bin'
[34.480s] Level 1:colcon.colcon_core.environment:checking '/home/caio/my_arm_def/install/my_arm_def_cpp_pkg/lib/pkgconfig/my_arm_def_cpp_pkg.pc'
[34.480s] Level 1:colcon.colcon_core.environment:checking '/home/caio/my_arm_def/install/my_arm_def_cpp_pkg/lib/python3.8/site-packages'
[34.481s] INFO:colcon.colcon_core.shell:Creating package script '/home/caio/my_arm_def/install/my_arm_def_cpp_pkg/share/my_arm_def_cpp_pkg/package.ps1'
[34.483s] INFO:colcon.colcon_core.shell:Creating package descriptor '/home/caio/my_arm_def/install/my_arm_def_cpp_pkg/share/my_arm_def_cpp_pkg/package.dsv'
[34.484s] INFO:colcon.colcon_core.shell:Creating package script '/home/caio/my_arm_def/install/my_arm_def_cpp_pkg/share/my_arm_def_cpp_pkg/package.sh'
[34.484s] INFO:colcon.colcon_core.shell:Creating package script '/home/caio/my_arm_def/install/my_arm_def_cpp_pkg/share/my_arm_def_cpp_pkg/package.bash'
[34.492s] INFO:colcon.colcon_core.shell:Creating package script '/home/caio/my_arm_def/install/my_arm_def_cpp_pkg/share/my_arm_def_cpp_pkg/package.zsh'
[34.498s] Level 1:colcon.colcon_core.environment:create_file_with_runtime_dependencies(/home/caio/my_arm_def/install/my_arm_def_cpp_pkg/share/colcon-core/packages/my_arm_def_cpp_pkg)
[34.551s] Level 1:colcon.colcon_core.environment:create_environment_scripts_only(my_arm_def_cpp_pkg)
[34.553s] Level 1:colcon.colcon_core.environment:checking '/home/caio/my_arm_def/install/my_arm_def_cpp_pkg' for CMake module files
[34.554s] Level 1:colcon.colcon_core.environment:checking '/home/caio/my_arm_def/install/my_arm_def_cpp_pkg' for CMake config files
[34.555s] Level 1:colcon.colcon_core.shell:create_environment_hook('my_arm_def_cpp_pkg', 'cmake_prefix_path')
[34.556s] INFO:colcon.colcon_core.shell:Creating environment hook '/home/caio/my_arm_def/install/my_arm_def_cpp_pkg/share/my_arm_def_cpp_pkg/hook/cmake_prefix_path.ps1'
[34.557s] INFO:colcon.colcon_core.shell:Creating environment descriptor '/home/caio/my_arm_def/install/my_arm_def_cpp_pkg/share/my_arm_def_cpp_pkg/hook/cmake_prefix_path.dsv'
[34.558s] INFO:colcon.colcon_core.shell:Creating environment hook '/home/caio/my_arm_def/install/my_arm_def_cpp_pkg/share/my_arm_def_cpp_pkg/hook/cmake_prefix_path.sh'
[34.559s] Level 1:colcon.colcon_core.environment:checking '/home/caio/my_arm_def/install/my_arm_def_cpp_pkg/lib'
[34.559s] Level 1:colcon.colcon_core.shell:create_environment_hook('my_arm_def_cpp_pkg', 'ld_library_path_lib')
[34.560s] INFO:colcon.colcon_core.shell:Creating environment hook '/home/caio/my_arm_def/install/my_arm_def_cpp_pkg/share/my_arm_def_cpp_pkg/hook/ld_library_path_lib.ps1'
[34.561s] INFO:colcon.colcon_core.shell:Creating environment descriptor '/home/caio/my_arm_def/install/my_arm_def_cpp_pkg/share/my_arm_def_cpp_pkg/hook/ld_library_path_lib.dsv'
[34.562s] INFO:colcon.colcon_core.shell:Creating environment hook '/home/caio/my_arm_def/install/my_arm_def_cpp_pkg/share/my_arm_def_cpp_pkg/hook/ld_library_path_lib.sh'
[34.562s] Level 1:colcon.colcon_core.environment:checking '/home/caio/my_arm_def/install/my_arm_def_cpp_pkg/bin'
[34.563s] Level 1:colcon.colcon_core.environment:checking '/home/caio/my_arm_def/install/my_arm_def_cpp_pkg/lib/pkgconfig/my_arm_def_cpp_pkg.pc'
[34.563s] Level 1:colcon.colcon_core.environment:checking '/home/caio/my_arm_def/install/my_arm_def_cpp_pkg/lib/python3.8/site-packages'
[34.565s] INFO:colcon.colcon_core.shell:Creating package script '/home/caio/my_arm_def/install/my_arm_def_cpp_pkg/share/my_arm_def_cpp_pkg/package.ps1'
[34.565s] INFO:colcon.colcon_core.shell:Creating package descriptor '/home/caio/my_arm_def/install/my_arm_def_cpp_pkg/share/my_arm_def_cpp_pkg/package.dsv'
[34.566s] INFO:colcon.colcon_core.shell:Creating package script '/home/caio/my_arm_def/install/my_arm_def_cpp_pkg/share/my_arm_def_cpp_pkg/package.sh'
[34.566s] INFO:colcon.colcon_core.shell:Creating package script '/home/caio/my_arm_def/install/my_arm_def_cpp_pkg/share/my_arm_def_cpp_pkg/package.bash'
[34.567s] INFO:colcon.colcon_core.shell:Creating package script '/home/caio/my_arm_def/install/my_arm_def_cpp_pkg/share/my_arm_def_cpp_pkg/package.zsh'
[34.567s] Level 1:colcon.colcon_core.environment:create_file_with_runtime_dependencies(/home/caio/my_arm_def/install/my_arm_def_cpp_pkg/share/colcon-core/packages/my_arm_def_cpp_pkg)
[34.568s] DEBUG:colcon.colcon_parallel_executor.executor.parallel:closing loop
[34.568s] DEBUG:colcon.colcon_parallel_executor.executor.parallel:loop closed
[34.568s] DEBUG:colcon.colcon_parallel_executor.executor.parallel:run_until_complete finished with '0'
[34.568s] DEBUG:colcon.colcon_core.event_reactor:joining thread
[34.580s] INFO:colcon.colcon_core.plugin_system:Skipping extension 'colcon_notification.desktop_notification.terminal_notifier': Not used on non-Darwin systems
[34.580s] INFO:colcon.colcon_core.plugin_system:Skipping extension 'colcon_notification.desktop_notification.win32': Not used on non-Windows systems
[34.580s] INFO:colcon.colcon_notification.desktop_notification:Sending desktop notification using 'notify2'
[34.608s] DEBUG:colcon.colcon_core.event_reactor:joined thread
[34.609s] INFO:colcon.colcon_core.shell:Creating prefix script '/home/caio/my_arm_def/install/local_setup.ps1'
[34.611s] INFO:colcon.colcon_core.shell:Creating prefix util module '/home/caio/my_arm_def/install/_local_setup_util_ps1.py'
[34.614s] INFO:colcon.colcon_core.shell:Creating prefix chain script '/home/caio/my_arm_def/install/setup.ps1'
[34.620s] INFO:colcon.colcon_core.shell:Creating prefix script '/home/caio/my_arm_def/install/local_setup.sh'
[34.620s] INFO:colcon.colcon_core.shell:Creating prefix util module '/home/caio/my_arm_def/install/_local_setup_util_sh.py'
[34.620s] INFO:colcon.colcon_core.shell:Creating prefix chain script '/home/caio/my_arm_def/install/setup.sh'
[34.625s] INFO:colcon.colcon_core.shell:Creating prefix script '/home/caio/my_arm_def/install/local_setup.bash'
[34.625s] INFO:colcon.colcon_core.shell:Creating prefix chain script '/home/caio/my_arm_def/install/setup.bash'
[34.629s] INFO:colcon.colcon_core.shell:Creating prefix script '/home/caio/my_arm_def/install/local_setup.zsh'
[34.629s] INFO:colcon.colcon_core.shell:Creating prefix chain script '/home/caio/my_arm_def/install/setup.zsh'
