[  3%] [34m[1mGenerating C code for ROS interfaces[0m
[  6%] [34m[1mGenerating C++ code for ROS interfaces[0m
[  6%] Built target my_arm_def_interfaces__cpp
[  9%] [34m[1mGenerating C++ type support for eProsima Fast-RTPS[0m
[ 12%] [34m[1mGenerating C++ type support dispatch for ROS interfaces[0m
[ 16%] [34m[1mGenerating C++ introspection for ROS interfaces[0m
[35m[1mScanning dependencies of target my_arm_def_interfaces__rosidl_generator_c[0m
[ 19%] [32mBuilding C object CMakeFiles/my_arm_def_interfaces__rosidl_generator_c.dir/rosidl_generator_c/my_arm_def_interfaces/msg/detail/hardware_status__functions.c.o[0m
[ 22%] [32m[1mLinking C shared library libmy_arm_def_interfaces__rosidl_generator_c.so[0m
[ 22%] Built target my_arm_def_interfaces__rosidl_generator_c
[ 25%] [34m[1mGenerating C type support dispatch for ROS interfaces[0m
[ 29%] [34m[1mGenerating C introspection for ROS interfaces[0m
[35m[1mScanning dependencies of target my_arm_def_interfaces__rosidl_typesupport_introspection_cpp[0m
[ 32%] [32mBuilding CXX object CMakeFiles/my_arm_def_interfaces__rosidl_typesupport_introspection_cpp.dir/rosidl_typesupport_introspection_cpp/my_arm_def_interfaces/msg/detail/hardware_status__type_support.cpp.o[0m
[35m[1mScanning dependencies of target my_arm_def_interfaces__rosidl_typesupport_cpp[0m
[35m[1mScanning dependencies of target my_arm_def_interfaces__rosidl_typesupport_fastrtps_cpp[0m
[ 35%] [32mBuilding CXX object CMakeFiles/my_arm_def_interfaces__rosidl_typesupport_cpp.dir/rosidl_typesupport_cpp/my_arm_def_interfaces/msg/hardware_status__type_support.cpp.o[0m
[ 38%] [32mBuilding CXX object CMakeFiles/my_arm_def_interfaces__rosidl_typesupport_fastrtps_cpp.dir/rosidl_typesupport_fastrtps_cpp/my_arm_def_interfaces/msg/detail/dds_fastrtps/hardware_status__type_support.cpp.o[0m
[35m[1mScanning dependencies of target my_arm_def_interfaces__rosidl_typesupport_c[0m
[35m[1mScanning dependencies of target my_arm_def_interfaces__rosidl_typesupport_introspection_c[0m
[ 41%] [32mBuilding CXX object CMakeFiles/my_arm_def_interfaces__rosidl_typesupport_c.dir/rosidl_typesupport_c/my_arm_def_interfaces/msg/hardware_status__type_support.cpp.o[0m
[ 45%] [32mBuilding C object CMakeFiles/my_arm_def_interfaces__rosidl_typesupport_introspection_c.dir/rosidl_typesupport_introspection_c/my_arm_def_interfaces/msg/detail/hardware_status__type_support.c.o[0m
[ 48%] [32m[1mLinking CXX shared library libmy_arm_def_interfaces__rosidl_typesupport_cpp.so[0m
[ 51%] [32m[1mLinking CXX shared library libmy_arm_def_interfaces__rosidl_typesupport_c.so[0m
[ 54%] [32m[1mLinking CXX shared library libmy_arm_def_interfaces__rosidl_typesupport_introspection_cpp.so[0m
[ 58%] [32m[1mLinking C shared library libmy_arm_def_interfaces__rosidl_typesupport_introspection_c.so[0m
[ 58%] Built target my_arm_def_interfaces__rosidl_typesupport_cpp
[ 58%] Built target my_arm_def_interfaces__rosidl_typesupport_c
[ 58%] Built target my_arm_def_interfaces__rosidl_typesupport_introspection_c
[ 61%] [32m[1mLinking CXX shared library libmy_arm_def_interfaces__rosidl_typesupport_fastrtps_cpp.so[0m
[ 61%] Built target my_arm_def_interfaces__rosidl_typesupport_introspection_cpp
[ 61%] Built target my_arm_def_interfaces__rosidl_typesupport_fastrtps_cpp
[ 64%] [34m[1mGenerating C type support for eProsima Fast-RTPS[0m
[35m[1mScanning dependencies of target my_arm_def_interfaces__rosidl_typesupport_fastrtps_c[0m
[ 67%] [32mBuilding CXX object CMakeFiles/my_arm_def_interfaces__rosidl_typesupport_fastrtps_c.dir/rosidl_typesupport_fastrtps_c/my_arm_def_interfaces/msg/detail/hardware_status__type_support_c.cpp.o[0m
[ 70%] [32m[1mLinking CXX shared library libmy_arm_def_interfaces__rosidl_typesupport_fastrtps_c.so[0m
[ 70%] Built target my_arm_def_interfaces__rosidl_typesupport_fastrtps_c
[35m[1mScanning dependencies of target my_arm_def_interfaces[0m
[ 70%] Built target my_arm_def_interfaces
[35m[1mScanning dependencies of target my_arm_def_interfaces__py[0m
[ 74%] [34m[1mGenerating Python code for ROS interfaces[0m
[ 74%] Built target my_arm_def_interfaces__py
[35m[1mScanning dependencies of target my_arm_def_interfaces__python[0m
[ 77%] [32mBuilding C object CMakeFiles/my_arm_def_interfaces__python.dir/rosidl_generator_py/my_arm_def_interfaces/msg/_hardware_status_s.c.o[0m
[ 80%] [32m[1mLinking C shared library rosidl_generator_py/my_arm_def_interfaces/libmy_arm_def_interfaces__python.so[0m
[ 80%] Built target my_arm_def_interfaces__python
[35m[1mScanning dependencies of target my_arm_def_interfaces__rosidl_typesupport_introspection_c__pyext[0m
[35m[1mScanning dependencies of target my_arm_def_interfaces__rosidl_typesupport_c__pyext[0m
[35m[1mScanning dependencies of target my_arm_def_interfaces__rosidl_typesupport_fastrtps_c__pyext[0m
[ 83%] [32mBuilding C object CMakeFiles/my_arm_def_interfaces__rosidl_typesupport_introspection_c__pyext.dir/rosidl_generator_py/my_arm_def_interfaces/_my_arm_def_interfaces_s.ep.rosidl_typesupport_introspection_c.c.o[0m
[ 87%] [32mBuilding C object CMakeFiles/my_arm_def_interfaces__rosidl_typesupport_c__pyext.dir/rosidl_generator_py/my_arm_def_interfaces/_my_arm_def_interfaces_s.ep.rosidl_typesupport_c.c.o[0m
[ 90%] [32mBuilding C object CMakeFiles/my_arm_def_interfaces__rosidl_typesupport_fastrtps_c__pyext.dir/rosidl_generator_py/my_arm_def_interfaces/_my_arm_def_interfaces_s.ep.rosidl_typesupport_fastrtps_c.c.o[0m
[ 93%] [32m[1mLinking C shared library rosidl_generator_py/my_arm_def_interfaces/my_arm_def_interfaces_s__rosidl_typesupport_introspection_c.cpython-38-x86_64-linux-gnu.so[0m
[ 96%] [32m[1mLinking C shared library rosidl_generator_py/my_arm_def_interfaces/my_arm_def_interfaces_s__rosidl_typesupport_c.cpython-38-x86_64-linux-gnu.so[0m
[100%] [32m[1mLinking CXX shared library rosidl_generator_py/my_arm_def_interfaces/my_arm_def_interfaces_s__rosidl_typesupport_fastrtps_c.cpython-38-x86_64-linux-gnu.so[0m
[100%] Built target my_arm_def_interfaces__rosidl_typesupport_introspection_c__pyext
[100%] Built target my_arm_def_interfaces__rosidl_typesupport_c__pyext
[100%] Built target my_arm_def_interfaces__rosidl_typesupport_fastrtps_c__pyext
-- Install configuration: ""
-- Installing: /home/caio/my_arm_def/install/my_arm_def_interfaces/share/ament_index/resource_index/rosidl_interfaces/my_arm_def_interfaces
-- Installing: /home/caio/my_arm_def/install/my_arm_def_interfaces/include/my_arm_def_interfaces
-- Installing: /home/caio/my_arm_def/install/my_arm_def_interfaces/include/my_arm_def_interfaces/msg
-- Installing: /home/caio/my_arm_def/install/my_arm_def_interfaces/include/my_arm_def_interfaces/msg/rosidl_generator_c__visibility_control.h
-- Installing: /home/caio/my_arm_def/install/my_arm_def_interfaces/include/my_arm_def_interfaces/msg/detail
-- Installing: /home/caio/my_arm_def/install/my_arm_def_interfaces/include/my_arm_def_interfaces/msg/detail/hardware_status__struct.h
-- Installing: /home/caio/my_arm_def/install/my_arm_def_interfaces/include/my_arm_def_interfaces/msg/detail/hardware_status__functions.h
-- Installing: /home/caio/my_arm_def/install/my_arm_def_interfaces/include/my_arm_def_interfaces/msg/detail/hardware_status__type_support.h
-- Installing: /home/caio/my_arm_def/install/my_arm_def_interfaces/include/my_arm_def_interfaces/msg/detail/hardware_status__functions.c
-- Installing: /home/caio/my_arm_def/install/my_arm_def_interfaces/include/my_arm_def_interfaces/msg/hardware_status.h
-- Installing: /home/caio/my_arm_def/install/my_arm_def_interfaces/share/my_arm_def_interfaces/environment/library_path.sh
-- Installing: /home/caio/my_arm_def/install/my_arm_def_interfaces/share/my_arm_def_interfaces/environment/library_path.dsv
-- Installing: /home/caio/my_arm_def/install/my_arm_def_interfaces/lib/libmy_arm_def_interfaces__rosidl_generator_c.so
-- Set runtime path of "/home/caio/my_arm_def/install/my_arm_def_interfaces/lib/libmy_arm_def_interfaces__rosidl_generator_c.so" to ""
-- Up-to-date: /home/caio/my_arm_def/install/my_arm_def_interfaces/include/my_arm_def_interfaces
-- Up-to-date: /home/caio/my_arm_def/install/my_arm_def_interfaces/include/my_arm_def_interfaces/msg
-- Up-to-date: /home/caio/my_arm_def/install/my_arm_def_interfaces/include/my_arm_def_interfaces/msg/detail
-- Installing: /home/caio/my_arm_def/install/my_arm_def_interfaces/include/my_arm_def_interfaces/msg/detail/hardware_status__rosidl_typesupport_fastrtps_c.h
-- Installing: /home/caio/my_arm_def/install/my_arm_def_interfaces/include/my_arm_def_interfaces/msg/rosidl_typesupport_fastrtps_c__visibility_control.h
-- Installing: /home/caio/my_arm_def/install/my_arm_def_interfaces/lib/libmy_arm_def_interfaces__rosidl_typesupport_fastrtps_c.so
-- Set runtime path of "/home/caio/my_arm_def/install/my_arm_def_interfaces/lib/libmy_arm_def_interfaces__rosidl_typesupport_fastrtps_c.so" to ""
-- Up-to-date: /home/caio/my_arm_def/install/my_arm_def_interfaces/include/my_arm_def_interfaces
-- Up-to-date: /home/caio/my_arm_def/install/my_arm_def_interfaces/include/my_arm_def_interfaces/msg
-- Installing: /home/caio/my_arm_def/install/my_arm_def_interfaces/include/my_arm_def_interfaces/msg/rosidl_typesupport_fastrtps_cpp__visibility_control.h
-- Up-to-date: /home/caio/my_arm_def/install/my_arm_def_interfaces/include/my_arm_def_interfaces/msg/detail
-- Installing: /home/caio/my_arm_def/install/my_arm_def_interfaces/include/my_arm_def_interfaces/msg/detail/hardware_status__rosidl_typesupport_fastrtps_cpp.hpp
-- Installing: /home/caio/my_arm_def/install/my_arm_def_interfaces/include/my_arm_def_interfaces/msg/detail/dds_fastrtps
-- Installing: /home/caio/my_arm_def/install/my_arm_def_interfaces/lib/libmy_arm_def_interfaces__rosidl_typesupport_fastrtps_cpp.so
-- Set runtime path of "/home/caio/my_arm_def/install/my_arm_def_interfaces/lib/libmy_arm_def_interfaces__rosidl_typesupport_fastrtps_cpp.so" to ""
-- Up-to-date: /home/caio/my_arm_def/install/my_arm_def_interfaces/include/my_arm_def_interfaces
-- Up-to-date: /home/caio/my_arm_def/install/my_arm_def_interfaces/include/my_arm_def_interfaces/msg
-- Installing: /home/caio/my_arm_def/install/my_arm_def_interfaces/include/my_arm_def_interfaces/msg/rosidl_typesupport_introspection_c__visibility_control.h
-- Up-to-date: /home/caio/my_arm_def/install/my_arm_def_interfaces/include/my_arm_def_interfaces/msg/detail
-- Installing: /home/caio/my_arm_def/install/my_arm_def_interfaces/include/my_arm_def_interfaces/msg/detail/hardware_status__type_support.c
-- Installing: /home/caio/my_arm_def/install/my_arm_def_interfaces/include/my_arm_def_interfaces/msg/detail/hardware_status__rosidl_typesupport_introspection_c.h
-- Installing: /home/caio/my_arm_def/install/my_arm_def_interfaces/lib/libmy_arm_def_interfaces__rosidl_typesupport_introspection_c.so
-- Set runtime path of "/home/caio/my_arm_def/install/my_arm_def_interfaces/lib/libmy_arm_def_interfaces__rosidl_typesupport_introspection_c.so" to ""
-- Installing: /home/caio/my_arm_def/install/my_arm_def_interfaces/lib/libmy_arm_def_interfaces__rosidl_typesupport_c.so
-- Set runtime path of "/home/caio/my_arm_def/install/my_arm_def_interfaces/lib/libmy_arm_def_interfaces__rosidl_typesupport_c.so" to ""
-- Up-to-date: /home/caio/my_arm_def/install/my_arm_def_interfaces/include/my_arm_def_interfaces
-- Up-to-date: /home/caio/my_arm_def/install/my_arm_def_interfaces/include/my_arm_def_interfaces/msg
-- Installing: /home/caio/my_arm_def/install/my_arm_def_interfaces/include/my_arm_def_interfaces/msg/hardware_status.hpp
-- Up-to-date: /home/caio/my_arm_def/install/my_arm_def_interfaces/include/my_arm_def_interfaces/msg/detail
-- Installing: /home/caio/my_arm_def/install/my_arm_def_interfaces/include/my_arm_def_interfaces/msg/detail/hardware_status__traits.hpp
-- Installing: /home/caio/my_arm_def/install/my_arm_def_interfaces/include/my_arm_def_interfaces/msg/detail/hardware_status__builder.hpp
-- Installing: /home/caio/my_arm_def/install/my_arm_def_interfaces/include/my_arm_def_interfaces/msg/detail/hardware_status__struct.hpp
-- Up-to-date: /home/caio/my_arm_def/install/my_arm_def_interfaces/include/my_arm_def_interfaces
-- Up-to-date: /home/caio/my_arm_def/install/my_arm_def_interfaces/include/my_arm_def_interfaces/msg
-- Up-to-date: /home/caio/my_arm_def/install/my_arm_def_interfaces/include/my_arm_def_interfaces/msg/detail
-- Installing: /home/caio/my_arm_def/install/my_arm_def_interfaces/include/my_arm_def_interfaces/msg/detail/hardware_status__rosidl_typesupport_introspection_cpp.hpp
-- Installing: /home/caio/my_arm_def/install/my_arm_def_interfaces/include/my_arm_def_interfaces/msg/detail/hardware_status__type_support.cpp
-- Installing: /home/caio/my_arm_def/install/my_arm_def_interfaces/lib/libmy_arm_def_interfaces__rosidl_typesupport_introspection_cpp.so
-- Set runtime path of "/home/caio/my_arm_def/install/my_arm_def_interfaces/lib/libmy_arm_def_interfaces__rosidl_typesupport_introspection_cpp.so" to ""
-- Installing: /home/caio/my_arm_def/install/my_arm_def_interfaces/lib/libmy_arm_def_interfaces__rosidl_typesupport_cpp.so
-- Set runtime path of "/home/caio/my_arm_def/install/my_arm_def_interfaces/lib/libmy_arm_def_interfaces__rosidl_typesupport_cpp.so" to ""
-- Installing: /home/caio/my_arm_def/install/my_arm_def_interfaces/share/my_arm_def_interfaces/environment/pythonpath.sh
-- Installing: /home/caio/my_arm_def/install/my_arm_def_interfaces/share/my_arm_def_interfaces/environment/pythonpath.dsv
-- Installing: /home/caio/my_arm_def/install/my_arm_def_interfaces/lib/python3.8/site-packages/my_arm_def_interfaces/__init__.py
Compiling '/home/caio/my_arm_def/install/my_arm_def_interfaces/lib/python3.8/site-packages/my_arm_def_interfaces/__init__.py'...
-- Installing: /home/caio/my_arm_def/install/my_arm_def_interfaces/lib/python3.8/site-packages/my_arm_def_interfaces/msg
-- Installing: /home/caio/my_arm_def/install/my_arm_def_interfaces/lib/python3.8/site-packages/my_arm_def_interfaces/msg/__init__.py
-- Installing: /home/caio/my_arm_def/install/my_arm_def_interfaces/lib/python3.8/site-packages/my_arm_def_interfaces/msg/_hardware_status_s.c
-- Installing: /home/caio/my_arm_def/install/my_arm_def_interfaces/lib/python3.8/site-packages/my_arm_def_interfaces/msg/_hardware_status.py
-- Installing: /home/caio/my_arm_def/install/my_arm_def_interfaces/lib/python3.8/site-packages/my_arm_def_interfaces/my_arm_def_interfaces_s__rosidl_typesupport_fastrtps_c.cpython-38-x86_64-linux-gnu.so
-- Set runtime path of "/home/caio/my_arm_def/install/my_arm_def_interfaces/lib/python3.8/site-packages/my_arm_def_interfaces/my_arm_def_interfaces_s__rosidl_typesupport_fastrtps_c.cpython-38-x86_64-linux-gnu.so" to ""
-- Installing: /home/caio/my_arm_def/install/my_arm_def_interfaces/lib/python3.8/site-packages/my_arm_def_interfaces/my_arm_def_interfaces_s__rosidl_typesupport_introspection_c.cpython-38-x86_64-linux-gnu.so
-- Set runtime path of "/home/caio/my_arm_def/install/my_arm_def_interfaces/lib/python3.8/site-packages/my_arm_def_interfaces/my_arm_def_interfaces_s__rosidl_typesupport_introspection_c.cpython-38-x86_64-linux-gnu.so" to ""
-- Installing: /home/caio/my_arm_def/install/my_arm_def_interfaces/lib/python3.8/site-packages/my_arm_def_interfaces/my_arm_def_interfaces_s__rosidl_typesupport_c.cpython-38-x86_64-linux-gnu.so
-- Set runtime path of "/home/caio/my_arm_def/install/my_arm_def_interfaces/lib/python3.8/site-packages/my_arm_def_interfaces/my_arm_def_interfaces_s__rosidl_typesupport_c.cpython-38-x86_64-linux-gnu.so" to ""
-- Installing: /home/caio/my_arm_def/install/my_arm_def_interfaces/lib/libmy_arm_def_interfaces__python.so
-- Set runtime path of "/home/caio/my_arm_def/install/my_arm_def_interfaces/lib/libmy_arm_def_interfaces__python.so" to ""
-- Installing: /home/caio/my_arm_def/install/my_arm_def_interfaces/share/my_arm_def_interfaces/msg/HardwareStatus.idl
-- Installing: /home/caio/my_arm_def/install/my_arm_def_interfaces/share/my_arm_def_interfaces/msg/HardwareStatus.msg
-- Installing: /home/caio/my_arm_def/install/my_arm_def_interfaces/share/ament_index/resource_index/package_run_dependencies/my_arm_def_interfaces
-- Installing: /home/caio/my_arm_def/install/my_arm_def_interfaces/share/ament_index/resource_index/parent_prefix_path/my_arm_def_interfaces
-- Installing: /home/caio/my_arm_def/install/my_arm_def_interfaces/share/my_arm_def_interfaces/environment/ament_prefix_path.sh
-- Installing: /home/caio/my_arm_def/install/my_arm_def_interfaces/share/my_arm_def_interfaces/environment/ament_prefix_path.dsv
-- Installing: /home/caio/my_arm_def/install/my_arm_def_interfaces/share/my_arm_def_interfaces/environment/path.sh
-- Installing: /home/caio/my_arm_def/install/my_arm_def_interfaces/share/my_arm_def_interfaces/environment/path.dsv
-- Installing: /home/caio/my_arm_def/install/my_arm_def_interfaces/share/my_arm_def_interfaces/local_setup.bash
-- Installing: /home/caio/my_arm_def/install/my_arm_def_interfaces/share/my_arm_def_interfaces/local_setup.sh
-- Installing: /home/caio/my_arm_def/install/my_arm_def_interfaces/share/my_arm_def_interfaces/local_setup.zsh
-- Installing: /home/caio/my_arm_def/install/my_arm_def_interfaces/share/my_arm_def_interfaces/local_setup.dsv
-- Up-to-date: /home/caio/my_arm_def/install/my_arm_def_interfaces/share/my_arm_def_interfaces/package.dsv
-- Installing: /home/caio/my_arm_def/install/my_arm_def_interfaces/share/ament_index/resource_index/packages/my_arm_def_interfaces
-- Installing: /home/caio/my_arm_def/install/my_arm_def_interfaces/share/my_arm_def_interfaces/cmake/my_arm_def_interfaces__rosidl_generator_cExport.cmake
-- Installing: /home/caio/my_arm_def/install/my_arm_def_interfaces/share/my_arm_def_interfaces/cmake/my_arm_def_interfaces__rosidl_generator_cExport-noconfig.cmake
-- Installing: /home/caio/my_arm_def/install/my_arm_def_interfaces/share/my_arm_def_interfaces/cmake/my_arm_def_interfaces__rosidl_typesupport_introspection_cExport.cmake
-- Installing: /home/caio/my_arm_def/install/my_arm_def_interfaces/share/my_arm_def_interfaces/cmake/my_arm_def_interfaces__rosidl_typesupport_introspection_cExport-noconfig.cmake
-- Installing: /home/caio/my_arm_def/install/my_arm_def_interfaces/share/my_arm_def_interfaces/cmake/my_arm_def_interfaces__rosidl_typesupport_cExport.cmake
-- Installing: /home/caio/my_arm_def/install/my_arm_def_interfaces/share/my_arm_def_interfaces/cmake/my_arm_def_interfaces__rosidl_typesupport_cExport-noconfig.cmake
-- Installing: /home/caio/my_arm_def/install/my_arm_def_interfaces/share/my_arm_def_interfaces/cmake/my_arm_def_interfaces__rosidl_generator_cppExport.cmake
-- Installing: /home/caio/my_arm_def/install/my_arm_def_interfaces/share/my_arm_def_interfaces/cmake/my_arm_def_interfaces__rosidl_typesupport_introspection_cppExport.cmake
-- Installing: /home/caio/my_arm_def/install/my_arm_def_interfaces/share/my_arm_def_interfaces/cmake/my_arm_def_interfaces__rosidl_typesupport_introspection_cppExport-noconfig.cmake
-- Installing: /home/caio/my_arm_def/install/my_arm_def_interfaces/share/my_arm_def_interfaces/cmake/my_arm_def_interfaces__rosidl_typesupport_cppExport.cmake
-- Installing: /home/caio/my_arm_def/install/my_arm_def_interfaces/share/my_arm_def_interfaces/cmake/my_arm_def_interfaces__rosidl_typesupport_cppExport-noconfig.cmake
-- Installing: /home/caio/my_arm_def/install/my_arm_def_interfaces/share/my_arm_def_interfaces/cmake/rosidl_cmake-extras.cmake
-- Installing: /home/caio/my_arm_def/install/my_arm_def_interfaces/share/my_arm_def_interfaces/cmake/ament_cmake_export_dependencies-extras.cmake
-- Installing: /home/caio/my_arm_def/install/my_arm_def_interfaces/share/my_arm_def_interfaces/cmake/ament_cmake_export_libraries-extras.cmake
-- Installing: /home/caio/my_arm_def/install/my_arm_def_interfaces/share/my_arm_def_interfaces/cmake/ament_cmake_export_targets-extras.cmake
-- Installing: /home/caio/my_arm_def/install/my_arm_def_interfaces/share/my_arm_def_interfaces/cmake/ament_cmake_export_include_directories-extras.cmake
-- Installing: /home/caio/my_arm_def/install/my_arm_def_interfaces/share/my_arm_def_interfaces/cmake/rosidl_cmake_export_typesupport_libraries-extras.cmake
-- Installing: /home/caio/my_arm_def/install/my_arm_def_interfaces/share/my_arm_def_interfaces/cmake/rosidl_cmake_export_typesupport_targets-extras.cmake
-- Installing: /home/caio/my_arm_def/install/my_arm_def_interfaces/share/my_arm_def_interfaces/cmake/my_arm_def_interfacesConfig.cmake
-- Installing: /home/caio/my_arm_def/install/my_arm_def_interfaces/share/my_arm_def_interfaces/cmake/my_arm_def_interfacesConfig-version.cmake
-- Installing: /home/caio/my_arm_def/install/my_arm_def_interfaces/share/my_arm_def_interfaces/package.xml
