[0.025s] Invoking command in '/home/caio/my_arm_def/build/my_arm_def_interfaces': CMAKE_PREFIX_PATH=${CMAKE_PREFIX_PATH}:/home/caio/ROS2_arm_py/install/ros2_arm_py_pkg:/home/caio/ros2_ws/install/turtlesim_catch_them_all:/home/caio/ros2_ws/install/my_py_pkg:/home/caio/ros2_ws/install/my_arm_py:/home/caio/ros2_ws/install/my_package:/home/caio/ros2_ws/install/big_bazu:/home/caio/ros2_ws/install/bigBazu:/home/caio/turtlebot3_ws/install/turtlebot3_teleop:/home/caio/turtlebot3_ws/install/turtlebot3_example:/home/caio/turtlebot3_ws/install/robot_spawner_pkg:/opt/ros/foxy CONDA_PROMPT_MODIFIER=(base) /usr/bin/cmake --build /home/caio/my_arm_def/build/my_arm_def_interfaces -- -j8 -l8
[0.096s] [  3%] [34m[1mGenerating C code for ROS interfaces[0m
[0.114s] [  6%] [34m[1mGenerating C++ code for ROS interfaces[0m
[0.567s] [  6%] Built target my_arm_def_interfaces__cpp
[0.581s] [  9%] [34m[1mGenerating C++ type support for eProsima Fast-RTPS[0m
[0.582s] [ 12%] [34m[1mGenerating C++ type support dispatch for ROS interfaces[0m
[0.586s] [ 16%] [34m[1mGenerating C++ introspection for ROS interfaces[0m
[0.598s] [35m[1mScanning dependencies of target my_arm_def_interfaces__rosidl_generator_c[0m
[0.682s] [ 19%] [32mBuilding C object CMakeFiles/my_arm_def_interfaces__rosidl_generator_c.dir/rosidl_generator_c/my_arm_def_interfaces/msg/detail/hardware_status__functions.c.o[0m
[0.804s] [ 22%] [32m[1mLinking C shared library libmy_arm_def_interfaces__rosidl_generator_c.so[0m
[1.023s] [ 22%] Built target my_arm_def_interfaces__rosidl_generator_c
[1.041s] [ 25%] [34m[1mGenerating C type support dispatch for ROS interfaces[0m
[1.041s] [ 29%] [34m[1mGenerating C introspection for ROS interfaces[0m
[1.053s] [35m[1mScanning dependencies of target my_arm_def_interfaces__rosidl_typesupport_introspection_cpp[0m
[1.074s] [ 32%] [32mBuilding CXX object CMakeFiles/my_arm_def_interfaces__rosidl_typesupport_introspection_cpp.dir/rosidl_typesupport_introspection_cpp/my_arm_def_interfaces/msg/detail/hardware_status__type_support.cpp.o[0m
[1.120s] [35m[1mScanning dependencies of target my_arm_def_interfaces__rosidl_typesupport_cpp[0m
[1.149s] [35m[1mScanning dependencies of target my_arm_def_interfaces__rosidl_typesupport_fastrtps_cpp[0m
[1.161s] [ 35%] [32mBuilding CXX object CMakeFiles/my_arm_def_interfaces__rosidl_typesupport_cpp.dir/rosidl_typesupport_cpp/my_arm_def_interfaces/msg/hardware_status__type_support.cpp.o[0m
[1.251s] [ 38%] [32mBuilding CXX object CMakeFiles/my_arm_def_interfaces__rosidl_typesupport_fastrtps_cpp.dir/rosidl_typesupport_fastrtps_cpp/my_arm_def_interfaces/msg/detail/dds_fastrtps/hardware_status__type_support.cpp.o[0m
[1.567s] [35m[1mScanning dependencies of target my_arm_def_interfaces__rosidl_typesupport_c[0m
[1.591s] [35m[1mScanning dependencies of target my_arm_def_interfaces__rosidl_typesupport_introspection_c[0m
[1.663s] [ 41%] [32mBuilding CXX object CMakeFiles/my_arm_def_interfaces__rosidl_typesupport_c.dir/rosidl_typesupport_c/my_arm_def_interfaces/msg/hardware_status__type_support.cpp.o[0m
[1.671s] [ 45%] [32mBuilding C object CMakeFiles/my_arm_def_interfaces__rosidl_typesupport_introspection_c.dir/rosidl_typesupport_introspection_c/my_arm_def_interfaces/msg/detail/hardware_status__type_support.c.o[0m
[1.672s] [ 48%] [32m[1mLinking CXX shared library libmy_arm_def_interfaces__rosidl_typesupport_cpp.so[0m
[1.718s] [ 51%] [32m[1mLinking CXX shared library libmy_arm_def_interfaces__rosidl_typesupport_c.so[0m
[1.719s] [ 54%] [32m[1mLinking CXX shared library libmy_arm_def_interfaces__rosidl_typesupport_introspection_cpp.so[0m
[1.723s] [ 58%] [32m[1mLinking C shared library libmy_arm_def_interfaces__rosidl_typesupport_introspection_c.so[0m
[1.775s] [ 58%] Built target my_arm_def_interfaces__rosidl_typesupport_cpp
[1.793s] [ 58%] Built target my_arm_def_interfaces__rosidl_typesupport_c
[1.794s] [ 58%] Built target my_arm_def_interfaces__rosidl_typesupport_introspection_c
[1.836s] [ 61%] [32m[1mLinking CXX shared library libmy_arm_def_interfaces__rosidl_typesupport_fastrtps_cpp.so[0m
[1.857s] [ 61%] Built target my_arm_def_interfaces__rosidl_typesupport_introspection_cpp
[2.237s] [ 61%] Built target my_arm_def_interfaces__rosidl_typesupport_fastrtps_cpp
[2.258s] [ 64%] [34m[1mGenerating C type support for eProsima Fast-RTPS[0m
[2.658s] [35m[1mScanning dependencies of target my_arm_def_interfaces__rosidl_typesupport_fastrtps_c[0m
[2.702s] [ 67%] [32mBuilding CXX object CMakeFiles/my_arm_def_interfaces__rosidl_typesupport_fastrtps_c.dir/rosidl_typesupport_fastrtps_c/my_arm_def_interfaces/msg/detail/hardware_status__type_support_c.cpp.o[0m
[3.032s] [ 70%] [32m[1mLinking CXX shared library libmy_arm_def_interfaces__rosidl_typesupport_fastrtps_c.so[0m
[3.173s] [ 70%] Built target my_arm_def_interfaces__rosidl_typesupport_fastrtps_c
[3.191s] [35m[1mScanning dependencies of target my_arm_def_interfaces[0m
[3.213s] [ 70%] Built target my_arm_def_interfaces
[3.226s] [35m[1mScanning dependencies of target my_arm_def_interfaces__py[0m
[3.241s] [ 74%] [34m[1mGenerating Python code for ROS interfaces[0m
[4.931s] [ 74%] Built target my_arm_def_interfaces__py
[4.953s] [35m[1mScanning dependencies of target my_arm_def_interfaces__python[0m
[5.401s] [ 77%] [32mBuilding C object CMakeFiles/my_arm_def_interfaces__python.dir/rosidl_generator_py/my_arm_def_interfaces/msg/_hardware_status_s.c.o[0m
[5.638s] [ 80%] [32m[1mLinking C shared library rosidl_generator_py/my_arm_def_interfaces/libmy_arm_def_interfaces__python.so[0m
[5.792s] [ 80%] Built target my_arm_def_interfaces__python
[5.803s] [35m[1mScanning dependencies of target my_arm_def_interfaces__rosidl_typesupport_introspection_c__pyext[0m
[5.807s] [35m[1mScanning dependencies of target my_arm_def_interfaces__rosidl_typesupport_c__pyext[0m
[5.810s] [35m[1mScanning dependencies of target my_arm_def_interfaces__rosidl_typesupport_fastrtps_c__pyext[0m
[5.826s] [ 83%] [32mBuilding C object CMakeFiles/my_arm_def_interfaces__rosidl_typesupport_introspection_c__pyext.dir/rosidl_generator_py/my_arm_def_interfaces/_my_arm_def_interfaces_s.ep.rosidl_typesupport_introspection_c.c.o[0m
[5.832s] [ 87%] [32mBuilding C object CMakeFiles/my_arm_def_interfaces__rosidl_typesupport_c__pyext.dir/rosidl_generator_py/my_arm_def_interfaces/_my_arm_def_interfaces_s.ep.rosidl_typesupport_c.c.o[0m
[5.836s] [ 90%] [32mBuilding C object CMakeFiles/my_arm_def_interfaces__rosidl_typesupport_fastrtps_c__pyext.dir/rosidl_generator_py/my_arm_def_interfaces/_my_arm_def_interfaces_s.ep.rosidl_typesupport_fastrtps_c.c.o[0m
[5.908s] [ 93%] [32m[1mLinking C shared library rosidl_generator_py/my_arm_def_interfaces/my_arm_def_interfaces_s__rosidl_typesupport_introspection_c.cpython-38-x86_64-linux-gnu.so[0m
[5.908s] [ 96%] [32m[1mLinking C shared library rosidl_generator_py/my_arm_def_interfaces/my_arm_def_interfaces_s__rosidl_typesupport_c.cpython-38-x86_64-linux-gnu.so[0m
[5.932s] [100%] [32m[1mLinking CXX shared library rosidl_generator_py/my_arm_def_interfaces/my_arm_def_interfaces_s__rosidl_typesupport_fastrtps_c.cpython-38-x86_64-linux-gnu.so[0m
[5.953s] [100%] Built target my_arm_def_interfaces__rosidl_typesupport_introspection_c__pyext
[5.955s] [100%] Built target my_arm_def_interfaces__rosidl_typesupport_c__pyext
[6.012s] [100%] Built target my_arm_def_interfaces__rosidl_typesupport_fastrtps_c__pyext
[6.026s] Invoked command in '/home/caio/my_arm_def/build/my_arm_def_interfaces' returned '0': CMAKE_PREFIX_PATH=${CMAKE_PREFIX_PATH}:/home/caio/ROS2_arm_py/install/ros2_arm_py_pkg:/home/caio/ros2_ws/install/turtlesim_catch_them_all:/home/caio/ros2_ws/install/my_py_pkg:/home/caio/ros2_ws/install/my_arm_py:/home/caio/ros2_ws/install/my_package:/home/caio/ros2_ws/install/big_bazu:/home/caio/ros2_ws/install/bigBazu:/home/caio/turtlebot3_ws/install/turtlebot3_teleop:/home/caio/turtlebot3_ws/install/turtlebot3_example:/home/caio/turtlebot3_ws/install/robot_spawner_pkg:/opt/ros/foxy CONDA_PROMPT_MODIFIER=(base) /usr/bin/cmake --build /home/caio/my_arm_def/build/my_arm_def_interfaces -- -j8 -l8
[6.138s] Invoking command in '/home/caio/my_arm_def/build/my_arm_def_interfaces': CMAKE_PREFIX_PATH=${CMAKE_PREFIX_PATH}:/home/caio/ROS2_arm_py/install/ros2_arm_py_pkg:/home/caio/ros2_ws/install/turtlesim_catch_them_all:/home/caio/ros2_ws/install/my_py_pkg:/home/caio/ros2_ws/install/my_arm_py:/home/caio/ros2_ws/install/my_package:/home/caio/ros2_ws/install/big_bazu:/home/caio/ros2_ws/install/bigBazu:/home/caio/turtlebot3_ws/install/turtlebot3_teleop:/home/caio/turtlebot3_ws/install/turtlebot3_example:/home/caio/turtlebot3_ws/install/robot_spawner_pkg:/opt/ros/foxy CONDA_PROMPT_MODIFIER=(base) /usr/bin/cmake --install /home/caio/my_arm_def/build/my_arm_def_interfaces
[6.154s] -- Install configuration: ""
[6.154s] -- Installing: /home/caio/my_arm_def/install/my_arm_def_interfaces/share/ament_index/resource_index/rosidl_interfaces/my_arm_def_interfaces
[6.154s] -- Installing: /home/caio/my_arm_def/install/my_arm_def_interfaces/include/my_arm_def_interfaces
[6.155s] -- Installing: /home/caio/my_arm_def/install/my_arm_def_interfaces/include/my_arm_def_interfaces/msg
[6.155s] -- Installing: /home/caio/my_arm_def/install/my_arm_def_interfaces/include/my_arm_def_interfaces/msg/rosidl_generator_c__visibility_control.h
[6.155s] -- Installing: /home/caio/my_arm_def/install/my_arm_def_interfaces/include/my_arm_def_interfaces/msg/detail
[6.155s] -- Installing: /home/caio/my_arm_def/install/my_arm_def_interfaces/include/my_arm_def_interfaces/msg/detail/hardware_status__struct.h
[6.155s] -- Installing: /home/caio/my_arm_def/install/my_arm_def_interfaces/include/my_arm_def_interfaces/msg/detail/hardware_status__functions.h
[6.156s] -- Installing: /home/caio/my_arm_def/install/my_arm_def_interfaces/include/my_arm_def_interfaces/msg/detail/hardware_status__type_support.h
[6.156s] -- Installing: /home/caio/my_arm_def/install/my_arm_def_interfaces/include/my_arm_def_interfaces/msg/detail/hardware_status__functions.c
[6.156s] -- Installing: /home/caio/my_arm_def/install/my_arm_def_interfaces/include/my_arm_def_interfaces/msg/hardware_status.h
[6.156s] -- Installing: /home/caio/my_arm_def/install/my_arm_def_interfaces/share/my_arm_def_interfaces/environment/library_path.sh
[6.157s] -- Installing: /home/caio/my_arm_def/install/my_arm_def_interfaces/share/my_arm_def_interfaces/environment/library_path.dsv
[6.157s] -- Installing: /home/caio/my_arm_def/install/my_arm_def_interfaces/lib/libmy_arm_def_interfaces__rosidl_generator_c.so
[6.157s] -- Set runtime path of "/home/caio/my_arm_def/install/my_arm_def_interfaces/lib/libmy_arm_def_interfaces__rosidl_generator_c.so" to ""
[6.157s] -- Up-to-date: /home/caio/my_arm_def/install/my_arm_def_interfaces/include/my_arm_def_interfaces
[6.158s] -- Up-to-date: /home/caio/my_arm_def/install/my_arm_def_interfaces/include/my_arm_def_interfaces/msg
[6.158s] -- Up-to-date: /home/caio/my_arm_def/install/my_arm_def_interfaces/include/my_arm_def_interfaces/msg/detail
[6.158s] -- Installing: /home/caio/my_arm_def/install/my_arm_def_interfaces/include/my_arm_def_interfaces/msg/detail/hardware_status__rosidl_typesupport_fastrtps_c.h
[6.158s] -- Installing: /home/caio/my_arm_def/install/my_arm_def_interfaces/include/my_arm_def_interfaces/msg/rosidl_typesupport_fastrtps_c__visibility_control.h
[6.159s] -- Installing: /home/caio/my_arm_def/install/my_arm_def_interfaces/lib/libmy_arm_def_interfaces__rosidl_typesupport_fastrtps_c.so
[6.159s] -- Set runtime path of "/home/caio/my_arm_def/install/my_arm_def_interfaces/lib/libmy_arm_def_interfaces__rosidl_typesupport_fastrtps_c.so" to ""
[6.159s] -- Up-to-date: /home/caio/my_arm_def/install/my_arm_def_interfaces/include/my_arm_def_interfaces
[6.159s] -- Up-to-date: /home/caio/my_arm_def/install/my_arm_def_interfaces/include/my_arm_def_interfaces/msg
[6.160s] -- Installing: /home/caio/my_arm_def/install/my_arm_def_interfaces/include/my_arm_def_interfaces/msg/rosidl_typesupport_fastrtps_cpp__visibility_control.h
[6.160s] -- Up-to-date: /home/caio/my_arm_def/install/my_arm_def_interfaces/include/my_arm_def_interfaces/msg/detail
[6.160s] -- Installing: /home/caio/my_arm_def/install/my_arm_def_interfaces/include/my_arm_def_interfaces/msg/detail/hardware_status__rosidl_typesupport_fastrtps_cpp.hpp
[6.160s] -- Installing: /home/caio/my_arm_def/install/my_arm_def_interfaces/include/my_arm_def_interfaces/msg/detail/dds_fastrtps
[6.161s] -- Installing: /home/caio/my_arm_def/install/my_arm_def_interfaces/lib/libmy_arm_def_interfaces__rosidl_typesupport_fastrtps_cpp.so
[6.161s] -- Set runtime path of "/home/caio/my_arm_def/install/my_arm_def_interfaces/lib/libmy_arm_def_interfaces__rosidl_typesupport_fastrtps_cpp.so" to ""
[6.161s] -- Up-to-date: /home/caio/my_arm_def/install/my_arm_def_interfaces/include/my_arm_def_interfaces
[6.161s] -- Up-to-date: /home/caio/my_arm_def/install/my_arm_def_interfaces/include/my_arm_def_interfaces/msg
[6.162s] -- Installing: /home/caio/my_arm_def/install/my_arm_def_interfaces/include/my_arm_def_interfaces/msg/rosidl_typesupport_introspection_c__visibility_control.h
[6.162s] -- Up-to-date: /home/caio/my_arm_def/install/my_arm_def_interfaces/include/my_arm_def_interfaces/msg/detail
[6.162s] -- Installing: /home/caio/my_arm_def/install/my_arm_def_interfaces/include/my_arm_def_interfaces/msg/detail/hardware_status__type_support.c
[6.162s] -- Installing: /home/caio/my_arm_def/install/my_arm_def_interfaces/include/my_arm_def_interfaces/msg/detail/hardware_status__rosidl_typesupport_introspection_c.h
[6.163s] -- Installing: /home/caio/my_arm_def/install/my_arm_def_interfaces/lib/libmy_arm_def_interfaces__rosidl_typesupport_introspection_c.so
[6.163s] -- Set runtime path of "/home/caio/my_arm_def/install/my_arm_def_interfaces/lib/libmy_arm_def_interfaces__rosidl_typesupport_introspection_c.so" to ""
[6.163s] -- Installing: /home/caio/my_arm_def/install/my_arm_def_interfaces/lib/libmy_arm_def_interfaces__rosidl_typesupport_c.so
[6.163s] -- Set runtime path of "/home/caio/my_arm_def/install/my_arm_def_interfaces/lib/libmy_arm_def_interfaces__rosidl_typesupport_c.so" to ""
[6.163s] -- Up-to-date: /home/caio/my_arm_def/install/my_arm_def_interfaces/include/my_arm_def_interfaces
[6.164s] -- Up-to-date: /home/caio/my_arm_def/install/my_arm_def_interfaces/include/my_arm_def_interfaces/msg
[6.164s] -- Installing: /home/caio/my_arm_def/install/my_arm_def_interfaces/include/my_arm_def_interfaces/msg/hardware_status.hpp
[6.164s] -- Up-to-date: /home/caio/my_arm_def/install/my_arm_def_interfaces/include/my_arm_def_interfaces/msg/detail
[6.164s] -- Installing: /home/caio/my_arm_def/install/my_arm_def_interfaces/include/my_arm_def_interfaces/msg/detail/hardware_status__traits.hpp
[6.164s] -- Installing: /home/caio/my_arm_def/install/my_arm_def_interfaces/include/my_arm_def_interfaces/msg/detail/hardware_status__builder.hpp
[6.164s] -- Installing: /home/caio/my_arm_def/install/my_arm_def_interfaces/include/my_arm_def_interfaces/msg/detail/hardware_status__struct.hpp
[6.164s] -- Up-to-date: /home/caio/my_arm_def/install/my_arm_def_interfaces/include/my_arm_def_interfaces
[6.164s] -- Up-to-date: /home/caio/my_arm_def/install/my_arm_def_interfaces/include/my_arm_def_interfaces/msg
[6.164s] -- Up-to-date: /home/caio/my_arm_def/install/my_arm_def_interfaces/include/my_arm_def_interfaces/msg/detail
[6.164s] -- Installing: /home/caio/my_arm_def/install/my_arm_def_interfaces/include/my_arm_def_interfaces/msg/detail/hardware_status__rosidl_typesupport_introspection_cpp.hpp
[6.165s] -- Installing: /home/caio/my_arm_def/install/my_arm_def_interfaces/include/my_arm_def_interfaces/msg/detail/hardware_status__type_support.cpp
[6.165s] -- Installing: /home/caio/my_arm_def/install/my_arm_def_interfaces/lib/libmy_arm_def_interfaces__rosidl_typesupport_introspection_cpp.so
[6.165s] -- Set runtime path of "/home/caio/my_arm_def/install/my_arm_def_interfaces/lib/libmy_arm_def_interfaces__rosidl_typesupport_introspection_cpp.so" to ""
[6.165s] -- Installing: /home/caio/my_arm_def/install/my_arm_def_interfaces/lib/libmy_arm_def_interfaces__rosidl_typesupport_cpp.so
[6.165s] -- Set runtime path of "/home/caio/my_arm_def/install/my_arm_def_interfaces/lib/libmy_arm_def_interfaces__rosidl_typesupport_cpp.so" to ""
[6.165s] -- Installing: /home/caio/my_arm_def/install/my_arm_def_interfaces/share/my_arm_def_interfaces/environment/pythonpath.sh
[6.165s] -- Installing: /home/caio/my_arm_def/install/my_arm_def_interfaces/share/my_arm_def_interfaces/environment/pythonpath.dsv
[6.165s] -- Installing: /home/caio/my_arm_def/install/my_arm_def_interfaces/lib/python3.8/site-packages/my_arm_def_interfaces/__init__.py
[6.226s] Compiling '/home/caio/my_arm_def/install/my_arm_def_interfaces/lib/python3.8/site-packages/my_arm_def_interfaces/__init__.py'...
[6.233s] -- Installing: /home/caio/my_arm_def/install/my_arm_def_interfaces/lib/python3.8/site-packages/my_arm_def_interfaces/msg
[6.233s] -- Installing: /home/caio/my_arm_def/install/my_arm_def_interfaces/lib/python3.8/site-packages/my_arm_def_interfaces/msg/__init__.py
[6.233s] -- Installing: /home/caio/my_arm_def/install/my_arm_def_interfaces/lib/python3.8/site-packages/my_arm_def_interfaces/msg/_hardware_status_s.c
[6.233s] -- Installing: /home/caio/my_arm_def/install/my_arm_def_interfaces/lib/python3.8/site-packages/my_arm_def_interfaces/msg/_hardware_status.py
[6.234s] -- Installing: /home/caio/my_arm_def/install/my_arm_def_interfaces/lib/python3.8/site-packages/my_arm_def_interfaces/my_arm_def_interfaces_s__rosidl_typesupport_fastrtps_c.cpython-38-x86_64-linux-gnu.so
[6.235s] -- Set runtime path of "/home/caio/my_arm_def/install/my_arm_def_interfaces/lib/python3.8/site-packages/my_arm_def_interfaces/my_arm_def_interfaces_s__rosidl_typesupport_fastrtps_c.cpython-38-x86_64-linux-gnu.so" to ""
[6.236s] -- Installing: /home/caio/my_arm_def/install/my_arm_def_interfaces/lib/python3.8/site-packages/my_arm_def_interfaces/my_arm_def_interfaces_s__rosidl_typesupport_introspection_c.cpython-38-x86_64-linux-gnu.so
[6.237s] -- Set runtime path of "/home/caio/my_arm_def/install/my_arm_def_interfaces/lib/python3.8/site-packages/my_arm_def_interfaces/my_arm_def_interfaces_s__rosidl_typesupport_introspection_c.cpython-38-x86_64-linux-gnu.so" to ""
[6.237s] -- Installing: /home/caio/my_arm_def/install/my_arm_def_interfaces/lib/python3.8/site-packages/my_arm_def_interfaces/my_arm_def_interfaces_s__rosidl_typesupport_c.cpython-38-x86_64-linux-gnu.so
[6.237s] -- Set runtime path of "/home/caio/my_arm_def/install/my_arm_def_interfaces/lib/python3.8/site-packages/my_arm_def_interfaces/my_arm_def_interfaces_s__rosidl_typesupport_c.cpython-38-x86_64-linux-gnu.so" to ""
[6.238s] -- Installing: /home/caio/my_arm_def/install/my_arm_def_interfaces/lib/libmy_arm_def_interfaces__python.so
[6.238s] -- Set runtime path of "/home/caio/my_arm_def/install/my_arm_def_interfaces/lib/libmy_arm_def_interfaces__python.so" to ""
[6.238s] -- Installing: /home/caio/my_arm_def/install/my_arm_def_interfaces/share/my_arm_def_interfaces/msg/HardwareStatus.idl
[6.239s] -- Installing: /home/caio/my_arm_def/install/my_arm_def_interfaces/share/my_arm_def_interfaces/msg/HardwareStatus.msg
[6.239s] -- Installing: /home/caio/my_arm_def/install/my_arm_def_interfaces/share/ament_index/resource_index/package_run_dependencies/my_arm_def_interfaces
[6.239s] -- Installing: /home/caio/my_arm_def/install/my_arm_def_interfaces/share/ament_index/resource_index/parent_prefix_path/my_arm_def_interfaces
[6.239s] -- Installing: /home/caio/my_arm_def/install/my_arm_def_interfaces/share/my_arm_def_interfaces/environment/ament_prefix_path.sh
[6.240s] -- Installing: /home/caio/my_arm_def/install/my_arm_def_interfaces/share/my_arm_def_interfaces/environment/ament_prefix_path.dsv
[6.240s] -- Installing: /home/caio/my_arm_def/install/my_arm_def_interfaces/share/my_arm_def_interfaces/environment/path.sh
[6.240s] -- Installing: /home/caio/my_arm_def/install/my_arm_def_interfaces/share/my_arm_def_interfaces/environment/path.dsv
[6.240s] -- Installing: /home/caio/my_arm_def/install/my_arm_def_interfaces/share/my_arm_def_interfaces/local_setup.bash
[6.241s] -- Installing: /home/caio/my_arm_def/install/my_arm_def_interfaces/share/my_arm_def_interfaces/local_setup.sh
[6.241s] -- Installing: /home/caio/my_arm_def/install/my_arm_def_interfaces/share/my_arm_def_interfaces/local_setup.zsh
[6.241s] -- Installing: /home/caio/my_arm_def/install/my_arm_def_interfaces/share/my_arm_def_interfaces/local_setup.dsv
[6.242s] -- Up-to-date: /home/caio/my_arm_def/install/my_arm_def_interfaces/share/my_arm_def_interfaces/package.dsv
[6.242s] -- Installing: /home/caio/my_arm_def/install/my_arm_def_interfaces/share/ament_index/resource_index/packages/my_arm_def_interfaces
[6.242s] -- Installing: /home/caio/my_arm_def/install/my_arm_def_interfaces/share/my_arm_def_interfaces/cmake/my_arm_def_interfaces__rosidl_generator_cExport.cmake
[6.242s] -- Installing: /home/caio/my_arm_def/install/my_arm_def_interfaces/share/my_arm_def_interfaces/cmake/my_arm_def_interfaces__rosidl_generator_cExport-noconfig.cmake
[6.243s] -- Installing: /home/caio/my_arm_def/install/my_arm_def_interfaces/share/my_arm_def_interfaces/cmake/my_arm_def_interfaces__rosidl_typesupport_introspection_cExport.cmake
[6.243s] -- Installing: /home/caio/my_arm_def/install/my_arm_def_interfaces/share/my_arm_def_interfaces/cmake/my_arm_def_interfaces__rosidl_typesupport_introspection_cExport-noconfig.cmake
[6.243s] -- Installing: /home/caio/my_arm_def/install/my_arm_def_interfaces/share/my_arm_def_interfaces/cmake/my_arm_def_interfaces__rosidl_typesupport_cExport.cmake
[6.243s] -- Installing: /home/caio/my_arm_def/install/my_arm_def_interfaces/share/my_arm_def_interfaces/cmake/my_arm_def_interfaces__rosidl_typesupport_cExport-noconfig.cmake
[6.244s] -- Installing: /home/caio/my_arm_def/install/my_arm_def_interfaces/share/my_arm_def_interfaces/cmake/my_arm_def_interfaces__rosidl_generator_cppExport.cmake
[6.244s] -- Installing: /home/caio/my_arm_def/install/my_arm_def_interfaces/share/my_arm_def_interfaces/cmake/my_arm_def_interfaces__rosidl_typesupport_introspection_cppExport.cmake
[6.244s] -- Installing: /home/caio/my_arm_def/install/my_arm_def_interfaces/share/my_arm_def_interfaces/cmake/my_arm_def_interfaces__rosidl_typesupport_introspection_cppExport-noconfig.cmake
[6.244s] -- Installing: /home/caio/my_arm_def/install/my_arm_def_interfaces/share/my_arm_def_interfaces/cmake/my_arm_def_interfaces__rosidl_typesupport_cppExport.cmake
[6.244s] -- Installing: /home/caio/my_arm_def/install/my_arm_def_interfaces/share/my_arm_def_interfaces/cmake/my_arm_def_interfaces__rosidl_typesupport_cppExport-noconfig.cmake
[6.245s] -- Installing: /home/caio/my_arm_def/install/my_arm_def_interfaces/share/my_arm_def_interfaces/cmake/rosidl_cmake-extras.cmake
[6.245s] -- Installing: /home/caio/my_arm_def/install/my_arm_def_interfaces/share/my_arm_def_interfaces/cmake/ament_cmake_export_dependencies-extras.cmake
[6.245s] -- Installing: /home/caio/my_arm_def/install/my_arm_def_interfaces/share/my_arm_def_interfaces/cmake/ament_cmake_export_libraries-extras.cmake
[6.245s] -- Installing: /home/caio/my_arm_def/install/my_arm_def_interfaces/share/my_arm_def_interfaces/cmake/ament_cmake_export_targets-extras.cmake
[6.245s] -- Installing: /home/caio/my_arm_def/install/my_arm_def_interfaces/share/my_arm_def_interfaces/cmake/ament_cmake_export_include_directories-extras.cmake
[6.246s] -- Installing: /home/caio/my_arm_def/install/my_arm_def_interfaces/share/my_arm_def_interfaces/cmake/rosidl_cmake_export_typesupport_libraries-extras.cmake
[6.246s] -- Installing: /home/caio/my_arm_def/install/my_arm_def_interfaces/share/my_arm_def_interfaces/cmake/rosidl_cmake_export_typesupport_targets-extras.cmake
[6.247s] -- Installing: /home/caio/my_arm_def/install/my_arm_def_interfaces/share/my_arm_def_interfaces/cmake/my_arm_def_interfacesConfig.cmake
[6.248s] -- Installing: /home/caio/my_arm_def/install/my_arm_def_interfaces/share/my_arm_def_interfaces/cmake/my_arm_def_interfacesConfig-version.cmake
[6.248s] -- Installing: /home/caio/my_arm_def/install/my_arm_def_interfaces/share/my_arm_def_interfaces/package.xml
[6.248s] Invoked command in '/home/caio/my_arm_def/build/my_arm_def_interfaces' returned '0': CMAKE_PREFIX_PATH=${CMAKE_PREFIX_PATH}:/home/caio/ROS2_arm_py/install/ros2_arm_py_pkg:/home/caio/ros2_ws/install/turtlesim_catch_them_all:/home/caio/ros2_ws/install/my_py_pkg:/home/caio/ros2_ws/install/my_arm_py:/home/caio/ros2_ws/install/my_package:/home/caio/ros2_ws/install/big_bazu:/home/caio/ros2_ws/install/bigBazu:/home/caio/turtlebot3_ws/install/turtlebot3_teleop:/home/caio/turtlebot3_ws/install/turtlebot3_example:/home/caio/turtlebot3_ws/install/robot_spawner_pkg:/opt/ros/foxy CONDA_PROMPT_MODIFIER=(base) /usr/bin/cmake --install /home/caio/my_arm_def/build/my_arm_def_interfaces
