[0.326s] DEBUG:colcon:Command line arguments: ['/usr/bin/colcon', 'build', '--packages-select', 'my_arm_def_bringup', '--symlink-install']
[0.326s] DEBUG:colcon:Parsed command line arguments: Namespace(ament_cmake_args=None, base_paths=['.'], build_base='build', catkin_cmake_args=None, catkin_skip_building_tests=False, cmake_args=None, cmake_clean_cache=False, cmake_clean_first=False, cmake_force_configure=False, cmake_target=None, cmake_target_skip_unavailable=False, continue_on_error=False, event_handlers=None, executor='parallel', ignore_user_meta=False, install_base='install', log_base=None, log_level=None, main=<bound method BuildVerb.main of <colcon_core.verb.build.BuildVerb object at 0x7f76cfe16370>>, merge_install=False, metas=['./colcon.meta'], packages_above=None, packages_above_and_dependencies=None, packages_above_depth=None, packages_end=None, packages_ignore=None, packages_ignore_regex=None, packages_select=['my_arm_def_bringup'], packages_select_build_failed=False, packages_select_by_dep=None, packages_select_regex=None, packages_select_test_failures=False, packages_skip=None, packages_skip_build_finished=False, packages_skip_by_dep=None, packages_skip_regex=None, packages_skip_test_passed=False, packages_skip_up_to=None, packages_start=None, packages_up_to=None, packages_up_to_regex=None, parallel_workers=8, paths=None, symlink_install=True, test_result_base=None, verb_extension=<colcon_core.verb.build.BuildVerb object at 0x7f76cfe16370>, verb_name='build', verb_parser=<colcon_defaults.argument_parser.defaults.DefaultArgumentsDecorator object at 0x7f76cfe168b0>)
[0.332s] Level 1:colcon.colcon_core.package_discovery:discover_packages(colcon_meta) check parameters
[0.332s] Level 1:colcon.colcon_core.package_discovery:discover_packages(recursive) check parameters
[0.332s] Level 1:colcon.colcon_core.package_discovery:discover_packages(ignore) check parameters
[0.332s] Level 1:colcon.colcon_core.package_discovery:discover_packages(path) check parameters
[0.332s] Level 1:colcon.colcon_core.package_discovery:discover_packages(colcon_meta) discover
[0.332s] Level 1:colcon.colcon_core.package_discovery:discover_packages(recursive) discover
[0.332s] INFO:colcon.colcon_core.package_discovery:Crawling recursively for packages in '/home/caio/my_arm_def'
[0.332s] Level 1:colcon.colcon_core.package_identification:_identify(.) by extensions ['ignore', 'ignore_ament_install']
[0.332s] Level 1:colcon.colcon_core.package_identification:_identify(.) by extension 'ignore'
[0.332s] Level 1:colcon.colcon_core.package_identification:_identify(.) by extension 'ignore_ament_install'
[0.332s] Level 1:colcon.colcon_core.package_identification:_identify(.) by extensions ['colcon_pkg']
[0.332s] Level 1:colcon.colcon_core.package_identification:_identify(.) by extension 'colcon_pkg'
[0.332s] Level 1:colcon.colcon_core.package_identification:_identify(.) by extensions ['colcon_meta']
[0.333s] Level 1:colcon.colcon_core.package_identification:_identify(.) by extension 'colcon_meta'
[0.333s] Level 1:colcon.colcon_core.package_identification:_identify(.) by extensions ['ros']
[0.333s] Level 1:colcon.colcon_core.package_identification:_identify(.) by extension 'ros'
[0.344s] Level 1:colcon.colcon_core.package_identification:_identify(.) by extensions ['cmake', 'python']
[0.344s] Level 1:colcon.colcon_core.package_identification:_identify(.) by extension 'cmake'
[0.344s] Level 1:colcon.colcon_core.package_identification:_identify(.) by extension 'python'
[0.344s] Level 1:colcon.colcon_core.package_identification:_identify(.) by extensions ['python_setup_py']
[0.344s] Level 1:colcon.colcon_core.package_identification:_identify(.) by extension 'python_setup_py'
[0.344s] Level 1:colcon.colcon_core.package_identification:_identify(build) by extensions ['ignore', 'ignore_ament_install']
[0.344s] Level 1:colcon.colcon_core.package_identification:_identify(build) by extension 'ignore'
[0.344s] Level 1:colcon.colcon_core.package_identification:_identify(build) ignored
[0.344s] Level 1:colcon.colcon_core.package_identification:_identify(install) by extensions ['ignore', 'ignore_ament_install']
[0.344s] Level 1:colcon.colcon_core.package_identification:_identify(install) by extension 'ignore'
[0.344s] Level 1:colcon.colcon_core.package_identification:_identify(install) ignored
[0.345s] Level 1:colcon.colcon_core.package_identification:_identify(log) by extensions ['ignore', 'ignore_ament_install']
[0.345s] Level 1:colcon.colcon_core.package_identification:_identify(log) by extension 'ignore'
[0.345s] Level 1:colcon.colcon_core.package_identification:_identify(log) ignored
[0.345s] Level 1:colcon.colcon_core.package_identification:_identify(src) by extensions ['ignore', 'ignore_ament_install']
[0.345s] Level 1:colcon.colcon_core.package_identification:_identify(src) by extension 'ignore'
[0.345s] Level 1:colcon.colcon_core.package_identification:_identify(src) by extension 'ignore_ament_install'
[0.345s] Level 1:colcon.colcon_core.package_identification:_identify(src) by extensions ['colcon_pkg']
[0.345s] Level 1:colcon.colcon_core.package_identification:_identify(src) by extension 'colcon_pkg'
[0.345s] Level 1:colcon.colcon_core.package_identification:_identify(src) by extensions ['colcon_meta']
[0.345s] Level 1:colcon.colcon_core.package_identification:_identify(src) by extension 'colcon_meta'
[0.345s] Level 1:colcon.colcon_core.package_identification:_identify(src) by extensions ['ros']
[0.345s] Level 1:colcon.colcon_core.package_identification:_identify(src) by extension 'ros'
[0.345s] Level 1:colcon.colcon_core.package_identification:_identify(src) by extensions ['cmake', 'python']
[0.345s] Level 1:colcon.colcon_core.package_identification:_identify(src) by extension 'cmake'
[0.345s] Level 1:colcon.colcon_core.package_identification:_identify(src) by extension 'python'
[0.345s] Level 1:colcon.colcon_core.package_identification:_identify(src) by extensions ['python_setup_py']
[0.345s] Level 1:colcon.colcon_core.package_identification:_identify(src) by extension 'python_setup_py'
[0.345s] Level 1:colcon.colcon_core.package_identification:_identify(src/my_arm_def_bringup) by extensions ['ignore', 'ignore_ament_install']
[0.346s] Level 1:colcon.colcon_core.package_identification:_identify(src/my_arm_def_bringup) by extension 'ignore'
[0.346s] Level 1:colcon.colcon_core.package_identification:_identify(src/my_arm_def_bringup) by extension 'ignore_ament_install'
[0.346s] Level 1:colcon.colcon_core.package_identification:_identify(src/my_arm_def_bringup) by extensions ['colcon_pkg']
[0.346s] Level 1:colcon.colcon_core.package_identification:_identify(src/my_arm_def_bringup) by extension 'colcon_pkg'
[0.346s] Level 1:colcon.colcon_core.package_identification:_identify(src/my_arm_def_bringup) by extensions ['colcon_meta']
[0.346s] Level 1:colcon.colcon_core.package_identification:_identify(src/my_arm_def_bringup) by extension 'colcon_meta'
[0.346s] Level 1:colcon.colcon_core.package_identification:_identify(src/my_arm_def_bringup) by extensions ['ros']
[0.346s] Level 1:colcon.colcon_core.package_identification:_identify(src/my_arm_def_bringup) by extension 'ros'
[0.348s] DEBUG:colcon.colcon_core.package_identification:Package 'src/my_arm_def_bringup' with type 'ros.ament_cmake' and name 'my_arm_def_bringup'
[0.348s] Level 1:colcon.colcon_core.package_identification:_identify(src/my_arm_def_cpp_pkg) by extensions ['ignore', 'ignore_ament_install']
[0.348s] Level 1:colcon.colcon_core.package_identification:_identify(src/my_arm_def_cpp_pkg) by extension 'ignore'
[0.348s] Level 1:colcon.colcon_core.package_identification:_identify(src/my_arm_def_cpp_pkg) by extension 'ignore_ament_install'
[0.348s] Level 1:colcon.colcon_core.package_identification:_identify(src/my_arm_def_cpp_pkg) by extensions ['colcon_pkg']
[0.348s] Level 1:colcon.colcon_core.package_identification:_identify(src/my_arm_def_cpp_pkg) by extension 'colcon_pkg'
[0.348s] Level 1:colcon.colcon_core.package_identification:_identify(src/my_arm_def_cpp_pkg) by extensions ['colcon_meta']
[0.348s] Level 1:colcon.colcon_core.package_identification:_identify(src/my_arm_def_cpp_pkg) by extension 'colcon_meta'
[0.348s] Level 1:colcon.colcon_core.package_identification:_identify(src/my_arm_def_cpp_pkg) by extensions ['ros']
[0.349s] Level 1:colcon.colcon_core.package_identification:_identify(src/my_arm_def_cpp_pkg) by extension 'ros'
[0.349s] DEBUG:colcon.colcon_core.package_identification:Package 'src/my_arm_def_cpp_pkg' with type 'ros.ament_cmake' and name 'my_arm_def_cpp_pkg'
[0.349s] Level 1:colcon.colcon_core.package_identification:_identify(src/my_arm_def_interfaces) by extensions ['ignore', 'ignore_ament_install']
[0.349s] Level 1:colcon.colcon_core.package_identification:_identify(src/my_arm_def_interfaces) by extension 'ignore'
[0.349s] Level 1:colcon.colcon_core.package_identification:_identify(src/my_arm_def_interfaces) by extension 'ignore_ament_install'
[0.349s] Level 1:colcon.colcon_core.package_identification:_identify(src/my_arm_def_interfaces) by extensions ['colcon_pkg']
[0.350s] Level 1:colcon.colcon_core.package_identification:_identify(src/my_arm_def_interfaces) by extension 'colcon_pkg'
[0.350s] Level 1:colcon.colcon_core.package_identification:_identify(src/my_arm_def_interfaces) by extensions ['colcon_meta']
[0.350s] Level 1:colcon.colcon_core.package_identification:_identify(src/my_arm_def_interfaces) by extension 'colcon_meta'
[0.350s] Level 1:colcon.colcon_core.package_identification:_identify(src/my_arm_def_interfaces) by extensions ['ros']
[0.350s] Level 1:colcon.colcon_core.package_identification:_identify(src/my_arm_def_interfaces) by extension 'ros'
[0.350s] DEBUG:colcon.colcon_core.package_identification:Package 'src/my_arm_def_interfaces' with type 'ros.ament_cmake' and name 'my_arm_def_interfaces'
[0.350s] Level 1:colcon.colcon_core.package_identification:_identify(src/my_arm_def_py_pkg) by extensions ['ignore', 'ignore_ament_install']
[0.350s] Level 1:colcon.colcon_core.package_identification:_identify(src/my_arm_def_py_pkg) by extension 'ignore'
[0.350s] Level 1:colcon.colcon_core.package_identification:_identify(src/my_arm_def_py_pkg) by extension 'ignore_ament_install'
[0.350s] Level 1:colcon.colcon_core.package_identification:_identify(src/my_arm_def_py_pkg) by extensions ['colcon_pkg']
[0.350s] Level 1:colcon.colcon_core.package_identification:_identify(src/my_arm_def_py_pkg) by extension 'colcon_pkg'
[0.350s] Level 1:colcon.colcon_core.package_identification:_identify(src/my_arm_def_py_pkg) by extensions ['colcon_meta']
[0.350s] Level 1:colcon.colcon_core.package_identification:_identify(src/my_arm_def_py_pkg) by extension 'colcon_meta'
[0.351s] Level 1:colcon.colcon_core.package_identification:_identify(src/my_arm_def_py_pkg) by extensions ['ros']
[0.351s] Level 1:colcon.colcon_core.package_identification:_identify(src/my_arm_def_py_pkg) by extension 'ros'
[0.352s] DEBUG:colcon.colcon_core.package_identification:Package 'src/my_arm_def_py_pkg' with type 'ros.ament_python' and name 'my_arm_def_py_pkg'
[0.352s] Level 1:colcon.colcon_core.package_discovery:discover_packages(recursive) using defaults
[0.352s] Level 1:colcon.colcon_core.package_discovery:discover_packages(ignore) discover
[0.352s] Level 1:colcon.colcon_core.package_discovery:discover_packages(ignore) using defaults
[0.352s] Level 1:colcon.colcon_core.package_discovery:discover_packages(path) discover
[0.352s] Level 1:colcon.colcon_core.package_discovery:discover_packages(path) using defaults
[0.369s] INFO:colcon.colcon_core.package_selection:Skipping not selected package 'my_arm_def_cpp_pkg' in 'src/my_arm_def_cpp_pkg'
[0.369s] INFO:colcon.colcon_core.package_selection:Skipping not selected package 'my_arm_def_interfaces' in 'src/my_arm_def_interfaces'
[0.369s] INFO:colcon.colcon_core.package_selection:Skipping not selected package 'my_arm_def_py_pkg' in 'src/my_arm_def_py_pkg'
[0.372s] Level 5:colcon.colcon_core.verb:set package 'my_arm_def_bringup' build argument 'cmake_args' from command line to 'None'
[0.372s] Level 5:colcon.colcon_core.verb:set package 'my_arm_def_bringup' build argument 'cmake_target' from command line to 'None'
[0.372s] Level 5:colcon.colcon_core.verb:set package 'my_arm_def_bringup' build argument 'cmake_target_skip_unavailable' from command line to 'False'
[0.372s] Level 5:colcon.colcon_core.verb:set package 'my_arm_def_bringup' build argument 'cmake_clean_cache' from command line to 'False'
[0.372s] Level 5:colcon.colcon_core.verb:set package 'my_arm_def_bringup' build argument 'cmake_clean_first' from command line to 'False'
[0.372s] Level 5:colcon.colcon_core.verb:set package 'my_arm_def_bringup' build argument 'cmake_force_configure' from command line to 'False'
[0.372s] Level 5:colcon.colcon_core.verb:set package 'my_arm_def_bringup' build argument 'ament_cmake_args' from command line to 'None'
[0.372s] Level 5:colcon.colcon_core.verb:set package 'my_arm_def_bringup' build argument 'catkin_cmake_args' from command line to 'None'
[0.372s] Level 5:colcon.colcon_core.verb:set package 'my_arm_def_bringup' build argument 'catkin_skip_building_tests' from command line to 'False'
[0.372s] DEBUG:colcon.colcon_core.verb:Building package 'my_arm_def_bringup' with the following arguments: {'ament_cmake_args': None, 'build_base': '/home/caio/my_arm_def/build/my_arm_def_bringup', 'catkin_cmake_args': None, 'catkin_skip_building_tests': False, 'cmake_args': None, 'cmake_clean_cache': False, 'cmake_clean_first': False, 'cmake_force_configure': False, 'cmake_target': None, 'cmake_target_skip_unavailable': False, 'install_base': '/home/caio/my_arm_def/install/my_arm_def_bringup', 'merge_install': False, 'path': '/home/caio/my_arm_def/src/my_arm_def_bringup', 'symlink_install': True, 'test_result_base': None}
[0.373s] INFO:colcon.colcon_core.executor:Executing jobs using 'parallel' executor
[0.375s] DEBUG:colcon.colcon_parallel_executor.executor.parallel:run_until_complete
[0.375s] INFO:colcon.colcon_ros.task.ament_cmake.build:Building ROS package in '/home/caio/my_arm_def/src/my_arm_def_bringup' with build type 'ament_cmake'
[0.375s] INFO:colcon.colcon_cmake.task.cmake.build:Building CMake package in '/home/caio/my_arm_def/src/my_arm_def_bringup'
[0.380s] INFO:colcon.colcon_core.plugin_system:Skipping extension 'colcon_core.shell.bat': Not used on non-Windows systems
[0.380s] INFO:colcon.colcon_core.shell:Skip shell extension 'powershell' for command environment: Not usable outside of PowerShell
[0.381s] DEBUG:colcon.colcon_core.shell:Skip shell extension 'dsv' for command environment
[0.386s] DEBUG:colcon.colcon_core.shell:Ignoring prefix path '/opt/ros/foxy'
[0.403s] DEBUG:colcon.colcon_core.event_handler.log_command:Invoking command in '/home/caio/my_arm_def/build/my_arm_def_bringup': AMENT_PREFIX_PATH=/home/caio/my_arm_def/install/my_arm_def_py_pkg:/home/caio/my_arm_def/install/my_arm_def_bringup:/home/caio/my_arm_def/install/my_arm_def_interfaces:/home/caio/my_arm_def/install/my_arm_def_cpp_pkg:/home/caio/ROS2_arm_py/install/ros2_arm_py_pkg:/home/caio/ros2_ws/install/my_robot_bringup:/home/caio/ros2_ws/install/turtlesim_project_cpp:/home/caio/ros2_ws/install/turtlesim_catch_them_all:/home/caio/ros2_ws/install/my_try_robot:/home/caio/ros2_ws/install/my_py_pkg:/home/caio/ros2_ws/install/my_cpp_pkg:/home/caio/ros2_ws/install/my_arm_py:/home/caio/ros2_ws/install/my_robot_interfaces:/home/caio/ros2_ws/install/my_package:/home/caio/ros2_ws/install/my_arm:/home/caio/ros2_ws/install/lydar:/home/caio/ros2_ws/install/gazebo_ros_action_tutorial:/home/caio/ros2_ws/install/bocbot:/home/caio/ros2_ws/install/big_bazu:/home/caio/ros2_ws/install/bigBazu:/home/caio/bridge_ws/install/ros_ign:/home/caio/bridge_ws/install/ros_ign_gazebo_demos:/home/caio/bridge_ws/install/ros_ign_image:/home/caio/bridge_ws/install/ros_ign_gazebo:/home/caio/bridge_ws/install/ros_ign_bridge:/home/caio/turtlebot3_ws/install/turtlebot3_simulations:/home/caio/turtlebot3_ws/install/turtlebot3_gazebo:/home/caio/turtlebot3_ws/install/turtlebot3:/home/caio/turtlebot3_ws/install/turtlebot3_teleop:/home/caio/turtlebot3_ws/install/turtlebot3_bringup:/home/caio/turtlebot3_ws/install/turtlebot3_node:/home/caio/turtlebot3_ws/install/turtlebot3_navigation2:/home/caio/turtlebot3_ws/install/turtlebot3_fake_node:/home/caio/turtlebot3_ws/install/turtlebot3_example:/home/caio/turtlebot3_ws/install/turtlebot3_msgs:/home/caio/turtlebot3_ws/install/turtlebot3_description:/home/caio/turtlebot3_ws/install/turtlebot3_cartographer:/home/caio/turtlebot3_ws/install/robot_spawner_pkg:/home/caio/turtlebot3_ws/install/hls_lfcd_lds_driver:/home/caio/turtlebot3_ws/install/dynamixel_sdk:/opt/ros/foxy CMAKE_PREFIX_PATH=/home/caio/my_arm_def/install/my_arm_def_cpp_pkg:/home/caio/my_arm_def/install/my_arm_def_bringup:/home/caio/my_arm_def/install/my_arm_def_interfaces:/home/caio/ros2_ws/install/my_robot_bringup:/home/caio/ros2_ws/install/turtlesim_project_cpp:/home/caio/ros2_ws/install/my_try_robot:/home/caio/ros2_ws/install/my_cpp_pkg:/home/caio/ros2_ws/install/my_robot_interfaces:/home/caio/ros2_ws/install/my_arm:/home/caio/ros2_ws/install/lydar:/home/caio/ros2_ws/install/gazebo_ros_action_tutorial:/home/caio/ros2_ws/install/bocbot:/home/caio/bridge_ws/install/ros_ign:/home/caio/bridge_ws/install/ros_ign_gazebo_demos:/home/caio/bridge_ws/install/ros_ign_image:/home/caio/bridge_ws/install/ros_ign_gazebo:/home/caio/bridge_ws/install/ros_ign_bridge:/home/caio/turtlebot3_ws/install/turtlebot3_simulations:/home/caio/turtlebot3_ws/install/turtlebot3_gazebo:/home/caio/turtlebot3_ws/install/turtlebot3:/home/caio/turtlebot3_ws/install/turtlebot3_bringup:/home/caio/turtlebot3_ws/install/turtlebot3_node:/home/caio/turtlebot3_ws/install/turtlebot3_navigation2:/home/caio/turtlebot3_ws/install/turtlebot3_fake_node:/home/caio/turtlebot3_ws/install/turtlebot3_msgs:/home/caio/turtlebot3_ws/install/turtlebot3_description:/home/caio/turtlebot3_ws/install/turtlebot3_cartographer:/home/caio/turtlebot3_ws/install/hls_lfcd_lds_driver:/home/caio/turtlebot3_ws/install/dynamixel_sdk:/home/caio/my_arm_def/install/my_arm_def_py_pkg:/home/caio/ROS2_arm_py/install/ros2_arm_py_pkg:/home/caio/ros2_ws/install/turtlesim_catch_them_all:/home/caio/ros2_ws/install/my_py_pkg:/home/caio/ros2_ws/install/my_arm_py:/home/caio/ros2_ws/install/my_package:/home/caio/ros2_ws/install/big_bazu:/home/caio/ros2_ws/install/bigBazu:/home/caio/turtlebot3_ws/install/turtlebot3_teleop:/home/caio/turtlebot3_ws/install/turtlebot3_example:/home/caio/turtlebot3_ws/install/robot_spawner_pkg:/opt/ros/foxy CONDA_PROMPT_MODIFIER=(base) /usr/bin/cmake --build /home/caio/my_arm_def/build/my_arm_def_bringup -- -j8 -l8
[0.473s] DEBUG:colcon.colcon_core.event_handler.log_command:Invoked command in '/home/caio/my_arm_def/build/my_arm_def_bringup' returned '0': AMENT_PREFIX_PATH=/home/caio/my_arm_def/install/my_arm_def_py_pkg:/home/caio/my_arm_def/install/my_arm_def_bringup:/home/caio/my_arm_def/install/my_arm_def_interfaces:/home/caio/my_arm_def/install/my_arm_def_cpp_pkg:/home/caio/ROS2_arm_py/install/ros2_arm_py_pkg:/home/caio/ros2_ws/install/my_robot_bringup:/home/caio/ros2_ws/install/turtlesim_project_cpp:/home/caio/ros2_ws/install/turtlesim_catch_them_all:/home/caio/ros2_ws/install/my_try_robot:/home/caio/ros2_ws/install/my_py_pkg:/home/caio/ros2_ws/install/my_cpp_pkg:/home/caio/ros2_ws/install/my_arm_py:/home/caio/ros2_ws/install/my_robot_interfaces:/home/caio/ros2_ws/install/my_package:/home/caio/ros2_ws/install/my_arm:/home/caio/ros2_ws/install/lydar:/home/caio/ros2_ws/install/gazebo_ros_action_tutorial:/home/caio/ros2_ws/install/bocbot:/home/caio/ros2_ws/install/big_bazu:/home/caio/ros2_ws/install/bigBazu:/home/caio/bridge_ws/install/ros_ign:/home/caio/bridge_ws/install/ros_ign_gazebo_demos:/home/caio/bridge_ws/install/ros_ign_image:/home/caio/bridge_ws/install/ros_ign_gazebo:/home/caio/bridge_ws/install/ros_ign_bridge:/home/caio/turtlebot3_ws/install/turtlebot3_simulations:/home/caio/turtlebot3_ws/install/turtlebot3_gazebo:/home/caio/turtlebot3_ws/install/turtlebot3:/home/caio/turtlebot3_ws/install/turtlebot3_teleop:/home/caio/turtlebot3_ws/install/turtlebot3_bringup:/home/caio/turtlebot3_ws/install/turtlebot3_node:/home/caio/turtlebot3_ws/install/turtlebot3_navigation2:/home/caio/turtlebot3_ws/install/turtlebot3_fake_node:/home/caio/turtlebot3_ws/install/turtlebot3_example:/home/caio/turtlebot3_ws/install/turtlebot3_msgs:/home/caio/turtlebot3_ws/install/turtlebot3_description:/home/caio/turtlebot3_ws/install/turtlebot3_cartographer:/home/caio/turtlebot3_ws/install/robot_spawner_pkg:/home/caio/turtlebot3_ws/install/hls_lfcd_lds_driver:/home/caio/turtlebot3_ws/install/dynamixel_sdk:/opt/ros/foxy CMAKE_PREFIX_PATH=/home/caio/my_arm_def/install/my_arm_def_cpp_pkg:/home/caio/my_arm_def/install/my_arm_def_bringup:/home/caio/my_arm_def/install/my_arm_def_interfaces:/home/caio/ros2_ws/install/my_robot_bringup:/home/caio/ros2_ws/install/turtlesim_project_cpp:/home/caio/ros2_ws/install/my_try_robot:/home/caio/ros2_ws/install/my_cpp_pkg:/home/caio/ros2_ws/install/my_robot_interfaces:/home/caio/ros2_ws/install/my_arm:/home/caio/ros2_ws/install/lydar:/home/caio/ros2_ws/install/gazebo_ros_action_tutorial:/home/caio/ros2_ws/install/bocbot:/home/caio/bridge_ws/install/ros_ign:/home/caio/bridge_ws/install/ros_ign_gazebo_demos:/home/caio/bridge_ws/install/ros_ign_image:/home/caio/bridge_ws/install/ros_ign_gazebo:/home/caio/bridge_ws/install/ros_ign_bridge:/home/caio/turtlebot3_ws/install/turtlebot3_simulations:/home/caio/turtlebot3_ws/install/turtlebot3_gazebo:/home/caio/turtlebot3_ws/install/turtlebot3:/home/caio/turtlebot3_ws/install/turtlebot3_bringup:/home/caio/turtlebot3_ws/install/turtlebot3_node:/home/caio/turtlebot3_ws/install/turtlebot3_navigation2:/home/caio/turtlebot3_ws/install/turtlebot3_fake_node:/home/caio/turtlebot3_ws/install/turtlebot3_msgs:/home/caio/turtlebot3_ws/install/turtlebot3_description:/home/caio/turtlebot3_ws/install/turtlebot3_cartographer:/home/caio/turtlebot3_ws/install/hls_lfcd_lds_driver:/home/caio/turtlebot3_ws/install/dynamixel_sdk:/home/caio/my_arm_def/install/my_arm_def_py_pkg:/home/caio/ROS2_arm_py/install/ros2_arm_py_pkg:/home/caio/ros2_ws/install/turtlesim_catch_them_all:/home/caio/ros2_ws/install/my_py_pkg:/home/caio/ros2_ws/install/my_arm_py:/home/caio/ros2_ws/install/my_package:/home/caio/ros2_ws/install/big_bazu:/home/caio/ros2_ws/install/bigBazu:/home/caio/turtlebot3_ws/install/turtlebot3_teleop:/home/caio/turtlebot3_ws/install/turtlebot3_example:/home/caio/turtlebot3_ws/install/robot_spawner_pkg:/opt/ros/foxy CONDA_PROMPT_MODIFIER=(base) /usr/bin/cmake --build /home/caio/my_arm_def/build/my_arm_def_bringup -- -j8 -l8
[0.522s] DEBUG:colcon.colcon_core.event_handler.log_command:Invoking command in '/home/caio/my_arm_def/build/my_arm_def_bringup': AMENT_PREFIX_PATH=/home/caio/my_arm_def/install/my_arm_def_py_pkg:/home/caio/my_arm_def/install/my_arm_def_bringup:/home/caio/my_arm_def/install/my_arm_def_interfaces:/home/caio/my_arm_def/install/my_arm_def_cpp_pkg:/home/caio/ROS2_arm_py/install/ros2_arm_py_pkg:/home/caio/ros2_ws/install/my_robot_bringup:/home/caio/ros2_ws/install/turtlesim_project_cpp:/home/caio/ros2_ws/install/turtlesim_catch_them_all:/home/caio/ros2_ws/install/my_try_robot:/home/caio/ros2_ws/install/my_py_pkg:/home/caio/ros2_ws/install/my_cpp_pkg:/home/caio/ros2_ws/install/my_arm_py:/home/caio/ros2_ws/install/my_robot_interfaces:/home/caio/ros2_ws/install/my_package:/home/caio/ros2_ws/install/my_arm:/home/caio/ros2_ws/install/lydar:/home/caio/ros2_ws/install/gazebo_ros_action_tutorial:/home/caio/ros2_ws/install/bocbot:/home/caio/ros2_ws/install/big_bazu:/home/caio/ros2_ws/install/bigBazu:/home/caio/bridge_ws/install/ros_ign:/home/caio/bridge_ws/install/ros_ign_gazebo_demos:/home/caio/bridge_ws/install/ros_ign_image:/home/caio/bridge_ws/install/ros_ign_gazebo:/home/caio/bridge_ws/install/ros_ign_bridge:/home/caio/turtlebot3_ws/install/turtlebot3_simulations:/home/caio/turtlebot3_ws/install/turtlebot3_gazebo:/home/caio/turtlebot3_ws/install/turtlebot3:/home/caio/turtlebot3_ws/install/turtlebot3_teleop:/home/caio/turtlebot3_ws/install/turtlebot3_bringup:/home/caio/turtlebot3_ws/install/turtlebot3_node:/home/caio/turtlebot3_ws/install/turtlebot3_navigation2:/home/caio/turtlebot3_ws/install/turtlebot3_fake_node:/home/caio/turtlebot3_ws/install/turtlebot3_example:/home/caio/turtlebot3_ws/install/turtlebot3_msgs:/home/caio/turtlebot3_ws/install/turtlebot3_description:/home/caio/turtlebot3_ws/install/turtlebot3_cartographer:/home/caio/turtlebot3_ws/install/robot_spawner_pkg:/home/caio/turtlebot3_ws/install/hls_lfcd_lds_driver:/home/caio/turtlebot3_ws/install/dynamixel_sdk:/opt/ros/foxy CMAKE_PREFIX_PATH=/home/caio/my_arm_def/install/my_arm_def_cpp_pkg:/home/caio/my_arm_def/install/my_arm_def_bringup:/home/caio/my_arm_def/install/my_arm_def_interfaces:/home/caio/ros2_ws/install/my_robot_bringup:/home/caio/ros2_ws/install/turtlesim_project_cpp:/home/caio/ros2_ws/install/my_try_robot:/home/caio/ros2_ws/install/my_cpp_pkg:/home/caio/ros2_ws/install/my_robot_interfaces:/home/caio/ros2_ws/install/my_arm:/home/caio/ros2_ws/install/lydar:/home/caio/ros2_ws/install/gazebo_ros_action_tutorial:/home/caio/ros2_ws/install/bocbot:/home/caio/bridge_ws/install/ros_ign:/home/caio/bridge_ws/install/ros_ign_gazebo_demos:/home/caio/bridge_ws/install/ros_ign_image:/home/caio/bridge_ws/install/ros_ign_gazebo:/home/caio/bridge_ws/install/ros_ign_bridge:/home/caio/turtlebot3_ws/install/turtlebot3_simulations:/home/caio/turtlebot3_ws/install/turtlebot3_gazebo:/home/caio/turtlebot3_ws/install/turtlebot3:/home/caio/turtlebot3_ws/install/turtlebot3_bringup:/home/caio/turtlebot3_ws/install/turtlebot3_node:/home/caio/turtlebot3_ws/install/turtlebot3_navigation2:/home/caio/turtlebot3_ws/install/turtlebot3_fake_node:/home/caio/turtlebot3_ws/install/turtlebot3_msgs:/home/caio/turtlebot3_ws/install/turtlebot3_description:/home/caio/turtlebot3_ws/install/turtlebot3_cartographer:/home/caio/turtlebot3_ws/install/hls_lfcd_lds_driver:/home/caio/turtlebot3_ws/install/dynamixel_sdk:/home/caio/my_arm_def/install/my_arm_def_py_pkg:/home/caio/ROS2_arm_py/install/ros2_arm_py_pkg:/home/caio/ros2_ws/install/turtlesim_catch_them_all:/home/caio/ros2_ws/install/my_py_pkg:/home/caio/ros2_ws/install/my_arm_py:/home/caio/ros2_ws/install/my_package:/home/caio/ros2_ws/install/big_bazu:/home/caio/ros2_ws/install/bigBazu:/home/caio/turtlebot3_ws/install/turtlebot3_teleop:/home/caio/turtlebot3_ws/install/turtlebot3_example:/home/caio/turtlebot3_ws/install/robot_spawner_pkg:/opt/ros/foxy CONDA_PROMPT_MODIFIER=(base) /usr/bin/cmake --install /home/caio/my_arm_def/build/my_arm_def_bringup
[0.568s] Level 1:colcon.colcon_core.environment:create_environment_scripts_only(my_arm_def_bringup)
[0.570s] DEBUG:colcon.colcon_core.event_handler.log_command:Invoked command in '/home/caio/my_arm_def/build/my_arm_def_bringup' returned '0': AMENT_PREFIX_PATH=/home/caio/my_arm_def/install/my_arm_def_py_pkg:/home/caio/my_arm_def/install/my_arm_def_bringup:/home/caio/my_arm_def/install/my_arm_def_interfaces:/home/caio/my_arm_def/install/my_arm_def_cpp_pkg:/home/caio/ROS2_arm_py/install/ros2_arm_py_pkg:/home/caio/ros2_ws/install/my_robot_bringup:/home/caio/ros2_ws/install/turtlesim_project_cpp:/home/caio/ros2_ws/install/turtlesim_catch_them_all:/home/caio/ros2_ws/install/my_try_robot:/home/caio/ros2_ws/install/my_py_pkg:/home/caio/ros2_ws/install/my_cpp_pkg:/home/caio/ros2_ws/install/my_arm_py:/home/caio/ros2_ws/install/my_robot_interfaces:/home/caio/ros2_ws/install/my_package:/home/caio/ros2_ws/install/my_arm:/home/caio/ros2_ws/install/lydar:/home/caio/ros2_ws/install/gazebo_ros_action_tutorial:/home/caio/ros2_ws/install/bocbot:/home/caio/ros2_ws/install/big_bazu:/home/caio/ros2_ws/install/bigBazu:/home/caio/bridge_ws/install/ros_ign:/home/caio/bridge_ws/install/ros_ign_gazebo_demos:/home/caio/bridge_ws/install/ros_ign_image:/home/caio/bridge_ws/install/ros_ign_gazebo:/home/caio/bridge_ws/install/ros_ign_bridge:/home/caio/turtlebot3_ws/install/turtlebot3_simulations:/home/caio/turtlebot3_ws/install/turtlebot3_gazebo:/home/caio/turtlebot3_ws/install/turtlebot3:/home/caio/turtlebot3_ws/install/turtlebot3_teleop:/home/caio/turtlebot3_ws/install/turtlebot3_bringup:/home/caio/turtlebot3_ws/install/turtlebot3_node:/home/caio/turtlebot3_ws/install/turtlebot3_navigation2:/home/caio/turtlebot3_ws/install/turtlebot3_fake_node:/home/caio/turtlebot3_ws/install/turtlebot3_example:/home/caio/turtlebot3_ws/install/turtlebot3_msgs:/home/caio/turtlebot3_ws/install/turtlebot3_description:/home/caio/turtlebot3_ws/install/turtlebot3_cartographer:/home/caio/turtlebot3_ws/install/robot_spawner_pkg:/home/caio/turtlebot3_ws/install/hls_lfcd_lds_driver:/home/caio/turtlebot3_ws/install/dynamixel_sdk:/opt/ros/foxy CMAKE_PREFIX_PATH=/home/caio/my_arm_def/install/my_arm_def_cpp_pkg:/home/caio/my_arm_def/install/my_arm_def_bringup:/home/caio/my_arm_def/install/my_arm_def_interfaces:/home/caio/ros2_ws/install/my_robot_bringup:/home/caio/ros2_ws/install/turtlesim_project_cpp:/home/caio/ros2_ws/install/my_try_robot:/home/caio/ros2_ws/install/my_cpp_pkg:/home/caio/ros2_ws/install/my_robot_interfaces:/home/caio/ros2_ws/install/my_arm:/home/caio/ros2_ws/install/lydar:/home/caio/ros2_ws/install/gazebo_ros_action_tutorial:/home/caio/ros2_ws/install/bocbot:/home/caio/bridge_ws/install/ros_ign:/home/caio/bridge_ws/install/ros_ign_gazebo_demos:/home/caio/bridge_ws/install/ros_ign_image:/home/caio/bridge_ws/install/ros_ign_gazebo:/home/caio/bridge_ws/install/ros_ign_bridge:/home/caio/turtlebot3_ws/install/turtlebot3_simulations:/home/caio/turtlebot3_ws/install/turtlebot3_gazebo:/home/caio/turtlebot3_ws/install/turtlebot3:/home/caio/turtlebot3_ws/install/turtlebot3_bringup:/home/caio/turtlebot3_ws/install/turtlebot3_node:/home/caio/turtlebot3_ws/install/turtlebot3_navigation2:/home/caio/turtlebot3_ws/install/turtlebot3_fake_node:/home/caio/turtlebot3_ws/install/turtlebot3_msgs:/home/caio/turtlebot3_ws/install/turtlebot3_description:/home/caio/turtlebot3_ws/install/turtlebot3_cartographer:/home/caio/turtlebot3_ws/install/hls_lfcd_lds_driver:/home/caio/turtlebot3_ws/install/dynamixel_sdk:/home/caio/my_arm_def/install/my_arm_def_py_pkg:/home/caio/ROS2_arm_py/install/ros2_arm_py_pkg:/home/caio/ros2_ws/install/turtlesim_catch_them_all:/home/caio/ros2_ws/install/my_py_pkg:/home/caio/ros2_ws/install/my_arm_py:/home/caio/ros2_ws/install/my_package:/home/caio/ros2_ws/install/big_bazu:/home/caio/ros2_ws/install/bigBazu:/home/caio/turtlebot3_ws/install/turtlebot3_teleop:/home/caio/turtlebot3_ws/install/turtlebot3_example:/home/caio/turtlebot3_ws/install/robot_spawner_pkg:/opt/ros/foxy CONDA_PROMPT_MODIFIER=(base) /usr/bin/cmake --install /home/caio/my_arm_def/build/my_arm_def_bringup
[0.578s] Level 1:colcon.colcon_core.environment:checking '/home/caio/my_arm_def/install/my_arm_def_bringup' for CMake module files
[0.579s] Level 1:colcon.colcon_core.environment:checking '/home/caio/my_arm_def/install/my_arm_def_bringup' for CMake config files
[0.580s] Level 1:colcon.colcon_core.shell:create_environment_hook('my_arm_def_bringup', 'cmake_prefix_path')
[0.581s] INFO:colcon.colcon_core.shell:Creating environment hook '/home/caio/my_arm_def/install/my_arm_def_bringup/share/my_arm_def_bringup/hook/cmake_prefix_path.ps1'
[0.582s] INFO:colcon.colcon_core.shell:Creating environment descriptor '/home/caio/my_arm_def/install/my_arm_def_bringup/share/my_arm_def_bringup/hook/cmake_prefix_path.dsv'
[0.583s] INFO:colcon.colcon_core.shell:Creating environment hook '/home/caio/my_arm_def/install/my_arm_def_bringup/share/my_arm_def_bringup/hook/cmake_prefix_path.sh'
[0.584s] Level 1:colcon.colcon_core.environment:checking '/home/caio/my_arm_def/install/my_arm_def_bringup/bin'
[0.584s] Level 1:colcon.colcon_core.environment:checking '/home/caio/my_arm_def/install/my_arm_def_bringup/lib/pkgconfig/my_arm_def_bringup.pc'
[0.584s] Level 1:colcon.colcon_core.environment:checking '/home/caio/my_arm_def/install/my_arm_def_bringup/lib/python3.8/site-packages'
[0.585s] INFO:colcon.colcon_core.shell:Creating package script '/home/caio/my_arm_def/install/my_arm_def_bringup/share/my_arm_def_bringup/package.ps1'
[0.585s] INFO:colcon.colcon_core.shell:Creating package descriptor '/home/caio/my_arm_def/install/my_arm_def_bringup/share/my_arm_def_bringup/package.dsv'
[0.586s] INFO:colcon.colcon_core.shell:Creating package script '/home/caio/my_arm_def/install/my_arm_def_bringup/share/my_arm_def_bringup/package.sh'
[0.587s] INFO:colcon.colcon_core.shell:Creating package script '/home/caio/my_arm_def/install/my_arm_def_bringup/share/my_arm_def_bringup/package.bash'
[0.587s] INFO:colcon.colcon_core.shell:Creating package script '/home/caio/my_arm_def/install/my_arm_def_bringup/share/my_arm_def_bringup/package.zsh'
[0.588s] Level 1:colcon.colcon_core.environment:create_file_with_runtime_dependencies(/home/caio/my_arm_def/install/my_arm_def_bringup/share/colcon-core/packages/my_arm_def_bringup)
[0.629s] Level 1:colcon.colcon_core.environment:create_environment_scripts_only(my_arm_def_bringup)
[0.631s] Level 1:colcon.colcon_core.environment:checking '/home/caio/my_arm_def/install/my_arm_def_bringup' for CMake module files
[0.632s] Level 1:colcon.colcon_core.environment:checking '/home/caio/my_arm_def/install/my_arm_def_bringup' for CMake config files
[0.633s] Level 1:colcon.colcon_core.shell:create_environment_hook('my_arm_def_bringup', 'cmake_prefix_path')
[0.634s] INFO:colcon.colcon_core.shell:Creating environment hook '/home/caio/my_arm_def/install/my_arm_def_bringup/share/my_arm_def_bringup/hook/cmake_prefix_path.ps1'
[0.634s] INFO:colcon.colcon_core.shell:Creating environment descriptor '/home/caio/my_arm_def/install/my_arm_def_bringup/share/my_arm_def_bringup/hook/cmake_prefix_path.dsv'
[0.635s] INFO:colcon.colcon_core.shell:Creating environment hook '/home/caio/my_arm_def/install/my_arm_def_bringup/share/my_arm_def_bringup/hook/cmake_prefix_path.sh'
[0.635s] Level 1:colcon.colcon_core.environment:checking '/home/caio/my_arm_def/install/my_arm_def_bringup/bin'
[0.635s] Level 1:colcon.colcon_core.environment:checking '/home/caio/my_arm_def/install/my_arm_def_bringup/lib/pkgconfig/my_arm_def_bringup.pc'
[0.636s] Level 1:colcon.colcon_core.environment:checking '/home/caio/my_arm_def/install/my_arm_def_bringup/lib/python3.8/site-packages'
[0.636s] INFO:colcon.colcon_core.shell:Creating package script '/home/caio/my_arm_def/install/my_arm_def_bringup/share/my_arm_def_bringup/package.ps1'
[0.637s] INFO:colcon.colcon_core.shell:Creating package descriptor '/home/caio/my_arm_def/install/my_arm_def_bringup/share/my_arm_def_bringup/package.dsv'
[0.637s] INFO:colcon.colcon_core.shell:Creating package script '/home/caio/my_arm_def/install/my_arm_def_bringup/share/my_arm_def_bringup/package.sh'
[0.638s] INFO:colcon.colcon_core.shell:Creating package script '/home/caio/my_arm_def/install/my_arm_def_bringup/share/my_arm_def_bringup/package.bash'
[0.638s] INFO:colcon.colcon_core.shell:Creating package script '/home/caio/my_arm_def/install/my_arm_def_bringup/share/my_arm_def_bringup/package.zsh'
[0.638s] Level 1:colcon.colcon_core.environment:create_file_with_runtime_dependencies(/home/caio/my_arm_def/install/my_arm_def_bringup/share/colcon-core/packages/my_arm_def_bringup)
[0.639s] DEBUG:colcon.colcon_parallel_executor.executor.parallel:closing loop
[0.639s] DEBUG:colcon.colcon_parallel_executor.executor.parallel:loop closed
[0.639s] DEBUG:colcon.colcon_parallel_executor.executor.parallel:run_until_complete finished with '0'
[0.639s] DEBUG:colcon.colcon_core.event_reactor:joining thread
[0.651s] INFO:colcon.colcon_core.plugin_system:Skipping extension 'colcon_notification.desktop_notification.terminal_notifier': Not used on non-Darwin systems
[0.651s] INFO:colcon.colcon_core.plugin_system:Skipping extension 'colcon_notification.desktop_notification.win32': Not used on non-Windows systems
[0.651s] INFO:colcon.colcon_notification.desktop_notification:Sending desktop notification using 'notify2'
[0.667s] DEBUG:colcon.colcon_core.event_reactor:joined thread
[0.668s] INFO:colcon.colcon_core.shell:Creating prefix script '/home/caio/my_arm_def/install/local_setup.ps1'
[0.669s] INFO:colcon.colcon_core.shell:Creating prefix util module '/home/caio/my_arm_def/install/_local_setup_util_ps1.py'
[0.672s] INFO:colcon.colcon_core.shell:Creating prefix chain script '/home/caio/my_arm_def/install/setup.ps1'
[0.677s] INFO:colcon.colcon_core.shell:Creating prefix script '/home/caio/my_arm_def/install/local_setup.sh'
[0.677s] INFO:colcon.colcon_core.shell:Creating prefix util module '/home/caio/my_arm_def/install/_local_setup_util_sh.py'
[0.678s] INFO:colcon.colcon_core.shell:Creating prefix chain script '/home/caio/my_arm_def/install/setup.sh'
[0.681s] INFO:colcon.colcon_core.shell:Creating prefix script '/home/caio/my_arm_def/install/local_setup.bash'
[0.682s] INFO:colcon.colcon_core.shell:Creating prefix chain script '/home/caio/my_arm_def/install/setup.bash'
[0.686s] INFO:colcon.colcon_core.shell:Creating prefix script '/home/caio/my_arm_def/install/local_setup.zsh'
[0.686s] INFO:colcon.colcon_core.shell:Creating prefix chain script '/home/caio/my_arm_def/install/setup.zsh'
