[0.343s] Invoking command in '/home/caio/my_arm_def/src/my_arm_def_py_pkg': CONDA_PROMPT_MODIFIER=(base) PYTHONPATH=/home/caio/my_arm_def/install/my_arm_def_py_pkg/lib/python3.8/site-packages:${PYTHONPATH} /usr/bin/python3 setup.py egg_info --egg-base ../../build/my_arm_def_py_pkg build --build-base /home/caio/my_arm_def/build/my_arm_def_py_pkg/build install --prefix /home/caio/my_arm_def/install/my_arm_def_py_pkg --record /home/caio/my_arm_def/build/my_arm_def_py_pkg/install.log --single-version-externally-managed
[0.632s] running egg_info
[0.633s] writing ../../build/my_arm_def_py_pkg/my_arm_def_py_pkg.egg-info/PKG-INFO
[0.633s] writing dependency_links to ../../build/my_arm_def_py_pkg/my_arm_def_py_pkg.egg-info/dependency_links.txt
[0.634s] writing entry points to ../../build/my_arm_def_py_pkg/my_arm_def_py_pkg.egg-info/entry_points.txt
[0.634s] writing requirements to ../../build/my_arm_def_py_pkg/my_arm_def_py_pkg.egg-info/requires.txt
[0.634s] writing top-level names to ../../build/my_arm_def_py_pkg/my_arm_def_py_pkg.egg-info/top_level.txt
[0.685s] reading manifest file '../../build/my_arm_def_py_pkg/my_arm_def_py_pkg.egg-info/SOURCES.txt'
[0.687s] writing manifest file '../../build/my_arm_def_py_pkg/my_arm_def_py_pkg.egg-info/SOURCES.txt'
[0.687s] running build
[0.687s] running build_py
[0.687s] running install
[0.688s] running install_lib
[0.690s] running install_data
[0.691s] running install_egg_info
[0.693s] removing '/home/caio/my_arm_def/install/my_arm_def_py_pkg/lib/python3.8/site-packages/my_arm_def_py_pkg-0.0.0-py3.8.egg-info' (and everything under it)
[0.693s] Copying ../../build/my_arm_def_py_pkg/my_arm_def_py_pkg.egg-info to /home/caio/my_arm_def/install/my_arm_def_py_pkg/lib/python3.8/site-packages/my_arm_def_py_pkg-0.0.0-py3.8.egg-info
[0.694s] running install_scripts
[0.714s] writing list of installed files to '/home/caio/my_arm_def/build/my_arm_def_py_pkg/install.log'
[0.750s] Invoked command in '/home/caio/my_arm_def/src/my_arm_def_py_pkg' returned '0': CONDA_PROMPT_MODIFIER=(base) PYTHONPATH=/home/caio/my_arm_def/install/my_arm_def_py_pkg/lib/python3.8/site-packages:${PYTHONPATH} /usr/bin/python3 setup.py egg_info --egg-base ../../build/my_arm_def_py_pkg build --build-base /home/caio/my_arm_def/build/my_arm_def_py_pkg/build install --prefix /home/caio/my_arm_def/install/my_arm_def_py_pkg --record /home/caio/my_arm_def/build/my_arm_def_py_pkg/install.log --single-version-externally-managed
