-- The C compiler identification is GNU 8.4.0
-- The CXX compiler identification is GNU 8.4.0
-- Check for working C compiler: /usr/bin/cc
-- Check for working C compiler: /usr/bin/cc -- works
-- Detecting C compiler ABI info
-- Detecting C compiler ABI info - done
-- Detecting C compile features
-- Detecting C compile features - done
-- Check for working CXX compiler: /usr/bin/c++
-- Check for working CXX compiler: /usr/bin/c++ -- works
-- Detecting CXX compiler ABI info
-- Detecting CXX compiler ABI info - done
-- Detecting CXX compile features
-- Detecting CXX compile features - done
-- Found ament_cmake: 0.9.8 (/opt/ros/foxy/share/ament_cmake/cmake)
-- Found PythonInterp: /home/caio/anaconda3/bin/python3 (found suitable version "3.8.5", minimum required is "3") 
-- Using PYTHON_EXECUTABLE: /home/caio/anaconda3/bin/python3
-- Override CMake install command with custom implementation using symlinks instead of copying resources
-- Configuring done
-- Generating done
-- Build files have been written to: /home/caio/my_arm_def/build/my_arm_def_bringup
-- Install configuration: ""
-- Execute custom install script
-- Symlinking: /home/caio/my_arm_def/install/my_arm_def_bringup/share/my_arm_def_bringup/launch/my_arm_def.lauch.py
-- Symlinking: /home/caio/my_arm_def/install/my_arm_def_bringup/share/ament_index/resource_index/package_run_dependencies/my_arm_def_bringup
-- Symlinking: /home/caio/my_arm_def/install/my_arm_def_bringup/share/ament_index/resource_index/parent_prefix_path/my_arm_def_bringup
-- Symlinking: /home/caio/my_arm_def/install/my_arm_def_bringup/share/my_arm_def_bringup/environment/ament_prefix_path.sh
-- Symlinking: /home/caio/my_arm_def/install/my_arm_def_bringup/share/my_arm_def_bringup/environment/ament_prefix_path.dsv
-- Symlinking: /home/caio/my_arm_def/install/my_arm_def_bringup/share/my_arm_def_bringup/environment/path.sh
-- Symlinking: /home/caio/my_arm_def/install/my_arm_def_bringup/share/my_arm_def_bringup/environment/path.dsv
-- Symlinking: /home/caio/my_arm_def/install/my_arm_def_bringup/share/my_arm_def_bringup/local_setup.bash
-- Symlinking: /home/caio/my_arm_def/install/my_arm_def_bringup/share/my_arm_def_bringup/local_setup.sh
-- Symlinking: /home/caio/my_arm_def/install/my_arm_def_bringup/share/my_arm_def_bringup/local_setup.zsh
-- Symlinking: /home/caio/my_arm_def/install/my_arm_def_bringup/share/my_arm_def_bringup/local_setup.dsv
-- Symlinking: /home/caio/my_arm_def/install/my_arm_def_bringup/share/my_arm_def_bringup/package.dsv
-- Symlinking: /home/caio/my_arm_def/install/my_arm_def_bringup/share/ament_index/resource_index/packages/my_arm_def_bringup
-- Symlinking: /home/caio/my_arm_def/install/my_arm_def_bringup/share/my_arm_def_bringup/cmake/my_arm_def_bringupConfig.cmake
-- Symlinking: /home/caio/my_arm_def/install/my_arm_def_bringup/share/my_arm_def_bringup/cmake/my_arm_def_bringupConfig-version.cmake
-- Symlinking: /home/caio/my_arm_def/install/my_arm_def_bringup/share/my_arm_def_bringup/package.xml
