[0.020s] Invoking command in '/home/caio/my_arm_def/build/my_arm_def_interfaces': CMAKE_PREFIX_PATH=${CMAKE_PREFIX_PATH}:/home/caio/ROS2_arm_py/install/ros2_arm_py_pkg:/home/caio/ros2_ws/install/turtlesim_catch_them_all:/home/caio/ros2_ws/install/my_py_pkg:/home/caio/ros2_ws/install/my_arm_py:/home/caio/ros2_ws/install/my_package:/home/caio/ros2_ws/install/big_bazu:/home/caio/ros2_ws/install/bigBazu:/home/caio/turtlebot3_ws/install/turtlebot3_teleop:/home/caio/turtlebot3_ws/install/turtlebot3_example:/home/caio/turtlebot3_ws/install/robot_spawner_pkg:/opt/ros/foxy CONDA_PROMPT_MODIFIER=(base) /usr/bin/cmake /home/caio/my_arm_def/src/my_arm_def_interfaces -DCMAKE_INSTALL_PREFIX=/home/caio/my_arm_def/install/my_arm_def_interfaces
[0.111s] -- The C compiler identification is GNU 8.4.0
[0.185s] -- The CXX compiler identification is GNU 8.4.0
[0.194s] -- Check for working C compiler: /usr/bin/cc
[0.303s] -- Check for working C compiler: /usr/bin/cc -- works
[0.305s] -- Detecting C compiler ABI info
[0.415s] -- Detecting C compiler ABI info - done
[0.430s] -- Detecting C compile features
[0.430s] -- Detecting C compile features - done
[0.433s] -- Check for working CXX compiler: /usr/bin/c++
[0.553s] -- Check for working CXX compiler: /usr/bin/c++ -- works
[0.554s] -- Detecting CXX compiler ABI info
[0.674s] -- Detecting CXX compiler ABI info - done
[0.695s] -- Detecting CXX compile features
[0.695s] -- Detecting CXX compile features - done
[0.699s] -- Found ament_cmake: 0.9.8 (/opt/ros/foxy/share/ament_cmake/cmake)
[0.755s] -- Found PythonInterp: /home/caio/anaconda3/bin/python3 (found suitable version "3.8.5", minimum required is "3") 
[0.756s] -- Using PYTHON_EXECUTABLE: /home/caio/anaconda3/bin/python3
[1.152s] -- Found rosidl_default_generators: 1.0.1 (/opt/ros/foxy/share/rosidl_default_generators/cmake)
[1.189s] -- Using all available rosidl_typesupport_c: rosidl_typesupport_fastrtps_c;rosidl_typesupport_introspection_c
[1.202s] -- Found rosidl_adapter: 1.2.1 (/opt/ros/foxy/share/rosidl_adapter/cmake)
[1.443s] -- Found OpenSSL: /usr/lib/x86_64-linux-gnu/libcrypto.so (found version "1.1.1f")  
[1.492s] -- Found FastRTPS: /opt/ros/foxy/include  
[1.605s] -- Using all available rosidl_typesupport_cpp: rosidl_typesupport_fastrtps_cpp;rosidl_typesupport_introspection_cpp
[1.706s] -- Found PythonInterp: /home/caio/anaconda3/bin/python3 (found version "3.8.5") 
[1.824s] CMake Error at /opt/ros/foxy/share/rosidl_adapter/cmake/rosidl_adapt_interfaces.cmake:60 (message):
[1.824s]   execute_process(/home/caio/anaconda3/bin/python3 -m rosidl_adapter
[1.824s]   --package-name my_arm_def_interfaces --arguments-file
[1.824s]   /home/caio/my_arm_def/build/my_arm_def_interfaces/rosidl_adapter__arguments__my_arm_def_interfaces.json
[1.824s]   --output-dir
[1.824s]   /home/caio/my_arm_def/build/my_arm_def_interfaces/rosidl_adapter/my_arm_def_interfaces
[1.824s]   --output-file
[1.824s]   /home/caio/my_arm_def/build/my_arm_def_interfaces/rosidl_adapter/my_arm_def_interfaces.idls)
[1.824s]   returned error code 1:
[1.824s] 
[1.824s]   Traceback (most recent call last):
[1.824s] 
[1.824s]     File "/home/caio/anaconda3/lib/python3.8/runpy.py", line 194, in _run_module_as_main
[1.824s]       return _run_code(code, main_globals, None,
[1.825s]     File "/home/caio/anaconda3/lib/python3.8/runpy.py", line 87, in _run_code
[1.825s]       exec(code, run_globals)
[1.825s]     File "/opt/ros/foxy/lib/python3.8/site-packages/rosidl_adapter/__main__.py", line 19, in <module>
[1.825s]       sys.exit(main())
[1.825s]     File "/opt/ros/foxy/lib/python3.8/site-packages/rosidl_adapter/main.py", line 53, in main
[1.825s]       abs_idl_file = convert_to_idl(
[1.825s]     File "/opt/ros/foxy/lib/python3.8/site-packages/rosidl_adapter/__init__.py", line 18, in convert_to_idl
[1.825s]       from rosidl_adapter.msg import convert_msg_to_idl
[1.825s]     File "/opt/ros/foxy/lib/python3.8/site-packages/rosidl_adapter/msg/__init__.py", line 16, in <module>
[1.825s]       from rosidl_adapter.resource import expand_template
[1.825s]     File "/opt/ros/foxy/lib/python3.8/site-packages/rosidl_adapter/resource/__init__.py", line 19, in <module>
[1.825s]       import em
[1.825s] 
[1.825s]   ModuleNotFoundError: No module named 'em'
[1.825s] 
[1.826s] Call Stack (most recent call first):
[1.826s]   /opt/ros/foxy/share/rosidl_cmake/cmake/rosidl_generate_interfaces.cmake:130 (rosidl_adapt_interfaces)
[1.826s]   CMakeLists.txt:18 (rosidl_generate_interfaces)
[1.826s] 
[1.826s] 
[1.827s] -- Configuring incomplete, errors occurred!
[1.827s] See also "/home/caio/my_arm_def/build/my_arm_def_interfaces/CMakeFiles/CMakeOutput.log".
[1.840s] Invoked command in '/home/caio/my_arm_def/build/my_arm_def_interfaces' returned '1': CMAKE_PREFIX_PATH=${CMAKE_PREFIX_PATH}:/home/caio/ROS2_arm_py/install/ros2_arm_py_pkg:/home/caio/ros2_ws/install/turtlesim_catch_them_all:/home/caio/ros2_ws/install/my_py_pkg:/home/caio/ros2_ws/install/my_arm_py:/home/caio/ros2_ws/install/my_package:/home/caio/ros2_ws/install/big_bazu:/home/caio/ros2_ws/install/bigBazu:/home/caio/turtlebot3_ws/install/turtlebot3_teleop:/home/caio/turtlebot3_ws/install/turtlebot3_example:/home/caio/turtlebot3_ws/install/robot_spawner_pkg:/opt/ros/foxy CONDA_PROMPT_MODIFIER=(base) /usr/bin/cmake /home/caio/my_arm_def/src/my_arm_def_interfaces -DCMAKE_INSTALL_PREFIX=/home/caio/my_arm_def/install/my_arm_def_interfaces
