[0.322s] Invoking command in '/home/caio/my_arm_def/build/my_arm_def_py_pkg': CONDA_PROMPT_MODIFIER=(base) PYTHONPATH=/home/caio/my_arm_def/install/my_arm_def_py_pkg/lib/python3.8/site-packages:${PYTHONPATH} /usr/bin/python3 setup.py develop --prefix /home/caio/my_arm_def/install/my_arm_def_py_pkg --editable --build-directory /home/caio/my_arm_def/build/my_arm_def_py_pkg/build --no-deps install_data --install-dir /home/caio/my_arm_def/install/my_arm_def_py_pkg
[0.614s] running develop
[0.786s] running egg_info
[0.786s] writing my_arm_def_py_pkg.egg-info/PKG-INFO
[0.787s] writing dependency_links to my_arm_def_py_pkg.egg-info/dependency_links.txt
[0.787s] writing entry points to my_arm_def_py_pkg.egg-info/entry_points.txt
[0.787s] writing requirements to my_arm_def_py_pkg.egg-info/requires.txt
[0.787s] writing top-level names to my_arm_def_py_pkg.egg-info/top_level.txt
[0.825s] reading manifest file 'my_arm_def_py_pkg.egg-info/SOURCES.txt'
[0.826s] writing manifest file 'my_arm_def_py_pkg.egg-info/SOURCES.txt'
[0.860s] running build_ext
[0.860s] Creating /home/caio/my_arm_def/install/my_arm_def_py_pkg/lib/python3.8/site-packages/my-arm-def-py-pkg.egg-link (link to .)
[0.861s] Installing arm_controller script to /home/caio/my_arm_def/install/my_arm_def_py_pkg/lib/my_arm_def_py_pkg
[0.862s] Installing capture_braco_pos script to /home/caio/my_arm_def/install/my_arm_def_py_pkg/lib/my_arm_def_py_pkg
[0.862s] Installing myo_raw script to /home/caio/my_arm_def/install/my_arm_def_py_pkg/lib/my_arm_def_py_pkg
[0.862s] Installing spawn_arm script to /home/caio/my_arm_def/install/my_arm_def_py_pkg/lib/my_arm_def_py_pkg
[0.862s] 
[0.862s] Installed /home/caio/my_arm_def/build/my_arm_def_py_pkg
[0.862s] running install_data
[0.902s] Invoked command in '/home/caio/my_arm_def/build/my_arm_def_py_pkg' returned '0': CONDA_PROMPT_MODIFIER=(base) PYTHONPATH=/home/caio/my_arm_def/install/my_arm_def_py_pkg/lib/python3.8/site-packages:${PYTHONPATH} /usr/bin/python3 setup.py develop --prefix /home/caio/my_arm_def/install/my_arm_def_py_pkg --editable --build-directory /home/caio/my_arm_def/build/my_arm_def_py_pkg/build --no-deps install_data --install-dir /home/caio/my_arm_def/install/my_arm_def_py_pkg
