[0.022s] Invoking command in '/home/caio/my_arm_def/build/my_arm_def_interfaces': CMAKE_PREFIX_PATH=${CMAKE_PREFIX_PATH}:/home/caio/ROS2_arm_py/install/ros2_arm_py_pkg:/home/caio/ros2_ws/install/turtlesim_catch_them_all:/home/caio/ros2_ws/install/my_py_pkg:/home/caio/ros2_ws/install/my_arm_py:/home/caio/ros2_ws/install/my_package:/home/caio/ros2_ws/install/big_bazu:/home/caio/ros2_ws/install/bigBazu:/home/caio/turtlebot3_ws/install/turtlebot3_teleop:/home/caio/turtlebot3_ws/install/turtlebot3_example:/home/caio/turtlebot3_ws/install/robot_spawner_pkg:/opt/ros/foxy CONDA_PROMPT_MODIFIER=(base) /usr/bin/cmake /home/caio/my_arm_def/src/my_arm_def_interfaces -DCMAKE_INSTALL_PREFIX=/home/caio/my_arm_def/install/my_arm_def_interfaces
[0.043s] -- Found ament_cmake: 0.9.8 (/opt/ros/foxy/share/ament_cmake/cmake)
[0.095s] -- Found PythonInterp: /home/caio/anaconda3/bin/python3 (found suitable version "3.8.5", minimum required is "3") 
[0.095s] -- Using PYTHON_EXECUTABLE: /home/caio/anaconda3/bin/python3
[0.409s] -- Found rosidl_default_generators: 1.0.1 (/opt/ros/foxy/share/rosidl_default_generators/cmake)
[0.419s] -- Using all available rosidl_typesupport_c: rosidl_typesupport_fastrtps_c;rosidl_typesupport_introspection_c
[0.422s] -- Found rosidl_adapter: 1.2.1 (/opt/ros/foxy/share/rosidl_adapter/cmake)
[0.594s] -- Using all available rosidl_typesupport_cpp: rosidl_typesupport_fastrtps_cpp;rosidl_typesupport_introspection_cpp
[0.670s] -- Found PythonInterp: /home/caio/anaconda3/bin/python3 (found version "3.8.5") 
[0.966s] -- Found ament_cmake_ros: 0.9.1 (/opt/ros/foxy/share/ament_cmake_ros/cmake)
[1.235s] -- Using all available rosidl_typesupport_c: rosidl_typesupport_fastrtps_c;rosidl_typesupport_introspection_c
[1.313s] -- Using all available rosidl_typesupport_cpp: rosidl_typesupport_fastrtps_cpp;rosidl_typesupport_introspection_cpp
[1.366s] -- Found PythonInterp: /home/caio/anaconda3/bin/python3 (found suitable version "3.8.5", minimum required is "3.5") 
[1.403s] -- Found python_cmake_module: 0.8.1 (/opt/ros/foxy/share/python_cmake_module/cmake)
[1.546s] -- Found PythonLibs: /home/caio/anaconda3/lib/libpython3.8.so (found suitable version "3.8.5", minimum required is "3.5") 
[1.546s] -- Using PYTHON_EXECUTABLE: /home/caio/anaconda3/bin/python3
[1.546s] -- Using PYTHON_INCLUDE_DIRS: /home/caio/anaconda3/include/python3.8
[1.546s] -- Using PYTHON_LIBRARIES: /home/caio/anaconda3/lib/libpython3.8.so
[1.595s] -- Found PythonExtra: .so  
[1.757s] -- Configuring done
[1.833s] CMake Warning at /opt/ros/foxy/share/rosidl_generator_py/cmake/rosidl_generator_py_generate_interfaces.cmake:235 (add_library):
[1.834s]   Cannot generate a safe runtime search path for target
[1.834s]   my_arm_def_interfaces__rosidl_typesupport_fastrtps_c__pyext because files
[1.834s]   in some directories may conflict with libraries in implicit directories:
[1.834s] 
[1.835s]     runtime library [libssl.so.1.1] in /usr/lib/x86_64-linux-gnu may be hidden by files in:
[1.835s]       /home/caio/anaconda3/lib
[1.835s]     runtime library [libcrypto.so.1.1] in /usr/lib/x86_64-linux-gnu may be hidden by files in:
[1.835s]       /home/caio/anaconda3/lib
[1.835s] 
[1.836s]   Some of these libraries may not be found correctly.
[1.836s] Call Stack (most recent call first):
[1.836s]   /opt/ros/foxy/share/ament_cmake_core/cmake/core/ament_execute_extensions.cmake:48 (include)
[1.836s]   /opt/ros/foxy/share/rosidl_cmake/cmake/rosidl_generate_interfaces.cmake:286 (ament_execute_extensions)
[1.836s]   CMakeLists.txt:17 (rosidl_generate_interfaces)
[1.837s] 
[1.837s] 
[1.890s] -- Generating done
[1.896s] -- Build files have been written to: /home/caio/my_arm_def/build/my_arm_def_interfaces
[1.904s] Invoked command in '/home/caio/my_arm_def/build/my_arm_def_interfaces' returned '0': CMAKE_PREFIX_PATH=${CMAKE_PREFIX_PATH}:/home/caio/ROS2_arm_py/install/ros2_arm_py_pkg:/home/caio/ros2_ws/install/turtlesim_catch_them_all:/home/caio/ros2_ws/install/my_py_pkg:/home/caio/ros2_ws/install/my_arm_py:/home/caio/ros2_ws/install/my_package:/home/caio/ros2_ws/install/big_bazu:/home/caio/ros2_ws/install/bigBazu:/home/caio/turtlebot3_ws/install/turtlebot3_teleop:/home/caio/turtlebot3_ws/install/turtlebot3_example:/home/caio/turtlebot3_ws/install/robot_spawner_pkg:/opt/ros/foxy CONDA_PROMPT_MODIFIER=(base) /usr/bin/cmake /home/caio/my_arm_def/src/my_arm_def_interfaces -DCMAKE_INSTALL_PREFIX=/home/caio/my_arm_def/install/my_arm_def_interfaces
[1.908s] Invoking command in '/home/caio/my_arm_def/build/my_arm_def_interfaces': CMAKE_PREFIX_PATH=${CMAKE_PREFIX_PATH}:/home/caio/ROS2_arm_py/install/ros2_arm_py_pkg:/home/caio/ros2_ws/install/turtlesim_catch_them_all:/home/caio/ros2_ws/install/my_py_pkg:/home/caio/ros2_ws/install/my_arm_py:/home/caio/ros2_ws/install/my_package:/home/caio/ros2_ws/install/big_bazu:/home/caio/ros2_ws/install/bigBazu:/home/caio/turtlebot3_ws/install/turtlebot3_teleop:/home/caio/turtlebot3_ws/install/turtlebot3_example:/home/caio/turtlebot3_ws/install/robot_spawner_pkg:/opt/ros/foxy CONDA_PROMPT_MODIFIER=(base) /usr/bin/cmake --build /home/caio/my_arm_def/build/my_arm_def_interfaces -- -j8 -l8
[1.977s] [35m[1mScanning dependencies of target my_arm_def_interfaces__cpp[0m
[1.981s] [  3%] [34m[1mGenerating C code for ROS interfaces[0m
[1.995s] [  6%] [34m[1mGenerating C++ code for ROS interfaces[0m
[2.124s] Traceback (most recent call last):
[2.124s]   File "/opt/ros/foxy/share/rosidl_generator_c/cmake/../../../lib/rosidl_generator_c/rosidl_generator_c", line 8, in <module>
[2.124s]     from rosidl_generator_c import generate_c
[2.124s]   File "/opt/ros/foxy/lib/python3.8/site-packages/rosidl_generator_c/__init__.py", line 15, in <module>
[2.124s]     from rosidl_cmake import convert_camel_case_to_lower_case_underscore
[2.124s]   File "/opt/ros/foxy/lib/python3.8/site-packages/rosidl_cmake/__init__.py", line 24, in <module>
[2.124s]     from rosidl_parser.parser import parse_idl_file
[2.125s]   File "/opt/ros/foxy/lib/python3.8/site-packages/rosidl_parser/parser.py", line 20, in <module>
[2.125s] Traceback (most recent call last):
[2.125s]   File "/opt/ros/foxy/share/rosidl_generator_cpp/cmake/../../../lib/rosidl_generator_cpp/rosidl_generator_cpp", line 8, in <module>
[2.125s]     from lark import Lark
[2.125s] ModuleNotFoundError: No module named 'lark'
[2.125s]     from rosidl_generator_cpp import generate_cpp
[2.125s]   File "/opt/ros/foxy/lib/python3.8/site-packages/rosidl_generator_cpp/__init__.py", line 17, in <module>
[2.125s]     from rosidl_cmake import generate_files
[2.125s]   File "/opt/ros/foxy/lib/python3.8/site-packages/rosidl_cmake/__init__.py", line 24, in <module>
[2.125s]     from rosidl_parser.parser import parse_idl_file
[2.125s]   File "/opt/ros/foxy/lib/python3.8/site-packages/rosidl_parser/parser.py", line 20, in <module>
[2.125s]     from lark import Lark
[2.126s] ModuleNotFoundError: No module named 'lark'
[2.136s] make[2]: *** [CMakeFiles/my_arm_def_interfaces__rosidl_generator_c.dir/build.make:75: rosidl_generator_c/my_arm_def_interfaces/msg/hardware_status.h] Erro 1
[2.137s] make[1]: *** [CMakeFiles/Makefile2:333: CMakeFiles/my_arm_def_interfaces__rosidl_generator_c.dir/all] Erro 2
[2.137s] make[1]: ** Esperando que outros processos terminem.
[2.138s] make[2]: *** [CMakeFiles/my_arm_def_interfaces__cpp.dir/build.make:79: rosidl_generator_cpp/my_arm_def_interfaces/msg/hardware_status.hpp] Erro 1
[2.138s] make[1]: *** [CMakeFiles/Makefile2:442: CMakeFiles/my_arm_def_interfaces__cpp.dir/all] Erro 2
[2.138s] make: *** [Makefile:141: all] Erro 2
[2.141s] Invoked command in '/home/caio/my_arm_def/build/my_arm_def_interfaces' returned '2': CMAKE_PREFIX_PATH=${CMAKE_PREFIX_PATH}:/home/caio/ROS2_arm_py/install/ros2_arm_py_pkg:/home/caio/ros2_ws/install/turtlesim_catch_them_all:/home/caio/ros2_ws/install/my_py_pkg:/home/caio/ros2_ws/install/my_arm_py:/home/caio/ros2_ws/install/my_package:/home/caio/ros2_ws/install/big_bazu:/home/caio/ros2_ws/install/bigBazu:/home/caio/turtlebot3_ws/install/turtlebot3_teleop:/home/caio/turtlebot3_ws/install/turtlebot3_example:/home/caio/turtlebot3_ws/install/robot_spawner_pkg:/opt/ros/foxy CONDA_PROMPT_MODIFIER=(base) /usr/bin/cmake --build /home/caio/my_arm_def/build/my_arm_def_interfaces -- -j8 -l8
