[0.379s] DEBUG:colcon:Command line arguments: ['/usr/bin/colcon', 'list', '-p', '--base-paths', '/home/caio/my_arm_def']
[0.379s] DEBUG:colcon:Parsed command line arguments: Namespace(base_paths=['/home/caio/my_arm_def'], build_base='build', ignore_user_meta=False, log_base=None, log_level=None, main=<bound method ListVerb.main of <colcon_package_information.verb.list.ListVerb object at 0x7fcacb8a42e0>>, metas=['./colcon.meta'], names_only=False, packages_above=None, packages_above_and_dependencies=None, packages_above_depth=None, packages_end=None, packages_ignore=None, packages_ignore_regex=None, packages_select=None, packages_select_build_failed=False, packages_select_by_dep=None, packages_select_regex=None, packages_select_test_failures=False, packages_skip=None, packages_skip_build_finished=False, packages_skip_by_dep=None, packages_skip_regex=None, packages_skip_test_passed=False, packages_skip_up_to=None, packages_start=None, packages_up_to=None, packages_up_to_regex=None, paths=None, paths_only=True, topological_graph=False, topological_graph_density=False, topological_graph_dot=False, topological_graph_dot_cluster=False, topological_graph_dot_include_skipped=False, topological_graph_legend=False, topological_order=False, verb_extension=<colcon_package_information.verb.list.ListVerb object at 0x7fcacb8a42e0>, verb_name='list', verb_parser=<colcon_defaults.argument_parser.defaults.DefaultArgumentsDecorator object at 0x7fcacb7b7580>)
[0.409s] Level 1:colcon.colcon_core.package_discovery:discover_packages(colcon_meta) check parameters
[0.409s] Level 1:colcon.colcon_core.package_discovery:discover_packages(recursive) check parameters
[0.409s] Level 1:colcon.colcon_core.package_discovery:discover_packages(ignore) check parameters
[0.409s] Level 1:colcon.colcon_core.package_discovery:discover_packages(path) check parameters
[0.409s] Level 1:colcon.colcon_core.package_discovery:discover_packages(recursive) discover
[0.409s] INFO:colcon.colcon_core.package_discovery:Crawling recursively for packages in '/home/caio/my_arm_def'
[0.409s] Level 1:colcon.colcon_core.package_identification:_identify(/home/caio/my_arm_def) by extensions ['ignore', 'ignore_ament_install']
[0.409s] Level 1:colcon.colcon_core.package_identification:_identify(/home/caio/my_arm_def) by extension 'ignore'
[0.409s] Level 1:colcon.colcon_core.package_identification:_identify(/home/caio/my_arm_def) by extension 'ignore_ament_install'
[0.410s] Level 1:colcon.colcon_core.package_identification:_identify(/home/caio/my_arm_def) by extensions ['colcon_pkg']
[0.410s] Level 1:colcon.colcon_core.package_identification:_identify(/home/caio/my_arm_def) by extension 'colcon_pkg'
[0.410s] Level 1:colcon.colcon_core.package_identification:_identify(/home/caio/my_arm_def) by extensions ['colcon_meta']
[0.410s] Level 1:colcon.colcon_core.package_identification:_identify(/home/caio/my_arm_def) by extension 'colcon_meta'
[0.410s] Level 1:colcon.colcon_core.package_identification:_identify(/home/caio/my_arm_def) by extensions ['ros']
[0.410s] Level 1:colcon.colcon_core.package_identification:_identify(/home/caio/my_arm_def) by extension 'ros'
[0.421s] Level 1:colcon.colcon_core.package_identification:_identify(/home/caio/my_arm_def) by extensions ['cmake', 'python']
[0.421s] Level 1:colcon.colcon_core.package_identification:_identify(/home/caio/my_arm_def) by extension 'cmake'
[0.421s] Level 1:colcon.colcon_core.package_identification:_identify(/home/caio/my_arm_def) by extension 'python'
[0.421s] Level 1:colcon.colcon_core.package_identification:_identify(/home/caio/my_arm_def) by extensions ['python_setup_py']
[0.421s] Level 1:colcon.colcon_core.package_identification:_identify(/home/caio/my_arm_def) by extension 'python_setup_py'
[0.421s] Level 1:colcon.colcon_core.package_identification:_identify(/home/caio/my_arm_def/build) by extensions ['ignore', 'ignore_ament_install']
[0.422s] Level 1:colcon.colcon_core.package_identification:_identify(/home/caio/my_arm_def/build) by extension 'ignore'
[0.422s] Level 1:colcon.colcon_core.package_identification:_identify(/home/caio/my_arm_def/build) ignored
[0.422s] Level 1:colcon.colcon_core.package_identification:_identify(/home/caio/my_arm_def/install) by extensions ['ignore', 'ignore_ament_install']
[0.422s] Level 1:colcon.colcon_core.package_identification:_identify(/home/caio/my_arm_def/install) by extension 'ignore'
[0.422s] Level 1:colcon.colcon_core.package_identification:_identify(/home/caio/my_arm_def/install) ignored
[0.422s] Level 1:colcon.colcon_core.package_identification:_identify(/home/caio/my_arm_def/log) by extensions ['ignore', 'ignore_ament_install']
[0.422s] Level 1:colcon.colcon_core.package_identification:_identify(/home/caio/my_arm_def/log) by extension 'ignore'
[0.422s] Level 1:colcon.colcon_core.package_identification:_identify(/home/caio/my_arm_def/log) ignored
[0.422s] Level 1:colcon.colcon_core.package_identification:_identify(/home/caio/my_arm_def/src) by extensions ['ignore', 'ignore_ament_install']
[0.422s] Level 1:colcon.colcon_core.package_identification:_identify(/home/caio/my_arm_def/src) by extension 'ignore'
[0.422s] Level 1:colcon.colcon_core.package_identification:_identify(/home/caio/my_arm_def/src) by extension 'ignore_ament_install'
[0.423s] Level 1:colcon.colcon_core.package_identification:_identify(/home/caio/my_arm_def/src) by extensions ['colcon_pkg']
[0.423s] Level 1:colcon.colcon_core.package_identification:_identify(/home/caio/my_arm_def/src) by extension 'colcon_pkg'
[0.423s] Level 1:colcon.colcon_core.package_identification:_identify(/home/caio/my_arm_def/src) by extensions ['colcon_meta']
[0.423s] Level 1:colcon.colcon_core.package_identification:_identify(/home/caio/my_arm_def/src) by extension 'colcon_meta'
[0.423s] Level 1:colcon.colcon_core.package_identification:_identify(/home/caio/my_arm_def/src) by extensions ['ros']
[0.423s] Level 1:colcon.colcon_core.package_identification:_identify(/home/caio/my_arm_def/src) by extension 'ros'
[0.423s] Level 1:colcon.colcon_core.package_identification:_identify(/home/caio/my_arm_def/src) by extensions ['cmake', 'python']
[0.423s] Level 1:colcon.colcon_core.package_identification:_identify(/home/caio/my_arm_def/src) by extension 'cmake'
[0.423s] Level 1:colcon.colcon_core.package_identification:_identify(/home/caio/my_arm_def/src) by extension 'python'
[0.423s] Level 1:colcon.colcon_core.package_identification:_identify(/home/caio/my_arm_def/src) by extensions ['python_setup_py']
[0.423s] Level 1:colcon.colcon_core.package_identification:_identify(/home/caio/my_arm_def/src) by extension 'python_setup_py'
[0.423s] Level 1:colcon.colcon_core.package_identification:_identify(/home/caio/my_arm_def/src/my_arm_def_cpp_pkg) by extensions ['ignore', 'ignore_ament_install']
[0.423s] Level 1:colcon.colcon_core.package_identification:_identify(/home/caio/my_arm_def/src/my_arm_def_cpp_pkg) by extension 'ignore'
[0.423s] Level 1:colcon.colcon_core.package_identification:_identify(/home/caio/my_arm_def/src/my_arm_def_cpp_pkg) by extension 'ignore_ament_install'
[0.423s] Level 1:colcon.colcon_core.package_identification:_identify(/home/caio/my_arm_def/src/my_arm_def_cpp_pkg) by extensions ['colcon_pkg']
[0.423s] Level 1:colcon.colcon_core.package_identification:_identify(/home/caio/my_arm_def/src/my_arm_def_cpp_pkg) by extension 'colcon_pkg'
[0.423s] Level 1:colcon.colcon_core.package_identification:_identify(/home/caio/my_arm_def/src/my_arm_def_cpp_pkg) by extensions ['colcon_meta']
[0.424s] Level 1:colcon.colcon_core.package_identification:_identify(/home/caio/my_arm_def/src/my_arm_def_cpp_pkg) by extension 'colcon_meta'
[0.424s] Level 1:colcon.colcon_core.package_identification:_identify(/home/caio/my_arm_def/src/my_arm_def_cpp_pkg) by extensions ['ros']
[0.424s] Level 1:colcon.colcon_core.package_identification:_identify(/home/caio/my_arm_def/src/my_arm_def_cpp_pkg) by extension 'ros'
[0.426s] DEBUG:colcon.colcon_core.package_identification:Package '/home/caio/my_arm_def/src/my_arm_def_cpp_pkg' with type 'ros.ament_cmake' and name 'my_arm_def_cpp_pkg'
[0.426s] Level 1:colcon.colcon_core.package_identification:_identify(/home/caio/my_arm_def/src/my_arm_def_py_pkg) by extensions ['ignore', 'ignore_ament_install']
[0.426s] Level 1:colcon.colcon_core.package_identification:_identify(/home/caio/my_arm_def/src/my_arm_def_py_pkg) by extension 'ignore'
[0.426s] Level 1:colcon.colcon_core.package_identification:_identify(/home/caio/my_arm_def/src/my_arm_def_py_pkg) by extension 'ignore_ament_install'
[0.426s] Level 1:colcon.colcon_core.package_identification:_identify(/home/caio/my_arm_def/src/my_arm_def_py_pkg) by extensions ['colcon_pkg']
[0.426s] Level 1:colcon.colcon_core.package_identification:_identify(/home/caio/my_arm_def/src/my_arm_def_py_pkg) by extension 'colcon_pkg'
[0.426s] Level 1:colcon.colcon_core.package_identification:_identify(/home/caio/my_arm_def/src/my_arm_def_py_pkg) by extensions ['colcon_meta']
[0.427s] Level 1:colcon.colcon_core.package_identification:_identify(/home/caio/my_arm_def/src/my_arm_def_py_pkg) by extension 'colcon_meta'
[0.427s] Level 1:colcon.colcon_core.package_identification:_identify(/home/caio/my_arm_def/src/my_arm_def_py_pkg) by extensions ['ros']
[0.427s] Level 1:colcon.colcon_core.package_identification:_identify(/home/caio/my_arm_def/src/my_arm_def_py_pkg) by extension 'ros'
[0.427s] DEBUG:colcon.colcon_core.package_identification:Package '/home/caio/my_arm_def/src/my_arm_def_py_pkg' with type 'ros.ament_python' and name 'my_arm_def_py_pkg'
[0.427s] Level 1:colcon.colcon_core.package_discovery:discover_packages(recursive) using defaults
