[0.024s] Invoking command in '/home/caio/my_arm_def/build/my_arm_def_interfaces': CMAKE_PREFIX_PATH=${CMAKE_PREFIX_PATH}:/home/caio/ROS2_arm_py/install/ros2_arm_py_pkg:/home/caio/ros2_ws/install/turtlesim_catch_them_all:/home/caio/ros2_ws/install/my_py_pkg:/home/caio/ros2_ws/install/my_arm_py:/home/caio/ros2_ws/install/my_package:/home/caio/ros2_ws/install/big_bazu:/home/caio/ros2_ws/install/bigBazu:/home/caio/turtlebot3_ws/install/turtlebot3_teleop:/home/caio/turtlebot3_ws/install/turtlebot3_example:/home/caio/turtlebot3_ws/install/robot_spawner_pkg:/opt/ros/foxy CONDA_PROMPT_MODIFIER=(base) /usr/bin/cmake --build /home/caio/my_arm_def/build/my_arm_def_interfaces -- -j8 -l8
[0.084s] -- Found ament_cmake: 0.9.8 (/opt/ros/foxy/share/ament_cmake/cmake)
[0.131s] -- Found PythonInterp: /home/caio/anaconda3/bin/python3 (found suitable version "3.8.5", minimum required is "3") 
[0.132s] -- Using PYTHON_EXECUTABLE: /home/caio/anaconda3/bin/python3
[0.464s] -- Found rosidl_default_generators: 1.0.1 (/opt/ros/foxy/share/rosidl_default_generators/cmake)
[0.473s] -- Using all available rosidl_typesupport_c: rosidl_typesupport_fastrtps_c;rosidl_typesupport_introspection_c
[0.476s] -- Found rosidl_adapter: 1.2.1 (/opt/ros/foxy/share/rosidl_adapter/cmake)
[0.665s] -- Using all available rosidl_typesupport_cpp: rosidl_typesupport_fastrtps_cpp;rosidl_typesupport_introspection_cpp
[0.735s] -- Found PythonInterp: /home/caio/anaconda3/bin/python3 (found version "3.8.5") 
[0.967s] -- Found ament_cmake_ros: 0.9.1 (/opt/ros/foxy/share/ament_cmake_ros/cmake)
[1.102s] -- Using all available rosidl_typesupport_c: rosidl_typesupport_fastrtps_c;rosidl_typesupport_introspection_c
[1.138s] -- Using all available rosidl_typesupport_cpp: rosidl_typesupport_fastrtps_cpp;rosidl_typesupport_introspection_cpp
[1.183s] -- Found PythonInterp: /home/caio/anaconda3/bin/python3 (found suitable version "3.8.5", minimum required is "3.5") 
[1.184s] -- Found python_cmake_module: 0.8.1 (/opt/ros/foxy/share/python_cmake_module/cmake)
[1.229s] -- Using PYTHON_EXECUTABLE: /home/caio/anaconda3/bin/python3
[1.229s] -- Using PYTHON_INCLUDE_DIRS: /home/caio/anaconda3/include/python3.8
[1.229s] -- Using PYTHON_LIBRARIES: /home/caio/anaconda3/lib/libpython3.8.so
[1.263s] -- Configuring done
[1.273s] CMake Warning at /opt/ros/foxy/share/rosidl_generator_py/cmake/rosidl_generator_py_generate_interfaces.cmake:235 (add_library):
[1.273s]   Cannot generate a safe runtime search path for target
[1.273s]   my_arm_def_interfaces__rosidl_typesupport_fastrtps_c__pyext because files
[1.273s]   in some directories may conflict with libraries in implicit directories:
[1.274s] 
[1.274s]     runtime library [libssl.so.1.1] in /usr/lib/x86_64-linux-gnu may be hidden by files in:
[1.274s]       /home/caio/anaconda3/lib
[1.274s]     runtime library [libcrypto.so.1.1] in /usr/lib/x86_64-linux-gnu may be hidden by files in:
[1.274s]       /home/caio/anaconda3/lib
[1.274s] 
[1.274s]   Some of these libraries may not be found correctly.
[1.275s] Call Stack (most recent call first):
[1.275s]   /opt/ros/foxy/share/ament_cmake_core/cmake/core/ament_execute_extensions.cmake:48 (include)
[1.275s]   /opt/ros/foxy/share/rosidl_cmake/cmake/rosidl_generate_interfaces.cmake:286 (ament_execute_extensions)
[1.275s]   CMakeLists.txt:17 (rosidl_generate_interfaces)
[1.275s] 
[1.275s] 
[1.295s] -- Generating done
[1.299s] -- Build files have been written to: /home/caio/my_arm_def/build/my_arm_def_interfaces
[1.331s] [35m[1mScanning dependencies of target my_arm_def_interfaces__cpp[0m
[1.337s] [  3%] [34m[1mGenerating C code for ROS interfaces[0m
[1.343s] [  6%] [34m[1mGenerating C++ code for ROS interfaces[0m
[1.763s] [  6%] Built target my_arm_def_interfaces__cpp
[1.774s] [ 12%] [34m[1mGenerating C++ type support for eProsima Fast-RTPS[0m
[1.774s] [ 12%] [34m[1mGenerating C++ introspection for ROS interfaces[0m
[1.774s] [35m[1mScanning dependencies of target my_arm_def_interfaces__rosidl_generator_c[0m
[1.783s] [ 16%] [34m[1mGenerating C++ type support dispatch for ROS interfaces[0m
[1.791s] [ 19%] [32mBuilding C object CMakeFiles/my_arm_def_interfaces__rosidl_generator_c.dir/rosidl_generator_c/my_arm_def_interfaces/srv/detail/send_position__functions.c.o[0m
[1.938s] [ 22%] [32m[1mLinking C shared library libmy_arm_def_interfaces__rosidl_generator_c.so[0m
[2.066s] [ 22%] Built target my_arm_def_interfaces__rosidl_generator_c
[2.081s] [ 29%] [34m[1mGenerating C type support dispatch for ROS interfaces[0m
[2.082s] [ 29%] [34m[1mGenerating C introspection for ROS interfaces[0m
[2.188s] [35m[1mScanning dependencies of target my_arm_def_interfaces__rosidl_typesupport_cpp[0m
[2.210s] [ 32%] [32mBuilding CXX object CMakeFiles/my_arm_def_interfaces__rosidl_typesupport_cpp.dir/rosidl_typesupport_cpp/my_arm_def_interfaces/srv/send_position__type_support.cpp.o[0m
[2.223s] [35m[1mScanning dependencies of target my_arm_def_interfaces__rosidl_typesupport_introspection_cpp[0m
[2.245s] [ 35%] [32mBuilding CXX object CMakeFiles/my_arm_def_interfaces__rosidl_typesupport_introspection_cpp.dir/rosidl_typesupport_introspection_cpp/my_arm_def_interfaces/srv/detail/send_position__type_support.cpp.o[0m
[2.259s] [35m[1mScanning dependencies of target my_arm_def_interfaces__rosidl_typesupport_fastrtps_cpp[0m
[2.292s] [ 38%] [32mBuilding CXX object CMakeFiles/my_arm_def_interfaces__rosidl_typesupport_fastrtps_cpp.dir/rosidl_typesupport_fastrtps_cpp/my_arm_def_interfaces/srv/detail/dds_fastrtps/send_position__type_support.cpp.o[0m
[2.508s] [ 41%] [32m[1mLinking CXX shared library libmy_arm_def_interfaces__rosidl_typesupport_cpp.so[0m
[2.569s] [ 41%] Built target my_arm_def_interfaces__rosidl_typesupport_cpp
[2.599s] [35m[1mScanning dependencies of target my_arm_def_interfaces__rosidl_typesupport_introspection_c[0m
[2.607s] [ 45%] [32m[1mLinking CXX shared library libmy_arm_def_interfaces__rosidl_typesupport_introspection_cpp.so[0m
[2.616s] [ 48%] [32mBuilding C object CMakeFiles/my_arm_def_interfaces__rosidl_typesupport_introspection_c.dir/rosidl_typesupport_introspection_c/my_arm_def_interfaces/srv/detail/send_position__type_support.c.o[0m
[2.642s] [35m[1mScanning dependencies of target my_arm_def_interfaces__rosidl_typesupport_c[0m
[2.663s] [ 51%] [32mBuilding CXX object CMakeFiles/my_arm_def_interfaces__rosidl_typesupport_c.dir/rosidl_typesupport_c/my_arm_def_interfaces/srv/send_position__type_support.cpp.o[0m
[2.665s] [ 54%] [32m[1mLinking C shared library libmy_arm_def_interfaces__rosidl_typesupport_introspection_c.so[0m
[2.701s] [ 58%] [32m[1mLinking CXX shared library libmy_arm_def_interfaces__rosidl_typesupport_c.so[0m
[2.714s] [ 58%] Built target my_arm_def_interfaces__rosidl_typesupport_introspection_c
[2.719s] [ 58%] Built target my_arm_def_interfaces__rosidl_typesupport_introspection_cpp
[2.753s] [ 58%] Built target my_arm_def_interfaces__rosidl_typesupport_c
[2.845s] [ 61%] [32m[1mLinking CXX shared library libmy_arm_def_interfaces__rosidl_typesupport_fastrtps_cpp.so[0m
[2.980s] [ 61%] Built target my_arm_def_interfaces__rosidl_typesupport_fastrtps_cpp
[2.996s] [ 64%] [34m[1mGenerating C type support for eProsima Fast-RTPS[0m
[3.404s] [35m[1mScanning dependencies of target my_arm_def_interfaces__rosidl_typesupport_fastrtps_c[0m
[3.426s] [ 67%] [32mBuilding CXX object CMakeFiles/my_arm_def_interfaces__rosidl_typesupport_fastrtps_c.dir/rosidl_typesupport_fastrtps_c/my_arm_def_interfaces/srv/detail/send_position__type_support_c.cpp.o[0m
[3.750s] [ 70%] [32m[1mLinking CXX shared library libmy_arm_def_interfaces__rosidl_typesupport_fastrtps_c.so[0m
[3.894s] [ 70%] Built target my_arm_def_interfaces__rosidl_typesupport_fastrtps_c
[3.934s] [ 70%] Built target my_arm_def_interfaces
[3.954s] [35m[1mScanning dependencies of target my_arm_def_interfaces__py[0m
[3.977s] [ 74%] [34m[1mGenerating Python code for ROS interfaces[0m
[4.626s] [ 74%] Built target my_arm_def_interfaces__py
[4.646s] [35m[1mScanning dependencies of target my_arm_def_interfaces__python[0m
[4.671s] [ 77%] [32mBuilding C object CMakeFiles/my_arm_def_interfaces__python.dir/rosidl_generator_py/my_arm_def_interfaces/srv/_send_position_s.c.o[0m
[4.796s] [ 80%] [32m[1mLinking C shared library rosidl_generator_py/my_arm_def_interfaces/libmy_arm_def_interfaces__python.so[0m
[4.860s] [ 80%] Built target my_arm_def_interfaces__python
[4.874s] [35m[1mScanning dependencies of target my_arm_def_interfaces__rosidl_typesupport_fastrtps_c__pyext[0m
[4.879s] [35m[1mScanning dependencies of target my_arm_def_interfaces__rosidl_typesupport_c__pyext[0m
[4.882s] [35m[1mScanning dependencies of target my_arm_def_interfaces__rosidl_typesupport_introspection_c__pyext[0m
[4.896s] [ 83%] [32mBuilding C object CMakeFiles/my_arm_def_interfaces__rosidl_typesupport_c__pyext.dir/rosidl_generator_py/my_arm_def_interfaces/_my_arm_def_interfaces_s.ep.rosidl_typesupport_c.c.o[0m
[4.897s] [ 87%] [32mBuilding C object CMakeFiles/my_arm_def_interfaces__rosidl_typesupport_fastrtps_c__pyext.dir/rosidl_generator_py/my_arm_def_interfaces/_my_arm_def_interfaces_s.ep.rosidl_typesupport_fastrtps_c.c.o[0m
[4.899s] [ 90%] [32mBuilding C object CMakeFiles/my_arm_def_interfaces__rosidl_typesupport_introspection_c__pyext.dir/rosidl_generator_py/my_arm_def_interfaces/_my_arm_def_interfaces_s.ep.rosidl_typesupport_introspection_c.c.o[0m
[4.986s] [ 93%] [32m[1mLinking C shared library rosidl_generator_py/my_arm_def_interfaces/my_arm_def_interfaces_s__rosidl_typesupport_c.cpython-38-x86_64-linux-gnu.so[0m
[5.000s] [ 96%] [32m[1mLinking C shared library rosidl_generator_py/my_arm_def_interfaces/my_arm_def_interfaces_s__rosidl_typesupport_introspection_c.cpython-38-x86_64-linux-gnu.so[0m
[5.013s] [100%] [32m[1mLinking CXX shared library rosidl_generator_py/my_arm_def_interfaces/my_arm_def_interfaces_s__rosidl_typesupport_fastrtps_c.cpython-38-x86_64-linux-gnu.so[0m
[5.041s] [100%] Built target my_arm_def_interfaces__rosidl_typesupport_c__pyext
[5.047s] [100%] Built target my_arm_def_interfaces__rosidl_typesupport_introspection_c__pyext
[5.097s] [100%] Built target my_arm_def_interfaces__rosidl_typesupport_fastrtps_c__pyext
[5.116s] Invoked command in '/home/caio/my_arm_def/build/my_arm_def_interfaces' returned '0': CMAKE_PREFIX_PATH=${CMAKE_PREFIX_PATH}:/home/caio/ROS2_arm_py/install/ros2_arm_py_pkg:/home/caio/ros2_ws/install/turtlesim_catch_them_all:/home/caio/ros2_ws/install/my_py_pkg:/home/caio/ros2_ws/install/my_arm_py:/home/caio/ros2_ws/install/my_package:/home/caio/ros2_ws/install/big_bazu:/home/caio/ros2_ws/install/bigBazu:/home/caio/turtlebot3_ws/install/turtlebot3_teleop:/home/caio/turtlebot3_ws/install/turtlebot3_example:/home/caio/turtlebot3_ws/install/robot_spawner_pkg:/opt/ros/foxy CONDA_PROMPT_MODIFIER=(base) /usr/bin/cmake --build /home/caio/my_arm_def/build/my_arm_def_interfaces -- -j8 -l8
[5.249s] Invoking command in '/home/caio/my_arm_def/build/my_arm_def_interfaces': CMAKE_PREFIX_PATH=${CMAKE_PREFIX_PATH}:/home/caio/ROS2_arm_py/install/ros2_arm_py_pkg:/home/caio/ros2_ws/install/turtlesim_catch_them_all:/home/caio/ros2_ws/install/my_py_pkg:/home/caio/ros2_ws/install/my_arm_py:/home/caio/ros2_ws/install/my_package:/home/caio/ros2_ws/install/big_bazu:/home/caio/ros2_ws/install/bigBazu:/home/caio/turtlebot3_ws/install/turtlebot3_teleop:/home/caio/turtlebot3_ws/install/turtlebot3_example:/home/caio/turtlebot3_ws/install/robot_spawner_pkg:/opt/ros/foxy CONDA_PROMPT_MODIFIER=(base) /usr/bin/cmake --install /home/caio/my_arm_def/build/my_arm_def_interfaces
[5.268s] -- Install configuration: ""
[5.268s] -- Installing: /home/caio/my_arm_def/install/my_arm_def_interfaces/share/ament_index/resource_index/rosidl_interfaces/my_arm_def_interfaces
[5.269s] -- Up-to-date: /home/caio/my_arm_def/install/my_arm_def_interfaces/include/my_arm_def_interfaces
[5.269s] -- Installing: /home/caio/my_arm_def/install/my_arm_def_interfaces/include/my_arm_def_interfaces/srv
[5.269s] -- Installing: /home/caio/my_arm_def/install/my_arm_def_interfaces/include/my_arm_def_interfaces/srv/detail
[5.269s] -- Installing: /home/caio/my_arm_def/install/my_arm_def_interfaces/include/my_arm_def_interfaces/srv/detail/send_position__struct.h
[5.269s] -- Installing: /home/caio/my_arm_def/install/my_arm_def_interfaces/include/my_arm_def_interfaces/srv/detail/send_position__functions.c
[5.270s] -- Installing: /home/caio/my_arm_def/install/my_arm_def_interfaces/include/my_arm_def_interfaces/srv/detail/send_position__type_support.h
[5.270s] -- Installing: /home/caio/my_arm_def/install/my_arm_def_interfaces/include/my_arm_def_interfaces/srv/detail/send_position__functions.h
[5.270s] -- Installing: /home/caio/my_arm_def/install/my_arm_def_interfaces/include/my_arm_def_interfaces/srv/send_position.h
[5.270s] -- Up-to-date: /home/caio/my_arm_def/install/my_arm_def_interfaces/include/my_arm_def_interfaces/msg
[5.270s] -- Up-to-date: /home/caio/my_arm_def/install/my_arm_def_interfaces/include/my_arm_def_interfaces/msg/rosidl_generator_c__visibility_control.h
[5.271s] -- Up-to-date: /home/caio/my_arm_def/install/my_arm_def_interfaces/include/my_arm_def_interfaces/msg/detail
[5.271s] -- Up-to-date: /home/caio/my_arm_def/install/my_arm_def_interfaces/include/my_arm_def_interfaces/msg/detail/hardware_status__struct.h
[5.271s] -- Up-to-date: /home/caio/my_arm_def/install/my_arm_def_interfaces/include/my_arm_def_interfaces/msg/detail/hardware_status__functions.h
[5.271s] -- Up-to-date: /home/caio/my_arm_def/install/my_arm_def_interfaces/include/my_arm_def_interfaces/msg/detail/hardware_status__type_support.h
[5.271s] -- Up-to-date: /home/caio/my_arm_def/install/my_arm_def_interfaces/include/my_arm_def_interfaces/msg/detail/hardware_status__functions.c
[5.271s] -- Up-to-date: /home/caio/my_arm_def/install/my_arm_def_interfaces/include/my_arm_def_interfaces/msg/hardware_status.h
[5.272s] -- Up-to-date: /home/caio/my_arm_def/install/my_arm_def_interfaces/share/my_arm_def_interfaces/environment/library_path.sh
[5.272s] -- Installing: /home/caio/my_arm_def/install/my_arm_def_interfaces/share/my_arm_def_interfaces/environment/library_path.dsv
[5.272s] -- Installing: /home/caio/my_arm_def/install/my_arm_def_interfaces/lib/libmy_arm_def_interfaces__rosidl_generator_c.so
[5.272s] -- Set runtime path of "/home/caio/my_arm_def/install/my_arm_def_interfaces/lib/libmy_arm_def_interfaces__rosidl_generator_c.so" to ""
[5.272s] -- Up-to-date: /home/caio/my_arm_def/install/my_arm_def_interfaces/include/my_arm_def_interfaces
[5.272s] -- Up-to-date: /home/caio/my_arm_def/install/my_arm_def_interfaces/include/my_arm_def_interfaces/srv
[5.273s] -- Up-to-date: /home/caio/my_arm_def/install/my_arm_def_interfaces/include/my_arm_def_interfaces/srv/detail
[5.273s] -- Installing: /home/caio/my_arm_def/install/my_arm_def_interfaces/include/my_arm_def_interfaces/srv/detail/send_position__rosidl_typesupport_fastrtps_c.h
[5.273s] -- Up-to-date: /home/caio/my_arm_def/install/my_arm_def_interfaces/include/my_arm_def_interfaces/msg
[5.273s] -- Up-to-date: /home/caio/my_arm_def/install/my_arm_def_interfaces/include/my_arm_def_interfaces/msg/detail
[5.273s] -- Up-to-date: /home/caio/my_arm_def/install/my_arm_def_interfaces/include/my_arm_def_interfaces/msg/detail/hardware_status__rosidl_typesupport_fastrtps_c.h
[5.273s] -- Up-to-date: /home/caio/my_arm_def/install/my_arm_def_interfaces/include/my_arm_def_interfaces/msg/rosidl_typesupport_fastrtps_c__visibility_control.h
[5.273s] -- Installing: /home/caio/my_arm_def/install/my_arm_def_interfaces/lib/libmy_arm_def_interfaces__rosidl_typesupport_fastrtps_c.so
[5.274s] -- Set runtime path of "/home/caio/my_arm_def/install/my_arm_def_interfaces/lib/libmy_arm_def_interfaces__rosidl_typesupport_fastrtps_c.so" to ""
[5.274s] -- Up-to-date: /home/caio/my_arm_def/install/my_arm_def_interfaces/include/my_arm_def_interfaces
[5.274s] -- Up-to-date: /home/caio/my_arm_def/install/my_arm_def_interfaces/include/my_arm_def_interfaces/srv
[5.274s] -- Up-to-date: /home/caio/my_arm_def/install/my_arm_def_interfaces/include/my_arm_def_interfaces/srv/detail
[5.274s] -- Installing: /home/caio/my_arm_def/install/my_arm_def_interfaces/include/my_arm_def_interfaces/srv/detail/dds_fastrtps
[5.275s] -- Installing: /home/caio/my_arm_def/install/my_arm_def_interfaces/include/my_arm_def_interfaces/srv/detail/send_position__rosidl_typesupport_fastrtps_cpp.hpp
[5.275s] -- Up-to-date: /home/caio/my_arm_def/install/my_arm_def_interfaces/include/my_arm_def_interfaces/msg
[5.275s] -- Up-to-date: /home/caio/my_arm_def/install/my_arm_def_interfaces/include/my_arm_def_interfaces/msg/rosidl_typesupport_fastrtps_cpp__visibility_control.h
[5.275s] -- Up-to-date: /home/caio/my_arm_def/install/my_arm_def_interfaces/include/my_arm_def_interfaces/msg/detail
[5.275s] -- Up-to-date: /home/caio/my_arm_def/install/my_arm_def_interfaces/include/my_arm_def_interfaces/msg/detail/hardware_status__rosidl_typesupport_fastrtps_cpp.hpp
[5.275s] -- Up-to-date: /home/caio/my_arm_def/install/my_arm_def_interfaces/include/my_arm_def_interfaces/msg/detail/dds_fastrtps
[5.276s] -- Installing: /home/caio/my_arm_def/install/my_arm_def_interfaces/lib/libmy_arm_def_interfaces__rosidl_typesupport_fastrtps_cpp.so
[5.276s] -- Set runtime path of "/home/caio/my_arm_def/install/my_arm_def_interfaces/lib/libmy_arm_def_interfaces__rosidl_typesupport_fastrtps_cpp.so" to ""
[5.276s] -- Up-to-date: /home/caio/my_arm_def/install/my_arm_def_interfaces/include/my_arm_def_interfaces
[5.276s] -- Up-to-date: /home/caio/my_arm_def/install/my_arm_def_interfaces/include/my_arm_def_interfaces/srv
[5.276s] -- Up-to-date: /home/caio/my_arm_def/install/my_arm_def_interfaces/include/my_arm_def_interfaces/srv/detail
[5.276s] -- Installing: /home/caio/my_arm_def/install/my_arm_def_interfaces/include/my_arm_def_interfaces/srv/detail/send_position__rosidl_typesupport_introspection_c.h
[5.277s] -- Installing: /home/caio/my_arm_def/install/my_arm_def_interfaces/include/my_arm_def_interfaces/srv/detail/send_position__type_support.c
[5.277s] -- Up-to-date: /home/caio/my_arm_def/install/my_arm_def_interfaces/include/my_arm_def_interfaces/msg
[5.277s] -- Up-to-date: /home/caio/my_arm_def/install/my_arm_def_interfaces/include/my_arm_def_interfaces/msg/rosidl_typesupport_introspection_c__visibility_control.h
[5.277s] -- Up-to-date: /home/caio/my_arm_def/install/my_arm_def_interfaces/include/my_arm_def_interfaces/msg/detail
[5.277s] -- Up-to-date: /home/caio/my_arm_def/install/my_arm_def_interfaces/include/my_arm_def_interfaces/msg/detail/hardware_status__type_support.c
[5.277s] -- Up-to-date: /home/caio/my_arm_def/install/my_arm_def_interfaces/include/my_arm_def_interfaces/msg/detail/hardware_status__rosidl_typesupport_introspection_c.h
[5.277s] -- Installing: /home/caio/my_arm_def/install/my_arm_def_interfaces/lib/libmy_arm_def_interfaces__rosidl_typesupport_introspection_c.so
[5.278s] -- Set runtime path of "/home/caio/my_arm_def/install/my_arm_def_interfaces/lib/libmy_arm_def_interfaces__rosidl_typesupport_introspection_c.so" to ""
[5.278s] -- Installing: /home/caio/my_arm_def/install/my_arm_def_interfaces/lib/libmy_arm_def_interfaces__rosidl_typesupport_c.so
[5.278s] -- Set runtime path of "/home/caio/my_arm_def/install/my_arm_def_interfaces/lib/libmy_arm_def_interfaces__rosidl_typesupport_c.so" to ""
[5.278s] -- Up-to-date: /home/caio/my_arm_def/install/my_arm_def_interfaces/include/my_arm_def_interfaces
[5.278s] -- Up-to-date: /home/caio/my_arm_def/install/my_arm_def_interfaces/include/my_arm_def_interfaces/srv
[5.278s] -- Installing: /home/caio/my_arm_def/install/my_arm_def_interfaces/include/my_arm_def_interfaces/srv/send_position.hpp
[5.278s] -- Up-to-date: /home/caio/my_arm_def/install/my_arm_def_interfaces/include/my_arm_def_interfaces/srv/detail
[5.279s] -- Installing: /home/caio/my_arm_def/install/my_arm_def_interfaces/include/my_arm_def_interfaces/srv/detail/send_position__builder.hpp
[5.279s] -- Installing: /home/caio/my_arm_def/install/my_arm_def_interfaces/include/my_arm_def_interfaces/srv/detail/send_position__struct.hpp
[5.279s] -- Installing: /home/caio/my_arm_def/install/my_arm_def_interfaces/include/my_arm_def_interfaces/srv/detail/send_position__traits.hpp
[5.279s] -- Up-to-date: /home/caio/my_arm_def/install/my_arm_def_interfaces/include/my_arm_def_interfaces/msg
[5.279s] -- Up-to-date: /home/caio/my_arm_def/install/my_arm_def_interfaces/include/my_arm_def_interfaces/msg/hardware_status.hpp
[5.279s] -- Up-to-date: /home/caio/my_arm_def/install/my_arm_def_interfaces/include/my_arm_def_interfaces/msg/detail
[5.279s] -- Up-to-date: /home/caio/my_arm_def/install/my_arm_def_interfaces/include/my_arm_def_interfaces/msg/detail/hardware_status__traits.hpp
[5.280s] -- Up-to-date: /home/caio/my_arm_def/install/my_arm_def_interfaces/include/my_arm_def_interfaces/msg/detail/hardware_status__builder.hpp
[5.280s] -- Up-to-date: /home/caio/my_arm_def/install/my_arm_def_interfaces/include/my_arm_def_interfaces/msg/detail/hardware_status__struct.hpp
[5.280s] -- Up-to-date: /home/caio/my_arm_def/install/my_arm_def_interfaces/include/my_arm_def_interfaces
[5.280s] -- Up-to-date: /home/caio/my_arm_def/install/my_arm_def_interfaces/include/my_arm_def_interfaces/srv
[5.280s] -- Up-to-date: /home/caio/my_arm_def/install/my_arm_def_interfaces/include/my_arm_def_interfaces/srv/detail
[5.280s] -- Installing: /home/caio/my_arm_def/install/my_arm_def_interfaces/include/my_arm_def_interfaces/srv/detail/send_position__rosidl_typesupport_introspection_cpp.hpp
[5.281s] -- Installing: /home/caio/my_arm_def/install/my_arm_def_interfaces/include/my_arm_def_interfaces/srv/detail/send_position__type_support.cpp
[5.281s] -- Up-to-date: /home/caio/my_arm_def/install/my_arm_def_interfaces/include/my_arm_def_interfaces/msg
[5.281s] -- Up-to-date: /home/caio/my_arm_def/install/my_arm_def_interfaces/include/my_arm_def_interfaces/msg/detail
[5.281s] -- Up-to-date: /home/caio/my_arm_def/install/my_arm_def_interfaces/include/my_arm_def_interfaces/msg/detail/hardware_status__rosidl_typesupport_introspection_cpp.hpp
[5.281s] -- Up-to-date: /home/caio/my_arm_def/install/my_arm_def_interfaces/include/my_arm_def_interfaces/msg/detail/hardware_status__type_support.cpp
[5.281s] -- Installing: /home/caio/my_arm_def/install/my_arm_def_interfaces/lib/libmy_arm_def_interfaces__rosidl_typesupport_introspection_cpp.so
[5.281s] -- Set runtime path of "/home/caio/my_arm_def/install/my_arm_def_interfaces/lib/libmy_arm_def_interfaces__rosidl_typesupport_introspection_cpp.so" to ""
[5.281s] -- Installing: /home/caio/my_arm_def/install/my_arm_def_interfaces/lib/libmy_arm_def_interfaces__rosidl_typesupport_cpp.so
[5.282s] -- Set runtime path of "/home/caio/my_arm_def/install/my_arm_def_interfaces/lib/libmy_arm_def_interfaces__rosidl_typesupport_cpp.so" to ""
[5.282s] -- Up-to-date: /home/caio/my_arm_def/install/my_arm_def_interfaces/share/my_arm_def_interfaces/environment/pythonpath.sh
[5.282s] -- Installing: /home/caio/my_arm_def/install/my_arm_def_interfaces/share/my_arm_def_interfaces/environment/pythonpath.dsv
[5.282s] -- Installing: /home/caio/my_arm_def/install/my_arm_def_interfaces/lib/python3.8/site-packages/my_arm_def_interfaces/__init__.py
[5.328s] Compiling '/home/caio/my_arm_def/install/my_arm_def_interfaces/lib/python3.8/site-packages/my_arm_def_interfaces/__init__.py'...
[5.333s] -- Installing: /home/caio/my_arm_def/install/my_arm_def_interfaces/lib/python3.8/site-packages/my_arm_def_interfaces/srv
[5.333s] -- Installing: /home/caio/my_arm_def/install/my_arm_def_interfaces/lib/python3.8/site-packages/my_arm_def_interfaces/srv/__init__.py
[5.333s] -- Installing: /home/caio/my_arm_def/install/my_arm_def_interfaces/lib/python3.8/site-packages/my_arm_def_interfaces/srv/_send_position_s.c
[5.333s] -- Installing: /home/caio/my_arm_def/install/my_arm_def_interfaces/lib/python3.8/site-packages/my_arm_def_interfaces/srv/_send_position.py
[5.335s] -- Installing: /home/caio/my_arm_def/install/my_arm_def_interfaces/lib/python3.8/site-packages/my_arm_def_interfaces/my_arm_def_interfaces_s__rosidl_typesupport_fastrtps_c.cpython-38-x86_64-linux-gnu.so
[5.336s] -- Set runtime path of "/home/caio/my_arm_def/install/my_arm_def_interfaces/lib/python3.8/site-packages/my_arm_def_interfaces/my_arm_def_interfaces_s__rosidl_typesupport_fastrtps_c.cpython-38-x86_64-linux-gnu.so" to ""
[5.337s] -- Installing: /home/caio/my_arm_def/install/my_arm_def_interfaces/lib/python3.8/site-packages/my_arm_def_interfaces/my_arm_def_interfaces_s__rosidl_typesupport_introspection_c.cpython-38-x86_64-linux-gnu.so
[5.338s] -- Set runtime path of "/home/caio/my_arm_def/install/my_arm_def_interfaces/lib/python3.8/site-packages/my_arm_def_interfaces/my_arm_def_interfaces_s__rosidl_typesupport_introspection_c.cpython-38-x86_64-linux-gnu.so" to ""
[5.339s] -- Installing: /home/caio/my_arm_def/install/my_arm_def_interfaces/lib/python3.8/site-packages/my_arm_def_interfaces/my_arm_def_interfaces_s__rosidl_typesupport_c.cpython-38-x86_64-linux-gnu.so
[5.340s] -- Set runtime path of "/home/caio/my_arm_def/install/my_arm_def_interfaces/lib/python3.8/site-packages/my_arm_def_interfaces/my_arm_def_interfaces_s__rosidl_typesupport_c.cpython-38-x86_64-linux-gnu.so" to ""
[5.341s] -- Installing: /home/caio/my_arm_def/install/my_arm_def_interfaces/lib/libmy_arm_def_interfaces__python.so
[5.342s] -- Set runtime path of "/home/caio/my_arm_def/install/my_arm_def_interfaces/lib/libmy_arm_def_interfaces__python.so" to ""
[5.342s] -- Installing: /home/caio/my_arm_def/install/my_arm_def_interfaces/share/my_arm_def_interfaces/srv/SendPosition.idl
[5.342s] -- Installing: /home/caio/my_arm_def/install/my_arm_def_interfaces/share/my_arm_def_interfaces/srv/SendPosition.srv
[5.342s] -- Installing: /home/caio/my_arm_def/install/my_arm_def_interfaces/share/my_arm_def_interfaces/srv/SendPosition_Request.msg
[5.343s] -- Installing: /home/caio/my_arm_def/install/my_arm_def_interfaces/share/my_arm_def_interfaces/srv/SendPosition_Response.msg
[5.343s] -- Up-to-date: /home/caio/my_arm_def/install/my_arm_def_interfaces/share/ament_index/resource_index/package_run_dependencies/my_arm_def_interfaces
[5.343s] -- Up-to-date: /home/caio/my_arm_def/install/my_arm_def_interfaces/share/ament_index/resource_index/parent_prefix_path/my_arm_def_interfaces
[5.344s] -- Up-to-date: /home/caio/my_arm_def/install/my_arm_def_interfaces/share/my_arm_def_interfaces/environment/ament_prefix_path.sh
[5.344s] -- Installing: /home/caio/my_arm_def/install/my_arm_def_interfaces/share/my_arm_def_interfaces/environment/ament_prefix_path.dsv
[5.344s] -- Up-to-date: /home/caio/my_arm_def/install/my_arm_def_interfaces/share/my_arm_def_interfaces/environment/path.sh
[5.344s] -- Installing: /home/caio/my_arm_def/install/my_arm_def_interfaces/share/my_arm_def_interfaces/environment/path.dsv
[5.345s] -- Up-to-date: /home/caio/my_arm_def/install/my_arm_def_interfaces/share/my_arm_def_interfaces/local_setup.bash
[5.345s] -- Up-to-date: /home/caio/my_arm_def/install/my_arm_def_interfaces/share/my_arm_def_interfaces/local_setup.sh
[5.345s] -- Up-to-date: /home/caio/my_arm_def/install/my_arm_def_interfaces/share/my_arm_def_interfaces/local_setup.zsh
[5.345s] -- Installing: /home/caio/my_arm_def/install/my_arm_def_interfaces/share/my_arm_def_interfaces/local_setup.dsv
[5.346s] -- Installing: /home/caio/my_arm_def/install/my_arm_def_interfaces/share/my_arm_def_interfaces/package.dsv
[5.346s] -- Up-to-date: /home/caio/my_arm_def/install/my_arm_def_interfaces/share/ament_index/resource_index/packages/my_arm_def_interfaces
[5.346s] -- Up-to-date: /home/caio/my_arm_def/install/my_arm_def_interfaces/share/my_arm_def_interfaces/cmake/my_arm_def_interfaces__rosidl_generator_cExport.cmake
[5.346s] -- Installing: /home/caio/my_arm_def/install/my_arm_def_interfaces/share/my_arm_def_interfaces/cmake/my_arm_def_interfaces__rosidl_generator_cExport-noconfig.cmake
[5.347s] -- Up-to-date: /home/caio/my_arm_def/install/my_arm_def_interfaces/share/my_arm_def_interfaces/cmake/my_arm_def_interfaces__rosidl_typesupport_introspection_cExport.cmake
[5.347s] -- Installing: /home/caio/my_arm_def/install/my_arm_def_interfaces/share/my_arm_def_interfaces/cmake/my_arm_def_interfaces__rosidl_typesupport_introspection_cExport-noconfig.cmake
[5.347s] -- Up-to-date: /home/caio/my_arm_def/install/my_arm_def_interfaces/share/my_arm_def_interfaces/cmake/my_arm_def_interfaces__rosidl_typesupport_cExport.cmake
[5.348s] -- Installing: /home/caio/my_arm_def/install/my_arm_def_interfaces/share/my_arm_def_interfaces/cmake/my_arm_def_interfaces__rosidl_typesupport_cExport-noconfig.cmake
[5.348s] -- Up-to-date: /home/caio/my_arm_def/install/my_arm_def_interfaces/share/my_arm_def_interfaces/cmake/my_arm_def_interfaces__rosidl_generator_cppExport.cmake
[5.349s] -- Up-to-date: /home/caio/my_arm_def/install/my_arm_def_interfaces/share/my_arm_def_interfaces/cmake/my_arm_def_interfaces__rosidl_typesupport_introspection_cppExport.cmake
[5.349s] -- Installing: /home/caio/my_arm_def/install/my_arm_def_interfaces/share/my_arm_def_interfaces/cmake/my_arm_def_interfaces__rosidl_typesupport_introspection_cppExport-noconfig.cmake
[5.349s] -- Up-to-date: /home/caio/my_arm_def/install/my_arm_def_interfaces/share/my_arm_def_interfaces/cmake/my_arm_def_interfaces__rosidl_typesupport_cppExport.cmake
[5.349s] -- Installing: /home/caio/my_arm_def/install/my_arm_def_interfaces/share/my_arm_def_interfaces/cmake/my_arm_def_interfaces__rosidl_typesupport_cppExport-noconfig.cmake
[5.349s] -- Installing: /home/caio/my_arm_def/install/my_arm_def_interfaces/share/my_arm_def_interfaces/cmake/rosidl_cmake-extras.cmake
[5.350s] -- Up-to-date: /home/caio/my_arm_def/install/my_arm_def_interfaces/share/my_arm_def_interfaces/cmake/ament_cmake_export_dependencies-extras.cmake
[5.350s] -- Up-to-date: /home/caio/my_arm_def/install/my_arm_def_interfaces/share/my_arm_def_interfaces/cmake/ament_cmake_export_libraries-extras.cmake
[5.350s] -- Up-to-date: /home/caio/my_arm_def/install/my_arm_def_interfaces/share/my_arm_def_interfaces/cmake/ament_cmake_export_targets-extras.cmake
[5.350s] -- Up-to-date: /home/caio/my_arm_def/install/my_arm_def_interfaces/share/my_arm_def_interfaces/cmake/ament_cmake_export_include_directories-extras.cmake
[5.350s] -- Up-to-date: /home/caio/my_arm_def/install/my_arm_def_interfaces/share/my_arm_def_interfaces/cmake/rosidl_cmake_export_typesupport_libraries-extras.cmake
[5.350s] -- Up-to-date: /home/caio/my_arm_def/install/my_arm_def_interfaces/share/my_arm_def_interfaces/cmake/rosidl_cmake_export_typesupport_targets-extras.cmake
[5.350s] -- Up-to-date: /home/caio/my_arm_def/install/my_arm_def_interfaces/share/my_arm_def_interfaces/cmake/my_arm_def_interfacesConfig.cmake
[5.350s] -- Up-to-date: /home/caio/my_arm_def/install/my_arm_def_interfaces/share/my_arm_def_interfaces/cmake/my_arm_def_interfacesConfig-version.cmake
[5.350s] -- Up-to-date: /home/caio/my_arm_def/install/my_arm_def_interfaces/share/my_arm_def_interfaces/package.xml
[5.354s] Invoked command in '/home/caio/my_arm_def/build/my_arm_def_interfaces' returned '0': CMAKE_PREFIX_PATH=${CMAKE_PREFIX_PATH}:/home/caio/ROS2_arm_py/install/ros2_arm_py_pkg:/home/caio/ros2_ws/install/turtlesim_catch_them_all:/home/caio/ros2_ws/install/my_py_pkg:/home/caio/ros2_ws/install/my_arm_py:/home/caio/ros2_ws/install/my_package:/home/caio/ros2_ws/install/big_bazu:/home/caio/ros2_ws/install/bigBazu:/home/caio/turtlebot3_ws/install/turtlebot3_teleop:/home/caio/turtlebot3_ws/install/turtlebot3_example:/home/caio/turtlebot3_ws/install/robot_spawner_pkg:/opt/ros/foxy CONDA_PROMPT_MODIFIER=(base) /usr/bin/cmake --install /home/caio/my_arm_def/build/my_arm_def_interfaces
