[0.088s] Invoking command in '/home/caio/my_arm_def/build/my_arm_def_cpp_pkg': CMAKE_PREFIX_PATH=${CMAKE_PREFIX_PATH}:/home/caio/my_arm_def/install/my_arm_def_py_pkg:/home/caio/ROS2_arm_py/install/ros2_arm_py_pkg:/home/caio/ros2_ws/install/turtlesim_catch_them_all:/home/caio/ros2_ws/install/my_py_pkg:/home/caio/ros2_ws/install/my_arm_py:/home/caio/ros2_ws/install/my_package:/home/caio/ros2_ws/install/big_bazu:/home/caio/ros2_ws/install/bigBazu:/home/caio/turtlebot3_ws/install/turtlebot3_teleop:/home/caio/turtlebot3_ws/install/turtlebot3_example:/home/caio/turtlebot3_ws/install/robot_spawner_pkg:/opt/ros/foxy CONDA_PROMPT_MODIFIER=(base) /usr/bin/cmake --build /home/caio/my_arm_def/build/my_arm_def_cpp_pkg -- -j8 -l8
[0.755s] -- Found ament_cmake: 0.9.8 (/opt/ros/foxy/share/ament_cmake/cmake)
[0.844s] -- Using PYTHON_EXECUTABLE: /home/caio/anaconda3/bin/python3
[5.320s] -- Found gazebo_dev: 3.5.3 (/opt/ros/foxy/share/gazebo_dev/cmake)
[5.497s] -- Found PkgConfig: /usr/bin/pkg-config (found version "0.29.1") 
[5.585s] -- Checking for module 'bullet>=2.82'
[5.919s] --   Found bullet, version 2.88
[6.372s] -- Found ccd: /usr/include (found suitable version "2.0", minimum required is "2.0") 
[6.554s] -- Found fcl: /usr/include (found suitable version "0.5.0", minimum required is "0.3.2") 
[6.705s] -- Found assimp: /usr/include (found version "5.0.0") 
[7.242s] -- Found DART: /usr/include (Required is at least version "6.6") found components: dart 
[7.422s] -- Found Boost: /usr/lib/x86_64-linux-gnu/cmake/Boost-1.71.0/BoostConfig.cmake (found suitable version "1.71.0", minimum required is "1.40.0") found components: thread system filesystem program_options regex iostreams date_time 
[7.615s] -- Found Protobuf: /usr/lib/x86_64-linux-gnu/libprotobuf.so;-lpthread (found version "3.6.1") 
[7.703s] -- Looking for ignition-math6 -- found version 6.8.0
[7.887s] -- Searching for dependencies of ignition-math6
[7.891s] -- Looking for OGRE...
[7.891s] -- OGRE_PREFIX_WATCH changed.
[7.898s] -- Checking for module 'OGRE'
[7.934s] --   Found OGRE, version 1.9.0
[8.063s] -- Found Ogre Ghadamon (1.9.0)
[8.104s] -- Found OGRE: optimized;/usr/lib/x86_64-linux-gnu/libOgreMain.so;debug;/usr/lib/x86_64-linux-gnu/libOgreMain.so
[8.114s] -- Looking for OGRE_Paging...
[8.129s] -- Found OGRE_Paging: optimized;/usr/lib/x86_64-linux-gnu/libOgrePaging.so;debug;/usr/lib/x86_64-linux-gnu/libOgrePaging.so
[8.129s] -- Looking for OGRE_Terrain...
[8.140s] -- Found OGRE_Terrain: optimized;/usr/lib/x86_64-linux-gnu/libOgreTerrain.so;debug;/usr/lib/x86_64-linux-gnu/libOgreTerrain.so
[8.140s] -- Looking for OGRE_Property...
[8.157s] -- Found OGRE_Property: optimized;/usr/lib/x86_64-linux-gnu/libOgreProperty.so;debug;/usr/lib/x86_64-linux-gnu/libOgreProperty.so
[8.157s] -- Looking for OGRE_RTShaderSystem...
[8.174s] -- Found OGRE_RTShaderSystem: optimized;/usr/lib/x86_64-linux-gnu/libOgreRTShaderSystem.so;debug;/usr/lib/x86_64-linux-gnu/libOgreRTShaderSystem.so
[8.174s] -- Looking for OGRE_Volume...
[8.187s] -- Found OGRE_Volume: optimized;/usr/lib/x86_64-linux-gnu/libOgreVolume.so;debug;/usr/lib/x86_64-linux-gnu/libOgreVolume.so
[8.187s] -- Looking for OGRE_Overlay...
[8.199s] -- Found OGRE_Overlay: optimized;/usr/lib/x86_64-linux-gnu/libOgreOverlay.so;debug;/usr/lib/x86_64-linux-gnu/libOgreOverlay.so
[8.526s] -- Looking for ignition-math6 -- found version 6.8.0
[8.554s] -- Looking for ignition-transport8 -- found version 8.2.0
[8.556s] -- Searching for dependencies of ignition-transport8
[8.586s] -- Found Protobuf: /usr/lib/x86_64-linux-gnu/libprotobuf.so;-lpthread (found suitable version "3.6.1", minimum required is "3") 
[8.738s] -- Checking for module 'uuid'
[8.789s] --   Found uuid, version 2.34.0
[8.877s] -- Found UUID: TRUE  
[8.899s] -- Looking for ignition-msgs5 -- found version 5.7.0
[8.900s] -- Searching for dependencies of ignition-msgs5
[8.935s] -- Looking for ignition-math6 -- found version 6.8.0
[8.945s] -- Checking for module 'tinyxml2'
[8.998s] --   Found tinyxml2, version 6.2.0
[9.099s] -- Looking for ignition-msgs5 -- found version 5.7.0
[9.133s] -- Looking for ignition-common3 -- found version 3.13.2
[9.134s] -- Searching for dependencies of ignition-common3
[9.136s] -- Looking for dlfcn.h - found
[9.140s] -- Looking for libdl - found
[9.144s] -- Found DL: TRUE  
[9.153s] -- Searching for <ignition-common3> component [graphics]
[9.246s] -- Looking for ignition-common3-graphics -- found version 3.13.2
[9.247s] -- Searching for dependencies of ignition-common3-graphics
[9.248s] -- Looking for ignition-math6 -- found version 6.8.0
[9.274s] -- Looking for ignition-fuel_tools4 -- found version 4.3.0
[9.275s] -- Searching for dependencies of ignition-fuel_tools4
[9.492s] -- Found CURL: /usr/lib/x86_64-linux-gnu/libcurl.so (found version "7.68.0")  
[9.533s] -- Checking for module 'jsoncpp'
[9.585s] --   Found jsoncpp, version 1.7.4
[9.675s] -- Found JSONCPP: TRUE  
[9.693s] -- Checking for module 'libzip'
[9.748s] --   Found libzip, version 1.5.1
[9.834s] -- Found ZIP: TRUE  
[9.835s] -- Looking for ignition-common3 -- found version 3.13.2
[9.835s] -- Looking for ignition-msgs5 -- found version 5.7.0
[9.838s] -- Gazebo version: 11.5
[9.856s] -- Found gazebo_msgs: 3.5.3 (/opt/ros/foxy/share/gazebo_msgs/cmake)
[10.461s] -- Using all available rosidl_typesupport_c: rosidl_typesupport_fastrtps_c;rosidl_typesupport_introspection_c
[10.494s] -- Found rosidl_adapter: 1.2.1 (/opt/ros/foxy/share/rosidl_adapter/cmake)
[10.832s] -- Using all available rosidl_typesupport_cpp: rosidl_typesupport_fastrtps_cpp;rosidl_typesupport_introspection_cpp
[11.265s] -- Found gazebo_ros: 3.5.3 (/opt/ros/foxy/share/gazebo_ros/cmake)
[11.440s] -- Found rmw_implementation_cmake: 1.0.3 (/opt/ros/foxy/share/rmw_implementation_cmake/cmake)
[11.458s] -- Using RMW implementation 'rmw_fastrtps_cpp' as default
[11.744s] -- Found example_interfaces: 0.9.1 (/opt/ros/foxy/share/example_interfaces/cmake)
[11.970s] -- Found sensor_msgs: 2.0.4 (/opt/ros/foxy/share/sensor_msgs/cmake)
[12.058s] -- Found std_srvs: 2.0.4 (/opt/ros/foxy/share/std_srvs/cmake)
[12.587s] -- Configuring done
[13.813s] -- Generating done
[13.819s] -- Build files have been written to: /home/caio/my_arm_def/build/my_arm_def_cpp_pkg
[13.869s] [35m[1mScanning dependencies of target arm_control[0m
[14.814s] [ 50%] [32mBuilding CXX object CMakeFiles/arm_control.dir/src/arm_control.cpp.o[0m
[29.854s] [100%] [32m[1mLinking CXX shared library libarm_control.so[0m
[33.362s] [100%] Built target arm_control
[33.375s] Invoked command in '/home/caio/my_arm_def/build/my_arm_def_cpp_pkg' returned '0': CMAKE_PREFIX_PATH=${CMAKE_PREFIX_PATH}:/home/caio/my_arm_def/install/my_arm_def_py_pkg:/home/caio/ROS2_arm_py/install/ros2_arm_py_pkg:/home/caio/ros2_ws/install/turtlesim_catch_them_all:/home/caio/ros2_ws/install/my_py_pkg:/home/caio/ros2_ws/install/my_arm_py:/home/caio/ros2_ws/install/my_package:/home/caio/ros2_ws/install/big_bazu:/home/caio/ros2_ws/install/bigBazu:/home/caio/turtlebot3_ws/install/turtlebot3_teleop:/home/caio/turtlebot3_ws/install/turtlebot3_example:/home/caio/turtlebot3_ws/install/robot_spawner_pkg:/opt/ros/foxy CONDA_PROMPT_MODIFIER=(base) /usr/bin/cmake --build /home/caio/my_arm_def/build/my_arm_def_cpp_pkg -- -j8 -l8
[33.446s] Invoking command in '/home/caio/my_arm_def/build/my_arm_def_cpp_pkg': CMAKE_PREFIX_PATH=${CMAKE_PREFIX_PATH}:/home/caio/my_arm_def/install/my_arm_def_py_pkg:/home/caio/ROS2_arm_py/install/ros2_arm_py_pkg:/home/caio/ros2_ws/install/turtlesim_catch_them_all:/home/caio/ros2_ws/install/my_py_pkg:/home/caio/ros2_ws/install/my_arm_py:/home/caio/ros2_ws/install/my_package:/home/caio/ros2_ws/install/big_bazu:/home/caio/ros2_ws/install/bigBazu:/home/caio/turtlebot3_ws/install/turtlebot3_teleop:/home/caio/turtlebot3_ws/install/turtlebot3_example:/home/caio/turtlebot3_ws/install/robot_spawner_pkg:/opt/ros/foxy CONDA_PROMPT_MODIFIER=(base) /usr/bin/cmake --install /home/caio/my_arm_def/build/my_arm_def_cpp_pkg
[33.460s] -- Install configuration: ""
[33.461s] -- Installing: /home/caio/my_arm_def/install/my_arm_def_cpp_pkg/share/my_arm_def_cpp_pkg/environment/library_path.sh
[33.461s] -- Installing: /home/caio/my_arm_def/install/my_arm_def_cpp_pkg/share/my_arm_def_cpp_pkg/environment/library_path.dsv
[33.461s] -- Installing: /home/caio/my_arm_def/install/my_arm_def_cpp_pkg/include
[33.461s] -- Installing: /home/caio/my_arm_def/install/my_arm_def_cpp_pkg/include/my_arm_def_cpp_pkg
[33.462s] -- Installing: /home/caio/my_arm_def/install/my_arm_def_cpp_pkg/lib/libarm_control.so
[33.466s] -- Set runtime path of "/home/caio/my_arm_def/install/my_arm_def_cpp_pkg/lib/libarm_control.so" to ""
[33.466s] -- Installing: /home/caio/my_arm_def/install/my_arm_def_cpp_pkg/share/my_arm_def_cpp_pkg//worlds
[33.466s] -- Installing: /home/caio/my_arm_def/install/my_arm_def_cpp_pkg/share/my_arm_def_cpp_pkg//worlds/braco_com_mesa.world
[33.546s] -- Installing: /home/caio/my_arm_def/install/my_arm_def_cpp_pkg/share/ament_index/resource_index/package_run_dependencies/my_arm_def_cpp_pkg
[33.547s] -- Installing: /home/caio/my_arm_def/install/my_arm_def_cpp_pkg/share/ament_index/resource_index/parent_prefix_path/my_arm_def_cpp_pkg
[33.547s] -- Up-to-date: /home/caio/my_arm_def/install/my_arm_def_cpp_pkg/share/my_arm_def_cpp_pkg/environment/ament_prefix_path.sh
[33.547s] -- Installing: /home/caio/my_arm_def/install/my_arm_def_cpp_pkg/share/my_arm_def_cpp_pkg/environment/ament_prefix_path.dsv
[33.548s] -- Up-to-date: /home/caio/my_arm_def/install/my_arm_def_cpp_pkg/share/my_arm_def_cpp_pkg/environment/path.sh
[33.548s] -- Installing: /home/caio/my_arm_def/install/my_arm_def_cpp_pkg/share/my_arm_def_cpp_pkg/environment/path.dsv
[33.549s] -- Up-to-date: /home/caio/my_arm_def/install/my_arm_def_cpp_pkg/share/my_arm_def_cpp_pkg/local_setup.bash
[33.549s] -- Installing: /home/caio/my_arm_def/install/my_arm_def_cpp_pkg/share/my_arm_def_cpp_pkg/local_setup.sh
[33.549s] -- Up-to-date: /home/caio/my_arm_def/install/my_arm_def_cpp_pkg/share/my_arm_def_cpp_pkg/local_setup.zsh
[33.550s] -- Installing: /home/caio/my_arm_def/install/my_arm_def_cpp_pkg/share/my_arm_def_cpp_pkg/local_setup.dsv
[33.550s] -- Installing: /home/caio/my_arm_def/install/my_arm_def_cpp_pkg/share/my_arm_def_cpp_pkg/package.dsv
[33.550s] -- Up-to-date: /home/caio/my_arm_def/install/my_arm_def_cpp_pkg/share/ament_index/resource_index/packages/my_arm_def_cpp_pkg
[33.551s] -- Installing: /home/caio/my_arm_def/install/my_arm_def_cpp_pkg/share/my_arm_def_cpp_pkg/cmake/ament_cmake_export_libraries-extras.cmake
[33.551s] -- Installing: /home/caio/my_arm_def/install/my_arm_def_cpp_pkg/share/my_arm_def_cpp_pkg/cmake/my_arm_def_cpp_pkgConfig.cmake
[33.551s] -- Up-to-date: /home/caio/my_arm_def/install/my_arm_def_cpp_pkg/share/my_arm_def_cpp_pkg/cmake/my_arm_def_cpp_pkgConfig-version.cmake
[33.551s] -- Installing: /home/caio/my_arm_def/install/my_arm_def_cpp_pkg/share/my_arm_def_cpp_pkg/package.xml
[33.556s] Invoked command in '/home/caio/my_arm_def/build/my_arm_def_cpp_pkg' returned '0': CMAKE_PREFIX_PATH=${CMAKE_PREFIX_PATH}:/home/caio/my_arm_def/install/my_arm_def_py_pkg:/home/caio/ROS2_arm_py/install/ros2_arm_py_pkg:/home/caio/ros2_ws/install/turtlesim_catch_them_all:/home/caio/ros2_ws/install/my_py_pkg:/home/caio/ros2_ws/install/my_arm_py:/home/caio/ros2_ws/install/my_package:/home/caio/ros2_ws/install/big_bazu:/home/caio/ros2_ws/install/bigBazu:/home/caio/turtlebot3_ws/install/turtlebot3_teleop:/home/caio/turtlebot3_ws/install/turtlebot3_example:/home/caio/turtlebot3_ws/install/robot_spawner_pkg:/opt/ros/foxy CONDA_PROMPT_MODIFIER=(base) /usr/bin/cmake --install /home/caio/my_arm_def/build/my_arm_def_cpp_pkg
