[0.301s] Invoking command in '/home/caio/my_arm_def/build/my_arm_def_py_pkg': CONDA_PROMPT_MODIFIER=(base) PYTHONPATH=/home/caio/my_arm_def/install/my_arm_def_py_pkg/lib/python3.8/site-packages:${PYTHONPATH} /usr/bin/python3 setup.py develop --prefix /home/caio/my_arm_def/install/my_arm_def_py_pkg --editable --build-directory /home/caio/my_arm_def/build/my_arm_def_py_pkg/build --no-deps install_data --install-dir /home/caio/my_arm_def/install/my_arm_def_py_pkg
[0.581s] running develop
[0.758s] running egg_info
[0.759s] writing my_arm_def_py_pkg.egg-info/PKG-INFO
[0.759s] writing dependency_links to my_arm_def_py_pkg.egg-info/dependency_links.txt
[0.759s] writing entry points to my_arm_def_py_pkg.egg-info/entry_points.txt
[0.760s] writing requirements to my_arm_def_py_pkg.egg-info/requires.txt
[0.760s] writing top-level names to my_arm_def_py_pkg.egg-info/top_level.txt
[0.797s] reading manifest file 'my_arm_def_py_pkg.egg-info/SOURCES.txt'
[0.799s] writing manifest file 'my_arm_def_py_pkg.egg-info/SOURCES.txt'
[0.838s] running build_ext
[0.838s] Creating /home/caio/my_arm_def/install/my_arm_def_py_pkg/lib/python3.8/site-packages/my-arm-def-py-pkg.egg-link (link to .)
[0.839s] Installing arm_controller script to /home/caio/my_arm_def/install/my_arm_def_py_pkg/lib/my_arm_def_py_pkg
[0.839s] Installing capture_braco_pos script to /home/caio/my_arm_def/install/my_arm_def_py_pkg/lib/my_arm_def_py_pkg
[0.839s] Installing myo_raw script to /home/caio/my_arm_def/install/my_arm_def_py_pkg/lib/my_arm_def_py_pkg
[0.840s] Installing spawn_arm script to /home/caio/my_arm_def/install/my_arm_def_py_pkg/lib/my_arm_def_py_pkg
[0.840s] 
[0.840s] Installed /home/caio/my_arm_def/build/my_arm_def_py_pkg
[0.840s] running install_data
[0.881s] Invoked command in '/home/caio/my_arm_def/build/my_arm_def_py_pkg' returned '0': CONDA_PROMPT_MODIFIER=(base) PYTHONPATH=/home/caio/my_arm_def/install/my_arm_def_py_pkg/lib/python3.8/site-packages:${PYTHONPATH} /usr/bin/python3 setup.py develop --prefix /home/caio/my_arm_def/install/my_arm_def_py_pkg --editable --build-directory /home/caio/my_arm_def/build/my_arm_def_py_pkg/build --no-deps install_data --install-dir /home/caio/my_arm_def/install/my_arm_def_py_pkg
