-- Found ament_cmake: 0.9.8 (/opt/ros/foxy/share/ament_cmake/cmake)
-- Using PYTHON_EXECUTABLE: /home/caio/anaconda3/bin/python3
-- Override CMake install command with custom implementation using symlinks instead of copying resources
-- Configuring done
-- Generating done
-- Build files have been written to: /home/caio/my_arm_def/build/my_arm_definitive_bringup
-- Install configuration: ""
-- Execute custom install script
-- Up-to-date symlink: /home/caio/my_arm_def/install/my_arm_definitive_bringup/share/my_arm_definitive_bringup/launch/my_arm_definitive.launch.py
-- Symlinking: /home/caio/my_arm_def/install/my_arm_definitive_bringup/share/my_arm_definitive_bringup/config/params.yaml
-- Up-to-date symlink: /home/caio/my_arm_def/install/my_arm_definitive_bringup/share/ament_index/resource_index/package_run_dependencies/my_arm_definitive_bringup
-- Up-to-date symlink: /home/caio/my_arm_def/install/my_arm_definitive_bringup/share/ament_index/resource_index/parent_prefix_path/my_arm_definitive_bringup
-- Up-to-date symlink: /home/caio/my_arm_def/install/my_arm_definitive_bringup/share/my_arm_definitive_bringup/environment/ament_prefix_path.sh
-- Up-to-date symlink: /home/caio/my_arm_def/install/my_arm_definitive_bringup/share/my_arm_definitive_bringup/environment/ament_prefix_path.dsv
-- Up-to-date symlink: /home/caio/my_arm_def/install/my_arm_definitive_bringup/share/my_arm_definitive_bringup/environment/path.sh
-- Up-to-date symlink: /home/caio/my_arm_def/install/my_arm_definitive_bringup/share/my_arm_definitive_bringup/environment/path.dsv
-- Up-to-date symlink: /home/caio/my_arm_def/install/my_arm_definitive_bringup/share/my_arm_definitive_bringup/local_setup.bash
-- Up-to-date symlink: /home/caio/my_arm_def/install/my_arm_definitive_bringup/share/my_arm_definitive_bringup/local_setup.sh
-- Up-to-date symlink: /home/caio/my_arm_def/install/my_arm_definitive_bringup/share/my_arm_definitive_bringup/local_setup.zsh
-- Up-to-date symlink: /home/caio/my_arm_def/install/my_arm_definitive_bringup/share/my_arm_definitive_bringup/local_setup.dsv
-- Symlinking: /home/caio/my_arm_def/install/my_arm_definitive_bringup/share/my_arm_definitive_bringup/package.dsv
-- Up-to-date symlink: /home/caio/my_arm_def/install/my_arm_definitive_bringup/share/ament_index/resource_index/packages/my_arm_definitive_bringup
-- Up-to-date symlink: /home/caio/my_arm_def/install/my_arm_definitive_bringup/share/my_arm_definitive_bringup/cmake/my_arm_definitive_bringupConfig.cmake
-- Up-to-date symlink: /home/caio/my_arm_def/install/my_arm_definitive_bringup/share/my_arm_definitive_bringup/cmake/my_arm_definitive_bringupConfig-version.cmake
-- Up-to-date symlink: /home/caio/my_arm_def/install/my_arm_definitive_bringup/share/my_arm_definitive_bringup/package.xml
