[0.380s] DEBUG:colcon:Command line arguments: ['/usr/bin/colcon', 'build', '--packages-select', 'my_arm_definitive_bringup', '--symlink-install']
[0.380s] DEBUG:colcon:Parsed command line arguments: Namespace(ament_cmake_args=None, base_paths=['.'], build_base='build', catkin_cmake_args=None, catkin_skip_building_tests=False, cmake_args=None, cmake_clean_cache=False, cmake_clean_first=False, cmake_force_configure=False, cmake_target=None, cmake_target_skip_unavailable=False, continue_on_error=False, event_handlers=None, executor='parallel', ignore_user_meta=False, install_base='install', log_base=None, log_level=None, main=<bound method BuildVerb.main of <colcon_core.verb.build.BuildVerb object at 0x7f4b8a881760>>, merge_install=False, metas=['./colcon.meta'], packages_above=None, packages_above_and_dependencies=None, packages_above_depth=None, packages_end=None, packages_ignore=None, packages_ignore_regex=None, packages_select=['my_arm_definitive_bringup'], packages_select_build_failed=False, packages_select_by_dep=None, packages_select_regex=None, packages_select_test_failures=False, packages_skip=None, packages_skip_build_finished=False, packages_skip_by_dep=None, packages_skip_regex=None, packages_skip_test_passed=False, packages_skip_up_to=None, packages_start=None, packages_up_to=None, packages_up_to_regex=None, parallel_workers=8, paths=None, symlink_install=True, test_result_base=None, verb_extension=<colcon_core.verb.build.BuildVerb object at 0x7f4b8a881760>, verb_name='build', verb_parser=<colcon_defaults.argument_parser.defaults.DefaultArgumentsDecorator object at 0x7f4b8a881cd0>)
[0.385s] Level 1:colcon.colcon_core.package_discovery:discover_packages(colcon_meta) check parameters
[0.386s] Level 1:colcon.colcon_core.package_discovery:discover_packages(recursive) check parameters
[0.386s] Level 1:colcon.colcon_core.package_discovery:discover_packages(ignore) check parameters
[0.386s] Level 1:colcon.colcon_core.package_discovery:discover_packages(path) check parameters
[0.386s] Level 1:colcon.colcon_core.package_discovery:discover_packages(colcon_meta) discover
[0.386s] Level 1:colcon.colcon_core.package_discovery:discover_packages(recursive) discover
[0.386s] INFO:colcon.colcon_core.package_discovery:Crawling recursively for packages in '/home/caio/my_arm_def'
[0.386s] Level 1:colcon.colcon_core.package_identification:_identify(.) by extensions ['ignore', 'ignore_ament_install']
[0.386s] Level 1:colcon.colcon_core.package_identification:_identify(.) by extension 'ignore'
[0.386s] Level 1:colcon.colcon_core.package_identification:_identify(.) by extension 'ignore_ament_install'
[0.386s] Level 1:colcon.colcon_core.package_identification:_identify(.) by extensions ['colcon_pkg']
[0.386s] Level 1:colcon.colcon_core.package_identification:_identify(.) by extension 'colcon_pkg'
[0.386s] Level 1:colcon.colcon_core.package_identification:_identify(.) by extensions ['colcon_meta']
[0.386s] Level 1:colcon.colcon_core.package_identification:_identify(.) by extension 'colcon_meta'
[0.386s] Level 1:colcon.colcon_core.package_identification:_identify(.) by extensions ['ros']
[0.386s] Level 1:colcon.colcon_core.package_identification:_identify(.) by extension 'ros'
[0.398s] Level 1:colcon.colcon_core.package_identification:_identify(.) by extensions ['cmake', 'python']
[0.398s] Level 1:colcon.colcon_core.package_identification:_identify(.) by extension 'cmake'
[0.398s] Level 1:colcon.colcon_core.package_identification:_identify(.) by extension 'python'
[0.398s] Level 1:colcon.colcon_core.package_identification:_identify(.) by extensions ['python_setup_py']
[0.398s] Level 1:colcon.colcon_core.package_identification:_identify(.) by extension 'python_setup_py'
[0.398s] Level 1:colcon.colcon_core.package_identification:_identify(__pycache__) by extensions ['ignore', 'ignore_ament_install']
[0.398s] Level 1:colcon.colcon_core.package_identification:_identify(__pycache__) by extension 'ignore'
[0.398s] Level 1:colcon.colcon_core.package_identification:_identify(__pycache__) by extension 'ignore_ament_install'
[0.398s] Level 1:colcon.colcon_core.package_identification:_identify(__pycache__) by extensions ['colcon_pkg']
[0.398s] Level 1:colcon.colcon_core.package_identification:_identify(__pycache__) by extension 'colcon_pkg'
[0.398s] Level 1:colcon.colcon_core.package_identification:_identify(__pycache__) by extensions ['colcon_meta']
[0.398s] Level 1:colcon.colcon_core.package_identification:_identify(__pycache__) by extension 'colcon_meta'
[0.398s] Level 1:colcon.colcon_core.package_identification:_identify(__pycache__) by extensions ['ros']
[0.398s] Level 1:colcon.colcon_core.package_identification:_identify(__pycache__) by extension 'ros'
[0.398s] Level 1:colcon.colcon_core.package_identification:_identify(__pycache__) by extensions ['cmake', 'python']
[0.399s] Level 1:colcon.colcon_core.package_identification:_identify(__pycache__) by extension 'cmake'
[0.399s] Level 1:colcon.colcon_core.package_identification:_identify(__pycache__) by extension 'python'
[0.399s] Level 1:colcon.colcon_core.package_identification:_identify(__pycache__) by extensions ['python_setup_py']
[0.399s] Level 1:colcon.colcon_core.package_identification:_identify(__pycache__) by extension 'python_setup_py'
[0.399s] Level 1:colcon.colcon_core.package_identification:_identify(build) by extensions ['ignore', 'ignore_ament_install']
[0.399s] Level 1:colcon.colcon_core.package_identification:_identify(build) by extension 'ignore'
[0.399s] Level 1:colcon.colcon_core.package_identification:_identify(build) ignored
[0.399s] Level 1:colcon.colcon_core.package_identification:_identify(install) by extensions ['ignore', 'ignore_ament_install']
[0.399s] Level 1:colcon.colcon_core.package_identification:_identify(install) by extension 'ignore'
[0.399s] Level 1:colcon.colcon_core.package_identification:_identify(install) ignored
[0.399s] Level 1:colcon.colcon_core.package_identification:_identify(log) by extensions ['ignore', 'ignore_ament_install']
[0.399s] Level 1:colcon.colcon_core.package_identification:_identify(log) by extension 'ignore'
[0.399s] Level 1:colcon.colcon_core.package_identification:_identify(log) ignored
[0.399s] Level 1:colcon.colcon_core.package_identification:_identify(myo-raw) by extensions ['ignore', 'ignore_ament_install']
[0.400s] Level 1:colcon.colcon_core.package_identification:_identify(myo-raw) by extension 'ignore'
[0.400s] Level 1:colcon.colcon_core.package_identification:_identify(myo-raw) by extension 'ignore_ament_install'
[0.400s] Level 1:colcon.colcon_core.package_identification:_identify(myo-raw) by extensions ['colcon_pkg']
[0.400s] Level 1:colcon.colcon_core.package_identification:_identify(myo-raw) by extension 'colcon_pkg'
[0.400s] Level 1:colcon.colcon_core.package_identification:_identify(myo-raw) by extensions ['colcon_meta']
[0.400s] Level 1:colcon.colcon_core.package_identification:_identify(myo-raw) by extension 'colcon_meta'
[0.400s] Level 1:colcon.colcon_core.package_identification:_identify(myo-raw) by extensions ['ros']
[0.400s] Level 1:colcon.colcon_core.package_identification:_identify(myo-raw) by extension 'ros'
[0.400s] Level 1:colcon.colcon_core.package_identification:_identify(myo-raw) by extensions ['cmake', 'python']
[0.400s] Level 1:colcon.colcon_core.package_identification:_identify(myo-raw) by extension 'cmake'
[0.400s] Level 1:colcon.colcon_core.package_identification:_identify(myo-raw) by extension 'python'
[0.400s] Level 1:colcon.colcon_core.package_identification:_identify(myo-raw) by extensions ['python_setup_py']
[0.400s] Level 1:colcon.colcon_core.package_identification:_identify(myo-raw) by extension 'python_setup_py'
[0.400s] Level 1:colcon.colcon_core.package_identification:_identify(src) by extensions ['ignore', 'ignore_ament_install']
[0.400s] Level 1:colcon.colcon_core.package_identification:_identify(src) by extension 'ignore'
[0.400s] Level 1:colcon.colcon_core.package_identification:_identify(src) by extension 'ignore_ament_install'
[0.400s] Level 1:colcon.colcon_core.package_identification:_identify(src) by extensions ['colcon_pkg']
[0.400s] Level 1:colcon.colcon_core.package_identification:_identify(src) by extension 'colcon_pkg'
[0.400s] Level 1:colcon.colcon_core.package_identification:_identify(src) by extensions ['colcon_meta']
[0.400s] Level 1:colcon.colcon_core.package_identification:_identify(src) by extension 'colcon_meta'
[0.401s] Level 1:colcon.colcon_core.package_identification:_identify(src) by extensions ['ros']
[0.401s] Level 1:colcon.colcon_core.package_identification:_identify(src) by extension 'ros'
[0.401s] Level 1:colcon.colcon_core.package_identification:_identify(src) by extensions ['cmake', 'python']
[0.401s] Level 1:colcon.colcon_core.package_identification:_identify(src) by extension 'cmake'
[0.401s] Level 1:colcon.colcon_core.package_identification:_identify(src) by extension 'python'
[0.401s] Level 1:colcon.colcon_core.package_identification:_identify(src) by extensions ['python_setup_py']
[0.401s] Level 1:colcon.colcon_core.package_identification:_identify(src) by extension 'python_setup_py'
[0.401s] Level 1:colcon.colcon_core.package_identification:_identify(src/my_arm_def_bringup) by extensions ['ignore', 'ignore_ament_install']
[0.401s] Level 1:colcon.colcon_core.package_identification:_identify(src/my_arm_def_bringup) by extension 'ignore'
[0.401s] Level 1:colcon.colcon_core.package_identification:_identify(src/my_arm_def_bringup) by extension 'ignore_ament_install'
[0.401s] Level 1:colcon.colcon_core.package_identification:_identify(src/my_arm_def_bringup) by extensions ['colcon_pkg']
[0.401s] Level 1:colcon.colcon_core.package_identification:_identify(src/my_arm_def_bringup) by extension 'colcon_pkg'
[0.401s] Level 1:colcon.colcon_core.package_identification:_identify(src/my_arm_def_bringup) by extensions ['colcon_meta']
[0.401s] Level 1:colcon.colcon_core.package_identification:_identify(src/my_arm_def_bringup) by extension 'colcon_meta'
[0.401s] Level 1:colcon.colcon_core.package_identification:_identify(src/my_arm_def_bringup) by extensions ['ros']
[0.401s] Level 1:colcon.colcon_core.package_identification:_identify(src/my_arm_def_bringup) by extension 'ros'
[0.404s] DEBUG:colcon.colcon_core.package_identification:Package 'src/my_arm_def_bringup' with type 'ros.ament_cmake' and name 'my_arm_def_bringup'
[0.404s] Level 1:colcon.colcon_core.package_identification:_identify(src/my_arm_def_cpp_pkg) by extensions ['ignore', 'ignore_ament_install']
[0.404s] Level 1:colcon.colcon_core.package_identification:_identify(src/my_arm_def_cpp_pkg) by extension 'ignore'
[0.404s] Level 1:colcon.colcon_core.package_identification:_identify(src/my_arm_def_cpp_pkg) by extension 'ignore_ament_install'
[0.404s] Level 1:colcon.colcon_core.package_identification:_identify(src/my_arm_def_cpp_pkg) by extensions ['colcon_pkg']
[0.404s] Level 1:colcon.colcon_core.package_identification:_identify(src/my_arm_def_cpp_pkg) by extension 'colcon_pkg'
[0.404s] Level 1:colcon.colcon_core.package_identification:_identify(src/my_arm_def_cpp_pkg) by extensions ['colcon_meta']
[0.404s] Level 1:colcon.colcon_core.package_identification:_identify(src/my_arm_def_cpp_pkg) by extension 'colcon_meta'
[0.404s] Level 1:colcon.colcon_core.package_identification:_identify(src/my_arm_def_cpp_pkg) by extensions ['ros']
[0.404s] Level 1:colcon.colcon_core.package_identification:_identify(src/my_arm_def_cpp_pkg) by extension 'ros'
[0.405s] DEBUG:colcon.colcon_core.package_identification:Package 'src/my_arm_def_cpp_pkg' with type 'ros.ament_cmake' and name 'my_arm_def_cpp_pkg'
[0.406s] Level 1:colcon.colcon_core.package_identification:_identify(src/my_arm_def_interfaces) by extensions ['ignore', 'ignore_ament_install']
[0.406s] Level 1:colcon.colcon_core.package_identification:_identify(src/my_arm_def_interfaces) by extension 'ignore'
[0.406s] Level 1:colcon.colcon_core.package_identification:_identify(src/my_arm_def_interfaces) by extension 'ignore_ament_install'
[0.406s] Level 1:colcon.colcon_core.package_identification:_identify(src/my_arm_def_interfaces) by extensions ['colcon_pkg']
[0.406s] Level 1:colcon.colcon_core.package_identification:_identify(src/my_arm_def_interfaces) by extension 'colcon_pkg'
[0.406s] Level 1:colcon.colcon_core.package_identification:_identify(src/my_arm_def_interfaces) by extensions ['colcon_meta']
[0.406s] Level 1:colcon.colcon_core.package_identification:_identify(src/my_arm_def_interfaces) by extension 'colcon_meta'
[0.406s] Level 1:colcon.colcon_core.package_identification:_identify(src/my_arm_def_interfaces) by extensions ['ros']
[0.406s] Level 1:colcon.colcon_core.package_identification:_identify(src/my_arm_def_interfaces) by extension 'ros'
[0.407s] DEBUG:colcon.colcon_core.package_identification:Package 'src/my_arm_def_interfaces' with type 'ros.ament_cmake' and name 'my_arm_def_interfaces'
[0.407s] Level 1:colcon.colcon_core.package_identification:_identify(src/my_arm_def_py_pkg) by extensions ['ignore', 'ignore_ament_install']
[0.407s] Level 1:colcon.colcon_core.package_identification:_identify(src/my_arm_def_py_pkg) by extension 'ignore'
[0.407s] Level 1:colcon.colcon_core.package_identification:_identify(src/my_arm_def_py_pkg) by extension 'ignore_ament_install'
[0.407s] Level 1:colcon.colcon_core.package_identification:_identify(src/my_arm_def_py_pkg) by extensions ['colcon_pkg']
[0.407s] Level 1:colcon.colcon_core.package_identification:_identify(src/my_arm_def_py_pkg) by extension 'colcon_pkg'
[0.407s] Level 1:colcon.colcon_core.package_identification:_identify(src/my_arm_def_py_pkg) by extensions ['colcon_meta']
[0.407s] Level 1:colcon.colcon_core.package_identification:_identify(src/my_arm_def_py_pkg) by extension 'colcon_meta'
[0.407s] Level 1:colcon.colcon_core.package_identification:_identify(src/my_arm_def_py_pkg) by extensions ['ros']
[0.407s] Level 1:colcon.colcon_core.package_identification:_identify(src/my_arm_def_py_pkg) by extension 'ros'
[0.408s] DEBUG:colcon.colcon_core.package_identification:Package 'src/my_arm_def_py_pkg' with type 'ros.ament_python' and name 'my_arm_def_py_pkg'
[0.408s] Level 1:colcon.colcon_core.package_identification:_identify(src/my_arm_definitive_bringup) by extensions ['ignore', 'ignore_ament_install']
[0.408s] Level 1:colcon.colcon_core.package_identification:_identify(src/my_arm_definitive_bringup) by extension 'ignore'
[0.408s] Level 1:colcon.colcon_core.package_identification:_identify(src/my_arm_definitive_bringup) by extension 'ignore_ament_install'
[0.408s] Level 1:colcon.colcon_core.package_identification:_identify(src/my_arm_definitive_bringup) by extensions ['colcon_pkg']
[0.409s] Level 1:colcon.colcon_core.package_identification:_identify(src/my_arm_definitive_bringup) by extension 'colcon_pkg'
[0.409s] Level 1:colcon.colcon_core.package_identification:_identify(src/my_arm_definitive_bringup) by extensions ['colcon_meta']
[0.409s] Level 1:colcon.colcon_core.package_identification:_identify(src/my_arm_definitive_bringup) by extension 'colcon_meta'
[0.409s] Level 1:colcon.colcon_core.package_identification:_identify(src/my_arm_definitive_bringup) by extensions ['ros']
[0.409s] Level 1:colcon.colcon_core.package_identification:_identify(src/my_arm_definitive_bringup) by extension 'ros'
[0.409s] DEBUG:colcon.colcon_core.package_identification:Package 'src/my_arm_definitive_bringup' with type 'ros.ament_cmake' and name 'my_arm_definitive_bringup'
[0.409s] Level 1:colcon.colcon_core.package_discovery:discover_packages(recursive) using defaults
[0.409s] Level 1:colcon.colcon_core.package_discovery:discover_packages(ignore) discover
[0.409s] Level 1:colcon.colcon_core.package_discovery:discover_packages(ignore) using defaults
[0.409s] Level 1:colcon.colcon_core.package_discovery:discover_packages(path) discover
[0.409s] Level 1:colcon.colcon_core.package_discovery:discover_packages(path) using defaults
[0.459s] INFO:colcon.colcon_core.package_selection:Skipping not selected package 'my_arm_def_cpp_pkg' in 'src/my_arm_def_cpp_pkg'
[0.459s] INFO:colcon.colcon_core.package_selection:Skipping not selected package 'my_arm_def_interfaces' in 'src/my_arm_def_interfaces'
[0.459s] INFO:colcon.colcon_core.package_selection:Skipping not selected package 'my_arm_def_py_pkg' in 'src/my_arm_def_py_pkg'
[0.459s] INFO:colcon.colcon_core.package_selection:Skipping not selected package 'my_arm_def_bringup' in 'src/my_arm_def_bringup'
[0.462s] Level 5:colcon.colcon_core.verb:set package 'my_arm_definitive_bringup' build argument 'cmake_args' from command line to 'None'
[0.462s] Level 5:colcon.colcon_core.verb:set package 'my_arm_definitive_bringup' build argument 'cmake_target' from command line to 'None'
[0.462s] Level 5:colcon.colcon_core.verb:set package 'my_arm_definitive_bringup' build argument 'cmake_target_skip_unavailable' from command line to 'False'
[0.462s] Level 5:colcon.colcon_core.verb:set package 'my_arm_definitive_bringup' build argument 'cmake_clean_cache' from command line to 'False'
[0.462s] Level 5:colcon.colcon_core.verb:set package 'my_arm_definitive_bringup' build argument 'cmake_clean_first' from command line to 'False'
[0.462s] Level 5:colcon.colcon_core.verb:set package 'my_arm_definitive_bringup' build argument 'cmake_force_configure' from command line to 'False'
[0.462s] Level 5:colcon.colcon_core.verb:set package 'my_arm_definitive_bringup' build argument 'ament_cmake_args' from command line to 'None'
[0.462s] Level 5:colcon.colcon_core.verb:set package 'my_arm_definitive_bringup' build argument 'catkin_cmake_args' from command line to 'None'
[0.462s] Level 5:colcon.colcon_core.verb:set package 'my_arm_definitive_bringup' build argument 'catkin_skip_building_tests' from command line to 'False'
[0.462s] DEBUG:colcon.colcon_core.verb:Building package 'my_arm_definitive_bringup' with the following arguments: {'ament_cmake_args': None, 'build_base': '/home/caio/my_arm_def/build/my_arm_definitive_bringup', 'catkin_cmake_args': None, 'catkin_skip_building_tests': False, 'cmake_args': None, 'cmake_clean_cache': False, 'cmake_clean_first': False, 'cmake_force_configure': False, 'cmake_target': None, 'cmake_target_skip_unavailable': False, 'install_base': '/home/caio/my_arm_def/install/my_arm_definitive_bringup', 'merge_install': False, 'path': '/home/caio/my_arm_def/src/my_arm_definitive_bringup', 'symlink_install': True, 'test_result_base': None}
[0.462s] INFO:colcon.colcon_core.executor:Executing jobs using 'parallel' executor
[0.464s] DEBUG:colcon.colcon_parallel_executor.executor.parallel:run_until_complete
[0.465s] INFO:colcon.colcon_ros.task.ament_cmake.build:Building ROS package in '/home/caio/my_arm_def/src/my_arm_definitive_bringup' with build type 'ament_cmake'
[0.465s] INFO:colcon.colcon_cmake.task.cmake.build:Building CMake package in '/home/caio/my_arm_def/src/my_arm_definitive_bringup'
[0.511s] INFO:colcon.colcon_core.plugin_system:Skipping extension 'colcon_core.shell.bat': Not used on non-Windows systems
[0.512s] INFO:colcon.colcon_core.shell:Skip shell extension 'powershell' for command environment: Not usable outside of PowerShell
[0.512s] DEBUG:colcon.colcon_core.shell:Skip shell extension 'dsv' for command environment
[0.557s] DEBUG:colcon.colcon_core.shell:Ignoring prefix path '/opt/ros/foxy'
[0.715s] DEBUG:colcon.colcon_core.event_handler.log_command:Invoking command in '/home/caio/my_arm_def/build/my_arm_definitive_bringup': AMENT_PREFIX_PATH=/home/caio/my_arm_def/install/my_arm_def_py_pkg:/home/caio/my_arm_def/install/my_arm_definitive_bringup:/home/caio/my_arm_def/install/my_arm_def_bringup:/home/caio/my_arm_def/install/my_arm_def_interfaces:/home/caio/my_arm_def/install/my_arm_def_cpp_pkg:/home/caio/ros2_ws/install/my_robot_bringup:/home/caio/ros2_ws/install/turtlesim_project_cpp:/home/caio/ros2_ws/install/turtlesim_catch_them_all:/home/caio/ros2_ws/install/my_try_robot:/home/caio/ros2_ws/install/my_py_pkg:/home/caio/ros2_ws/install/my_cpp_pkg:/home/caio/ros2_ws/install/my_arm_py:/home/caio/ros2_ws/install/my_robot_interfaces:/home/caio/ros2_ws/install/my_package:/home/caio/ros2_ws/install/my_arm:/home/caio/ros2_ws/install/lydar:/home/caio/ros2_ws/install/gazebo_ros_action_tutorial:/home/caio/ros2_ws/install/bocbot:/home/caio/ros2_ws/install/big_bazu:/home/caio/ros2_ws/install/bigBazu:/home/caio/bridge_ws/install/ros_ign:/home/caio/bridge_ws/install/ros_ign_gazebo_demos:/home/caio/bridge_ws/install/ros_ign_image:/home/caio/bridge_ws/install/ros_ign_gazebo:/home/caio/bridge_ws/install/ros_ign_bridge:/home/caio/turtlebot3_ws/install/turtlebot3_simulations:/home/caio/turtlebot3_ws/install/turtlebot3_gazebo:/home/caio/turtlebot3_ws/install/turtlebot3:/home/caio/turtlebot3_ws/install/turtlebot3_teleop:/home/caio/turtlebot3_ws/install/turtlebot3_bringup:/home/caio/turtlebot3_ws/install/turtlebot3_node:/home/caio/turtlebot3_ws/install/turtlebot3_navigation2:/home/caio/turtlebot3_ws/install/turtlebot3_fake_node:/home/caio/turtlebot3_ws/install/turtlebot3_example:/home/caio/turtlebot3_ws/install/turtlebot3_msgs:/home/caio/turtlebot3_ws/install/turtlebot3_description:/home/caio/turtlebot3_ws/install/turtlebot3_cartographer:/home/caio/turtlebot3_ws/install/robot_spawner_pkg:/home/caio/turtlebot3_ws/install/hls_lfcd_lds_driver:/home/caio/turtlebot3_ws/install/dynamixel_sdk:/opt/ros/foxy CMAKE_PREFIX_PATH=/home/caio/my_arm_def/install/my_arm_def_cpp_pkg:/home/caio/my_arm_def/install/my_arm_definitive_bringup:/home/caio/my_arm_def/install/my_arm_def_bringup:/home/caio/my_arm_def/install/my_arm_def_interfaces:/home/caio/ros2_ws/install/my_robot_bringup:/home/caio/ros2_ws/install/turtlesim_project_cpp:/home/caio/ros2_ws/install/my_try_robot:/home/caio/ros2_ws/install/my_cpp_pkg:/home/caio/ros2_ws/install/my_robot_interfaces:/home/caio/ros2_ws/install/my_arm:/home/caio/ros2_ws/install/lydar:/home/caio/ros2_ws/install/gazebo_ros_action_tutorial:/home/caio/ros2_ws/install/bocbot:/home/caio/bridge_ws/install/ros_ign:/home/caio/bridge_ws/install/ros_ign_gazebo_demos:/home/caio/bridge_ws/install/ros_ign_image:/home/caio/bridge_ws/install/ros_ign_gazebo:/home/caio/bridge_ws/install/ros_ign_bridge:/home/caio/turtlebot3_ws/install/turtlebot3_simulations:/home/caio/turtlebot3_ws/install/turtlebot3_gazebo:/home/caio/turtlebot3_ws/install/turtlebot3:/home/caio/turtlebot3_ws/install/turtlebot3_bringup:/home/caio/turtlebot3_ws/install/turtlebot3_node:/home/caio/turtlebot3_ws/install/turtlebot3_navigation2:/home/caio/turtlebot3_ws/install/turtlebot3_fake_node:/home/caio/turtlebot3_ws/install/turtlebot3_msgs:/home/caio/turtlebot3_ws/install/turtlebot3_description:/home/caio/turtlebot3_ws/install/turtlebot3_cartographer:/home/caio/turtlebot3_ws/install/hls_lfcd_lds_driver:/home/caio/turtlebot3_ws/install/dynamixel_sdk:/home/caio/my_arm_def/install/my_arm_def_py_pkg:/home/caio/ros2_ws/install/turtlesim_catch_them_all:/home/caio/ros2_ws/install/my_py_pkg:/home/caio/ros2_ws/install/my_arm_py:/home/caio/ros2_ws/install/my_package:/home/caio/ros2_ws/install/big_bazu:/home/caio/ros2_ws/install/bigBazu:/home/caio/turtlebot3_ws/install/turtlebot3_teleop:/home/caio/turtlebot3_ws/install/turtlebot3_example:/home/caio/turtlebot3_ws/install/robot_spawner_pkg:/opt/ros/foxy CONDA_PROMPT_MODIFIER=(base) LD_LIBRARY_PATH=/home/caio/my_arm_def/install/my_arm_def_cpp_pkg/lib:/home/caio/my_arm_def/install/my_arm_def_interfaces/lib:/home/caio/ros2_ws/install/my_try_robot/lib:/home/caio/ros2_ws/install/my_robot_interfaces/lib:/home/caio/ros2_ws/install/my_arm/lib:/home/caio/ros2_ws/install/gazebo_ros_action_tutorial/lib:/home/caio/bridge_ws/install/ros_ign_bridge/lib:/home/caio/turtlebot3_ws/install/turtlebot3_msgs/lib:/home/caio/turtlebot3_ws/install/dynamixel_sdk/lib:/usr/lib/x86_64-linux-gnu/gazebo-11/plugins:/opt/ros/foxy/opt/yaml_cpp_vendor/lib:/opt/ros/foxy/opt/rviz_ogre_vendor/lib:/opt/ros/foxy/lib/x86_64-linux-gnu:/opt/ros/foxy/lib:/home/caio/velodyne_plugin/build /usr/bin/cmake --build /home/caio/my_arm_def/build/my_arm_definitive_bringup -- -j8 -l8
[2.348s] DEBUG:colcon.colcon_core.event_handler.log_command:Invoked command in '/home/caio/my_arm_def/build/my_arm_definitive_bringup' returned '0': AMENT_PREFIX_PATH=/home/caio/my_arm_def/install/my_arm_def_py_pkg:/home/caio/my_arm_def/install/my_arm_definitive_bringup:/home/caio/my_arm_def/install/my_arm_def_bringup:/home/caio/my_arm_def/install/my_arm_def_interfaces:/home/caio/my_arm_def/install/my_arm_def_cpp_pkg:/home/caio/ros2_ws/install/my_robot_bringup:/home/caio/ros2_ws/install/turtlesim_project_cpp:/home/caio/ros2_ws/install/turtlesim_catch_them_all:/home/caio/ros2_ws/install/my_try_robot:/home/caio/ros2_ws/install/my_py_pkg:/home/caio/ros2_ws/install/my_cpp_pkg:/home/caio/ros2_ws/install/my_arm_py:/home/caio/ros2_ws/install/my_robot_interfaces:/home/caio/ros2_ws/install/my_package:/home/caio/ros2_ws/install/my_arm:/home/caio/ros2_ws/install/lydar:/home/caio/ros2_ws/install/gazebo_ros_action_tutorial:/home/caio/ros2_ws/install/bocbot:/home/caio/ros2_ws/install/big_bazu:/home/caio/ros2_ws/install/bigBazu:/home/caio/bridge_ws/install/ros_ign:/home/caio/bridge_ws/install/ros_ign_gazebo_demos:/home/caio/bridge_ws/install/ros_ign_image:/home/caio/bridge_ws/install/ros_ign_gazebo:/home/caio/bridge_ws/install/ros_ign_bridge:/home/caio/turtlebot3_ws/install/turtlebot3_simulations:/home/caio/turtlebot3_ws/install/turtlebot3_gazebo:/home/caio/turtlebot3_ws/install/turtlebot3:/home/caio/turtlebot3_ws/install/turtlebot3_teleop:/home/caio/turtlebot3_ws/install/turtlebot3_bringup:/home/caio/turtlebot3_ws/install/turtlebot3_node:/home/caio/turtlebot3_ws/install/turtlebot3_navigation2:/home/caio/turtlebot3_ws/install/turtlebot3_fake_node:/home/caio/turtlebot3_ws/install/turtlebot3_example:/home/caio/turtlebot3_ws/install/turtlebot3_msgs:/home/caio/turtlebot3_ws/install/turtlebot3_description:/home/caio/turtlebot3_ws/install/turtlebot3_cartographer:/home/caio/turtlebot3_ws/install/robot_spawner_pkg:/home/caio/turtlebot3_ws/install/hls_lfcd_lds_driver:/home/caio/turtlebot3_ws/install/dynamixel_sdk:/opt/ros/foxy CMAKE_PREFIX_PATH=/home/caio/my_arm_def/install/my_arm_def_cpp_pkg:/home/caio/my_arm_def/install/my_arm_definitive_bringup:/home/caio/my_arm_def/install/my_arm_def_bringup:/home/caio/my_arm_def/install/my_arm_def_interfaces:/home/caio/ros2_ws/install/my_robot_bringup:/home/caio/ros2_ws/install/turtlesim_project_cpp:/home/caio/ros2_ws/install/my_try_robot:/home/caio/ros2_ws/install/my_cpp_pkg:/home/caio/ros2_ws/install/my_robot_interfaces:/home/caio/ros2_ws/install/my_arm:/home/caio/ros2_ws/install/lydar:/home/caio/ros2_ws/install/gazebo_ros_action_tutorial:/home/caio/ros2_ws/install/bocbot:/home/caio/bridge_ws/install/ros_ign:/home/caio/bridge_ws/install/ros_ign_gazebo_demos:/home/caio/bridge_ws/install/ros_ign_image:/home/caio/bridge_ws/install/ros_ign_gazebo:/home/caio/bridge_ws/install/ros_ign_bridge:/home/caio/turtlebot3_ws/install/turtlebot3_simulations:/home/caio/turtlebot3_ws/install/turtlebot3_gazebo:/home/caio/turtlebot3_ws/install/turtlebot3:/home/caio/turtlebot3_ws/install/turtlebot3_bringup:/home/caio/turtlebot3_ws/install/turtlebot3_node:/home/caio/turtlebot3_ws/install/turtlebot3_navigation2:/home/caio/turtlebot3_ws/install/turtlebot3_fake_node:/home/caio/turtlebot3_ws/install/turtlebot3_msgs:/home/caio/turtlebot3_ws/install/turtlebot3_description:/home/caio/turtlebot3_ws/install/turtlebot3_cartographer:/home/caio/turtlebot3_ws/install/hls_lfcd_lds_driver:/home/caio/turtlebot3_ws/install/dynamixel_sdk:/home/caio/my_arm_def/install/my_arm_def_py_pkg:/home/caio/ros2_ws/install/turtlesim_catch_them_all:/home/caio/ros2_ws/install/my_py_pkg:/home/caio/ros2_ws/install/my_arm_py:/home/caio/ros2_ws/install/my_package:/home/caio/ros2_ws/install/big_bazu:/home/caio/ros2_ws/install/bigBazu:/home/caio/turtlebot3_ws/install/turtlebot3_teleop:/home/caio/turtlebot3_ws/install/turtlebot3_example:/home/caio/turtlebot3_ws/install/robot_spawner_pkg:/opt/ros/foxy CONDA_PROMPT_MODIFIER=(base) LD_LIBRARY_PATH=/home/caio/my_arm_def/install/my_arm_def_cpp_pkg/lib:/home/caio/my_arm_def/install/my_arm_def_interfaces/lib:/home/caio/ros2_ws/install/my_try_robot/lib:/home/caio/ros2_ws/install/my_robot_interfaces/lib:/home/caio/ros2_ws/install/my_arm/lib:/home/caio/ros2_ws/install/gazebo_ros_action_tutorial/lib:/home/caio/bridge_ws/install/ros_ign_bridge/lib:/home/caio/turtlebot3_ws/install/turtlebot3_msgs/lib:/home/caio/turtlebot3_ws/install/dynamixel_sdk/lib:/usr/lib/x86_64-linux-gnu/gazebo-11/plugins:/opt/ros/foxy/opt/yaml_cpp_vendor/lib:/opt/ros/foxy/opt/rviz_ogre_vendor/lib:/opt/ros/foxy/lib/x86_64-linux-gnu:/opt/ros/foxy/lib:/home/caio/velodyne_plugin/build /usr/bin/cmake --build /home/caio/my_arm_def/build/my_arm_definitive_bringup -- -j8 -l8
[2.416s] DEBUG:colcon.colcon_core.event_handler.log_command:Invoking command in '/home/caio/my_arm_def/build/my_arm_definitive_bringup': AMENT_PREFIX_PATH=/home/caio/my_arm_def/install/my_arm_def_py_pkg:/home/caio/my_arm_def/install/my_arm_definitive_bringup:/home/caio/my_arm_def/install/my_arm_def_bringup:/home/caio/my_arm_def/install/my_arm_def_interfaces:/home/caio/my_arm_def/install/my_arm_def_cpp_pkg:/home/caio/ros2_ws/install/my_robot_bringup:/home/caio/ros2_ws/install/turtlesim_project_cpp:/home/caio/ros2_ws/install/turtlesim_catch_them_all:/home/caio/ros2_ws/install/my_try_robot:/home/caio/ros2_ws/install/my_py_pkg:/home/caio/ros2_ws/install/my_cpp_pkg:/home/caio/ros2_ws/install/my_arm_py:/home/caio/ros2_ws/install/my_robot_interfaces:/home/caio/ros2_ws/install/my_package:/home/caio/ros2_ws/install/my_arm:/home/caio/ros2_ws/install/lydar:/home/caio/ros2_ws/install/gazebo_ros_action_tutorial:/home/caio/ros2_ws/install/bocbot:/home/caio/ros2_ws/install/big_bazu:/home/caio/ros2_ws/install/bigBazu:/home/caio/bridge_ws/install/ros_ign:/home/caio/bridge_ws/install/ros_ign_gazebo_demos:/home/caio/bridge_ws/install/ros_ign_image:/home/caio/bridge_ws/install/ros_ign_gazebo:/home/caio/bridge_ws/install/ros_ign_bridge:/home/caio/turtlebot3_ws/install/turtlebot3_simulations:/home/caio/turtlebot3_ws/install/turtlebot3_gazebo:/home/caio/turtlebot3_ws/install/turtlebot3:/home/caio/turtlebot3_ws/install/turtlebot3_teleop:/home/caio/turtlebot3_ws/install/turtlebot3_bringup:/home/caio/turtlebot3_ws/install/turtlebot3_node:/home/caio/turtlebot3_ws/install/turtlebot3_navigation2:/home/caio/turtlebot3_ws/install/turtlebot3_fake_node:/home/caio/turtlebot3_ws/install/turtlebot3_example:/home/caio/turtlebot3_ws/install/turtlebot3_msgs:/home/caio/turtlebot3_ws/install/turtlebot3_description:/home/caio/turtlebot3_ws/install/turtlebot3_cartographer:/home/caio/turtlebot3_ws/install/robot_spawner_pkg:/home/caio/turtlebot3_ws/install/hls_lfcd_lds_driver:/home/caio/turtlebot3_ws/install/dynamixel_sdk:/opt/ros/foxy CMAKE_PREFIX_PATH=/home/caio/my_arm_def/install/my_arm_def_cpp_pkg:/home/caio/my_arm_def/install/my_arm_definitive_bringup:/home/caio/my_arm_def/install/my_arm_def_bringup:/home/caio/my_arm_def/install/my_arm_def_interfaces:/home/caio/ros2_ws/install/my_robot_bringup:/home/caio/ros2_ws/install/turtlesim_project_cpp:/home/caio/ros2_ws/install/my_try_robot:/home/caio/ros2_ws/install/my_cpp_pkg:/home/caio/ros2_ws/install/my_robot_interfaces:/home/caio/ros2_ws/install/my_arm:/home/caio/ros2_ws/install/lydar:/home/caio/ros2_ws/install/gazebo_ros_action_tutorial:/home/caio/ros2_ws/install/bocbot:/home/caio/bridge_ws/install/ros_ign:/home/caio/bridge_ws/install/ros_ign_gazebo_demos:/home/caio/bridge_ws/install/ros_ign_image:/home/caio/bridge_ws/install/ros_ign_gazebo:/home/caio/bridge_ws/install/ros_ign_bridge:/home/caio/turtlebot3_ws/install/turtlebot3_simulations:/home/caio/turtlebot3_ws/install/turtlebot3_gazebo:/home/caio/turtlebot3_ws/install/turtlebot3:/home/caio/turtlebot3_ws/install/turtlebot3_bringup:/home/caio/turtlebot3_ws/install/turtlebot3_node:/home/caio/turtlebot3_ws/install/turtlebot3_navigation2:/home/caio/turtlebot3_ws/install/turtlebot3_fake_node:/home/caio/turtlebot3_ws/install/turtlebot3_msgs:/home/caio/turtlebot3_ws/install/turtlebot3_description:/home/caio/turtlebot3_ws/install/turtlebot3_cartographer:/home/caio/turtlebot3_ws/install/hls_lfcd_lds_driver:/home/caio/turtlebot3_ws/install/dynamixel_sdk:/home/caio/my_arm_def/install/my_arm_def_py_pkg:/home/caio/ros2_ws/install/turtlesim_catch_them_all:/home/caio/ros2_ws/install/my_py_pkg:/home/caio/ros2_ws/install/my_arm_py:/home/caio/ros2_ws/install/my_package:/home/caio/ros2_ws/install/big_bazu:/home/caio/ros2_ws/install/bigBazu:/home/caio/turtlebot3_ws/install/turtlebot3_teleop:/home/caio/turtlebot3_ws/install/turtlebot3_example:/home/caio/turtlebot3_ws/install/robot_spawner_pkg:/opt/ros/foxy CONDA_PROMPT_MODIFIER=(base) LD_LIBRARY_PATH=/home/caio/my_arm_def/install/my_arm_def_cpp_pkg/lib:/home/caio/my_arm_def/install/my_arm_def_interfaces/lib:/home/caio/ros2_ws/install/my_try_robot/lib:/home/caio/ros2_ws/install/my_robot_interfaces/lib:/home/caio/ros2_ws/install/my_arm/lib:/home/caio/ros2_ws/install/gazebo_ros_action_tutorial/lib:/home/caio/bridge_ws/install/ros_ign_bridge/lib:/home/caio/turtlebot3_ws/install/turtlebot3_msgs/lib:/home/caio/turtlebot3_ws/install/dynamixel_sdk/lib:/usr/lib/x86_64-linux-gnu/gazebo-11/plugins:/opt/ros/foxy/opt/yaml_cpp_vendor/lib:/opt/ros/foxy/opt/rviz_ogre_vendor/lib:/opt/ros/foxy/lib/x86_64-linux-gnu:/opt/ros/foxy/lib:/home/caio/velodyne_plugin/build /usr/bin/cmake --install /home/caio/my_arm_def/build/my_arm_definitive_bringup
[2.468s] Level 1:colcon.colcon_core.environment:create_environment_scripts_only(my_arm_definitive_bringup)
[2.470s] DEBUG:colcon.colcon_core.event_handler.log_command:Invoked command in '/home/caio/my_arm_def/build/my_arm_definitive_bringup' returned '0': AMENT_PREFIX_PATH=/home/caio/my_arm_def/install/my_arm_def_py_pkg:/home/caio/my_arm_def/install/my_arm_definitive_bringup:/home/caio/my_arm_def/install/my_arm_def_bringup:/home/caio/my_arm_def/install/my_arm_def_interfaces:/home/caio/my_arm_def/install/my_arm_def_cpp_pkg:/home/caio/ros2_ws/install/my_robot_bringup:/home/caio/ros2_ws/install/turtlesim_project_cpp:/home/caio/ros2_ws/install/turtlesim_catch_them_all:/home/caio/ros2_ws/install/my_try_robot:/home/caio/ros2_ws/install/my_py_pkg:/home/caio/ros2_ws/install/my_cpp_pkg:/home/caio/ros2_ws/install/my_arm_py:/home/caio/ros2_ws/install/my_robot_interfaces:/home/caio/ros2_ws/install/my_package:/home/caio/ros2_ws/install/my_arm:/home/caio/ros2_ws/install/lydar:/home/caio/ros2_ws/install/gazebo_ros_action_tutorial:/home/caio/ros2_ws/install/bocbot:/home/caio/ros2_ws/install/big_bazu:/home/caio/ros2_ws/install/bigBazu:/home/caio/bridge_ws/install/ros_ign:/home/caio/bridge_ws/install/ros_ign_gazebo_demos:/home/caio/bridge_ws/install/ros_ign_image:/home/caio/bridge_ws/install/ros_ign_gazebo:/home/caio/bridge_ws/install/ros_ign_bridge:/home/caio/turtlebot3_ws/install/turtlebot3_simulations:/home/caio/turtlebot3_ws/install/turtlebot3_gazebo:/home/caio/turtlebot3_ws/install/turtlebot3:/home/caio/turtlebot3_ws/install/turtlebot3_teleop:/home/caio/turtlebot3_ws/install/turtlebot3_bringup:/home/caio/turtlebot3_ws/install/turtlebot3_node:/home/caio/turtlebot3_ws/install/turtlebot3_navigation2:/home/caio/turtlebot3_ws/install/turtlebot3_fake_node:/home/caio/turtlebot3_ws/install/turtlebot3_example:/home/caio/turtlebot3_ws/install/turtlebot3_msgs:/home/caio/turtlebot3_ws/install/turtlebot3_description:/home/caio/turtlebot3_ws/install/turtlebot3_cartographer:/home/caio/turtlebot3_ws/install/robot_spawner_pkg:/home/caio/turtlebot3_ws/install/hls_lfcd_lds_driver:/home/caio/turtlebot3_ws/install/dynamixel_sdk:/opt/ros/foxy CMAKE_PREFIX_PATH=/home/caio/my_arm_def/install/my_arm_def_cpp_pkg:/home/caio/my_arm_def/install/my_arm_definitive_bringup:/home/caio/my_arm_def/install/my_arm_def_bringup:/home/caio/my_arm_def/install/my_arm_def_interfaces:/home/caio/ros2_ws/install/my_robot_bringup:/home/caio/ros2_ws/install/turtlesim_project_cpp:/home/caio/ros2_ws/install/my_try_robot:/home/caio/ros2_ws/install/my_cpp_pkg:/home/caio/ros2_ws/install/my_robot_interfaces:/home/caio/ros2_ws/install/my_arm:/home/caio/ros2_ws/install/lydar:/home/caio/ros2_ws/install/gazebo_ros_action_tutorial:/home/caio/ros2_ws/install/bocbot:/home/caio/bridge_ws/install/ros_ign:/home/caio/bridge_ws/install/ros_ign_gazebo_demos:/home/caio/bridge_ws/install/ros_ign_image:/home/caio/bridge_ws/install/ros_ign_gazebo:/home/caio/bridge_ws/install/ros_ign_bridge:/home/caio/turtlebot3_ws/install/turtlebot3_simulations:/home/caio/turtlebot3_ws/install/turtlebot3_gazebo:/home/caio/turtlebot3_ws/install/turtlebot3:/home/caio/turtlebot3_ws/install/turtlebot3_bringup:/home/caio/turtlebot3_ws/install/turtlebot3_node:/home/caio/turtlebot3_ws/install/turtlebot3_navigation2:/home/caio/turtlebot3_ws/install/turtlebot3_fake_node:/home/caio/turtlebot3_ws/install/turtlebot3_msgs:/home/caio/turtlebot3_ws/install/turtlebot3_description:/home/caio/turtlebot3_ws/install/turtlebot3_cartographer:/home/caio/turtlebot3_ws/install/hls_lfcd_lds_driver:/home/caio/turtlebot3_ws/install/dynamixel_sdk:/home/caio/my_arm_def/install/my_arm_def_py_pkg:/home/caio/ros2_ws/install/turtlesim_catch_them_all:/home/caio/ros2_ws/install/my_py_pkg:/home/caio/ros2_ws/install/my_arm_py:/home/caio/ros2_ws/install/my_package:/home/caio/ros2_ws/install/big_bazu:/home/caio/ros2_ws/install/bigBazu:/home/caio/turtlebot3_ws/install/turtlebot3_teleop:/home/caio/turtlebot3_ws/install/turtlebot3_example:/home/caio/turtlebot3_ws/install/robot_spawner_pkg:/opt/ros/foxy CONDA_PROMPT_MODIFIER=(base) LD_LIBRARY_PATH=/home/caio/my_arm_def/install/my_arm_def_cpp_pkg/lib:/home/caio/my_arm_def/install/my_arm_def_interfaces/lib:/home/caio/ros2_ws/install/my_try_robot/lib:/home/caio/ros2_ws/install/my_robot_interfaces/lib:/home/caio/ros2_ws/install/my_arm/lib:/home/caio/ros2_ws/install/gazebo_ros_action_tutorial/lib:/home/caio/bridge_ws/install/ros_ign_bridge/lib:/home/caio/turtlebot3_ws/install/turtlebot3_msgs/lib:/home/caio/turtlebot3_ws/install/dynamixel_sdk/lib:/usr/lib/x86_64-linux-gnu/gazebo-11/plugins:/opt/ros/foxy/opt/yaml_cpp_vendor/lib:/opt/ros/foxy/opt/rviz_ogre_vendor/lib:/opt/ros/foxy/lib/x86_64-linux-gnu:/opt/ros/foxy/lib:/home/caio/velodyne_plugin/build /usr/bin/cmake --install /home/caio/my_arm_def/build/my_arm_definitive_bringup
[2.540s] Level 1:colcon.colcon_core.environment:checking '/home/caio/my_arm_def/install/my_arm_definitive_bringup' for CMake module files
[2.541s] Level 1:colcon.colcon_core.environment:checking '/home/caio/my_arm_def/install/my_arm_definitive_bringup' for CMake config files
[2.542s] Level 1:colcon.colcon_core.shell:create_environment_hook('my_arm_definitive_bringup', 'cmake_prefix_path')
[2.544s] INFO:colcon.colcon_core.shell:Creating environment hook '/home/caio/my_arm_def/install/my_arm_definitive_bringup/share/my_arm_definitive_bringup/hook/cmake_prefix_path.ps1'
[2.554s] INFO:colcon.colcon_core.shell:Creating environment descriptor '/home/caio/my_arm_def/install/my_arm_definitive_bringup/share/my_arm_definitive_bringup/hook/cmake_prefix_path.dsv'
[2.555s] INFO:colcon.colcon_core.shell:Creating environment hook '/home/caio/my_arm_def/install/my_arm_definitive_bringup/share/my_arm_definitive_bringup/hook/cmake_prefix_path.sh'
[2.558s] Level 1:colcon.colcon_core.environment:checking '/home/caio/my_arm_def/install/my_arm_definitive_bringup/bin'
[2.559s] Level 1:colcon.colcon_core.environment:checking '/home/caio/my_arm_def/install/my_arm_definitive_bringup/lib/pkgconfig/my_arm_definitive_bringup.pc'
[2.559s] Level 1:colcon.colcon_core.environment:checking '/home/caio/my_arm_def/install/my_arm_definitive_bringup/lib/python3.8/site-packages'
[2.561s] INFO:colcon.colcon_core.shell:Creating package script '/home/caio/my_arm_def/install/my_arm_definitive_bringup/share/my_arm_definitive_bringup/package.ps1'
[2.564s] INFO:colcon.colcon_core.shell:Creating package descriptor '/home/caio/my_arm_def/install/my_arm_definitive_bringup/share/my_arm_definitive_bringup/package.dsv'
[2.597s] INFO:colcon.colcon_core.shell:Creating package script '/home/caio/my_arm_def/install/my_arm_definitive_bringup/share/my_arm_definitive_bringup/package.sh'
[2.599s] INFO:colcon.colcon_core.shell:Creating package script '/home/caio/my_arm_def/install/my_arm_definitive_bringup/share/my_arm_definitive_bringup/package.bash'
[2.603s] INFO:colcon.colcon_core.shell:Creating package script '/home/caio/my_arm_def/install/my_arm_definitive_bringup/share/my_arm_definitive_bringup/package.zsh'
[2.605s] Level 1:colcon.colcon_core.environment:create_file_with_runtime_dependencies(/home/caio/my_arm_def/install/my_arm_definitive_bringup/share/colcon-core/packages/my_arm_definitive_bringup)
[2.652s] Level 1:colcon.colcon_core.environment:create_environment_scripts_only(my_arm_definitive_bringup)
[2.654s] Level 1:colcon.colcon_core.environment:checking '/home/caio/my_arm_def/install/my_arm_definitive_bringup' for CMake module files
[2.655s] Level 1:colcon.colcon_core.environment:checking '/home/caio/my_arm_def/install/my_arm_definitive_bringup' for CMake config files
[2.655s] Level 1:colcon.colcon_core.shell:create_environment_hook('my_arm_definitive_bringup', 'cmake_prefix_path')
[2.657s] INFO:colcon.colcon_core.shell:Creating environment hook '/home/caio/my_arm_def/install/my_arm_definitive_bringup/share/my_arm_definitive_bringup/hook/cmake_prefix_path.ps1'
[2.658s] INFO:colcon.colcon_core.shell:Creating environment descriptor '/home/caio/my_arm_def/install/my_arm_definitive_bringup/share/my_arm_definitive_bringup/hook/cmake_prefix_path.dsv'
[2.658s] INFO:colcon.colcon_core.shell:Creating environment hook '/home/caio/my_arm_def/install/my_arm_definitive_bringup/share/my_arm_definitive_bringup/hook/cmake_prefix_path.sh'
[2.659s] Level 1:colcon.colcon_core.environment:checking '/home/caio/my_arm_def/install/my_arm_definitive_bringup/bin'
[2.659s] Level 1:colcon.colcon_core.environment:checking '/home/caio/my_arm_def/install/my_arm_definitive_bringup/lib/pkgconfig/my_arm_definitive_bringup.pc'
[2.660s] Level 1:colcon.colcon_core.environment:checking '/home/caio/my_arm_def/install/my_arm_definitive_bringup/lib/python3.8/site-packages'
[2.661s] INFO:colcon.colcon_core.shell:Creating package script '/home/caio/my_arm_def/install/my_arm_definitive_bringup/share/my_arm_definitive_bringup/package.ps1'
[2.662s] INFO:colcon.colcon_core.shell:Creating package descriptor '/home/caio/my_arm_def/install/my_arm_definitive_bringup/share/my_arm_definitive_bringup/package.dsv'
[2.664s] INFO:colcon.colcon_core.shell:Creating package script '/home/caio/my_arm_def/install/my_arm_definitive_bringup/share/my_arm_definitive_bringup/package.sh'
[2.664s] INFO:colcon.colcon_core.shell:Creating package script '/home/caio/my_arm_def/install/my_arm_definitive_bringup/share/my_arm_definitive_bringup/package.bash'
[2.665s] INFO:colcon.colcon_core.shell:Creating package script '/home/caio/my_arm_def/install/my_arm_definitive_bringup/share/my_arm_definitive_bringup/package.zsh'
[2.665s] Level 1:colcon.colcon_core.environment:create_file_with_runtime_dependencies(/home/caio/my_arm_def/install/my_arm_definitive_bringup/share/colcon-core/packages/my_arm_definitive_bringup)
[2.666s] DEBUG:colcon.colcon_parallel_executor.executor.parallel:closing loop
[2.666s] DEBUG:colcon.colcon_parallel_executor.executor.parallel:loop closed
[2.666s] DEBUG:colcon.colcon_parallel_executor.executor.parallel:run_until_complete finished with '0'
[2.666s] DEBUG:colcon.colcon_core.event_reactor:joining thread
[2.722s] INFO:colcon.colcon_core.plugin_system:Skipping extension 'colcon_notification.desktop_notification.terminal_notifier': Not used on non-Darwin systems
[2.723s] INFO:colcon.colcon_core.plugin_system:Skipping extension 'colcon_notification.desktop_notification.win32': Not used on non-Windows systems
[2.723s] INFO:colcon.colcon_notification.desktop_notification:Sending desktop notification using 'notify2'
[2.748s] DEBUG:colcon.colcon_core.event_reactor:joined thread
[2.749s] INFO:colcon.colcon_core.shell:Creating prefix script '/home/caio/my_arm_def/install/local_setup.ps1'
[2.751s] INFO:colcon.colcon_core.shell:Creating prefix util module '/home/caio/my_arm_def/install/_local_setup_util_ps1.py'
[2.767s] INFO:colcon.colcon_core.shell:Creating prefix chain script '/home/caio/my_arm_def/install/setup.ps1'
[2.775s] INFO:colcon.colcon_core.shell:Creating prefix script '/home/caio/my_arm_def/install/local_setup.sh'
[2.790s] INFO:colcon.colcon_core.shell:Creating prefix util module '/home/caio/my_arm_def/install/_local_setup_util_sh.py'
[2.791s] INFO:colcon.colcon_core.shell:Creating prefix chain script '/home/caio/my_arm_def/install/setup.sh'
[2.806s] INFO:colcon.colcon_core.shell:Creating prefix script '/home/caio/my_arm_def/install/local_setup.bash'
[2.814s] INFO:colcon.colcon_core.shell:Creating prefix chain script '/home/caio/my_arm_def/install/setup.bash'
[2.827s] INFO:colcon.colcon_core.shell:Creating prefix script '/home/caio/my_arm_def/install/local_setup.zsh'
[2.828s] INFO:colcon.colcon_core.shell:Creating prefix chain script '/home/caio/my_arm_def/install/setup.zsh'
