[0.019s] Invoking command in '/home/caio/my_arm_def/build/my_arm_definitive_bringup': CMAKE_PREFIX_PATH=${CMAKE_PREFIX_PATH}:/home/caio/my_arm_def/install/my_arm_def_py_pkg:/home/caio/ROS2_arm_py/install/ros2_arm_py_pkg:/home/caio/ros2_ws/install/turtlesim_catch_them_all:/home/caio/ros2_ws/install/my_py_pkg:/home/caio/ros2_ws/install/my_arm_py:/home/caio/ros2_ws/install/my_package:/home/caio/ros2_ws/install/big_bazu:/home/caio/ros2_ws/install/bigBazu:/home/caio/turtlebot3_ws/install/turtlebot3_teleop:/home/caio/turtlebot3_ws/install/turtlebot3_example:/home/caio/turtlebot3_ws/install/robot_spawner_pkg:/opt/ros/foxy CONDA_PROMPT_MODIFIER=(base) /usr/bin/cmake --build /home/caio/my_arm_def/build/my_arm_definitive_bringup -- -j8 -l8
[0.091s] Invoked command in '/home/caio/my_arm_def/build/my_arm_definitive_bringup' returned '0': CMAKE_PREFIX_PATH=${CMAKE_PREFIX_PATH}:/home/caio/my_arm_def/install/my_arm_def_py_pkg:/home/caio/ROS2_arm_py/install/ros2_arm_py_pkg:/home/caio/ros2_ws/install/turtlesim_catch_them_all:/home/caio/ros2_ws/install/my_py_pkg:/home/caio/ros2_ws/install/my_arm_py:/home/caio/ros2_ws/install/my_package:/home/caio/ros2_ws/install/big_bazu:/home/caio/ros2_ws/install/bigBazu:/home/caio/turtlebot3_ws/install/turtlebot3_teleop:/home/caio/turtlebot3_ws/install/turtlebot3_example:/home/caio/turtlebot3_ws/install/robot_spawner_pkg:/opt/ros/foxy CONDA_PROMPT_MODIFIER=(base) /usr/bin/cmake --build /home/caio/my_arm_def/build/my_arm_definitive_bringup -- -j8 -l8
[0.139s] Invoking command in '/home/caio/my_arm_def/build/my_arm_definitive_bringup': CMAKE_PREFIX_PATH=${CMAKE_PREFIX_PATH}:/home/caio/my_arm_def/install/my_arm_def_py_pkg:/home/caio/ROS2_arm_py/install/ros2_arm_py_pkg:/home/caio/ros2_ws/install/turtlesim_catch_them_all:/home/caio/ros2_ws/install/my_py_pkg:/home/caio/ros2_ws/install/my_arm_py:/home/caio/ros2_ws/install/my_package:/home/caio/ros2_ws/install/big_bazu:/home/caio/ros2_ws/install/bigBazu:/home/caio/turtlebot3_ws/install/turtlebot3_teleop:/home/caio/turtlebot3_ws/install/turtlebot3_example:/home/caio/turtlebot3_ws/install/robot_spawner_pkg:/opt/ros/foxy CONDA_PROMPT_MODIFIER=(base) /usr/bin/cmake --install /home/caio/my_arm_def/build/my_arm_definitive_bringup
[0.152s] -- Install configuration: ""
[0.153s] -- Execute custom install script
[0.153s] -- Up-to-date symlink: /home/caio/my_arm_def/install/my_arm_definitive_bringup/share/my_arm_definitive_bringup/launch/number_app.launch.py
[0.154s] -- Up-to-date symlink: /home/caio/my_arm_def/install/my_arm_definitive_bringup/share/ament_index/resource_index/package_run_dependencies/my_arm_definitive_bringup
[0.154s] -- Up-to-date symlink: /home/caio/my_arm_def/install/my_arm_definitive_bringup/share/ament_index/resource_index/parent_prefix_path/my_arm_definitive_bringup
[0.154s] -- Up-to-date symlink: /home/caio/my_arm_def/install/my_arm_definitive_bringup/share/my_arm_definitive_bringup/environment/ament_prefix_path.sh
[0.154s] -- Up-to-date symlink: /home/caio/my_arm_def/install/my_arm_definitive_bringup/share/my_arm_definitive_bringup/environment/ament_prefix_path.dsv
[0.155s] -- Up-to-date symlink: /home/caio/my_arm_def/install/my_arm_definitive_bringup/share/my_arm_definitive_bringup/environment/path.sh
[0.155s] -- Up-to-date symlink: /home/caio/my_arm_def/install/my_arm_definitive_bringup/share/my_arm_definitive_bringup/environment/path.dsv
[0.155s] -- Up-to-date symlink: /home/caio/my_arm_def/install/my_arm_definitive_bringup/share/my_arm_definitive_bringup/local_setup.bash
[0.155s] -- Up-to-date symlink: /home/caio/my_arm_def/install/my_arm_definitive_bringup/share/my_arm_definitive_bringup/local_setup.sh
[0.155s] -- Up-to-date symlink: /home/caio/my_arm_def/install/my_arm_definitive_bringup/share/my_arm_definitive_bringup/local_setup.zsh
[0.156s] -- Up-to-date symlink: /home/caio/my_arm_def/install/my_arm_definitive_bringup/share/my_arm_definitive_bringup/local_setup.dsv
[0.156s] -- Symlinking: /home/caio/my_arm_def/install/my_arm_definitive_bringup/share/my_arm_definitive_bringup/package.dsv
[0.168s] -- Up-to-date symlink: /home/caio/my_arm_def/install/my_arm_definitive_bringup/share/ament_index/resource_index/packages/my_arm_definitive_bringup
[0.169s] -- Up-to-date symlink: /home/caio/my_arm_def/install/my_arm_definitive_bringup/share/my_arm_definitive_bringup/cmake/my_arm_definitive_bringupConfig.cmake
[0.169s] -- Up-to-date symlink: /home/caio/my_arm_def/install/my_arm_definitive_bringup/share/my_arm_definitive_bringup/cmake/my_arm_definitive_bringupConfig-version.cmake
[0.170s] -- Up-to-date symlink: /home/caio/my_arm_def/install/my_arm_definitive_bringup/share/my_arm_definitive_bringup/package.xml
[0.174s] Invoked command in '/home/caio/my_arm_def/build/my_arm_definitive_bringup' returned '0': CMAKE_PREFIX_PATH=${CMAKE_PREFIX_PATH}:/home/caio/my_arm_def/install/my_arm_def_py_pkg:/home/caio/ROS2_arm_py/install/ros2_arm_py_pkg:/home/caio/ros2_ws/install/turtlesim_catch_them_all:/home/caio/ros2_ws/install/my_py_pkg:/home/caio/ros2_ws/install/my_arm_py:/home/caio/ros2_ws/install/my_package:/home/caio/ros2_ws/install/big_bazu:/home/caio/ros2_ws/install/bigBazu:/home/caio/turtlebot3_ws/install/turtlebot3_teleop:/home/caio/turtlebot3_ws/install/turtlebot3_example:/home/caio/turtlebot3_ws/install/robot_spawner_pkg:/opt/ros/foxy CONDA_PROMPT_MODIFIER=(base) /usr/bin/cmake --install /home/caio/my_arm_def/build/my_arm_definitive_bringup
