[1.056s] DEBUG:colcon:Command line arguments: ['/usr/bin/colcon', 'build', '--packages-select', 'my_arm_definitive_bringup', '--symlink-install']
[1.056s] DEBUG:colcon:Parsed command line arguments: Namespace(ament_cmake_args=None, base_paths=['.'], build_base='build', catkin_cmake_args=None, catkin_skip_building_tests=False, cmake_args=None, cmake_clean_cache=False, cmake_clean_first=False, cmake_force_configure=False, cmake_target=None, cmake_target_skip_unavailable=False, continue_on_error=False, event_handlers=None, executor='parallel', ignore_user_meta=False, install_base='install', log_base=None, log_level=None, main=<bound method BuildVerb.main of <colcon_core.verb.build.BuildVerb object at 0x7f656a325760>>, merge_install=False, metas=['./colcon.meta'], packages_above=None, packages_above_and_dependencies=None, packages_above_depth=None, packages_end=None, packages_ignore=None, packages_ignore_regex=None, packages_select=['my_arm_definitive_bringup'], packages_select_build_failed=False, packages_select_by_dep=None, packages_select_regex=None, packages_select_test_failures=False, packages_skip=None, packages_skip_build_finished=False, packages_skip_by_dep=None, packages_skip_regex=None, packages_skip_test_passed=False, packages_skip_up_to=None, packages_start=None, packages_up_to=None, packages_up_to_regex=None, parallel_workers=8, paths=None, symlink_install=True, test_result_base=None, verb_extension=<colcon_core.verb.build.BuildVerb object at 0x7f656a325760>, verb_name='build', verb_parser=<colcon_defaults.argument_parser.defaults.DefaultArgumentsDecorator object at 0x7f656a325cd0>)
[1.098s] Level 1:colcon.colcon_core.package_discovery:discover_packages(colcon_meta) check parameters
[1.098s] Level 1:colcon.colcon_core.package_discovery:discover_packages(recursive) check parameters
[1.099s] Level 1:colcon.colcon_core.package_discovery:discover_packages(ignore) check parameters
[1.099s] Level 1:colcon.colcon_core.package_discovery:discover_packages(path) check parameters
[1.099s] Level 1:colcon.colcon_core.package_discovery:discover_packages(colcon_meta) discover
[1.099s] Level 1:colcon.colcon_core.package_discovery:discover_packages(recursive) discover
[1.099s] INFO:colcon.colcon_core.package_discovery:Crawling recursively for packages in '/home/caio/my_arm_def'
[1.099s] Level 1:colcon.colcon_core.package_identification:_identify(.) by extensions ['ignore', 'ignore_ament_install']
[1.099s] Level 1:colcon.colcon_core.package_identification:_identify(.) by extension 'ignore'
[1.099s] Level 1:colcon.colcon_core.package_identification:_identify(.) by extension 'ignore_ament_install'
[1.099s] Level 1:colcon.colcon_core.package_identification:_identify(.) by extensions ['colcon_pkg']
[1.099s] Level 1:colcon.colcon_core.package_identification:_identify(.) by extension 'colcon_pkg'
[1.099s] Level 1:colcon.colcon_core.package_identification:_identify(.) by extensions ['colcon_meta']
[1.100s] Level 1:colcon.colcon_core.package_identification:_identify(.) by extension 'colcon_meta'
[1.100s] Level 1:colcon.colcon_core.package_identification:_identify(.) by extensions ['ros']
[1.100s] Level 1:colcon.colcon_core.package_identification:_identify(.) by extension 'ros'
[1.111s] Level 1:colcon.colcon_core.package_identification:_identify(.) by extensions ['cmake', 'python']
[1.111s] Level 1:colcon.colcon_core.package_identification:_identify(.) by extension 'cmake'
[1.111s] Level 1:colcon.colcon_core.package_identification:_identify(.) by extension 'python'
[1.111s] Level 1:colcon.colcon_core.package_identification:_identify(.) by extensions ['python_setup_py']
[1.111s] Level 1:colcon.colcon_core.package_identification:_identify(.) by extension 'python_setup_py'
[1.111s] Level 1:colcon.colcon_core.package_identification:_identify(__pycache__) by extensions ['ignore', 'ignore_ament_install']
[1.111s] Level 1:colcon.colcon_core.package_identification:_identify(__pycache__) by extension 'ignore'
[1.111s] Level 1:colcon.colcon_core.package_identification:_identify(__pycache__) by extension 'ignore_ament_install'
[1.111s] Level 1:colcon.colcon_core.package_identification:_identify(__pycache__) by extensions ['colcon_pkg']
[1.111s] Level 1:colcon.colcon_core.package_identification:_identify(__pycache__) by extension 'colcon_pkg'
[1.112s] Level 1:colcon.colcon_core.package_identification:_identify(__pycache__) by extensions ['colcon_meta']
[1.112s] Level 1:colcon.colcon_core.package_identification:_identify(__pycache__) by extension 'colcon_meta'
[1.112s] Level 1:colcon.colcon_core.package_identification:_identify(__pycache__) by extensions ['ros']
[1.112s] Level 1:colcon.colcon_core.package_identification:_identify(__pycache__) by extension 'ros'
[1.112s] Level 1:colcon.colcon_core.package_identification:_identify(__pycache__) by extensions ['cmake', 'python']
[1.112s] Level 1:colcon.colcon_core.package_identification:_identify(__pycache__) by extension 'cmake'
[1.112s] Level 1:colcon.colcon_core.package_identification:_identify(__pycache__) by extension 'python'
[1.112s] Level 1:colcon.colcon_core.package_identification:_identify(__pycache__) by extensions ['python_setup_py']
[1.112s] Level 1:colcon.colcon_core.package_identification:_identify(__pycache__) by extension 'python_setup_py'
[1.112s] Level 1:colcon.colcon_core.package_identification:_identify(build) by extensions ['ignore', 'ignore_ament_install']
[1.112s] Level 1:colcon.colcon_core.package_identification:_identify(build) by extension 'ignore'
[1.112s] Level 1:colcon.colcon_core.package_identification:_identify(build) ignored
[1.112s] Level 1:colcon.colcon_core.package_identification:_identify(install) by extensions ['ignore', 'ignore_ament_install']
[1.112s] Level 1:colcon.colcon_core.package_identification:_identify(install) by extension 'ignore'
[1.112s] Level 1:colcon.colcon_core.package_identification:_identify(install) ignored
[1.113s] Level 1:colcon.colcon_core.package_identification:_identify(log) by extensions ['ignore', 'ignore_ament_install']
[1.113s] Level 1:colcon.colcon_core.package_identification:_identify(log) by extension 'ignore'
[1.113s] Level 1:colcon.colcon_core.package_identification:_identify(log) ignored
[1.113s] Level 1:colcon.colcon_core.package_identification:_identify(myo-raw) by extensions ['ignore', 'ignore_ament_install']
[1.113s] Level 1:colcon.colcon_core.package_identification:_identify(myo-raw) by extension 'ignore'
[1.113s] Level 1:colcon.colcon_core.package_identification:_identify(myo-raw) by extension 'ignore_ament_install'
[1.113s] Level 1:colcon.colcon_core.package_identification:_identify(myo-raw) by extensions ['colcon_pkg']
[1.113s] Level 1:colcon.colcon_core.package_identification:_identify(myo-raw) by extension 'colcon_pkg'
[1.113s] Level 1:colcon.colcon_core.package_identification:_identify(myo-raw) by extensions ['colcon_meta']
[1.113s] Level 1:colcon.colcon_core.package_identification:_identify(myo-raw) by extension 'colcon_meta'
[1.113s] Level 1:colcon.colcon_core.package_identification:_identify(myo-raw) by extensions ['ros']
[1.113s] Level 1:colcon.colcon_core.package_identification:_identify(myo-raw) by extension 'ros'
[1.113s] Level 1:colcon.colcon_core.package_identification:_identify(myo-raw) by extensions ['cmake', 'python']
[1.113s] Level 1:colcon.colcon_core.package_identification:_identify(myo-raw) by extension 'cmake'
[1.113s] Level 1:colcon.colcon_core.package_identification:_identify(myo-raw) by extension 'python'
[1.113s] Level 1:colcon.colcon_core.package_identification:_identify(myo-raw) by extensions ['python_setup_py']
[1.113s] Level 1:colcon.colcon_core.package_identification:_identify(myo-raw) by extension 'python_setup_py'
[1.113s] Level 1:colcon.colcon_core.package_identification:_identify(src) by extensions ['ignore', 'ignore_ament_install']
[1.114s] Level 1:colcon.colcon_core.package_identification:_identify(src) by extension 'ignore'
[1.114s] Level 1:colcon.colcon_core.package_identification:_identify(src) by extension 'ignore_ament_install'
[1.114s] Level 1:colcon.colcon_core.package_identification:_identify(src) by extensions ['colcon_pkg']
[1.114s] Level 1:colcon.colcon_core.package_identification:_identify(src) by extension 'colcon_pkg'
[1.114s] Level 1:colcon.colcon_core.package_identification:_identify(src) by extensions ['colcon_meta']
[1.114s] Level 1:colcon.colcon_core.package_identification:_identify(src) by extension 'colcon_meta'
[1.114s] Level 1:colcon.colcon_core.package_identification:_identify(src) by extensions ['ros']
[1.114s] Level 1:colcon.colcon_core.package_identification:_identify(src) by extension 'ros'
[1.114s] Level 1:colcon.colcon_core.package_identification:_identify(src) by extensions ['cmake', 'python']
[1.114s] Level 1:colcon.colcon_core.package_identification:_identify(src) by extension 'cmake'
[1.114s] Level 1:colcon.colcon_core.package_identification:_identify(src) by extension 'python'
[1.114s] Level 1:colcon.colcon_core.package_identification:_identify(src) by extensions ['python_setup_py']
[1.114s] Level 1:colcon.colcon_core.package_identification:_identify(src) by extension 'python_setup_py'
[1.114s] Level 1:colcon.colcon_core.package_identification:_identify(src/my_arm_def_bringup) by extensions ['ignore', 'ignore_ament_install']
[1.114s] Level 1:colcon.colcon_core.package_identification:_identify(src/my_arm_def_bringup) by extension 'ignore'
[1.114s] Level 1:colcon.colcon_core.package_identification:_identify(src/my_arm_def_bringup) by extension 'ignore_ament_install'
[1.114s] Level 1:colcon.colcon_core.package_identification:_identify(src/my_arm_def_bringup) by extensions ['colcon_pkg']
[1.114s] Level 1:colcon.colcon_core.package_identification:_identify(src/my_arm_def_bringup) by extension 'colcon_pkg'
[1.114s] Level 1:colcon.colcon_core.package_identification:_identify(src/my_arm_def_bringup) by extensions ['colcon_meta']
[1.114s] Level 1:colcon.colcon_core.package_identification:_identify(src/my_arm_def_bringup) by extension 'colcon_meta'
[1.115s] Level 1:colcon.colcon_core.package_identification:_identify(src/my_arm_def_bringup) by extensions ['ros']
[1.115s] Level 1:colcon.colcon_core.package_identification:_identify(src/my_arm_def_bringup) by extension 'ros'
[1.117s] DEBUG:colcon.colcon_core.package_identification:Package 'src/my_arm_def_bringup' with type 'ros.ament_cmake' and name 'my_arm_def_bringup'
[1.117s] Level 1:colcon.colcon_core.package_identification:_identify(src/my_arm_def_cpp_pkg) by extensions ['ignore', 'ignore_ament_install']
[1.117s] Level 1:colcon.colcon_core.package_identification:_identify(src/my_arm_def_cpp_pkg) by extension 'ignore'
[1.117s] Level 1:colcon.colcon_core.package_identification:_identify(src/my_arm_def_cpp_pkg) by extension 'ignore_ament_install'
[1.117s] Level 1:colcon.colcon_core.package_identification:_identify(src/my_arm_def_cpp_pkg) by extensions ['colcon_pkg']
[1.117s] Level 1:colcon.colcon_core.package_identification:_identify(src/my_arm_def_cpp_pkg) by extension 'colcon_pkg'
[1.117s] Level 1:colcon.colcon_core.package_identification:_identify(src/my_arm_def_cpp_pkg) by extensions ['colcon_meta']
[1.117s] Level 1:colcon.colcon_core.package_identification:_identify(src/my_arm_def_cpp_pkg) by extension 'colcon_meta'
[1.117s] Level 1:colcon.colcon_core.package_identification:_identify(src/my_arm_def_cpp_pkg) by extensions ['ros']
[1.117s] Level 1:colcon.colcon_core.package_identification:_identify(src/my_arm_def_cpp_pkg) by extension 'ros'
[1.119s] DEBUG:colcon.colcon_core.package_identification:Package 'src/my_arm_def_cpp_pkg' with type 'ros.ament_cmake' and name 'my_arm_def_cpp_pkg'
[1.119s] Level 1:colcon.colcon_core.package_identification:_identify(src/my_arm_def_interfaces) by extensions ['ignore', 'ignore_ament_install']
[1.119s] Level 1:colcon.colcon_core.package_identification:_identify(src/my_arm_def_interfaces) by extension 'ignore'
[1.119s] Level 1:colcon.colcon_core.package_identification:_identify(src/my_arm_def_interfaces) by extension 'ignore_ament_install'
[1.119s] Level 1:colcon.colcon_core.package_identification:_identify(src/my_arm_def_interfaces) by extensions ['colcon_pkg']
[1.119s] Level 1:colcon.colcon_core.package_identification:_identify(src/my_arm_def_interfaces) by extension 'colcon_pkg'
[1.119s] Level 1:colcon.colcon_core.package_identification:_identify(src/my_arm_def_interfaces) by extensions ['colcon_meta']
[1.119s] Level 1:colcon.colcon_core.package_identification:_identify(src/my_arm_def_interfaces) by extension 'colcon_meta'
[1.119s] Level 1:colcon.colcon_core.package_identification:_identify(src/my_arm_def_interfaces) by extensions ['ros']
[1.119s] Level 1:colcon.colcon_core.package_identification:_identify(src/my_arm_def_interfaces) by extension 'ros'
[1.120s] DEBUG:colcon.colcon_core.package_identification:Package 'src/my_arm_def_interfaces' with type 'ros.ament_cmake' and name 'my_arm_def_interfaces'
[1.120s] Level 1:colcon.colcon_core.package_identification:_identify(src/my_arm_def_py_pkg) by extensions ['ignore', 'ignore_ament_install']
[1.120s] Level 1:colcon.colcon_core.package_identification:_identify(src/my_arm_def_py_pkg) by extension 'ignore'
[1.120s] Level 1:colcon.colcon_core.package_identification:_identify(src/my_arm_def_py_pkg) by extension 'ignore_ament_install'
[1.120s] Level 1:colcon.colcon_core.package_identification:_identify(src/my_arm_def_py_pkg) by extensions ['colcon_pkg']
[1.120s] Level 1:colcon.colcon_core.package_identification:_identify(src/my_arm_def_py_pkg) by extension 'colcon_pkg'
[1.120s] Level 1:colcon.colcon_core.package_identification:_identify(src/my_arm_def_py_pkg) by extensions ['colcon_meta']
[1.120s] Level 1:colcon.colcon_core.package_identification:_identify(src/my_arm_def_py_pkg) by extension 'colcon_meta'
[1.120s] Level 1:colcon.colcon_core.package_identification:_identify(src/my_arm_def_py_pkg) by extensions ['ros']
[1.120s] Level 1:colcon.colcon_core.package_identification:_identify(src/my_arm_def_py_pkg) by extension 'ros'
[1.121s] DEBUG:colcon.colcon_core.package_identification:Package 'src/my_arm_def_py_pkg' with type 'ros.ament_python' and name 'my_arm_def_py_pkg'
[1.121s] Level 1:colcon.colcon_core.package_identification:_identify(src/my_arm_definitive_bringup) by extensions ['ignore', 'ignore_ament_install']
[1.121s] Level 1:colcon.colcon_core.package_identification:_identify(src/my_arm_definitive_bringup) by extension 'ignore'
[1.121s] Level 1:colcon.colcon_core.package_identification:_identify(src/my_arm_definitive_bringup) by extension 'ignore_ament_install'
[1.121s] Level 1:colcon.colcon_core.package_identification:_identify(src/my_arm_definitive_bringup) by extensions ['colcon_pkg']
[1.121s] Level 1:colcon.colcon_core.package_identification:_identify(src/my_arm_definitive_bringup) by extension 'colcon_pkg'
[1.122s] Level 1:colcon.colcon_core.package_identification:_identify(src/my_arm_definitive_bringup) by extensions ['colcon_meta']
[1.122s] Level 1:colcon.colcon_core.package_identification:_identify(src/my_arm_definitive_bringup) by extension 'colcon_meta'
[1.122s] Level 1:colcon.colcon_core.package_identification:_identify(src/my_arm_definitive_bringup) by extensions ['ros']
[1.122s] Level 1:colcon.colcon_core.package_identification:_identify(src/my_arm_definitive_bringup) by extension 'ros'
[1.122s] DEBUG:colcon.colcon_core.package_identification:Package 'src/my_arm_definitive_bringup' with type 'ros.ament_cmake' and name 'my_arm_definitive_bringup'
[1.122s] Level 1:colcon.colcon_core.package_discovery:discover_packages(recursive) using defaults
[1.122s] Level 1:colcon.colcon_core.package_discovery:discover_packages(ignore) discover
[1.122s] Level 1:colcon.colcon_core.package_discovery:discover_packages(ignore) using defaults
[1.122s] Level 1:colcon.colcon_core.package_discovery:discover_packages(path) discover
[1.122s] Level 1:colcon.colcon_core.package_discovery:discover_packages(path) using defaults
[1.141s] INFO:colcon.colcon_core.package_selection:Skipping not selected package 'my_arm_def_cpp_pkg' in 'src/my_arm_def_cpp_pkg'
[1.141s] INFO:colcon.colcon_core.package_selection:Skipping not selected package 'my_arm_def_interfaces' in 'src/my_arm_def_interfaces'
[1.141s] INFO:colcon.colcon_core.package_selection:Skipping not selected package 'my_arm_def_py_pkg' in 'src/my_arm_def_py_pkg'
[1.141s] INFO:colcon.colcon_core.package_selection:Skipping not selected package 'my_arm_def_bringup' in 'src/my_arm_def_bringup'
[1.144s] Level 5:colcon.colcon_core.verb:set package 'my_arm_definitive_bringup' build argument 'cmake_args' from command line to 'None'
[1.144s] Level 5:colcon.colcon_core.verb:set package 'my_arm_definitive_bringup' build argument 'cmake_target' from command line to 'None'
[1.144s] Level 5:colcon.colcon_core.verb:set package 'my_arm_definitive_bringup' build argument 'cmake_target_skip_unavailable' from command line to 'False'
[1.144s] Level 5:colcon.colcon_core.verb:set package 'my_arm_definitive_bringup' build argument 'cmake_clean_cache' from command line to 'False'
[1.144s] Level 5:colcon.colcon_core.verb:set package 'my_arm_definitive_bringup' build argument 'cmake_clean_first' from command line to 'False'
[1.144s] Level 5:colcon.colcon_core.verb:set package 'my_arm_definitive_bringup' build argument 'cmake_force_configure' from command line to 'False'
[1.144s] Level 5:colcon.colcon_core.verb:set package 'my_arm_definitive_bringup' build argument 'ament_cmake_args' from command line to 'None'
[1.144s] Level 5:colcon.colcon_core.verb:set package 'my_arm_definitive_bringup' build argument 'catkin_cmake_args' from command line to 'None'
[1.144s] Level 5:colcon.colcon_core.verb:set package 'my_arm_definitive_bringup' build argument 'catkin_skip_building_tests' from command line to 'False'
[1.144s] DEBUG:colcon.colcon_core.verb:Building package 'my_arm_definitive_bringup' with the following arguments: {'ament_cmake_args': None, 'build_base': '/home/caio/my_arm_def/build/my_arm_definitive_bringup', 'catkin_cmake_args': None, 'catkin_skip_building_tests': False, 'cmake_args': None, 'cmake_clean_cache': False, 'cmake_clean_first': False, 'cmake_force_configure': False, 'cmake_target': None, 'cmake_target_skip_unavailable': False, 'install_base': '/home/caio/my_arm_def/install/my_arm_definitive_bringup', 'merge_install': False, 'path': '/home/caio/my_arm_def/src/my_arm_definitive_bringup', 'symlink_install': True, 'test_result_base': None}
[1.144s] INFO:colcon.colcon_core.executor:Executing jobs using 'parallel' executor
[1.146s] DEBUG:colcon.colcon_parallel_executor.executor.parallel:run_until_complete
[1.147s] INFO:colcon.colcon_ros.task.ament_cmake.build:Building ROS package in '/home/caio/my_arm_def/src/my_arm_definitive_bringup' with build type 'ament_cmake'
[1.147s] INFO:colcon.colcon_cmake.task.cmake.build:Building CMake package in '/home/caio/my_arm_def/src/my_arm_definitive_bringup'
[1.198s] INFO:colcon.colcon_core.plugin_system:Skipping extension 'colcon_core.shell.bat': Not used on non-Windows systems
[1.199s] INFO:colcon.colcon_core.shell:Skip shell extension 'powershell' for command environment: Not usable outside of PowerShell
[1.199s] DEBUG:colcon.colcon_core.shell:Skip shell extension 'dsv' for command environment
[1.278s] DEBUG:colcon.colcon_core.shell:Ignoring prefix path '/opt/ros/foxy'
[1.487s] DEBUG:colcon.colcon_core.event_handler.log_command:Invoking command in '/home/caio/my_arm_def/build/my_arm_definitive_bringup': AMENT_PREFIX_PATH=/home/caio/my_arm_def/install/my_arm_def_py_pkg:/home/caio/my_arm_def/install/my_arm_definitive_bringup:/home/caio/my_arm_def/install/my_arm_def_bringup:/home/caio/my_arm_def/install/my_arm_def_interfaces:/home/caio/my_arm_def/install/my_arm_def_cpp_pkg:/home/caio/ros2_ws/install/my_robot_bringup:/home/caio/ros2_ws/install/turtlesim_project_cpp:/home/caio/ros2_ws/install/turtlesim_catch_them_all:/home/caio/ros2_ws/install/my_try_robot:/home/caio/ros2_ws/install/my_py_pkg:/home/caio/ros2_ws/install/my_cpp_pkg:/home/caio/ros2_ws/install/my_arm_py:/home/caio/ros2_ws/install/my_robot_interfaces:/home/caio/ros2_ws/install/my_package:/home/caio/ros2_ws/install/my_arm:/home/caio/ros2_ws/install/lydar:/home/caio/ros2_ws/install/gazebo_ros_action_tutorial:/home/caio/ros2_ws/install/bocbot:/home/caio/ros2_ws/install/big_bazu:/home/caio/ros2_ws/install/bigBazu:/home/caio/bridge_ws/install/ros_ign:/home/caio/bridge_ws/install/ros_ign_gazebo_demos:/home/caio/bridge_ws/install/ros_ign_image:/home/caio/bridge_ws/install/ros_ign_gazebo:/home/caio/bridge_ws/install/ros_ign_bridge:/home/caio/turtlebot3_ws/install/turtlebot3_simulations:/home/caio/turtlebot3_ws/install/turtlebot3_gazebo:/home/caio/turtlebot3_ws/install/turtlebot3:/home/caio/turtlebot3_ws/install/turtlebot3_teleop:/home/caio/turtlebot3_ws/install/turtlebot3_bringup:/home/caio/turtlebot3_ws/install/turtlebot3_node:/home/caio/turtlebot3_ws/install/turtlebot3_navigation2:/home/caio/turtlebot3_ws/install/turtlebot3_fake_node:/home/caio/turtlebot3_ws/install/turtlebot3_example:/home/caio/turtlebot3_ws/install/turtlebot3_msgs:/home/caio/turtlebot3_ws/install/turtlebot3_description:/home/caio/turtlebot3_ws/install/turtlebot3_cartographer:/home/caio/turtlebot3_ws/install/robot_spawner_pkg:/home/caio/turtlebot3_ws/install/hls_lfcd_lds_driver:/home/caio/turtlebot3_ws/install/dynamixel_sdk:/opt/ros/foxy CMAKE_PREFIX_PATH=/home/caio/my_arm_def/install/my_arm_def_cpp_pkg:/home/caio/my_arm_def/install/my_arm_definitive_bringup:/home/caio/my_arm_def/install/my_arm_def_bringup:/home/caio/my_arm_def/install/my_arm_def_interfaces:/home/caio/ros2_ws/install/my_robot_bringup:/home/caio/ros2_ws/install/turtlesim_project_cpp:/home/caio/ros2_ws/install/my_try_robot:/home/caio/ros2_ws/install/my_cpp_pkg:/home/caio/ros2_ws/install/my_robot_interfaces:/home/caio/ros2_ws/install/my_arm:/home/caio/ros2_ws/install/lydar:/home/caio/ros2_ws/install/gazebo_ros_action_tutorial:/home/caio/ros2_ws/install/bocbot:/home/caio/bridge_ws/install/ros_ign:/home/caio/bridge_ws/install/ros_ign_gazebo_demos:/home/caio/bridge_ws/install/ros_ign_image:/home/caio/bridge_ws/install/ros_ign_gazebo:/home/caio/bridge_ws/install/ros_ign_bridge:/home/caio/turtlebot3_ws/install/turtlebot3_simulations:/home/caio/turtlebot3_ws/install/turtlebot3_gazebo:/home/caio/turtlebot3_ws/install/turtlebot3:/home/caio/turtlebot3_ws/install/turtlebot3_bringup:/home/caio/turtlebot3_ws/install/turtlebot3_node:/home/caio/turtlebot3_ws/install/turtlebot3_navigation2:/home/caio/turtlebot3_ws/install/turtlebot3_fake_node:/home/caio/turtlebot3_ws/install/turtlebot3_msgs:/home/caio/turtlebot3_ws/install/turtlebot3_description:/home/caio/turtlebot3_ws/install/turtlebot3_cartographer:/home/caio/turtlebot3_ws/install/hls_lfcd_lds_driver:/home/caio/turtlebot3_ws/install/dynamixel_sdk:/home/caio/my_arm_def/install/my_arm_def_py_pkg:/home/caio/ros2_ws/install/turtlesim_catch_them_all:/home/caio/ros2_ws/install/my_py_pkg:/home/caio/ros2_ws/install/my_arm_py:/home/caio/ros2_ws/install/my_package:/home/caio/ros2_ws/install/big_bazu:/home/caio/ros2_ws/install/bigBazu:/home/caio/turtlebot3_ws/install/turtlebot3_teleop:/home/caio/turtlebot3_ws/install/turtlebot3_example:/home/caio/turtlebot3_ws/install/robot_spawner_pkg:/opt/ros/foxy CONDA_PROMPT_MODIFIER=(base) LD_LIBRARY_PATH=/home/caio/my_arm_def/install/my_arm_def_cpp_pkg/lib:/home/caio/my_arm_def/install/my_arm_def_interfaces/lib:/home/caio/ros2_ws/install/my_try_robot/lib:/home/caio/ros2_ws/install/my_robot_interfaces/lib:/home/caio/ros2_ws/install/my_arm/lib:/home/caio/ros2_ws/install/gazebo_ros_action_tutorial/lib:/home/caio/bridge_ws/install/ros_ign_bridge/lib:/home/caio/turtlebot3_ws/install/turtlebot3_msgs/lib:/home/caio/turtlebot3_ws/install/dynamixel_sdk/lib:/usr/lib/x86_64-linux-gnu/gazebo-11/plugins:/opt/ros/foxy/opt/yaml_cpp_vendor/lib:/opt/ros/foxy/opt/rviz_ogre_vendor/lib:/opt/ros/foxy/lib/x86_64-linux-gnu:/opt/ros/foxy/lib:/home/caio/velodyne_plugin/build /usr/bin/cmake --build /home/caio/my_arm_def/build/my_arm_definitive_bringup -- -j8 -l8
[1.853s] DEBUG:colcon.colcon_core.event_handler.log_command:Invoked command in '/home/caio/my_arm_def/build/my_arm_definitive_bringup' returned '0': AMENT_PREFIX_PATH=/home/caio/my_arm_def/install/my_arm_def_py_pkg:/home/caio/my_arm_def/install/my_arm_definitive_bringup:/home/caio/my_arm_def/install/my_arm_def_bringup:/home/caio/my_arm_def/install/my_arm_def_interfaces:/home/caio/my_arm_def/install/my_arm_def_cpp_pkg:/home/caio/ros2_ws/install/my_robot_bringup:/home/caio/ros2_ws/install/turtlesim_project_cpp:/home/caio/ros2_ws/install/turtlesim_catch_them_all:/home/caio/ros2_ws/install/my_try_robot:/home/caio/ros2_ws/install/my_py_pkg:/home/caio/ros2_ws/install/my_cpp_pkg:/home/caio/ros2_ws/install/my_arm_py:/home/caio/ros2_ws/install/my_robot_interfaces:/home/caio/ros2_ws/install/my_package:/home/caio/ros2_ws/install/my_arm:/home/caio/ros2_ws/install/lydar:/home/caio/ros2_ws/install/gazebo_ros_action_tutorial:/home/caio/ros2_ws/install/bocbot:/home/caio/ros2_ws/install/big_bazu:/home/caio/ros2_ws/install/bigBazu:/home/caio/bridge_ws/install/ros_ign:/home/caio/bridge_ws/install/ros_ign_gazebo_demos:/home/caio/bridge_ws/install/ros_ign_image:/home/caio/bridge_ws/install/ros_ign_gazebo:/home/caio/bridge_ws/install/ros_ign_bridge:/home/caio/turtlebot3_ws/install/turtlebot3_simulations:/home/caio/turtlebot3_ws/install/turtlebot3_gazebo:/home/caio/turtlebot3_ws/install/turtlebot3:/home/caio/turtlebot3_ws/install/turtlebot3_teleop:/home/caio/turtlebot3_ws/install/turtlebot3_bringup:/home/caio/turtlebot3_ws/install/turtlebot3_node:/home/caio/turtlebot3_ws/install/turtlebot3_navigation2:/home/caio/turtlebot3_ws/install/turtlebot3_fake_node:/home/caio/turtlebot3_ws/install/turtlebot3_example:/home/caio/turtlebot3_ws/install/turtlebot3_msgs:/home/caio/turtlebot3_ws/install/turtlebot3_description:/home/caio/turtlebot3_ws/install/turtlebot3_cartographer:/home/caio/turtlebot3_ws/install/robot_spawner_pkg:/home/caio/turtlebot3_ws/install/hls_lfcd_lds_driver:/home/caio/turtlebot3_ws/install/dynamixel_sdk:/opt/ros/foxy CMAKE_PREFIX_PATH=/home/caio/my_arm_def/install/my_arm_def_cpp_pkg:/home/caio/my_arm_def/install/my_arm_definitive_bringup:/home/caio/my_arm_def/install/my_arm_def_bringup:/home/caio/my_arm_def/install/my_arm_def_interfaces:/home/caio/ros2_ws/install/my_robot_bringup:/home/caio/ros2_ws/install/turtlesim_project_cpp:/home/caio/ros2_ws/install/my_try_robot:/home/caio/ros2_ws/install/my_cpp_pkg:/home/caio/ros2_ws/install/my_robot_interfaces:/home/caio/ros2_ws/install/my_arm:/home/caio/ros2_ws/install/lydar:/home/caio/ros2_ws/install/gazebo_ros_action_tutorial:/home/caio/ros2_ws/install/bocbot:/home/caio/bridge_ws/install/ros_ign:/home/caio/bridge_ws/install/ros_ign_gazebo_demos:/home/caio/bridge_ws/install/ros_ign_image:/home/caio/bridge_ws/install/ros_ign_gazebo:/home/caio/bridge_ws/install/ros_ign_bridge:/home/caio/turtlebot3_ws/install/turtlebot3_simulations:/home/caio/turtlebot3_ws/install/turtlebot3_gazebo:/home/caio/turtlebot3_ws/install/turtlebot3:/home/caio/turtlebot3_ws/install/turtlebot3_bringup:/home/caio/turtlebot3_ws/install/turtlebot3_node:/home/caio/turtlebot3_ws/install/turtlebot3_navigation2:/home/caio/turtlebot3_ws/install/turtlebot3_fake_node:/home/caio/turtlebot3_ws/install/turtlebot3_msgs:/home/caio/turtlebot3_ws/install/turtlebot3_description:/home/caio/turtlebot3_ws/install/turtlebot3_cartographer:/home/caio/turtlebot3_ws/install/hls_lfcd_lds_driver:/home/caio/turtlebot3_ws/install/dynamixel_sdk:/home/caio/my_arm_def/install/my_arm_def_py_pkg:/home/caio/ros2_ws/install/turtlesim_catch_them_all:/home/caio/ros2_ws/install/my_py_pkg:/home/caio/ros2_ws/install/my_arm_py:/home/caio/ros2_ws/install/my_package:/home/caio/ros2_ws/install/big_bazu:/home/caio/ros2_ws/install/bigBazu:/home/caio/turtlebot3_ws/install/turtlebot3_teleop:/home/caio/turtlebot3_ws/install/turtlebot3_example:/home/caio/turtlebot3_ws/install/robot_spawner_pkg:/opt/ros/foxy CONDA_PROMPT_MODIFIER=(base) LD_LIBRARY_PATH=/home/caio/my_arm_def/install/my_arm_def_cpp_pkg/lib:/home/caio/my_arm_def/install/my_arm_def_interfaces/lib:/home/caio/ros2_ws/install/my_try_robot/lib:/home/caio/ros2_ws/install/my_robot_interfaces/lib:/home/caio/ros2_ws/install/my_arm/lib:/home/caio/ros2_ws/install/gazebo_ros_action_tutorial/lib:/home/caio/bridge_ws/install/ros_ign_bridge/lib:/home/caio/turtlebot3_ws/install/turtlebot3_msgs/lib:/home/caio/turtlebot3_ws/install/dynamixel_sdk/lib:/usr/lib/x86_64-linux-gnu/gazebo-11/plugins:/opt/ros/foxy/opt/yaml_cpp_vendor/lib:/opt/ros/foxy/opt/rviz_ogre_vendor/lib:/opt/ros/foxy/lib/x86_64-linux-gnu:/opt/ros/foxy/lib:/home/caio/velodyne_plugin/build /usr/bin/cmake --build /home/caio/my_arm_def/build/my_arm_definitive_bringup -- -j8 -l8
[1.920s] DEBUG:colcon.colcon_core.event_handler.log_command:Invoking command in '/home/caio/my_arm_def/build/my_arm_definitive_bringup': AMENT_PREFIX_PATH=/home/caio/my_arm_def/install/my_arm_def_py_pkg:/home/caio/my_arm_def/install/my_arm_definitive_bringup:/home/caio/my_arm_def/install/my_arm_def_bringup:/home/caio/my_arm_def/install/my_arm_def_interfaces:/home/caio/my_arm_def/install/my_arm_def_cpp_pkg:/home/caio/ros2_ws/install/my_robot_bringup:/home/caio/ros2_ws/install/turtlesim_project_cpp:/home/caio/ros2_ws/install/turtlesim_catch_them_all:/home/caio/ros2_ws/install/my_try_robot:/home/caio/ros2_ws/install/my_py_pkg:/home/caio/ros2_ws/install/my_cpp_pkg:/home/caio/ros2_ws/install/my_arm_py:/home/caio/ros2_ws/install/my_robot_interfaces:/home/caio/ros2_ws/install/my_package:/home/caio/ros2_ws/install/my_arm:/home/caio/ros2_ws/install/lydar:/home/caio/ros2_ws/install/gazebo_ros_action_tutorial:/home/caio/ros2_ws/install/bocbot:/home/caio/ros2_ws/install/big_bazu:/home/caio/ros2_ws/install/bigBazu:/home/caio/bridge_ws/install/ros_ign:/home/caio/bridge_ws/install/ros_ign_gazebo_demos:/home/caio/bridge_ws/install/ros_ign_image:/home/caio/bridge_ws/install/ros_ign_gazebo:/home/caio/bridge_ws/install/ros_ign_bridge:/home/caio/turtlebot3_ws/install/turtlebot3_simulations:/home/caio/turtlebot3_ws/install/turtlebot3_gazebo:/home/caio/turtlebot3_ws/install/turtlebot3:/home/caio/turtlebot3_ws/install/turtlebot3_teleop:/home/caio/turtlebot3_ws/install/turtlebot3_bringup:/home/caio/turtlebot3_ws/install/turtlebot3_node:/home/caio/turtlebot3_ws/install/turtlebot3_navigation2:/home/caio/turtlebot3_ws/install/turtlebot3_fake_node:/home/caio/turtlebot3_ws/install/turtlebot3_example:/home/caio/turtlebot3_ws/install/turtlebot3_msgs:/home/caio/turtlebot3_ws/install/turtlebot3_description:/home/caio/turtlebot3_ws/install/turtlebot3_cartographer:/home/caio/turtlebot3_ws/install/robot_spawner_pkg:/home/caio/turtlebot3_ws/install/hls_lfcd_lds_driver:/home/caio/turtlebot3_ws/install/dynamixel_sdk:/opt/ros/foxy CMAKE_PREFIX_PATH=/home/caio/my_arm_def/install/my_arm_def_cpp_pkg:/home/caio/my_arm_def/install/my_arm_definitive_bringup:/home/caio/my_arm_def/install/my_arm_def_bringup:/home/caio/my_arm_def/install/my_arm_def_interfaces:/home/caio/ros2_ws/install/my_robot_bringup:/home/caio/ros2_ws/install/turtlesim_project_cpp:/home/caio/ros2_ws/install/my_try_robot:/home/caio/ros2_ws/install/my_cpp_pkg:/home/caio/ros2_ws/install/my_robot_interfaces:/home/caio/ros2_ws/install/my_arm:/home/caio/ros2_ws/install/lydar:/home/caio/ros2_ws/install/gazebo_ros_action_tutorial:/home/caio/ros2_ws/install/bocbot:/home/caio/bridge_ws/install/ros_ign:/home/caio/bridge_ws/install/ros_ign_gazebo_demos:/home/caio/bridge_ws/install/ros_ign_image:/home/caio/bridge_ws/install/ros_ign_gazebo:/home/caio/bridge_ws/install/ros_ign_bridge:/home/caio/turtlebot3_ws/install/turtlebot3_simulations:/home/caio/turtlebot3_ws/install/turtlebot3_gazebo:/home/caio/turtlebot3_ws/install/turtlebot3:/home/caio/turtlebot3_ws/install/turtlebot3_bringup:/home/caio/turtlebot3_ws/install/turtlebot3_node:/home/caio/turtlebot3_ws/install/turtlebot3_navigation2:/home/caio/turtlebot3_ws/install/turtlebot3_fake_node:/home/caio/turtlebot3_ws/install/turtlebot3_msgs:/home/caio/turtlebot3_ws/install/turtlebot3_description:/home/caio/turtlebot3_ws/install/turtlebot3_cartographer:/home/caio/turtlebot3_ws/install/hls_lfcd_lds_driver:/home/caio/turtlebot3_ws/install/dynamixel_sdk:/home/caio/my_arm_def/install/my_arm_def_py_pkg:/home/caio/ros2_ws/install/turtlesim_catch_them_all:/home/caio/ros2_ws/install/my_py_pkg:/home/caio/ros2_ws/install/my_arm_py:/home/caio/ros2_ws/install/my_package:/home/caio/ros2_ws/install/big_bazu:/home/caio/ros2_ws/install/bigBazu:/home/caio/turtlebot3_ws/install/turtlebot3_teleop:/home/caio/turtlebot3_ws/install/turtlebot3_example:/home/caio/turtlebot3_ws/install/robot_spawner_pkg:/opt/ros/foxy CONDA_PROMPT_MODIFIER=(base) LD_LIBRARY_PATH=/home/caio/my_arm_def/install/my_arm_def_cpp_pkg/lib:/home/caio/my_arm_def/install/my_arm_def_interfaces/lib:/home/caio/ros2_ws/install/my_try_robot/lib:/home/caio/ros2_ws/install/my_robot_interfaces/lib:/home/caio/ros2_ws/install/my_arm/lib:/home/caio/ros2_ws/install/gazebo_ros_action_tutorial/lib:/home/caio/bridge_ws/install/ros_ign_bridge/lib:/home/caio/turtlebot3_ws/install/turtlebot3_msgs/lib:/home/caio/turtlebot3_ws/install/dynamixel_sdk/lib:/usr/lib/x86_64-linux-gnu/gazebo-11/plugins:/opt/ros/foxy/opt/yaml_cpp_vendor/lib:/opt/ros/foxy/opt/rviz_ogre_vendor/lib:/opt/ros/foxy/lib/x86_64-linux-gnu:/opt/ros/foxy/lib:/home/caio/velodyne_plugin/build /usr/bin/cmake --install /home/caio/my_arm_def/build/my_arm_definitive_bringup
[2.054s] Level 1:colcon.colcon_core.environment:create_environment_scripts_only(my_arm_definitive_bringup)
[2.057s] DEBUG:colcon.colcon_core.event_handler.log_command:Invoked command in '/home/caio/my_arm_def/build/my_arm_definitive_bringup' returned '0': AMENT_PREFIX_PATH=/home/caio/my_arm_def/install/my_arm_def_py_pkg:/home/caio/my_arm_def/install/my_arm_definitive_bringup:/home/caio/my_arm_def/install/my_arm_def_bringup:/home/caio/my_arm_def/install/my_arm_def_interfaces:/home/caio/my_arm_def/install/my_arm_def_cpp_pkg:/home/caio/ros2_ws/install/my_robot_bringup:/home/caio/ros2_ws/install/turtlesim_project_cpp:/home/caio/ros2_ws/install/turtlesim_catch_them_all:/home/caio/ros2_ws/install/my_try_robot:/home/caio/ros2_ws/install/my_py_pkg:/home/caio/ros2_ws/install/my_cpp_pkg:/home/caio/ros2_ws/install/my_arm_py:/home/caio/ros2_ws/install/my_robot_interfaces:/home/caio/ros2_ws/install/my_package:/home/caio/ros2_ws/install/my_arm:/home/caio/ros2_ws/install/lydar:/home/caio/ros2_ws/install/gazebo_ros_action_tutorial:/home/caio/ros2_ws/install/bocbot:/home/caio/ros2_ws/install/big_bazu:/home/caio/ros2_ws/install/bigBazu:/home/caio/bridge_ws/install/ros_ign:/home/caio/bridge_ws/install/ros_ign_gazebo_demos:/home/caio/bridge_ws/install/ros_ign_image:/home/caio/bridge_ws/install/ros_ign_gazebo:/home/caio/bridge_ws/install/ros_ign_bridge:/home/caio/turtlebot3_ws/install/turtlebot3_simulations:/home/caio/turtlebot3_ws/install/turtlebot3_gazebo:/home/caio/turtlebot3_ws/install/turtlebot3:/home/caio/turtlebot3_ws/install/turtlebot3_teleop:/home/caio/turtlebot3_ws/install/turtlebot3_bringup:/home/caio/turtlebot3_ws/install/turtlebot3_node:/home/caio/turtlebot3_ws/install/turtlebot3_navigation2:/home/caio/turtlebot3_ws/install/turtlebot3_fake_node:/home/caio/turtlebot3_ws/install/turtlebot3_example:/home/caio/turtlebot3_ws/install/turtlebot3_msgs:/home/caio/turtlebot3_ws/install/turtlebot3_description:/home/caio/turtlebot3_ws/install/turtlebot3_cartographer:/home/caio/turtlebot3_ws/install/robot_spawner_pkg:/home/caio/turtlebot3_ws/install/hls_lfcd_lds_driver:/home/caio/turtlebot3_ws/install/dynamixel_sdk:/opt/ros/foxy CMAKE_PREFIX_PATH=/home/caio/my_arm_def/install/my_arm_def_cpp_pkg:/home/caio/my_arm_def/install/my_arm_definitive_bringup:/home/caio/my_arm_def/install/my_arm_def_bringup:/home/caio/my_arm_def/install/my_arm_def_interfaces:/home/caio/ros2_ws/install/my_robot_bringup:/home/caio/ros2_ws/install/turtlesim_project_cpp:/home/caio/ros2_ws/install/my_try_robot:/home/caio/ros2_ws/install/my_cpp_pkg:/home/caio/ros2_ws/install/my_robot_interfaces:/home/caio/ros2_ws/install/my_arm:/home/caio/ros2_ws/install/lydar:/home/caio/ros2_ws/install/gazebo_ros_action_tutorial:/home/caio/ros2_ws/install/bocbot:/home/caio/bridge_ws/install/ros_ign:/home/caio/bridge_ws/install/ros_ign_gazebo_demos:/home/caio/bridge_ws/install/ros_ign_image:/home/caio/bridge_ws/install/ros_ign_gazebo:/home/caio/bridge_ws/install/ros_ign_bridge:/home/caio/turtlebot3_ws/install/turtlebot3_simulations:/home/caio/turtlebot3_ws/install/turtlebot3_gazebo:/home/caio/turtlebot3_ws/install/turtlebot3:/home/caio/turtlebot3_ws/install/turtlebot3_bringup:/home/caio/turtlebot3_ws/install/turtlebot3_node:/home/caio/turtlebot3_ws/install/turtlebot3_navigation2:/home/caio/turtlebot3_ws/install/turtlebot3_fake_node:/home/caio/turtlebot3_ws/install/turtlebot3_msgs:/home/caio/turtlebot3_ws/install/turtlebot3_description:/home/caio/turtlebot3_ws/install/turtlebot3_cartographer:/home/caio/turtlebot3_ws/install/hls_lfcd_lds_driver:/home/caio/turtlebot3_ws/install/dynamixel_sdk:/home/caio/my_arm_def/install/my_arm_def_py_pkg:/home/caio/ros2_ws/install/turtlesim_catch_them_all:/home/caio/ros2_ws/install/my_py_pkg:/home/caio/ros2_ws/install/my_arm_py:/home/caio/ros2_ws/install/my_package:/home/caio/ros2_ws/install/big_bazu:/home/caio/ros2_ws/install/bigBazu:/home/caio/turtlebot3_ws/install/turtlebot3_teleop:/home/caio/turtlebot3_ws/install/turtlebot3_example:/home/caio/turtlebot3_ws/install/robot_spawner_pkg:/opt/ros/foxy CONDA_PROMPT_MODIFIER=(base) LD_LIBRARY_PATH=/home/caio/my_arm_def/install/my_arm_def_cpp_pkg/lib:/home/caio/my_arm_def/install/my_arm_def_interfaces/lib:/home/caio/ros2_ws/install/my_try_robot/lib:/home/caio/ros2_ws/install/my_robot_interfaces/lib:/home/caio/ros2_ws/install/my_arm/lib:/home/caio/ros2_ws/install/gazebo_ros_action_tutorial/lib:/home/caio/bridge_ws/install/ros_ign_bridge/lib:/home/caio/turtlebot3_ws/install/turtlebot3_msgs/lib:/home/caio/turtlebot3_ws/install/dynamixel_sdk/lib:/usr/lib/x86_64-linux-gnu/gazebo-11/plugins:/opt/ros/foxy/opt/yaml_cpp_vendor/lib:/opt/ros/foxy/opt/rviz_ogre_vendor/lib:/opt/ros/foxy/lib/x86_64-linux-gnu:/opt/ros/foxy/lib:/home/caio/velodyne_plugin/build /usr/bin/cmake --install /home/caio/my_arm_def/build/my_arm_definitive_bringup
[2.200s] Level 1:colcon.colcon_core.environment:checking '/home/caio/my_arm_def/install/my_arm_definitive_bringup' for CMake module files
[2.202s] Level 1:colcon.colcon_core.environment:checking '/home/caio/my_arm_def/install/my_arm_definitive_bringup' for CMake config files
[2.203s] Level 1:colcon.colcon_core.shell:create_environment_hook('my_arm_definitive_bringup', 'cmake_prefix_path')
[2.205s] INFO:colcon.colcon_core.shell:Creating environment hook '/home/caio/my_arm_def/install/my_arm_definitive_bringup/share/my_arm_definitive_bringup/hook/cmake_prefix_path.ps1'
[2.220s] INFO:colcon.colcon_core.shell:Creating environment descriptor '/home/caio/my_arm_def/install/my_arm_definitive_bringup/share/my_arm_definitive_bringup/hook/cmake_prefix_path.dsv'
[2.222s] INFO:colcon.colcon_core.shell:Creating environment hook '/home/caio/my_arm_def/install/my_arm_definitive_bringup/share/my_arm_definitive_bringup/hook/cmake_prefix_path.sh'
[2.224s] Level 1:colcon.colcon_core.environment:checking '/home/caio/my_arm_def/install/my_arm_definitive_bringup/bin'
[2.225s] Level 1:colcon.colcon_core.environment:checking '/home/caio/my_arm_def/install/my_arm_definitive_bringup/lib/pkgconfig/my_arm_definitive_bringup.pc'
[2.225s] Level 1:colcon.colcon_core.environment:checking '/home/caio/my_arm_def/install/my_arm_definitive_bringup/lib/python3.8/site-packages'
[2.227s] INFO:colcon.colcon_core.shell:Creating package script '/home/caio/my_arm_def/install/my_arm_definitive_bringup/share/my_arm_definitive_bringup/package.ps1'
[2.228s] INFO:colcon.colcon_core.shell:Creating package descriptor '/home/caio/my_arm_def/install/my_arm_definitive_bringup/share/my_arm_definitive_bringup/package.dsv'
[2.229s] INFO:colcon.colcon_core.shell:Creating package script '/home/caio/my_arm_def/install/my_arm_definitive_bringup/share/my_arm_definitive_bringup/package.sh'
[2.230s] INFO:colcon.colcon_core.shell:Creating package script '/home/caio/my_arm_def/install/my_arm_definitive_bringup/share/my_arm_definitive_bringup/package.bash'
[2.232s] INFO:colcon.colcon_core.shell:Creating package script '/home/caio/my_arm_def/install/my_arm_definitive_bringup/share/my_arm_definitive_bringup/package.zsh'
[2.233s] Level 1:colcon.colcon_core.environment:create_file_with_runtime_dependencies(/home/caio/my_arm_def/install/my_arm_definitive_bringup/share/colcon-core/packages/my_arm_definitive_bringup)
[2.278s] Level 1:colcon.colcon_core.environment:create_environment_scripts_only(my_arm_definitive_bringup)
[2.281s] Level 1:colcon.colcon_core.environment:checking '/home/caio/my_arm_def/install/my_arm_definitive_bringup' for CMake module files
[2.282s] Level 1:colcon.colcon_core.environment:checking '/home/caio/my_arm_def/install/my_arm_definitive_bringup' for CMake config files
[2.283s] Level 1:colcon.colcon_core.shell:create_environment_hook('my_arm_definitive_bringup', 'cmake_prefix_path')
[2.285s] INFO:colcon.colcon_core.shell:Creating environment hook '/home/caio/my_arm_def/install/my_arm_definitive_bringup/share/my_arm_definitive_bringup/hook/cmake_prefix_path.ps1'
[2.286s] INFO:colcon.colcon_core.shell:Creating environment descriptor '/home/caio/my_arm_def/install/my_arm_definitive_bringup/share/my_arm_definitive_bringup/hook/cmake_prefix_path.dsv'
[2.286s] INFO:colcon.colcon_core.shell:Creating environment hook '/home/caio/my_arm_def/install/my_arm_definitive_bringup/share/my_arm_definitive_bringup/hook/cmake_prefix_path.sh'
[2.286s] Level 1:colcon.colcon_core.environment:checking '/home/caio/my_arm_def/install/my_arm_definitive_bringup/bin'
[2.287s] Level 1:colcon.colcon_core.environment:checking '/home/caio/my_arm_def/install/my_arm_definitive_bringup/lib/pkgconfig/my_arm_definitive_bringup.pc'
[2.287s] Level 1:colcon.colcon_core.environment:checking '/home/caio/my_arm_def/install/my_arm_definitive_bringup/lib/python3.8/site-packages'
[2.287s] INFO:colcon.colcon_core.shell:Creating package script '/home/caio/my_arm_def/install/my_arm_definitive_bringup/share/my_arm_definitive_bringup/package.ps1'
[2.288s] INFO:colcon.colcon_core.shell:Creating package descriptor '/home/caio/my_arm_def/install/my_arm_definitive_bringup/share/my_arm_definitive_bringup/package.dsv'
[2.288s] INFO:colcon.colcon_core.shell:Creating package script '/home/caio/my_arm_def/install/my_arm_definitive_bringup/share/my_arm_definitive_bringup/package.sh'
[2.289s] INFO:colcon.colcon_core.shell:Creating package script '/home/caio/my_arm_def/install/my_arm_definitive_bringup/share/my_arm_definitive_bringup/package.bash'
[2.289s] INFO:colcon.colcon_core.shell:Creating package script '/home/caio/my_arm_def/install/my_arm_definitive_bringup/share/my_arm_definitive_bringup/package.zsh'
[2.289s] Level 1:colcon.colcon_core.environment:create_file_with_runtime_dependencies(/home/caio/my_arm_def/install/my_arm_definitive_bringup/share/colcon-core/packages/my_arm_definitive_bringup)
[2.290s] DEBUG:colcon.colcon_parallel_executor.executor.parallel:closing loop
[2.290s] DEBUG:colcon.colcon_parallel_executor.executor.parallel:loop closed
[2.291s] DEBUG:colcon.colcon_parallel_executor.executor.parallel:run_until_complete finished with '0'
[2.291s] DEBUG:colcon.colcon_core.event_reactor:joining thread
[2.318s] INFO:colcon.colcon_core.plugin_system:Skipping extension 'colcon_notification.desktop_notification.terminal_notifier': Not used on non-Darwin systems
[2.318s] INFO:colcon.colcon_core.plugin_system:Skipping extension 'colcon_notification.desktop_notification.win32': Not used on non-Windows systems
[2.318s] INFO:colcon.colcon_notification.desktop_notification:Sending desktop notification using 'notify2'
[2.364s] DEBUG:colcon.colcon_core.event_reactor:joined thread
[2.366s] INFO:colcon.colcon_core.shell:Creating prefix script '/home/caio/my_arm_def/install/local_setup.ps1'
[2.368s] INFO:colcon.colcon_core.shell:Creating prefix util module '/home/caio/my_arm_def/install/_local_setup_util_ps1.py'
[2.372s] INFO:colcon.colcon_core.shell:Creating prefix chain script '/home/caio/my_arm_def/install/setup.ps1'
[2.377s] INFO:colcon.colcon_core.shell:Creating prefix script '/home/caio/my_arm_def/install/local_setup.sh'
[2.378s] INFO:colcon.colcon_core.shell:Creating prefix util module '/home/caio/my_arm_def/install/_local_setup_util_sh.py'
[2.379s] INFO:colcon.colcon_core.shell:Creating prefix chain script '/home/caio/my_arm_def/install/setup.sh'
[2.384s] INFO:colcon.colcon_core.shell:Creating prefix script '/home/caio/my_arm_def/install/local_setup.bash'
[2.384s] INFO:colcon.colcon_core.shell:Creating prefix chain script '/home/caio/my_arm_def/install/setup.bash'
[2.390s] INFO:colcon.colcon_core.shell:Creating prefix script '/home/caio/my_arm_def/install/local_setup.zsh'
[2.390s] INFO:colcon.colcon_core.shell:Creating prefix chain script '/home/caio/my_arm_def/install/setup.zsh'
