[0.025s] Invoking command in '/home/caio/my_arm_def/build/my_arm_def_interfaces': CMAKE_PREFIX_PATH=${CMAKE_PREFIX_PATH}:/home/caio/ROS2_arm_py/install/ros2_arm_py_pkg:/home/caio/ros2_ws/install/turtlesim_catch_them_all:/home/caio/ros2_ws/install/my_py_pkg:/home/caio/ros2_ws/install/my_arm_py:/home/caio/ros2_ws/install/my_package:/home/caio/ros2_ws/install/big_bazu:/home/caio/ros2_ws/install/bigBazu:/home/caio/turtlebot3_ws/install/turtlebot3_teleop:/home/caio/turtlebot3_ws/install/turtlebot3_example:/home/caio/turtlebot3_ws/install/robot_spawner_pkg:/opt/ros/foxy CONDA_PROMPT_MODIFIER=(base) /usr/bin/cmake /home/caio/my_arm_def/src/my_arm_def_interfaces -DCMAKE_INSTALL_PREFIX=/home/caio/my_arm_def/install/my_arm_def_interfaces
[0.047s] -- Found ament_cmake: 0.9.8 (/opt/ros/foxy/share/ament_cmake/cmake)
[0.096s] -- Found PythonInterp: /home/caio/anaconda3/bin/python3 (found suitable version "3.8.5", minimum required is "3") 
[0.096s] -- Using PYTHON_EXECUTABLE: /home/caio/anaconda3/bin/python3
[0.408s] -- Found rosidl_default_generators: 1.0.1 (/opt/ros/foxy/share/rosidl_default_generators/cmake)
[0.416s] -- Using all available rosidl_typesupport_c: rosidl_typesupport_fastrtps_c;rosidl_typesupport_introspection_c
[0.420s] -- Found rosidl_adapter: 1.2.1 (/opt/ros/foxy/share/rosidl_adapter/cmake)
[0.592s] -- Using all available rosidl_typesupport_cpp: rosidl_typesupport_fastrtps_cpp;rosidl_typesupport_introspection_cpp
[0.669s] -- Found PythonInterp: /home/caio/anaconda3/bin/python3 (found version "3.8.5") 
[0.752s] CMake Error at /opt/ros/foxy/share/rosidl_adapter/cmake/rosidl_adapt_interfaces.cmake:60 (message):
[0.752s]   execute_process(/home/caio/anaconda3/bin/python3 -m rosidl_adapter
[0.752s]   --package-name my_arm_def_interfaces --arguments-file
[0.752s]   /home/caio/my_arm_def/build/my_arm_def_interfaces/rosidl_adapter__arguments__my_arm_def_interfaces.json
[0.752s]   --output-dir
[0.752s]   /home/caio/my_arm_def/build/my_arm_def_interfaces/rosidl_adapter/my_arm_def_interfaces
[0.752s]   --output-file
[0.753s]   /home/caio/my_arm_def/build/my_arm_def_interfaces/rosidl_adapter/my_arm_def_interfaces.idls)
[0.753s]   returned error code 1:
[0.753s] 
[0.753s]   Traceback (most recent call last):
[0.753s] 
[0.753s]     File "/home/caio/anaconda3/lib/python3.8/runpy.py", line 194, in _run_module_as_main
[0.754s]       return _run_code(code, main_globals, None,
[0.754s]     File "/home/caio/anaconda3/lib/python3.8/runpy.py", line 87, in _run_code
[0.754s]       exec(code, run_globals)
[0.754s]     File "/opt/ros/foxy/lib/python3.8/site-packages/rosidl_adapter/__main__.py", line 19, in <module>
[0.754s]       sys.exit(main())
[0.754s]     File "/opt/ros/foxy/lib/python3.8/site-packages/rosidl_adapter/main.py", line 53, in main
[0.755s]       abs_idl_file = convert_to_idl(
[0.755s]     File "/opt/ros/foxy/lib/python3.8/site-packages/rosidl_adapter/__init__.py", line 18, in convert_to_idl
[0.755s]       from rosidl_adapter.msg import convert_msg_to_idl
[0.755s]     File "/opt/ros/foxy/lib/python3.8/site-packages/rosidl_adapter/msg/__init__.py", line 16, in <module>
[0.755s]       from rosidl_adapter.resource import expand_template
[0.755s]     File "/opt/ros/foxy/lib/python3.8/site-packages/rosidl_adapter/resource/__init__.py", line 19, in <module>
[0.756s]       import em
[0.756s] 
[0.756s]   ModuleNotFoundError: No module named 'em'
[0.756s] 
[0.756s] Call Stack (most recent call first):
[0.757s]   /opt/ros/foxy/share/rosidl_cmake/cmake/rosidl_generate_interfaces.cmake:130 (rosidl_adapt_interfaces)
[0.757s]   CMakeLists.txt:17 (rosidl_generate_interfaces)
[0.757s] 
[0.757s] 
[0.757s] -- Configuring incomplete, errors occurred!
[0.758s] See also "/home/caio/my_arm_def/build/my_arm_def_interfaces/CMakeFiles/CMakeOutput.log".
[0.767s] Invoked command in '/home/caio/my_arm_def/build/my_arm_def_interfaces' returned '1': CMAKE_PREFIX_PATH=${CMAKE_PREFIX_PATH}:/home/caio/ROS2_arm_py/install/ros2_arm_py_pkg:/home/caio/ros2_ws/install/turtlesim_catch_them_all:/home/caio/ros2_ws/install/my_py_pkg:/home/caio/ros2_ws/install/my_arm_py:/home/caio/ros2_ws/install/my_package:/home/caio/ros2_ws/install/big_bazu:/home/caio/ros2_ws/install/bigBazu:/home/caio/turtlebot3_ws/install/turtlebot3_teleop:/home/caio/turtlebot3_ws/install/turtlebot3_example:/home/caio/turtlebot3_ws/install/robot_spawner_pkg:/opt/ros/foxy CONDA_PROMPT_MODIFIER=(base) /usr/bin/cmake /home/caio/my_arm_def/src/my_arm_def_interfaces -DCMAKE_INSTALL_PREFIX=/home/caio/my_arm_def/install/my_arm_def_interfaces
