[0.331s] Invoking command in '/home/caio/my_arm_def/build/my_arm_def_py_pkg': CONDA_PROMPT_MODIFIER=(base) PYTHONPATH=/home/caio/my_arm_def/install/my_arm_def_py_pkg/lib/python3.8/site-packages:${PYTHONPATH} /usr/bin/python3 setup.py develop --prefix /home/caio/my_arm_def/install/my_arm_def_py_pkg --editable --build-directory /home/caio/my_arm_def/build/my_arm_def_py_pkg/build --no-deps install_data --install-dir /home/caio/my_arm_def/install/my_arm_def_py_pkg
[0.628s] running develop
[0.814s] running egg_info
[0.814s] writing my_arm_def_py_pkg.egg-info/PKG-INFO
[0.814s] writing dependency_links to my_arm_def_py_pkg.egg-info/dependency_links.txt
[0.815s] writing entry points to my_arm_def_py_pkg.egg-info/entry_points.txt
[0.815s] writing requirements to my_arm_def_py_pkg.egg-info/requires.txt
[0.815s] writing top-level names to my_arm_def_py_pkg.egg-info/top_level.txt
[0.850s] reading manifest file 'my_arm_def_py_pkg.egg-info/SOURCES.txt'
[0.851s] writing manifest file 'my_arm_def_py_pkg.egg-info/SOURCES.txt'
[0.886s] running build_ext
[0.887s] Creating /home/caio/my_arm_def/install/my_arm_def_py_pkg/lib/python3.8/site-packages/my-arm-def-py-pkg.egg-link (link to .)
[0.888s] Installing arm_controller script to /home/caio/my_arm_def/install/my_arm_def_py_pkg/lib/my_arm_def_py_pkg
[0.888s] Installing capture_braco_pos script to /home/caio/my_arm_def/install/my_arm_def_py_pkg/lib/my_arm_def_py_pkg
[0.888s] Installing myo_raw script to /home/caio/my_arm_def/install/my_arm_def_py_pkg/lib/my_arm_def_py_pkg
[0.888s] Installing spawn_arm script to /home/caio/my_arm_def/install/my_arm_def_py_pkg/lib/my_arm_def_py_pkg
[0.889s] 
[0.889s] Installed /home/caio/my_arm_def/build/my_arm_def_py_pkg
[0.889s] running install_data
[0.927s] Invoked command in '/home/caio/my_arm_def/build/my_arm_def_py_pkg' returned '0': CONDA_PROMPT_MODIFIER=(base) PYTHONPATH=/home/caio/my_arm_def/install/my_arm_def_py_pkg/lib/python3.8/site-packages:${PYTHONPATH} /usr/bin/python3 setup.py develop --prefix /home/caio/my_arm_def/install/my_arm_def_py_pkg --editable --build-directory /home/caio/my_arm_def/build/my_arm_def_py_pkg/build --no-deps install_data --install-dir /home/caio/my_arm_def/install/my_arm_def_py_pkg
